10:59:58 DEBUG : Logs will be stored at 'E:/xilinx_axi/mian/xilinx_hdmi_txss/v_hdmi_txss_2v0/v_hdmi_txss_vitis/prj/IDE.log'.
10:59:59 INFO  : Launching XSCT server: xsct.bat -n  -interactive E:\xilinx_axi\mian\xilinx_hdmi_txss\v_hdmi_txss_2v0\v_hdmi_txss_vitis\prj\temp_xsdb_launch_script.tcl
10:59:59 INFO  : Registering command handlers for Vitis TCF services
11:00:00 INFO  : Platform repository initialization has completed.
11:00:00 INFO  : XSCT server has started successfully.
11:00:00 INFO  : Successfully done setting XSCT server connection channel  
11:00:00 INFO  : Successfully done query RDI_DATADIR 
11:00:00 INFO  : Successfully done setting workspace for the tool. 
11:00:01 INFO  : plnx-install-location is set to ''
11:01:03 INFO  : Result from executing command 'getProjects': hdmi_tx
11:01:03 INFO  : Result from executing command 'getPlatforms': xilinx_vck190_base_202220_1|D:/tools/xilinx/Vitis/2022.2/base_platforms/xilinx_vck190_base_202220_1/xilinx_vck190_base_202220_1.xpfm;xilinx_vck190_base_dfx_202220_1|D:/tools/xilinx/Vitis/2022.2/base_platforms/xilinx_vck190_base_dfx_202220_1/xilinx_vck190_base_dfx_202220_1.xpfm;xilinx_vmk180_base_202220_1|D:/tools/xilinx/Vitis/2022.2/base_platforms/xilinx_vmk180_base_202220_1/xilinx_vmk180_base_202220_1.xpfm;xilinx_zcu102_base_202220_1|D:/tools/xilinx/Vitis/2022.2/base_platforms/xilinx_zcu102_base_202220_1/xilinx_zcu102_base_202220_1.xpfm;xilinx_zcu102_base_dfx_202220_1|D:/tools/xilinx/Vitis/2022.2/base_platforms/xilinx_zcu102_base_dfx_202220_1/xilinx_zcu102_base_dfx_202220_1.xpfm;xilinx_zcu104_base_202220_1|D:/tools/xilinx/Vitis/2022.2/base_platforms/xilinx_zcu104_base_202220_1/xilinx_zcu104_base_202220_1.xpfm
11:02:04 INFO  : Result from executing command 'getProjects': hdmi_tx
11:02:04 INFO  : Result from executing command 'getPlatforms': hdmi_tx|E:/xilinx_axi/mian/xilinx_hdmi_txss/v_hdmi_txss_2v0/v_hdmi_txss_vitis/prj/hdmi_tx/export/hdmi_tx/hdmi_tx.xpfm;xilinx_vck190_base_202220_1|D:/tools/xilinx/Vitis/2022.2/base_platforms/xilinx_vck190_base_202220_1/xilinx_vck190_base_202220_1.xpfm;xilinx_vck190_base_dfx_202220_1|D:/tools/xilinx/Vitis/2022.2/base_platforms/xilinx_vck190_base_dfx_202220_1/xilinx_vck190_base_dfx_202220_1.xpfm;xilinx_vmk180_base_202220_1|D:/tools/xilinx/Vitis/2022.2/base_platforms/xilinx_vmk180_base_202220_1/xilinx_vmk180_base_202220_1.xpfm;xilinx_zcu102_base_202220_1|D:/tools/xilinx/Vitis/2022.2/base_platforms/xilinx_zcu102_base_202220_1/xilinx_zcu102_base_202220_1.xpfm;xilinx_zcu102_base_dfx_202220_1|D:/tools/xilinx/Vitis/2022.2/base_platforms/xilinx_zcu102_base_dfx_202220_1/xilinx_zcu102_base_dfx_202220_1.xpfm;xilinx_zcu104_base_202220_1|D:/tools/xilinx/Vitis/2022.2/base_platforms/xilinx_zcu104_base_202220_1/xilinx_zcu104_base_202220_1.xpfm
11:02:38 INFO  : Example project TxOnly_A53_1 has been created successfully.
11:03:18 INFO  : Checking for BSP changes to sync application flags for project 'TxOnly_A53_1'...
11:03:34 INFO  : Connected to target on host '127.0.0.1' and port '3121'.
11:03:34 INFO  : Jtag cable 'Xilinx HW-Z1-ZCU104 FT4232H 94556A' is selected.
11:03:34 INFO  : 'jtag frequency' command is executed.
11:03:34 INFO  : Sourcing of 'D:/tools/xilinx/Vitis/2022.2/scripts/vitis/util/zynqmp_utils.tcl' is done.
11:03:34 INFO  : Context for 'APU' is selected.
11:03:35 INFO  : System reset is completed.
11:03:38 INFO  : 'after 3000' command is executed.
11:03:38 INFO  : 'targets -set -filter {jtag_cable_name =~ "Xilinx HW-Z1-ZCU104 FT4232H 94556A" && level==0 && jtag_device_ctx=="jsn-HW-Z1-ZCU104 FT4232H-94556A-14730093-0"}' command is executed.
11:03:49 INFO  : Device configured successfully with "E:/xilinx_axi/mian/xilinx_hdmi_txss/v_hdmi_txss_2v0/v_hdmi_txss_vitis/prj/TxOnly_A53_1/_ide/bitstream/hdmi_tx.bit"
11:03:49 INFO  : Context for 'APU' is selected.
11:03:49 INFO  : Hardware design and registers information is loaded from 'E:/xilinx_axi/mian/xilinx_hdmi_txss/v_hdmi_txss_2v0/v_hdmi_txss_vitis/prj/hdmi_tx/export/hdmi_tx/hw/hdmi_tx.xsa'.
11:03:49 INFO  : 'configparams force-mem-access 1' command is executed.
11:03:49 INFO  : Context for 'APU' is selected.
11:03:49 INFO  : Boot mode is read from the target.
11:03:49 INFO  : Context for processor 'psu_cortexa53_0' is selected.
11:03:50 INFO  : Processor reset is completed for 'psu_cortexa53_0'.
11:03:50 INFO  : The application 'E:/xilinx_axi/mian/xilinx_hdmi_txss/v_hdmi_txss_2v0/v_hdmi_txss_vitis/prj/hdmi_tx/export/hdmi_tx/sw/hdmi_tx/boot/fsbl.elf' is downloaded to processor 'psu_cortexa53_0'.
11:03:50 INFO  : 'set bp_3_50_fsbl_bp [bpadd -addr &XFsbl_Exit]' command is executed.
11:03:51 INFO  : 'con -block -timeout 60' command is executed.
11:03:51 INFO  : 'bpremove $bp_3_50_fsbl_bp' command is executed.
11:03:51 INFO  : Context for processor 'psu_cortexa53_0' is selected.
11:03:51 INFO  : Processor reset is completed for 'psu_cortexa53_0'.
11:03:52 INFO  : The application 'E:/xilinx_axi/mian/xilinx_hdmi_txss/v_hdmi_txss_2v0/v_hdmi_txss_vitis/prj/TxOnly_A53_1/Debug/TxOnly_A53_1.elf' is downloaded to processor 'psu_cortexa53_0'.
11:03:52 INFO  : 'configparams force-mem-access 0' command is executed.
11:03:52 INFO  : ----------------XSDB Script----------------
connect -url tcp:127.0.0.1:3121
source D:/tools/xilinx/Vitis/2022.2/scripts/vitis/util/zynqmp_utils.tcl
targets -set -nocase -filter {name =~"APU*"}
rst -system
after 3000
targets -set -filter {jtag_cable_name =~ "Xilinx HW-Z1-ZCU104 FT4232H 94556A" && level==0 && jtag_device_ctx=="jsn-HW-Z1-ZCU104 FT4232H-94556A-14730093-0"}
fpga -file E:/xilinx_axi/mian/xilinx_hdmi_txss/v_hdmi_txss_2v0/v_hdmi_txss_vitis/prj/TxOnly_A53_1/_ide/bitstream/hdmi_tx.bit
targets -set -nocase -filter {name =~"APU*"}
loadhw -hw E:/xilinx_axi/mian/xilinx_hdmi_txss/v_hdmi_txss_2v0/v_hdmi_txss_vitis/prj/hdmi_tx/export/hdmi_tx/hw/hdmi_tx.xsa -mem-ranges [list {0x80000000 0xbfffffff} {0x400000000 0x5ffffffff} {0x1000000000 0x7fffffffff}] -regs
configparams force-mem-access 1
targets -set -nocase -filter {name =~"APU*"}
set mode [expr [mrd -value 0xFF5E0200] & 0xf]
targets -set -nocase -filter {name =~ "*A53*#0"}
rst -processor
dow E:/xilinx_axi/mian/xilinx_hdmi_txss/v_hdmi_txss_2v0/v_hdmi_txss_vitis/prj/hdmi_tx/export/hdmi_tx/sw/hdmi_tx/boot/fsbl.elf
set bp_3_50_fsbl_bp [bpadd -addr &XFsbl_Exit]
con -block -timeout 60
bpremove $bp_3_50_fsbl_bp
targets -set -nocase -filter {name =~ "*A53*#0"}
rst -processor
dow E:/xilinx_axi/mian/xilinx_hdmi_txss/v_hdmi_txss_2v0/v_hdmi_txss_vitis/prj/TxOnly_A53_1/Debug/TxOnly_A53_1.elf
configparams force-mem-access 0
----------------End of Script----------------

11:03:53 INFO  : Context for processor 'psu_cortexa53_0' is selected.
11:03:53 INFO  : 'con' command is executed.
11:03:53 INFO  : ----------------XSDB Script (After Launch)----------------
targets -set -nocase -filter {name =~ "*A53*#0"}
con
----------------End of Script----------------

11:03:53 INFO  : Launch script is exported to file 'E:\xilinx_axi\mian\xilinx_hdmi_txss\v_hdmi_txss_2v0\v_hdmi_txss_vitis\prj\TxOnly_A53_1_system\_ide\scripts\debugger_txonly_a53_1-default.tcl'
11:04:36 INFO  : Checking for BSP changes to sync application flags for project 'TxOnly_A53_1'...
11:04:45 INFO  : Disconnected from the channel tcfchan#2.
11:04:46 INFO  : Connected to target on host '127.0.0.1' and port '3121'.
11:04:55 INFO  : ----------------XSDB Script----------------
connect -url tcp:127.0.0.1:3121
----------------End of Script----------------

11:04:55 ERROR : Could not find ARM device on the board for connection 'Local'.
Check if the target is in:
1. Split JTAG - No operations are possible with ARM DAP.
2. Non JTAG bootmode - Bootrom may need time to enable DAP.
Please try again.


Troubleshooting hints:
1. Check whether board is connected to system properly.
2. In case of zynq board, check whether Digilent/Xilinx cable switch settings are correct.
3. If you are using Xilinx Platform Cable USB, ensure that status LED is green.
11:05:04 INFO  : Connected to target on host '127.0.0.1' and port '3121'.
11:05:04 INFO  : Jtag cable 'Xilinx HW-Z1-ZCU104 FT4232H 94556A' is selected.
11:05:04 INFO  : 'jtag frequency' command is executed.
11:05:04 INFO  : Sourcing of 'D:/tools/xilinx/Vitis/2022.2/scripts/vitis/util/zynqmp_utils.tcl' is done.
11:05:04 INFO  : Context for 'APU' is selected.
11:05:04 INFO  : System reset is completed.
11:05:07 INFO  : 'after 3000' command is executed.
11:05:07 INFO  : 'targets -set -filter {jtag_cable_name =~ "Xilinx HW-Z1-ZCU104 FT4232H 94556A" && level==0 && jtag_device_ctx=="jsn-HW-Z1-ZCU104 FT4232H-94556A-14730093-0"}' command is executed.
11:05:18 INFO  : Device configured successfully with "E:/xilinx_axi/mian/xilinx_hdmi_txss/v_hdmi_txss_2v0/v_hdmi_txss_vitis/prj/TxOnly_A53_1/_ide/bitstream/hdmi_tx.bit"
11:05:18 INFO  : Context for 'APU' is selected.
11:05:18 INFO  : Hardware design and registers information is loaded from 'E:/xilinx_axi/mian/xilinx_hdmi_txss/v_hdmi_txss_2v0/v_hdmi_txss_vitis/prj/hdmi_tx/export/hdmi_tx/hw/hdmi_tx.xsa'.
11:05:18 INFO  : 'configparams force-mem-access 1' command is executed.
11:05:18 INFO  : Context for 'APU' is selected.
11:05:18 INFO  : Boot mode is read from the target.
11:05:18 INFO  : Context for processor 'psu_cortexa53_0' is selected.
11:05:19 INFO  : Processor reset is completed for 'psu_cortexa53_0'.
11:05:19 INFO  : The application 'E:/xilinx_axi/mian/xilinx_hdmi_txss/v_hdmi_txss_2v0/v_hdmi_txss_vitis/prj/hdmi_tx/export/hdmi_tx/sw/hdmi_tx/boot/fsbl.elf' is downloaded to processor 'psu_cortexa53_0'.
11:05:19 INFO  : 'set bp_5_19_fsbl_bp [bpadd -addr &XFsbl_Exit]' command is executed.
11:05:20 INFO  : 'con -block -timeout 60' command is executed.
11:05:20 INFO  : 'bpremove $bp_5_19_fsbl_bp' command is executed.
11:05:20 INFO  : Context for processor 'psu_cortexa53_0' is selected.
11:05:20 INFO  : Processor reset is completed for 'psu_cortexa53_0'.
11:05:22 INFO  : The application 'E:/xilinx_axi/mian/xilinx_hdmi_txss/v_hdmi_txss_2v0/v_hdmi_txss_vitis/prj/TxOnly_A53_1/Debug/TxOnly_A53_1.elf' is downloaded to processor 'psu_cortexa53_0'.
11:05:22 INFO  : 'configparams force-mem-access 0' command is executed.
11:05:22 INFO  : ----------------XSDB Script----------------
connect -url tcp:127.0.0.1:3121
source D:/tools/xilinx/Vitis/2022.2/scripts/vitis/util/zynqmp_utils.tcl
targets -set -nocase -filter {name =~"APU*"}
rst -system
after 3000
targets -set -filter {jtag_cable_name =~ "Xilinx HW-Z1-ZCU104 FT4232H 94556A" && level==0 && jtag_device_ctx=="jsn-HW-Z1-ZCU104 FT4232H-94556A-14730093-0"}
fpga -file E:/xilinx_axi/mian/xilinx_hdmi_txss/v_hdmi_txss_2v0/v_hdmi_txss_vitis/prj/TxOnly_A53_1/_ide/bitstream/hdmi_tx.bit
targets -set -nocase -filter {name =~"APU*"}
loadhw -hw E:/xilinx_axi/mian/xilinx_hdmi_txss/v_hdmi_txss_2v0/v_hdmi_txss_vitis/prj/hdmi_tx/export/hdmi_tx/hw/hdmi_tx.xsa -mem-ranges [list {0x80000000 0xbfffffff} {0x400000000 0x5ffffffff} {0x1000000000 0x7fffffffff}] -regs
configparams force-mem-access 1
targets -set -nocase -filter {name =~"APU*"}
set mode [expr [mrd -value 0xFF5E0200] & 0xf]
targets -set -nocase -filter {name =~ "*A53*#0"}
rst -processor
dow E:/xilinx_axi/mian/xilinx_hdmi_txss/v_hdmi_txss_2v0/v_hdmi_txss_vitis/prj/hdmi_tx/export/hdmi_tx/sw/hdmi_tx/boot/fsbl.elf
set bp_5_19_fsbl_bp [bpadd -addr &XFsbl_Exit]
con -block -timeout 60
bpremove $bp_5_19_fsbl_bp
targets -set -nocase -filter {name =~ "*A53*#0"}
rst -processor
dow E:/xilinx_axi/mian/xilinx_hdmi_txss/v_hdmi_txss_2v0/v_hdmi_txss_vitis/prj/TxOnly_A53_1/Debug/TxOnly_A53_1.elf
configparams force-mem-access 0
----------------End of Script----------------

11:05:22 INFO  : Context for processor 'psu_cortexa53_0' is selected.
11:05:22 INFO  : 'con' command is executed.
11:05:22 INFO  : ----------------XSDB Script (After Launch)----------------
targets -set -nocase -filter {name =~ "*A53*#0"}
con
----------------End of Script----------------

11:05:22 INFO  : Launch script is exported to file 'E:\xilinx_axi\mian\xilinx_hdmi_txss\v_hdmi_txss_2v0\v_hdmi_txss_vitis\prj\TxOnly_A53_1_system\_ide\scripts\debugger_txonly_a53_1-default.tcl'
11:06:13 INFO  : Disconnected from the channel tcfchan#3.
