

================================================================
== Vitis HLS Report for 'AXIvideo2MultiPixStream'
================================================================
* Date:           Tue Apr  9 10:34:57 2024

* Version:        2022.2 (Build 3670227 on Oct 13 2022)
* Project:        prj
* Solution:       sol (Vivado IP Flow Target)
* Product family: zynquplus
* Target device:  xczu7ev-ffvc1156-2-e


================================================================
== Performance Estimates
================================================================
+ Timing: 
    * Summary: 
    +--------+---------+----------+------------+
    |  Clock |  Target | Estimated| Uncertainty|
    +--------+---------+----------+------------+
    |ap_clk  |  3.33 ns|  2.378 ns|     0.90 ns|
    +--------+---------+----------+------------+

+ Latency: 
    * Summary: 
    +---------+---------+----------+-----------+-----+---------+---------+
    |  Latency (cycles) |  Latency (absolute)  |    Interval   | Pipeline|
    |   min   |   max   |    min   |    max    | min |   max   |   Type  |
    +---------+---------+----------+-----------+-----+---------+---------+
    |        2|  4447446|  6.666 ns|  14.823 ms|    2|  4447446|       no|
    +---------+---------+----------+-----------+-----+---------+---------+

    + Detail: 
        * Instance: 
        +-----------------------------------------------------------------+------------------------------------------------------+---------+---------+-----------+----------+-----+------+---------+
        |                                                                 |                                                      |  Latency (cycles) |  Latency (absolute)  |  Interval  | Pipeline|
        |                             Instance                            |                        Module                        |   min   |   max   |    min    |    max   | min |  max |   Type  |
        +-----------------------------------------------------------------+------------------------------------------------------+---------+---------+-----------+----------+-----+------+---------+
        |grp_AXIvideo2MultiPixStream_Pipeline_loop_wait_for_start_fu_185  |AXIvideo2MultiPixStream_Pipeline_loop_wait_for_start  |        2|        2|   6.666 ns|  6.666 ns|    2|     2|       no|
        |grp_AXIvideo2MultiPixStream_Pipeline_loop_width_fu_205           |AXIvideo2MultiPixStream_Pipeline_loop_width           |        4|     2051|  13.332 ns|  6.836 us|    4|  2051|       no|
        |grp_AXIvideo2MultiPixStream_Pipeline_loop_wait_for_eol_fu_235    |AXIvideo2MultiPixStream_Pipeline_loop_wait_for_eol    |        2|        2|   6.666 ns|  6.666 ns|    2|     2|       no|
        |grp_reg_unsigned_short_s_fu_261                                  |reg_unsigned_short_s                                  |        1|        1|   3.333 ns|  3.333 ns|    1|     1|      yes|
        |grp_reg_unsigned_short_s_fu_267                                  |reg_unsigned_short_s                                  |        1|        1|   3.333 ns|  3.333 ns|    1|     1|      yes|
        +-----------------------------------------------------------------+------------------------------------------------------+---------+---------+-----------+----------+-----+------+---------+

        * Loop: 
        +---------------+---------+---------+----------+-----------+-----------+----------+----------+
        |               |  Latency (cycles) | Iteration|  Initiation Interval  |   Trip   |          |
        |   Loop Name   |   min   |   max   |  Latency |  achieved |   target  |   Count  | Pipelined|
        +---------------+---------+---------+----------+-----------+-----------+----------+----------+
        |- loop_height  |        0|  4447440|  7 ~ 2059|          -|          -|  0 ~ 2160|        no|
        +---------------+---------+---------+----------+-----------+-----------+----------+----------+



================================================================
== Utilization Estimates
================================================================
* Summary: 
+-----------------+---------+------+--------+--------+-----+
|       Name      | BRAM_18K|  DSP |   FF   |   LUT  | URAM|
+-----------------+---------+------+--------+--------+-----+
|DSP              |        -|     -|       -|       -|    -|
|Expression       |        -|     -|       0|      78|    -|
|FIFO             |        -|     -|       -|       -|    -|
|Instance         |        -|     -|     200|    1664|    -|
|Memory           |        -|     -|       -|       -|    -|
|Multiplexer      |        -|     -|       -|     151|    -|
|Register         |        -|     -|     167|       -|    -|
+-----------------+---------+------+--------+--------+-----+
|Total            |        0|     0|     367|    1893|    0|
+-----------------+---------+------+--------+--------+-----+
|Available        |      624|  1728|  460800|  230400|   96|
+-----------------+---------+------+--------+--------+-----+
|Utilization (%)  |        0|     0|      ~0|      ~0|    0|
+-----------------+---------+------+--------+--------+-----+

+ Detail: 
    * Instance: 
    +-----------------------------------------------------------------+------------------------------------------------------+---------+----+-----+------+-----+
    |                             Instance                            |                        Module                        | BRAM_18K| DSP|  FF |  LUT | URAM|
    +-----------------------------------------------------------------+------------------------------------------------------+---------+----+-----+------+-----+
    |grp_AXIvideo2MultiPixStream_Pipeline_loop_wait_for_eol_fu_235    |AXIvideo2MultiPixStream_Pipeline_loop_wait_for_eol    |        0|   0|    4|    52|    0|
    |grp_AXIvideo2MultiPixStream_Pipeline_loop_wait_for_start_fu_185  |AXIvideo2MultiPixStream_Pipeline_loop_wait_for_start  |        0|   0|    3|    34|    0|
    |grp_AXIvideo2MultiPixStream_Pipeline_loop_width_fu_205           |AXIvideo2MultiPixStream_Pipeline_loop_width           |        0|   0|  127|  1550|    0|
    |grp_reg_unsigned_short_s_fu_261                                  |reg_unsigned_short_s                                  |        0|   0|   33|    14|    0|
    |grp_reg_unsigned_short_s_fu_267                                  |reg_unsigned_short_s                                  |        0|   0|   33|    14|    0|
    +-----------------------------------------------------------------+------------------------------------------------------+---------+----+-----+------+-----+
    |Total                                                            |                                                      |        0|   0|  200|  1664|    0|
    +-----------------------------------------------------------------+------------------------------------------------------+---------+----+-----+------+-----+

    * DSP: 
    N/A

    * Memory: 
    N/A

    * FIFO: 
    N/A

    * Expression: 
    +----------------------+----------+----+---+----+------------+------------+
    |     Variable Name    | Operation| DSP| FF| LUT| Bitwidth P0| Bitwidth P1|
    +----------------------+----------+----+---+----+------------+------------+
    |i_4_fu_335_p2         |         +|   0|  0|  19|          12|           1|
    |cmp11455_fu_306_p2    |      icmp|   0|  0|  12|          12|           1|
    |cond_fu_311_p2        |      icmp|   0|  0|  11|           8|           1|
    |icmp_ln789_fu_277_p2  |      icmp|   0|  0|  11|           8|           1|
    |icmp_ln800_fu_330_p2  |      icmp|   0|  0|  12|          12|          12|
    |icmp_ln835_fu_317_p2  |      icmp|   0|  0|  11|           8|           1|
    |ap_block_state1       |        or|   0|  0|   2|           1|           1|
    +----------------------+----------+----+---+----+------------+------------+
    |Total                 |          |   0|  0|  78|          61|          18|
    +----------------------+----------+----+---+----+------------+------------+

    * Multiplexer: 
    +--------------------------+----+-----------+-----+-----------+
    |           Name           | LUT| Input Size| Bits| Total Bits|
    +--------------------------+----+-----------+-----+-----------+
    |ap_NS_fsm                 |  59|         11|    1|         11|
    |ap_done                   |   9|          2|    1|          2|
    |axi_data_2_lcssa_reg_152  |   9|          2|   48|         96|
    |axi_data_V_5_fu_110       |   9|          2|   48|         96|
    |axi_last_2_lcssa_reg_162  |   9|          2|    1|          2|
    |axi_last_V_2_reg_142      |   9|          2|    1|          2|
    |eol_0_lcssa_reg_173       |   9|          2|    1|          2|
    |i_fu_106                  |   9|          2|   12|         24|
    |s_axis_video_TREADY       |  20|          4|    1|          4|
    |srcYUV_write              |   9|          2|    1|          2|
    +--------------------------+----+-----------+-----+-----------+
    |Total                     | 151|         31|  115|        241|
    +--------------------------+----+-----------+-----+-----------+

    * Register: 
    +------------------------------------------------------------------------------+----+----+-----+-----------+
    |                                     Name                                     | FF | LUT| Bits| Const Bits|
    +------------------------------------------------------------------------------+----+----+-----+-----------+
    |ap_CS_fsm                                                                     |  10|   0|   10|          0|
    |ap_done_reg                                                                   |   1|   0|    1|          0|
    |axi_data_2_lcssa_reg_152                                                      |  48|   0|   48|          0|
    |axi_data_V_5_fu_110                                                           |  48|   0|   48|          0|
    |axi_last_2_lcssa_reg_162                                                      |   1|   0|    1|          0|
    |axi_last_V_2_reg_142                                                          |   1|   0|    1|          0|
    |axi_last_V_4_loc_fu_90                                                        |   1|   0|    1|          0|
    |cmp11455_reg_431                                                              |   1|   0|    1|          0|
    |cond_reg_435                                                                  |   1|   0|    1|          0|
    |div_cast_reg_417                                                              |  12|   0|   12|          0|
    |eol_0_lcssa_reg_173                                                           |   1|   0|    1|          0|
    |grp_AXIvideo2MultiPixStream_Pipeline_loop_wait_for_eol_fu_235_ap_start_reg    |   1|   0|    1|          0|
    |grp_AXIvideo2MultiPixStream_Pipeline_loop_wait_for_start_fu_185_ap_start_reg  |   1|   0|    1|          0|
    |grp_AXIvideo2MultiPixStream_Pipeline_loop_width_fu_205_ap_start_reg           |   1|   0|    1|          0|
    |i_4_reg_451                                                                   |  12|   0|   12|          0|
    |i_fu_106                                                                      |  12|   0|   12|          0|
    |icmp_ln789_reg_392                                                            |   1|   0|    1|          0|
    |icmp_ln835_reg_440                                                            |   1|   0|    1|          0|
    |sof_fu_114                                                                    |   1|   0|    1|          0|
    |trunc_ln782_reg_387                                                           |  12|   0|   12|          0|
    +------------------------------------------------------------------------------+----+----+-----+-----------+
    |Total                                                                         | 167|   0|  167|          0|
    +------------------------------------------------------------------------------+----+----+-----+-----------+



================================================================
== Interface
================================================================
* Summary: 
+-----------------------+-----+-----+------------+-------------------------+--------------+
|       RTL Ports       | Dir | Bits|  Protocol  |      Source Object      |    C Type    |
+-----------------------+-----+-----+------------+-------------------------+--------------+
|ap_clk                 |   in|    1|  ap_ctrl_hs|  AXIvideo2MultiPixStream|  return value|
|ap_rst                 |   in|    1|  ap_ctrl_hs|  AXIvideo2MultiPixStream|  return value|
|ap_start               |   in|    1|  ap_ctrl_hs|  AXIvideo2MultiPixStream|  return value|
|ap_done                |  out|    1|  ap_ctrl_hs|  AXIvideo2MultiPixStream|  return value|
|ap_continue            |   in|    1|  ap_ctrl_hs|  AXIvideo2MultiPixStream|  return value|
|ap_idle                |  out|    1|  ap_ctrl_hs|  AXIvideo2MultiPixStream|  return value|
|ap_ready               |  out|    1|  ap_ctrl_hs|  AXIvideo2MultiPixStream|  return value|
|s_axis_video_TDATA     |   in|   48|        axis|    s_axis_video_V_data_V|       pointer|
|s_axis_video_TVALID    |   in|    1|        axis|    s_axis_video_V_dest_V|       pointer|
|s_axis_video_TREADY    |  out|    1|        axis|    s_axis_video_V_dest_V|       pointer|
|s_axis_video_TDEST     |   in|    1|        axis|    s_axis_video_V_dest_V|       pointer|
|s_axis_video_TKEEP     |   in|    6|        axis|    s_axis_video_V_keep_V|       pointer|
|s_axis_video_TSTRB     |   in|    6|        axis|    s_axis_video_V_strb_V|       pointer|
|s_axis_video_TUSER     |   in|    1|        axis|    s_axis_video_V_user_V|       pointer|
|s_axis_video_TLAST     |   in|    1|        axis|    s_axis_video_V_last_V|       pointer|
|s_axis_video_TID       |   in|    1|        axis|      s_axis_video_V_id_V|       pointer|
|srcYUV_din             |  out|   48|     ap_fifo|                   srcYUV|       pointer|
|srcYUV_num_data_valid  |   in|    5|     ap_fifo|                   srcYUV|       pointer|
|srcYUV_fifo_cap        |   in|    5|     ap_fifo|                   srcYUV|       pointer|
|srcYUV_full_n          |   in|    1|     ap_fifo|                   srcYUV|       pointer|
|srcYUV_write           |  out|    1|     ap_fifo|                   srcYUV|       pointer|
|enableInput            |   in|    8|   ap_stable|              enableInput|       pointer|
|height                 |   in|   16|   ap_stable|                   height|       pointer|
|width                  |   in|   16|   ap_stable|                    width|       pointer|
|colorFormat            |   in|    8|   ap_stable|              colorFormat|       pointer|
+-----------------------+-----+-----+------------+-------------------------+--------------+

