

================================================================
== Vitis HLS Report for 'MultiPixStream2AXIvideo_Pipeline_VITIS_LOOP_936_2'
================================================================
* Date:           Tue Apr  9 10:34:59 2024

* Version:        2022.2 (Build 3670227 on Oct 13 2022)
* Project:        prj
* Solution:       sol (Vivado IP Flow Target)
* Product family: zynquplus
* Target device:  xczu7ev-ffvc1156-2-e


================================================================
== Performance Estimates
================================================================
+ Timing: 
    * Summary: 
    +--------+---------+----------+------------+
    |  Clock |  Target | Estimated| Uncertainty|
    +--------+---------+----------+------------+
    |ap_clk  |  3.33 ns|  1.615 ns|     0.90 ns|
    +--------+---------+----------+------------+

+ Latency: 
    * Summary: 
    +---------+---------+-----------+----------+-----+------+---------+
    |  Latency (cycles) |  Latency (absolute)  |  Interval  | Pipeline|
    |   min   |   max   |    min    |    max   | min |  max |   Type  |
    +---------+---------+-----------+----------+-----+------+---------+
    |        4|     2051|  13.332 ns|  6.836 us|    4|  2051|       no|
    +---------+---------+-----------+----------+-----+------+---------+

    + Detail: 
        * Instance: 
        N/A

        * Loop: 
        +--------------------+---------+---------+----------+-----------+-----------+----------+----------+
        |                    |  Latency (cycles) | Iteration|  Initiation Interval  |   Trip   |          |
        |      Loop Name     |   min   |   max   |  Latency |  achieved |   target  |   Count  | Pipelined|
        +--------------------+---------+---------+----------+-----------+-----------+----------+----------+
        |- VITIS_LOOP_936_2  |        1|     2048|         2|          1|          1|  1 ~ 2048|       yes|
        +--------------------+---------+---------+----------+-----------+-----------+----------+----------+



================================================================
== Utilization Estimates
================================================================
* Summary: 
+-----------------+---------+------+--------+--------+-----+
|       Name      | BRAM_18K|  DSP |   FF   |   LUT  | URAM|
+-----------------+---------+------+--------+--------+-----+
|DSP              |        -|     -|       -|       -|    -|
|Expression       |        -|     -|       0|     175|    -|
|FIFO             |        -|     -|       -|       -|    -|
|Instance         |        -|     -|       -|       -|    -|
|Memory           |        -|     -|       -|       -|    -|
|Multiplexer      |        -|     -|       -|     168|    -|
|Register         |        -|     -|      36|       -|    -|
+-----------------+---------+------+--------+--------+-----+
|Total            |        0|     0|      36|     343|    0|
+-----------------+---------+------+--------+--------+-----+
|Available        |      624|  1728|  460800|  230400|   96|
+-----------------+---------+------+--------+--------+-----+
|Utilization (%)  |        0|     0|      ~0|      ~0|    0|
+-----------------+---------+------+--------+--------+-----+

+ Detail: 
    * Instance: 
    N/A

    * DSP: 
    N/A

    * Memory: 
    N/A

    * FIFO: 
    N/A

    * Expression: 
    +----------------------------------+----------+----+---+----+------------+------------+
    |           Variable Name          | Operation| DSP| FF| LUT| Bitwidth P0| Bitwidth P1|
    +----------------------------------+----------+----+---+----+------------+------------+
    |add_ln960_fu_311_p2               |         +|   0|  0|  23|          16|           1|
    |j_2_fu_296_p2                     |         +|   0|  0|  19|          12|           1|
    |ap_block_pp0_stage0_01001         |       and|   0|  0|   2|           1|           1|
    |ap_block_pp0_stage0_11001         |       and|   0|  0|   2|           1|           1|
    |ap_block_state3_io                |       and|   0|  0|   2|           1|           1|
    |ap_condition_142                  |       and|   0|  0|   2|           1|           1|
    |ap_condition_165                  |       and|   0|  0|   2|           1|           1|
    |ap_condition_389                  |       and|   0|  0|   2|           1|           1|
    |ap_condition_392                  |       and|   0|  0|   2|           1|           1|
    |ap_condition_395                  |       and|   0|  0|   2|           1|           1|
    |ap_condition_398                  |       and|   0|  0|   2|           1|           1|
    |ap_condition_401                  |       and|   0|  0|   2|           1|           1|
    |icmp_ln936_fu_291_p2              |      icmp|   0|  0|  12|          12|          12|
    |tmp_last_V_fu_302_p2              |      icmp|   0|  0|  12|          13|          13|
    |ap_block_state3_pp0_stage0_iter1  |        or|   0|  0|   2|           1|           1|
    |axi_data_V_fu_414_p3              |    select|   0|  0|   9|           1|           9|
    |select_ln975_1_fu_432_p3          |    select|   0|  0|   8|           1|           8|
    |select_ln975_2_fu_439_p3          |    select|   0|  0|   8|           1|           8|
    |select_ln975_3_fu_446_p3          |    select|   0|  0|   8|           1|           8|
    |select_ln975_4_fu_453_p3          |    select|   0|  0|   8|           1|           8|
    |select_ln975_5_fu_460_p3          |    select|   0|  0|   8|           1|           8|
    |select_ln975_6_fu_467_p3          |    select|   0|  0|   8|           1|           8|
    |select_ln975_7_fu_474_p3          |    select|   0|  0|   8|           1|           8|
    |select_ln975_8_fu_481_p3          |    select|   0|  0|   8|           1|           8|
    |select_ln975_fu_425_p3            |    select|   0|  0|   8|           1|           8|
    |ap_enable_pp0                     |       xor|   0|  0|   2|           1|           2|
    |ap_enable_reg_pp0_iter1           |       xor|   0|  0|   2|           2|           1|
    |fid_toggle_1_fu_515_p2            |       xor|   0|  0|   2|           1|           2|
    +----------------------------------+----------+----+---+----+------------+------------+
    |Total                             |          |   0|  0| 175|          78|         124|
    +----------------------------------+----------+----+---+----+------------+------------+

    * Multiplexer: 
    +----------------------------------------+----+-----------+-----+-----------+
    |                  Name                  | LUT| Input Size| Bits| Total Bits|
    +----------------------------------------+----+-----------+-----+-----------+
    |ap_NS_fsm                               |  26|          5|    1|          5|
    |ap_enable_reg_pp0_iter1                 |  14|          3|    1|          3|
    |ap_phi_mux_empty_144_phi_fu_260_p10     |  14|          3|    1|          3|
    |ap_phi_mux_tmp_user_V_phi_fu_236_p4     |   9|          2|    1|          2|
    |ap_phi_reg_pp0_iter1_empty_144_reg_254  |  20|          4|    1|          4|
    |counter_loc_1_out_o                     |   9|          2|   16|         32|
    |fid                                     |  31|          6|    1|          6|
    |j_fu_136                                |   9|          2|   12|         24|
    |m_axis_video_TDATA_blk_n                |   9|          2|    1|          2|
    |ovrlayYUV_blk_n                         |   9|          2|    1|          2|
    |p_phi_reg_244                           |   9|          2|    1|          2|
    |tmp_user_V_reg_232                      |   9|          2|    1|          2|
    +----------------------------------------+----+-----------+-----+-----------+
    |Total                                   | 168|         35|   38|         87|
    +----------------------------------------+----+-----------+-----+-----------+

    * Register: 
    +----------------------------------------+----+----+-----+-----------+
    |                  Name                  | FF | LUT| Bits| Const Bits|
    +----------------------------------------+----+----+-----+-----------+
    |ap_CS_fsm                               |   4|   0|    4|          0|
    |ap_enable_reg_pp0_iter0                 |   1|   0|    1|          0|
    |ap_enable_reg_pp0_iter1                 |   1|   0|    1|          0|
    |ap_phi_reg_pp0_iter1_empty_144_reg_254  |   1|   0|    1|          0|
    |icmp_ln936_reg_584                      |   1|   0|    1|          0|
    |j_fu_136                                |  12|   0|   12|          0|
    |p_phi_reg_244                           |   1|   0|    1|          0|
    |sub_cast_cast_reg_579                   |  13|   0|   13|          0|
    |tmp_last_V_reg_588                      |   1|   0|    1|          0|
    |tmp_user_V_reg_232                      |   1|   0|    1|          0|
    +----------------------------------------+----+----+-----+-----------+
    |Total                                   |  36|   0|   36|          0|
    +----------------------------------------+----+----+-----+-----------+



================================================================
== Interface
================================================================
* Summary: 
+----------------------------+-----+-----+------------+---------------------------------------------------+--------------+
|          RTL Ports         | Dir | Bits|  Protocol  |                   Source Object                   |    C Type    |
+----------------------------+-----+-----+------------+---------------------------------------------------+--------------+
|ap_clk                      |   in|    1|  ap_ctrl_hs|  MultiPixStream2AXIvideo_Pipeline_VITIS_LOOP_936_2|  return value|
|ap_rst                      |   in|    1|  ap_ctrl_hs|  MultiPixStream2AXIvideo_Pipeline_VITIS_LOOP_936_2|  return value|
|ap_start                    |   in|    1|  ap_ctrl_hs|  MultiPixStream2AXIvideo_Pipeline_VITIS_LOOP_936_2|  return value|
|ap_done                     |  out|    1|  ap_ctrl_hs|  MultiPixStream2AXIvideo_Pipeline_VITIS_LOOP_936_2|  return value|
|ap_idle                     |  out|    1|  ap_ctrl_hs|  MultiPixStream2AXIvideo_Pipeline_VITIS_LOOP_936_2|  return value|
|ap_ready                    |  out|    1|  ap_ctrl_hs|  MultiPixStream2AXIvideo_Pipeline_VITIS_LOOP_936_2|  return value|
|sof                         |   in|    1|     ap_none|                                                sof|        scalar|
|empty                       |   in|    1|     ap_none|                                              empty|        scalar|
|div283_cast                 |   in|   12|   ap_stable|                                        div283_cast|        scalar|
|fid_in_load                 |   in|    1|   ap_stable|                                        fid_in_load|        scalar|
|fid                         |  out|    1|      ap_vld|                                                fid|       pointer|
|fid_ap_vld                  |  out|    1|      ap_vld|                                                fid|       pointer|
|ovrlayYUV_dout              |   in|   48|     ap_fifo|                                          ovrlayYUV|       pointer|
|ovrlayYUV_num_data_valid    |   in|    5|     ap_fifo|                                          ovrlayYUV|       pointer|
|ovrlayYUV_fifo_cap          |   in|    5|     ap_fifo|                                          ovrlayYUV|       pointer|
|ovrlayYUV_empty_n           |   in|    1|     ap_fifo|                                          ovrlayYUV|       pointer|
|ovrlayYUV_read              |  out|    1|     ap_fifo|                                          ovrlayYUV|       pointer|
|icmp_ln975_1                |   in|    1|   ap_stable|                                       icmp_ln975_1|        scalar|
|icmp_ln975                  |   in|    1|   ap_stable|                                         icmp_ln975|        scalar|
|m_axis_video_TDATA          |  out|   48|        axis|                              m_axis_video_V_data_V|       pointer|
|m_axis_video_TREADY         |   in|    1|        axis|                              m_axis_video_V_data_V|       pointer|
|m_axis_video_TVALID         |  out|    1|        axis|                              m_axis_video_V_dest_V|       pointer|
|m_axis_video_TDEST          |  out|    1|        axis|                              m_axis_video_V_dest_V|       pointer|
|m_axis_video_TKEEP          |  out|    6|        axis|                              m_axis_video_V_keep_V|       pointer|
|m_axis_video_TSTRB          |  out|    6|        axis|                              m_axis_video_V_strb_V|       pointer|
|m_axis_video_TUSER          |  out|    1|        axis|                              m_axis_video_V_user_V|       pointer|
|m_axis_video_TLAST          |  out|    1|        axis|                              m_axis_video_V_last_V|       pointer|
|m_axis_video_TID            |  out|    1|        axis|                                m_axis_video_V_id_V|       pointer|
|field_id_load               |   in|   16|   ap_stable|                                      field_id_load|        scalar|
|sub_cast                    |   in|   12|   ap_stable|                                           sub_cast|        scalar|
|counter_loc_1_out_i         |   in|   16|     ap_ovld|                                  counter_loc_1_out|       pointer|
|counter_loc_1_out_o         |  out|   16|     ap_ovld|                                  counter_loc_1_out|       pointer|
|counter_loc_1_out_o_ap_vld  |  out|    1|     ap_ovld|                                  counter_loc_1_out|       pointer|
|p_phi_out                   |  out|    1|      ap_vld|                                          p_phi_out|       pointer|
|p_phi_out_ap_vld            |  out|    1|      ap_vld|                                          p_phi_out|       pointer|
|counter                     |  out|   16|      ap_vld|                                            counter|       pointer|
|counter_ap_vld              |  out|    1|      ap_vld|                                            counter|       pointer|
+----------------------------+-----+-----+------------+---------------------------------------------------+--------------+

