

================================================================
== Vitis HLS Report for 'v_tpgHlsDataFlow'
================================================================
* Date:           Tue Apr  9 10:34:59 2024

* Version:        2022.2 (Build 3670227 on Oct 13 2022)
* Project:        prj
* Solution:       sol (Vivado IP Flow Target)
* Product family: zynquplus
* Target device:  xczu7ev-ffvc1156-2-e


================================================================
== Performance Estimates
================================================================
+ Timing: 
    * Summary: 
    +--------+---------+----------+------------+
    |  Clock |  Target | Estimated| Uncertainty|
    +--------+---------+----------+------------+
    |ap_clk  |  3.33 ns|  2.378 ns|     0.90 ns|
    +--------+---------+----------+------------+

+ Latency: 
    * Summary: 
    +---------+---------+----------+----------+-----+-----+----------+
    |  Latency (cycles) |  Latency (absolute) |  Interval | Pipeline |
    |   min   |   max   |    min   |    max   | min | max |   Type   |
    +---------+---------+----------+----------+-----+-----+----------+
    |        ?|        ?|         ?|         ?|    ?|    ?|  dataflow|
    +---------+---------+----------+----------+-----+-----+----------+

    + Detail: 
        * Instance: 
        +----------------------------+-------------------------+---------+---------+----------+-----------+-----+---------+---------+
        |                            |                         |  Latency (cycles) |  Latency (absolute)  |    Interval   | Pipeline|
        |          Instance          |          Module         |   min   |   max   |    min   |    max    | min |   max   |   Type  |
        +----------------------------+-------------------------+---------+---------+----------+-----------+-----+---------+---------+
        |AXIvideo2MultiPixStream_U0  |AXIvideo2MultiPixStream  |        2|  4447446|  6.666 ns|  14.823 ms|    2|  4447446|       no|
        |tpgBackground_U0            |tpgBackground            |        ?|        ?|         ?|          ?|    ?|        ?|       no|
        |MultiPixStream2AXIvideo_U0  |MultiPixStream2AXIvideo  |        1|  4436641|  3.333 ns|  14.787 ms|    1|  4436641|       no|
        +----------------------------+-------------------------+---------+---------+----------+-----------+-----+---------+---------+

        * Loop: 
        N/A



================================================================
== Utilization Estimates
================================================================
* Summary: 
+-----------------+---------+------+--------+--------+-----+
|       Name      | BRAM_18K|  DSP |   FF   |   LUT  | URAM|
+-----------------+---------+------+--------+--------+-----+
|DSP              |        -|     -|       -|       -|    -|
|Expression       |        -|     -|       0|      12|    -|
|FIFO             |        -|     -|     198|     134|    -|
|Instance         |        0|     -|    2009|    5585|    -|
|Memory           |        -|     -|       -|       -|    -|
|Multiplexer      |        -|     -|       -|      18|    -|
|Register         |        -|     -|       2|       -|    -|
+-----------------+---------+------+--------+--------+-----+
|Total            |        0|     0|    2209|    5749|    0|
+-----------------+---------+------+--------+--------+-----+
|Available        |      624|  1728|  460800|  230400|   96|
+-----------------+---------+------+--------+--------+-----+
|Utilization (%)  |        0|     0|      ~0|       2|    0|
+-----------------+---------+------+--------+--------+-----+

+ Detail: 
    * Instance: 
    +----------------------------+-------------------------+---------+----+------+------+-----+
    |          Instance          |          Module         | BRAM_18K| DSP|  FF  |  LUT | URAM|
    +----------------------------+-------------------------+---------+----+------+------+-----+
    |AXIvideo2MultiPixStream_U0  |AXIvideo2MultiPixStream  |        0|   0|   367|  1893|    0|
    |MultiPixStream2AXIvideo_U0  |MultiPixStream2AXIvideo  |        0|   0|   142|   532|    0|
    |tpgBackground_U0            |tpgBackground            |        0|   0|  1500|  3160|    0|
    +----------------------------+-------------------------+---------+----+------+------+-----+
    |Total                       |                         |        0|   0|  2009|  5585|    0|
    +----------------------------+-------------------------+---------+----+------+------+-----+

    * DSP: 
    N/A

    * Memory: 
    N/A

    * FIFO: 
    +-------------+---------+----+----+-----+------+-----+---------+
    |     Name    | BRAM_18K| FF | LUT| URAM| Depth| Bits| Size:D*B|
    +-------------+---------+----+----+-----+------+-----+---------+
    |ovrlayYUV_U  |        0|  99|   0|    -|    16|   48|      768|
    |srcYUV_U     |        0|  99|   0|    -|    16|   48|      768|
    +-------------+---------+----+----+-----+------+-----+---------+
    |Total        |        0| 198|   0|    0|    32|   96|     1536|
    +-------------+---------+----+----+-----+------+-----+---------+

    * Expression: 
    +---------------------------------------------+----------+----+---+----+------------+------------+
    |                Variable Name                | Operation| DSP| FF| LUT| Bitwidth P0| Bitwidth P1|
    +---------------------------------------------+----------+----+---+----+------------+------------+
    |AXIvideo2MultiPixStream_U0_ap_start          |       and|   0|  0|   2|           1|           1|
    |ap_idle                                      |       and|   0|  0|   2|           1|           1|
    |ap_sync_ready                                |       and|   0|  0|   2|           1|           1|
    |tpgBackground_U0_ap_start                    |       and|   0|  0|   2|           1|           1|
    |ap_sync_AXIvideo2MultiPixStream_U0_ap_ready  |        or|   0|  0|   2|           1|           1|
    |ap_sync_tpgBackground_U0_ap_ready            |        or|   0|  0|   2|           1|           1|
    +---------------------------------------------+----------+----+---+----+------------+------------+
    |Total                                        |          |   0|  0|  12|           6|           6|
    +---------------------------------------------+----------+----+---+----+------------+------------+

    * Multiplexer: 
    +-------------------------------------------------+----+-----------+-----+-----------+
    |                       Name                      | LUT| Input Size| Bits| Total Bits|
    +-------------------------------------------------+----+-----------+-----+-----------+
    |ap_sync_reg_AXIvideo2MultiPixStream_U0_ap_ready  |   9|          2|    1|          2|
    |ap_sync_reg_tpgBackground_U0_ap_ready            |   9|          2|    1|          2|
    +-------------------------------------------------+----+-----------+-----+-----------+
    |Total                                            |  18|          4|    2|          4|
    +-------------------------------------------------+----+-----------+-----+-----------+

    * Register: 
    +-------------------------------------------------+---+----+-----+-----------+
    |                       Name                      | FF| LUT| Bits| Const Bits|
    +-------------------------------------------------+---+----+-----+-----------+
    |ap_sync_reg_AXIvideo2MultiPixStream_U0_ap_ready  |  1|   0|    1|          0|
    |ap_sync_reg_tpgBackground_U0_ap_ready            |  1|   0|    1|          0|
    +-------------------------------------------------+---+----+-----+-----------+
    |Total                                            |  2|   0|    2|          0|
    +-------------------------------------------------+---+----+-----+-----------+



================================================================
== Interface
================================================================
* Summary: 
+-----------------------+-----+-----+------------+-----------------------+--------------+
|       RTL Ports       | Dir | Bits|  Protocol  |     Source Object     |    C Type    |
+-----------------------+-----+-----+------------+-----------------------+--------------+
|s_axis_video_TDATA     |   in|   48|        axis|  s_axis_video_V_data_V|       pointer|
|s_axis_video_TKEEP     |   in|    6|        axis|  s_axis_video_V_keep_V|       pointer|
|s_axis_video_TSTRB     |   in|    6|        axis|  s_axis_video_V_strb_V|       pointer|
|s_axis_video_TUSER     |   in|    1|        axis|  s_axis_video_V_user_V|       pointer|
|s_axis_video_TLAST     |   in|    1|        axis|  s_axis_video_V_last_V|       pointer|
|s_axis_video_TID       |   in|    1|        axis|    s_axis_video_V_id_V|       pointer|
|s_axis_video_TDEST     |   in|    1|        axis|  s_axis_video_V_dest_V|       pointer|
|s_axis_video_TVALID    |   in|    1|        axis|  s_axis_video_V_dest_V|       pointer|
|s_axis_video_TREADY    |  out|    1|        axis|  s_axis_video_V_dest_V|       pointer|
|height                 |   in|   16|     ap_none|                 height|       pointer|
|height_ap_vld          |   in|    1|     ap_none|                 height|       pointer|
|width                  |   in|   16|     ap_none|                  width|       pointer|
|width_ap_vld           |   in|    1|     ap_none|                  width|       pointer|
|field_id               |   in|   16|     ap_none|               field_id|       pointer|
|field_id_ap_vld        |   in|    1|     ap_none|               field_id|       pointer|
|fid_in                 |   in|    1|   ap_stable|                 fid_in|       pointer|
|fid_in_ap_vld          |   in|    1|   ap_stable|                 fid_in|       pointer|
|passthruStartX         |   in|   16|     ap_none|         passthruStartX|       pointer|
|passthruStartX_ap_vld  |   in|    1|     ap_none|         passthruStartX|       pointer|
|passthruStartY         |   in|   16|     ap_none|         passthruStartY|       pointer|
|passthruStartY_ap_vld  |   in|    1|     ap_none|         passthruStartY|       pointer|
|passthruEndX           |   in|   16|     ap_none|           passthruEndX|       pointer|
|passthruEndX_ap_vld    |   in|    1|     ap_none|           passthruEndX|       pointer|
|passthruEndY           |   in|   16|     ap_none|           passthruEndY|       pointer|
|passthruEndY_ap_vld    |   in|    1|     ap_none|           passthruEndY|       pointer|
|enableInput            |   in|    8|     ap_none|            enableInput|       pointer|
|enableInput_ap_vld     |   in|    1|     ap_none|            enableInput|       pointer|
|bckgndId               |   in|    8|     ap_none|               bckgndId|       pointer|
|bckgndId_ap_vld        |   in|    1|     ap_none|               bckgndId|       pointer|
|motionSpeed            |   in|    8|     ap_none|            motionSpeed|       pointer|
|motionSpeed_ap_vld     |   in|    1|     ap_none|            motionSpeed|       pointer|
|colorFormat            |   in|    8|     ap_none|            colorFormat|       pointer|
|colorFormat_ap_vld     |   in|    1|     ap_none|            colorFormat|       pointer|
|m_axis_video_TDATA     |  out|   48|        axis|  m_axis_video_V_data_V|       pointer|
|m_axis_video_TKEEP     |  out|    6|        axis|  m_axis_video_V_keep_V|       pointer|
|m_axis_video_TSTRB     |  out|    6|        axis|  m_axis_video_V_strb_V|       pointer|
|m_axis_video_TUSER     |  out|    1|        axis|  m_axis_video_V_user_V|       pointer|
|m_axis_video_TLAST     |  out|    1|        axis|  m_axis_video_V_last_V|       pointer|
|m_axis_video_TID       |  out|    1|        axis|    m_axis_video_V_id_V|       pointer|
|m_axis_video_TDEST     |  out|    1|        axis|  m_axis_video_V_dest_V|       pointer|
|m_axis_video_TVALID    |  out|    1|        axis|  m_axis_video_V_dest_V|       pointer|
|m_axis_video_TREADY    |   in|    1|        axis|  m_axis_video_V_dest_V|       pointer|
|fid                    |  out|    1|      ap_vld|                    fid|       pointer|
|fid_ap_vld             |  out|    1|      ap_vld|                    fid|       pointer|
|s                      |   in|   32|     ap_none|                      s|       pointer|
|s_ap_vld               |   in|    1|     ap_none|                      s|       pointer|
|ap_clk                 |   in|    1|  ap_ctrl_hs|       v_tpgHlsDataFlow|  return value|
|ap_rst                 |   in|    1|  ap_ctrl_hs|       v_tpgHlsDataFlow|  return value|
|ap_start               |   in|    1|  ap_ctrl_hs|       v_tpgHlsDataFlow|  return value|
|ap_done                |  out|    1|  ap_ctrl_hs|       v_tpgHlsDataFlow|  return value|
|ap_ready               |  out|    1|  ap_ctrl_hs|       v_tpgHlsDataFlow|  return value|
|ap_idle                |  out|    1|  ap_ctrl_hs|       v_tpgHlsDataFlow|  return value|
|ap_continue            |   in|    1|  ap_ctrl_hs|       v_tpgHlsDataFlow|  return value|
+-----------------------+-----+-----+------------+-----------------------+--------------+

