
*** Running vivado
    with args -log exdes_fmch_axi_iic_0.vds -m64 -product Vivado -mode batch -messageDb vivado.pb -notrace -source exdes_fmch_axi_iic_0.tcl



****** Vivado v2022.2 (64-bit)
  **** SW Build 3671981 on Fri Oct 14 05:00:03 MDT 2022
  **** IP Build 3669848 on Fri Oct 14 08:30:02 MDT 2022
    ** Copyright 1986-2022 Xilinx, Inc. All Rights Reserved.

source exdes_fmch_axi_iic_0.tcl -notrace
create_project: Time (s): cpu = 00:00:07 ; elapsed = 00:00:10 . Memory (MB): peak = 1010.484 ; gain = 126.531
INFO: [IP_Flow 19-6924] IPCACHE: Running cache check for IP inst: exdes_fmch_axi_iic_0
Command: synth_design -top exdes_fmch_axi_iic_0 -part xczu7ev-ffvc1156-2-e -incremental_mode off -mode out_of_context
Starting synth_design
Attempting to get a license for feature 'Synthesis' and/or device 'xczu7ev'
INFO: [Common 17-349] Got license for feature 'Synthesis' and/or device 'xczu7ev'
INFO: [Device 21-403] Loading part xczu7ev-ffvc1156-2-e
INFO: [Synth 8-7079] Multithreading enabled for synth_design using a maximum of 2 processes.
INFO: [Synth 8-7078] Launching helper process for spawning children vivado processes
INFO: [Synth 8-7075] Helper process launched with PID 9392
INFO: [Synth 8-11241] undeclared symbol 'REGCCE', assumed default net type 'wire' [D:/tools/xilinx/Vivado/2022.2/data/verilog/src/unimacro/BRAM_SINGLE_MACRO.v:2170]
---------------------------------------------------------------------------------
Starting RTL Elaboration : Time (s): cpu = 00:00:12 ; elapsed = 00:00:14 . Memory (MB): peak = 2524.645 ; gain = 337.957
---------------------------------------------------------------------------------
INFO: [Synth 8-638] synthesizing module 'exdes_fmch_axi_iic_0' [e:/xilinx_axi/v_dma_txss/v_hdmi_tx_ss_ex/v_hdmi_tx_ss_ex.gen/sources_1/bd/exdes/ip/exdes_fmch_axi_iic_0/synth/exdes_fmch_axi_iic_0.vhd:91]
	Parameter C_FAMILY bound to: zynquplus - type: string 
	Parameter C_S_AXI_ADDR_WIDTH bound to: 9 - type: integer 
	Parameter C_S_AXI_DATA_WIDTH bound to: 32 - type: integer 
	Parameter C_IIC_FREQ bound to: 100000 - type: integer 
	Parameter C_TEN_BIT_ADR bound to: 0 - type: integer 
	Parameter C_GPO_WIDTH bound to: 1 - type: integer 
	Parameter C_S_AXI_ACLK_FREQ_HZ bound to: 100000000 - type: integer 
	Parameter C_SCL_INERTIAL_DELAY bound to: 0 - type: integer 
	Parameter C_SDA_INERTIAL_DELAY bound to: 0 - type: integer 
	Parameter C_SDA_LEVEL bound to: 1 - type: integer 
	Parameter C_SMBUS_PMBUS_HOST bound to: 0 - type: integer 
	Parameter C_DISABLE_SETUP_VIOLATION_CHECK bound to: 0 - type: integer 
	Parameter C_STATIC_TIMING_REG_WIDTH bound to: 0 - type: integer 
	Parameter C_TIMING_REG_WIDTH bound to: 32 - type: integer 
	Parameter C_DEFAULT_VALUE bound to: 8'b00000000 
INFO: [Synth 8-3491] module 'axi_iic' declared at 'e:/xilinx_axi/v_dma_txss/v_hdmi_tx_ss_ex/v_hdmi_tx_ss_ex.gen/sources_1/bd/exdes/ipshared/1439/hdl/axi_iic_v2_1_vh_rfs.vhd:6832' bound to instance 'U0' of component 'axi_iic' [e:/xilinx_axi/v_dma_txss/v_hdmi_tx_ss_ex/v_hdmi_tx_ss_ex.gen/sources_1/bd/exdes/ip/exdes_fmch_axi_iic_0/synth/exdes_fmch_axi_iic_0.vhd:184]
INFO: [Synth 8-638] synthesizing module 'axi_iic' [e:/xilinx_axi/v_dma_txss/v_hdmi_tx_ss_ex/v_hdmi_tx_ss_ex.gen/sources_1/bd/exdes/ipshared/1439/hdl/axi_iic_v2_1_vh_rfs.vhd:6906]
INFO: [Synth 8-638] synthesizing module 'iic' [e:/xilinx_axi/v_dma_txss/v_hdmi_tx_ss_ex/v_hdmi_tx_ss_ex.gen/sources_1/bd/exdes/ipshared/1439/hdl/axi_iic_v2_1_vh_rfs.vhd:6210]
INFO: [Synth 8-638] synthesizing module 'axi_ipif_ssp1' [e:/xilinx_axi/v_dma_txss/v_hdmi_tx_ss_ex/v_hdmi_tx_ss_ex.gen/sources_1/bd/exdes/ipshared/1439/hdl/axi_iic_v2_1_vh_rfs.vhd:5677]
INFO: [Synth 8-638] synthesizing module 'axi_lite_ipif' [e:/xilinx_axi/v_dma_txss/v_hdmi_tx_ss_ex/v_hdmi_tx_ss_ex.gen/sources_1/bd/exdes/ipshared/66ea/hdl/axi_lite_ipif_v3_0_vh_rfs.vhd:2948]
INFO: [Synth 8-638] synthesizing module 'slave_attachment' [e:/xilinx_axi/v_dma_txss/v_hdmi_tx_ss_ex/v_hdmi_tx_ss_ex.gen/sources_1/bd/exdes/ipshared/66ea/hdl/axi_lite_ipif_v3_0_vh_rfs.vhd:2341]
INFO: [Synth 8-638] synthesizing module 'address_decoder' [e:/xilinx_axi/v_dma_txss/v_hdmi_tx_ss_ex/v_hdmi_tx_ss_ex.gen/sources_1/bd/exdes/ipshared/66ea/hdl/axi_lite_ipif_v3_0_vh_rfs.vhd:1775]
INFO: [Synth 8-638] synthesizing module 'pselect_f' [e:/xilinx_axi/v_dma_txss/v_hdmi_tx_ss_ex/v_hdmi_tx_ss_ex.gen/sources_1/bd/exdes/ipshared/66ea/hdl/axi_lite_ipif_v3_0_vh_rfs.vhd:1534]
INFO: [Synth 8-256] done synthesizing module 'pselect_f' (0#1) [e:/xilinx_axi/v_dma_txss/v_hdmi_tx_ss_ex/v_hdmi_tx_ss_ex.gen/sources_1/bd/exdes/ipshared/66ea/hdl/axi_lite_ipif_v3_0_vh_rfs.vhd:1534]
INFO: [Synth 8-638] synthesizing module 'pselect_f__parameterized0' [e:/xilinx_axi/v_dma_txss/v_hdmi_tx_ss_ex/v_hdmi_tx_ss_ex.gen/sources_1/bd/exdes/ipshared/66ea/hdl/axi_lite_ipif_v3_0_vh_rfs.vhd:1534]
INFO: [Synth 8-256] done synthesizing module 'pselect_f__parameterized0' (0#1) [e:/xilinx_axi/v_dma_txss/v_hdmi_tx_ss_ex/v_hdmi_tx_ss_ex.gen/sources_1/bd/exdes/ipshared/66ea/hdl/axi_lite_ipif_v3_0_vh_rfs.vhd:1534]
INFO: [Synth 8-638] synthesizing module 'pselect_f__parameterized1' [e:/xilinx_axi/v_dma_txss/v_hdmi_tx_ss_ex/v_hdmi_tx_ss_ex.gen/sources_1/bd/exdes/ipshared/66ea/hdl/axi_lite_ipif_v3_0_vh_rfs.vhd:1534]
INFO: [Synth 8-256] done synthesizing module 'pselect_f__parameterized1' (0#1) [e:/xilinx_axi/v_dma_txss/v_hdmi_tx_ss_ex/v_hdmi_tx_ss_ex.gen/sources_1/bd/exdes/ipshared/66ea/hdl/axi_lite_ipif_v3_0_vh_rfs.vhd:1534]
INFO: [Synth 8-638] synthesizing module 'pselect_f__parameterized2' [e:/xilinx_axi/v_dma_txss/v_hdmi_tx_ss_ex/v_hdmi_tx_ss_ex.gen/sources_1/bd/exdes/ipshared/66ea/hdl/axi_lite_ipif_v3_0_vh_rfs.vhd:1534]
INFO: [Synth 8-256] done synthesizing module 'pselect_f__parameterized2' (0#1) [e:/xilinx_axi/v_dma_txss/v_hdmi_tx_ss_ex/v_hdmi_tx_ss_ex.gen/sources_1/bd/exdes/ipshared/66ea/hdl/axi_lite_ipif_v3_0_vh_rfs.vhd:1534]
INFO: [Synth 8-638] synthesizing module 'pselect_f__parameterized3' [e:/xilinx_axi/v_dma_txss/v_hdmi_tx_ss_ex/v_hdmi_tx_ss_ex.gen/sources_1/bd/exdes/ipshared/66ea/hdl/axi_lite_ipif_v3_0_vh_rfs.vhd:1534]
INFO: [Synth 8-256] done synthesizing module 'pselect_f__parameterized3' (0#1) [e:/xilinx_axi/v_dma_txss/v_hdmi_tx_ss_ex/v_hdmi_tx_ss_ex.gen/sources_1/bd/exdes/ipshared/66ea/hdl/axi_lite_ipif_v3_0_vh_rfs.vhd:1534]
INFO: [Synth 8-638] synthesizing module 'pselect_f__parameterized4' [e:/xilinx_axi/v_dma_txss/v_hdmi_tx_ss_ex/v_hdmi_tx_ss_ex.gen/sources_1/bd/exdes/ipshared/66ea/hdl/axi_lite_ipif_v3_0_vh_rfs.vhd:1534]
INFO: [Synth 8-256] done synthesizing module 'pselect_f__parameterized4' (0#1) [e:/xilinx_axi/v_dma_txss/v_hdmi_tx_ss_ex/v_hdmi_tx_ss_ex.gen/sources_1/bd/exdes/ipshared/66ea/hdl/axi_lite_ipif_v3_0_vh_rfs.vhd:1534]
INFO: [Synth 8-638] synthesizing module 'pselect_f__parameterized5' [e:/xilinx_axi/v_dma_txss/v_hdmi_tx_ss_ex/v_hdmi_tx_ss_ex.gen/sources_1/bd/exdes/ipshared/66ea/hdl/axi_lite_ipif_v3_0_vh_rfs.vhd:1534]
INFO: [Synth 8-256] done synthesizing module 'pselect_f__parameterized5' (0#1) [e:/xilinx_axi/v_dma_txss/v_hdmi_tx_ss_ex/v_hdmi_tx_ss_ex.gen/sources_1/bd/exdes/ipshared/66ea/hdl/axi_lite_ipif_v3_0_vh_rfs.vhd:1534]
INFO: [Synth 8-638] synthesizing module 'pselect_f__parameterized6' [e:/xilinx_axi/v_dma_txss/v_hdmi_tx_ss_ex/v_hdmi_tx_ss_ex.gen/sources_1/bd/exdes/ipshared/66ea/hdl/axi_lite_ipif_v3_0_vh_rfs.vhd:1534]
INFO: [Synth 8-256] done synthesizing module 'pselect_f__parameterized6' (0#1) [e:/xilinx_axi/v_dma_txss/v_hdmi_tx_ss_ex/v_hdmi_tx_ss_ex.gen/sources_1/bd/exdes/ipshared/66ea/hdl/axi_lite_ipif_v3_0_vh_rfs.vhd:1534]
INFO: [Synth 8-638] synthesizing module 'pselect_f__parameterized7' [e:/xilinx_axi/v_dma_txss/v_hdmi_tx_ss_ex/v_hdmi_tx_ss_ex.gen/sources_1/bd/exdes/ipshared/66ea/hdl/axi_lite_ipif_v3_0_vh_rfs.vhd:1534]
INFO: [Synth 8-256] done synthesizing module 'pselect_f__parameterized7' (0#1) [e:/xilinx_axi/v_dma_txss/v_hdmi_tx_ss_ex/v_hdmi_tx_ss_ex.gen/sources_1/bd/exdes/ipshared/66ea/hdl/axi_lite_ipif_v3_0_vh_rfs.vhd:1534]
INFO: [Synth 8-638] synthesizing module 'pselect_f__parameterized8' [e:/xilinx_axi/v_dma_txss/v_hdmi_tx_ss_ex/v_hdmi_tx_ss_ex.gen/sources_1/bd/exdes/ipshared/66ea/hdl/axi_lite_ipif_v3_0_vh_rfs.vhd:1534]
INFO: [Synth 8-256] done synthesizing module 'pselect_f__parameterized8' (0#1) [e:/xilinx_axi/v_dma_txss/v_hdmi_tx_ss_ex/v_hdmi_tx_ss_ex.gen/sources_1/bd/exdes/ipshared/66ea/hdl/axi_lite_ipif_v3_0_vh_rfs.vhd:1534]
INFO: [Synth 8-638] synthesizing module 'pselect_f__parameterized9' [e:/xilinx_axi/v_dma_txss/v_hdmi_tx_ss_ex/v_hdmi_tx_ss_ex.gen/sources_1/bd/exdes/ipshared/66ea/hdl/axi_lite_ipif_v3_0_vh_rfs.vhd:1534]
INFO: [Synth 8-256] done synthesizing module 'pselect_f__parameterized9' (0#1) [e:/xilinx_axi/v_dma_txss/v_hdmi_tx_ss_ex/v_hdmi_tx_ss_ex.gen/sources_1/bd/exdes/ipshared/66ea/hdl/axi_lite_ipif_v3_0_vh_rfs.vhd:1534]
INFO: [Synth 8-638] synthesizing module 'pselect_f__parameterized10' [e:/xilinx_axi/v_dma_txss/v_hdmi_tx_ss_ex/v_hdmi_tx_ss_ex.gen/sources_1/bd/exdes/ipshared/66ea/hdl/axi_lite_ipif_v3_0_vh_rfs.vhd:1534]
INFO: [Synth 8-256] done synthesizing module 'pselect_f__parameterized10' (0#1) [e:/xilinx_axi/v_dma_txss/v_hdmi_tx_ss_ex/v_hdmi_tx_ss_ex.gen/sources_1/bd/exdes/ipshared/66ea/hdl/axi_lite_ipif_v3_0_vh_rfs.vhd:1534]
INFO: [Synth 8-638] synthesizing module 'pselect_f__parameterized11' [e:/xilinx_axi/v_dma_txss/v_hdmi_tx_ss_ex/v_hdmi_tx_ss_ex.gen/sources_1/bd/exdes/ipshared/66ea/hdl/axi_lite_ipif_v3_0_vh_rfs.vhd:1534]
INFO: [Synth 8-256] done synthesizing module 'pselect_f__parameterized11' (0#1) [e:/xilinx_axi/v_dma_txss/v_hdmi_tx_ss_ex/v_hdmi_tx_ss_ex.gen/sources_1/bd/exdes/ipshared/66ea/hdl/axi_lite_ipif_v3_0_vh_rfs.vhd:1534]
INFO: [Synth 8-638] synthesizing module 'pselect_f__parameterized12' [e:/xilinx_axi/v_dma_txss/v_hdmi_tx_ss_ex/v_hdmi_tx_ss_ex.gen/sources_1/bd/exdes/ipshared/66ea/hdl/axi_lite_ipif_v3_0_vh_rfs.vhd:1534]
INFO: [Synth 8-256] done synthesizing module 'pselect_f__parameterized12' (0#1) [e:/xilinx_axi/v_dma_txss/v_hdmi_tx_ss_ex/v_hdmi_tx_ss_ex.gen/sources_1/bd/exdes/ipshared/66ea/hdl/axi_lite_ipif_v3_0_vh_rfs.vhd:1534]
INFO: [Synth 8-638] synthesizing module 'pselect_f__parameterized13' [e:/xilinx_axi/v_dma_txss/v_hdmi_tx_ss_ex/v_hdmi_tx_ss_ex.gen/sources_1/bd/exdes/ipshared/66ea/hdl/axi_lite_ipif_v3_0_vh_rfs.vhd:1534]
INFO: [Synth 8-256] done synthesizing module 'pselect_f__parameterized13' (0#1) [e:/xilinx_axi/v_dma_txss/v_hdmi_tx_ss_ex/v_hdmi_tx_ss_ex.gen/sources_1/bd/exdes/ipshared/66ea/hdl/axi_lite_ipif_v3_0_vh_rfs.vhd:1534]
INFO: [Synth 8-638] synthesizing module 'pselect_f__parameterized14' [e:/xilinx_axi/v_dma_txss/v_hdmi_tx_ss_ex/v_hdmi_tx_ss_ex.gen/sources_1/bd/exdes/ipshared/66ea/hdl/axi_lite_ipif_v3_0_vh_rfs.vhd:1534]
INFO: [Synth 8-256] done synthesizing module 'pselect_f__parameterized14' (0#1) [e:/xilinx_axi/v_dma_txss/v_hdmi_tx_ss_ex/v_hdmi_tx_ss_ex.gen/sources_1/bd/exdes/ipshared/66ea/hdl/axi_lite_ipif_v3_0_vh_rfs.vhd:1534]
INFO: [Synth 8-638] synthesizing module 'pselect_f__parameterized15' [e:/xilinx_axi/v_dma_txss/v_hdmi_tx_ss_ex/v_hdmi_tx_ss_ex.gen/sources_1/bd/exdes/ipshared/66ea/hdl/axi_lite_ipif_v3_0_vh_rfs.vhd:1534]
INFO: [Synth 8-256] done synthesizing module 'pselect_f__parameterized15' (0#1) [e:/xilinx_axi/v_dma_txss/v_hdmi_tx_ss_ex/v_hdmi_tx_ss_ex.gen/sources_1/bd/exdes/ipshared/66ea/hdl/axi_lite_ipif_v3_0_vh_rfs.vhd:1534]
INFO: [Synth 8-638] synthesizing module 'pselect_f__parameterized16' [e:/xilinx_axi/v_dma_txss/v_hdmi_tx_ss_ex/v_hdmi_tx_ss_ex.gen/sources_1/bd/exdes/ipshared/66ea/hdl/axi_lite_ipif_v3_0_vh_rfs.vhd:1534]
INFO: [Synth 8-256] done synthesizing module 'pselect_f__parameterized16' (0#1) [e:/xilinx_axi/v_dma_txss/v_hdmi_tx_ss_ex/v_hdmi_tx_ss_ex.gen/sources_1/bd/exdes/ipshared/66ea/hdl/axi_lite_ipif_v3_0_vh_rfs.vhd:1534]
INFO: [Synth 8-638] synthesizing module 'pselect_f__parameterized17' [e:/xilinx_axi/v_dma_txss/v_hdmi_tx_ss_ex/v_hdmi_tx_ss_ex.gen/sources_1/bd/exdes/ipshared/66ea/hdl/axi_lite_ipif_v3_0_vh_rfs.vhd:1534]
INFO: [Synth 8-256] done synthesizing module 'pselect_f__parameterized17' (0#1) [e:/xilinx_axi/v_dma_txss/v_hdmi_tx_ss_ex/v_hdmi_tx_ss_ex.gen/sources_1/bd/exdes/ipshared/66ea/hdl/axi_lite_ipif_v3_0_vh_rfs.vhd:1534]
INFO: [Synth 8-638] synthesizing module 'pselect_f__parameterized18' [e:/xilinx_axi/v_dma_txss/v_hdmi_tx_ss_ex/v_hdmi_tx_ss_ex.gen/sources_1/bd/exdes/ipshared/66ea/hdl/axi_lite_ipif_v3_0_vh_rfs.vhd:1534]
INFO: [Synth 8-256] done synthesizing module 'pselect_f__parameterized18' (0#1) [e:/xilinx_axi/v_dma_txss/v_hdmi_tx_ss_ex/v_hdmi_tx_ss_ex.gen/sources_1/bd/exdes/ipshared/66ea/hdl/axi_lite_ipif_v3_0_vh_rfs.vhd:1534]
INFO: [Synth 8-638] synthesizing module 'pselect_f__parameterized19' [e:/xilinx_axi/v_dma_txss/v_hdmi_tx_ss_ex/v_hdmi_tx_ss_ex.gen/sources_1/bd/exdes/ipshared/66ea/hdl/axi_lite_ipif_v3_0_vh_rfs.vhd:1534]
INFO: [Synth 8-256] done synthesizing module 'pselect_f__parameterized19' (0#1) [e:/xilinx_axi/v_dma_txss/v_hdmi_tx_ss_ex/v_hdmi_tx_ss_ex.gen/sources_1/bd/exdes/ipshared/66ea/hdl/axi_lite_ipif_v3_0_vh_rfs.vhd:1534]
INFO: [Synth 8-638] synthesizing module 'pselect_f__parameterized20' [e:/xilinx_axi/v_dma_txss/v_hdmi_tx_ss_ex/v_hdmi_tx_ss_ex.gen/sources_1/bd/exdes/ipshared/66ea/hdl/axi_lite_ipif_v3_0_vh_rfs.vhd:1534]
INFO: [Synth 8-256] done synthesizing module 'pselect_f__parameterized20' (0#1) [e:/xilinx_axi/v_dma_txss/v_hdmi_tx_ss_ex/v_hdmi_tx_ss_ex.gen/sources_1/bd/exdes/ipshared/66ea/hdl/axi_lite_ipif_v3_0_vh_rfs.vhd:1534]
INFO: [Synth 8-638] synthesizing module 'pselect_f__parameterized21' [e:/xilinx_axi/v_dma_txss/v_hdmi_tx_ss_ex/v_hdmi_tx_ss_ex.gen/sources_1/bd/exdes/ipshared/66ea/hdl/axi_lite_ipif_v3_0_vh_rfs.vhd:1534]
INFO: [Synth 8-256] done synthesizing module 'pselect_f__parameterized21' (0#1) [e:/xilinx_axi/v_dma_txss/v_hdmi_tx_ss_ex/v_hdmi_tx_ss_ex.gen/sources_1/bd/exdes/ipshared/66ea/hdl/axi_lite_ipif_v3_0_vh_rfs.vhd:1534]
INFO: [Synth 8-638] synthesizing module 'pselect_f__parameterized22' [e:/xilinx_axi/v_dma_txss/v_hdmi_tx_ss_ex/v_hdmi_tx_ss_ex.gen/sources_1/bd/exdes/ipshared/66ea/hdl/axi_lite_ipif_v3_0_vh_rfs.vhd:1534]
INFO: [Synth 8-256] done synthesizing module 'pselect_f__parameterized22' (0#1) [e:/xilinx_axi/v_dma_txss/v_hdmi_tx_ss_ex/v_hdmi_tx_ss_ex.gen/sources_1/bd/exdes/ipshared/66ea/hdl/axi_lite_ipif_v3_0_vh_rfs.vhd:1534]
INFO: [Synth 8-638] synthesizing module 'pselect_f__parameterized23' [e:/xilinx_axi/v_dma_txss/v_hdmi_tx_ss_ex/v_hdmi_tx_ss_ex.gen/sources_1/bd/exdes/ipshared/66ea/hdl/axi_lite_ipif_v3_0_vh_rfs.vhd:1534]
INFO: [Synth 8-256] done synthesizing module 'pselect_f__parameterized23' (0#1) [e:/xilinx_axi/v_dma_txss/v_hdmi_tx_ss_ex/v_hdmi_tx_ss_ex.gen/sources_1/bd/exdes/ipshared/66ea/hdl/axi_lite_ipif_v3_0_vh_rfs.vhd:1534]
INFO: [Synth 8-638] synthesizing module 'pselect_f__parameterized24' [e:/xilinx_axi/v_dma_txss/v_hdmi_tx_ss_ex/v_hdmi_tx_ss_ex.gen/sources_1/bd/exdes/ipshared/66ea/hdl/axi_lite_ipif_v3_0_vh_rfs.vhd:1534]
INFO: [Synth 8-256] done synthesizing module 'pselect_f__parameterized24' (0#1) [e:/xilinx_axi/v_dma_txss/v_hdmi_tx_ss_ex/v_hdmi_tx_ss_ex.gen/sources_1/bd/exdes/ipshared/66ea/hdl/axi_lite_ipif_v3_0_vh_rfs.vhd:1534]
INFO: [Synth 8-638] synthesizing module 'pselect_f__parameterized25' [e:/xilinx_axi/v_dma_txss/v_hdmi_tx_ss_ex/v_hdmi_tx_ss_ex.gen/sources_1/bd/exdes/ipshared/66ea/hdl/axi_lite_ipif_v3_0_vh_rfs.vhd:1534]
INFO: [Synth 8-256] done synthesizing module 'pselect_f__parameterized25' (0#1) [e:/xilinx_axi/v_dma_txss/v_hdmi_tx_ss_ex/v_hdmi_tx_ss_ex.gen/sources_1/bd/exdes/ipshared/66ea/hdl/axi_lite_ipif_v3_0_vh_rfs.vhd:1534]
INFO: [Synth 8-638] synthesizing module 'pselect_f__parameterized26' [e:/xilinx_axi/v_dma_txss/v_hdmi_tx_ss_ex/v_hdmi_tx_ss_ex.gen/sources_1/bd/exdes/ipshared/66ea/hdl/axi_lite_ipif_v3_0_vh_rfs.vhd:1534]
INFO: [Synth 8-256] done synthesizing module 'pselect_f__parameterized26' (0#1) [e:/xilinx_axi/v_dma_txss/v_hdmi_tx_ss_ex/v_hdmi_tx_ss_ex.gen/sources_1/bd/exdes/ipshared/66ea/hdl/axi_lite_ipif_v3_0_vh_rfs.vhd:1534]
INFO: [Synth 8-638] synthesizing module 'pselect_f__parameterized27' [e:/xilinx_axi/v_dma_txss/v_hdmi_tx_ss_ex/v_hdmi_tx_ss_ex.gen/sources_1/bd/exdes/ipshared/66ea/hdl/axi_lite_ipif_v3_0_vh_rfs.vhd:1534]
INFO: [Synth 8-256] done synthesizing module 'pselect_f__parameterized27' (0#1) [e:/xilinx_axi/v_dma_txss/v_hdmi_tx_ss_ex/v_hdmi_tx_ss_ex.gen/sources_1/bd/exdes/ipshared/66ea/hdl/axi_lite_ipif_v3_0_vh_rfs.vhd:1534]
INFO: [Synth 8-638] synthesizing module 'pselect_f__parameterized28' [e:/xilinx_axi/v_dma_txss/v_hdmi_tx_ss_ex/v_hdmi_tx_ss_ex.gen/sources_1/bd/exdes/ipshared/66ea/hdl/axi_lite_ipif_v3_0_vh_rfs.vhd:1534]
INFO: [Synth 8-256] done synthesizing module 'pselect_f__parameterized28' (0#1) [e:/xilinx_axi/v_dma_txss/v_hdmi_tx_ss_ex/v_hdmi_tx_ss_ex.gen/sources_1/bd/exdes/ipshared/66ea/hdl/axi_lite_ipif_v3_0_vh_rfs.vhd:1534]
INFO: [Synth 8-638] synthesizing module 'pselect_f__parameterized29' [e:/xilinx_axi/v_dma_txss/v_hdmi_tx_ss_ex/v_hdmi_tx_ss_ex.gen/sources_1/bd/exdes/ipshared/66ea/hdl/axi_lite_ipif_v3_0_vh_rfs.vhd:1534]
INFO: [Synth 8-256] done synthesizing module 'pselect_f__parameterized29' (0#1) [e:/xilinx_axi/v_dma_txss/v_hdmi_tx_ss_ex/v_hdmi_tx_ss_ex.gen/sources_1/bd/exdes/ipshared/66ea/hdl/axi_lite_ipif_v3_0_vh_rfs.vhd:1534]
INFO: [Synth 8-638] synthesizing module 'pselect_f__parameterized30' [e:/xilinx_axi/v_dma_txss/v_hdmi_tx_ss_ex/v_hdmi_tx_ss_ex.gen/sources_1/bd/exdes/ipshared/66ea/hdl/axi_lite_ipif_v3_0_vh_rfs.vhd:1534]
INFO: [Synth 8-256] done synthesizing module 'pselect_f__parameterized30' (0#1) [e:/xilinx_axi/v_dma_txss/v_hdmi_tx_ss_ex/v_hdmi_tx_ss_ex.gen/sources_1/bd/exdes/ipshared/66ea/hdl/axi_lite_ipif_v3_0_vh_rfs.vhd:1534]
INFO: [Synth 8-638] synthesizing module 'pselect_f__parameterized31' [e:/xilinx_axi/v_dma_txss/v_hdmi_tx_ss_ex/v_hdmi_tx_ss_ex.gen/sources_1/bd/exdes/ipshared/66ea/hdl/axi_lite_ipif_v3_0_vh_rfs.vhd:1534]
INFO: [Synth 8-256] done synthesizing module 'pselect_f__parameterized31' (0#1) [e:/xilinx_axi/v_dma_txss/v_hdmi_tx_ss_ex/v_hdmi_tx_ss_ex.gen/sources_1/bd/exdes/ipshared/66ea/hdl/axi_lite_ipif_v3_0_vh_rfs.vhd:1534]
INFO: [Synth 8-638] synthesizing module 'pselect_f__parameterized32' [e:/xilinx_axi/v_dma_txss/v_hdmi_tx_ss_ex/v_hdmi_tx_ss_ex.gen/sources_1/bd/exdes/ipshared/66ea/hdl/axi_lite_ipif_v3_0_vh_rfs.vhd:1534]
INFO: [Synth 8-256] done synthesizing module 'pselect_f__parameterized32' (0#1) [e:/xilinx_axi/v_dma_txss/v_hdmi_tx_ss_ex/v_hdmi_tx_ss_ex.gen/sources_1/bd/exdes/ipshared/66ea/hdl/axi_lite_ipif_v3_0_vh_rfs.vhd:1534]
INFO: [Synth 8-638] synthesizing module 'pselect_f__parameterized33' [e:/xilinx_axi/v_dma_txss/v_hdmi_tx_ss_ex/v_hdmi_tx_ss_ex.gen/sources_1/bd/exdes/ipshared/66ea/hdl/axi_lite_ipif_v3_0_vh_rfs.vhd:1534]
INFO: [Synth 8-256] done synthesizing module 'pselect_f__parameterized33' (0#1) [e:/xilinx_axi/v_dma_txss/v_hdmi_tx_ss_ex/v_hdmi_tx_ss_ex.gen/sources_1/bd/exdes/ipshared/66ea/hdl/axi_lite_ipif_v3_0_vh_rfs.vhd:1534]
INFO: [Synth 8-638] synthesizing module 'pselect_f__parameterized34' [e:/xilinx_axi/v_dma_txss/v_hdmi_tx_ss_ex/v_hdmi_tx_ss_ex.gen/sources_1/bd/exdes/ipshared/66ea/hdl/axi_lite_ipif_v3_0_vh_rfs.vhd:1534]
INFO: [Synth 8-256] done synthesizing module 'pselect_f__parameterized34' (0#1) [e:/xilinx_axi/v_dma_txss/v_hdmi_tx_ss_ex/v_hdmi_tx_ss_ex.gen/sources_1/bd/exdes/ipshared/66ea/hdl/axi_lite_ipif_v3_0_vh_rfs.vhd:1534]
INFO: [Synth 8-638] synthesizing module 'pselect_f__parameterized35' [e:/xilinx_axi/v_dma_txss/v_hdmi_tx_ss_ex/v_hdmi_tx_ss_ex.gen/sources_1/bd/exdes/ipshared/66ea/hdl/axi_lite_ipif_v3_0_vh_rfs.vhd:1534]
INFO: [Synth 8-256] done synthesizing module 'pselect_f__parameterized35' (0#1) [e:/xilinx_axi/v_dma_txss/v_hdmi_tx_ss_ex/v_hdmi_tx_ss_ex.gen/sources_1/bd/exdes/ipshared/66ea/hdl/axi_lite_ipif_v3_0_vh_rfs.vhd:1534]
INFO: [Synth 8-256] done synthesizing module 'address_decoder' (0#1) [e:/xilinx_axi/v_dma_txss/v_hdmi_tx_ss_ex/v_hdmi_tx_ss_ex.gen/sources_1/bd/exdes/ipshared/66ea/hdl/axi_lite_ipif_v3_0_vh_rfs.vhd:1775]
INFO: [Synth 8-226] default block is never used [e:/xilinx_axi/v_dma_txss/v_hdmi_tx_ss_ex/v_hdmi_tx_ss_ex.gen/sources_1/bd/exdes/ipshared/66ea/hdl/axi_lite_ipif_v3_0_vh_rfs.vhd:2550]
INFO: [Synth 8-256] done synthesizing module 'slave_attachment' (0#1) [e:/xilinx_axi/v_dma_txss/v_hdmi_tx_ss_ex/v_hdmi_tx_ss_ex.gen/sources_1/bd/exdes/ipshared/66ea/hdl/axi_lite_ipif_v3_0_vh_rfs.vhd:2341]
INFO: [Synth 8-256] done synthesizing module 'axi_lite_ipif' (0#1) [e:/xilinx_axi/v_dma_txss/v_hdmi_tx_ss_ex/v_hdmi_tx_ss_ex.gen/sources_1/bd/exdes/ipshared/66ea/hdl/axi_lite_ipif_v3_0_vh_rfs.vhd:2948]
INFO: [Synth 8-638] synthesizing module 'interrupt_control' [e:/xilinx_axi/v_dma_txss/v_hdmi_tx_ss_ex/v_hdmi_tx_ss_ex.gen/sources_1/bd/exdes/ipshared/a040/hdl/interrupt_control_v3_1_vh_rfs.vhd:259]
INFO: [Synth 8-256] done synthesizing module 'interrupt_control' (0#1) [e:/xilinx_axi/v_dma_txss/v_hdmi_tx_ss_ex/v_hdmi_tx_ss_ex.gen/sources_1/bd/exdes/ipshared/a040/hdl/interrupt_control_v3_1_vh_rfs.vhd:259]
INFO: [Synth 8-638] synthesizing module 'soft_reset' [e:/xilinx_axi/v_dma_txss/v_hdmi_tx_ss_ex/v_hdmi_tx_ss_ex.gen/sources_1/bd/exdes/ipshared/1439/hdl/axi_iic_v2_1_vh_rfs.vhd:141]
INFO: [Synth 8-113] binding component instance 'RST_FLOPS' to cell 'FDRSE' [e:/xilinx_axi/v_dma_txss/v_hdmi_tx_ss_ex/v_hdmi_tx_ss_ex.gen/sources_1/bd/exdes/ipshared/1439/hdl/axi_iic_v2_1_vh_rfs.vhd:272]
INFO: [Synth 8-113] binding component instance 'RST_FLOPS' to cell 'FDRSE' [e:/xilinx_axi/v_dma_txss/v_hdmi_tx_ss_ex/v_hdmi_tx_ss_ex.gen/sources_1/bd/exdes/ipshared/1439/hdl/axi_iic_v2_1_vh_rfs.vhd:272]
INFO: [Synth 8-113] binding component instance 'RST_FLOPS' to cell 'FDRSE' [e:/xilinx_axi/v_dma_txss/v_hdmi_tx_ss_ex/v_hdmi_tx_ss_ex.gen/sources_1/bd/exdes/ipshared/1439/hdl/axi_iic_v2_1_vh_rfs.vhd:272]
INFO: [Synth 8-113] binding component instance 'RST_FLOPS' to cell 'FDRSE' [e:/xilinx_axi/v_dma_txss/v_hdmi_tx_ss_ex/v_hdmi_tx_ss_ex.gen/sources_1/bd/exdes/ipshared/1439/hdl/axi_iic_v2_1_vh_rfs.vhd:272]
INFO: [Synth 8-113] binding component instance 'FF_WRACK' to cell 'FDRSE' [e:/xilinx_axi/v_dma_txss/v_hdmi_tx_ss_ex/v_hdmi_tx_ss_ex.gen/sources_1/bd/exdes/ipshared/1439/hdl/axi_iic_v2_1_vh_rfs.vhd:295]
INFO: [Synth 8-256] done synthesizing module 'soft_reset' (0#1) [e:/xilinx_axi/v_dma_txss/v_hdmi_tx_ss_ex/v_hdmi_tx_ss_ex.gen/sources_1/bd/exdes/ipshared/1439/hdl/axi_iic_v2_1_vh_rfs.vhd:141]
INFO: [Synth 8-256] done synthesizing module 'axi_ipif_ssp1' (0#1) [e:/xilinx_axi/v_dma_txss/v_hdmi_tx_ss_ex/v_hdmi_tx_ss_ex.gen/sources_1/bd/exdes/ipshared/1439/hdl/axi_iic_v2_1_vh_rfs.vhd:5677]
INFO: [Synth 8-638] synthesizing module 'reg_interface' [e:/xilinx_axi/v_dma_txss/v_hdmi_tx_ss_ex/v_hdmi_tx_ss_ex.gen/sources_1/bd/exdes/ipshared/1439/hdl/axi_iic_v2_1_vh_rfs.vhd:1685]
INFO: [Synth 8-256] done synthesizing module 'reg_interface' (0#1) [e:/xilinx_axi/v_dma_txss/v_hdmi_tx_ss_ex/v_hdmi_tx_ss_ex.gen/sources_1/bd/exdes/ipshared/1439/hdl/axi_iic_v2_1_vh_rfs.vhd:1685]
INFO: [Synth 8-638] synthesizing module 'filter' [e:/xilinx_axi/v_dma_txss/v_hdmi_tx_ss_ex/v_hdmi_tx_ss_ex.gen/sources_1/bd/exdes/ipshared/1439/hdl/axi_iic_v2_1_vh_rfs.vhd:5001]
INFO: [Synth 8-638] synthesizing module 'debounce' [e:/xilinx_axi/v_dma_txss/v_hdmi_tx_ss_ex/v_hdmi_tx_ss_ex.gen/sources_1/bd/exdes/ipshared/1439/hdl/axi_iic_v2_1_vh_rfs.vhd:1315]
INFO: [Synth 8-638] synthesizing module 'cdc_sync' [e:/xilinx_axi/v_dma_txss/v_hdmi_tx_ss_ex/v_hdmi_tx_ss_ex.gen/sources_1/bd/exdes/ipshared/ef1e/hdl/lib_cdc_v1_0_rfs.vhd:106]
	Parameter INIT bound to: 1'b0 
INFO: [Synth 8-113] binding component instance 'CROSS_PLEVEL_IN2SCNDRY_IN_cdc_to' to cell 'FDR' [e:/xilinx_axi/v_dma_txss/v_hdmi_tx_ss_ex/v_hdmi_tx_ss_ex.gen/sources_1/bd/exdes/ipshared/ef1e/hdl/lib_cdc_v1_0_rfs.vhd:514]
	Parameter INIT bound to: 1'b0 
INFO: [Synth 8-113] binding component instance 'CROSS_PLEVEL_IN2SCNDRY_s_level_out_d2' to cell 'FDR' [e:/xilinx_axi/v_dma_txss/v_hdmi_tx_ss_ex/v_hdmi_tx_ss_ex.gen/sources_1/bd/exdes/ipshared/ef1e/hdl/lib_cdc_v1_0_rfs.vhd:545]
	Parameter INIT bound to: 1'b0 
INFO: [Synth 8-113] binding component instance 'CROSS_PLEVEL_IN2SCNDRY_s_level_out_d3' to cell 'FDR' [e:/xilinx_axi/v_dma_txss/v_hdmi_tx_ss_ex/v_hdmi_tx_ss_ex.gen/sources_1/bd/exdes/ipshared/ef1e/hdl/lib_cdc_v1_0_rfs.vhd:554]
	Parameter INIT bound to: 1'b0 
INFO: [Synth 8-113] binding component instance 'CROSS_PLEVEL_IN2SCNDRY_s_level_out_d4' to cell 'FDR' [e:/xilinx_axi/v_dma_txss/v_hdmi_tx_ss_ex/v_hdmi_tx_ss_ex.gen/sources_1/bd/exdes/ipshared/ef1e/hdl/lib_cdc_v1_0_rfs.vhd:564]
	Parameter INIT bound to: 1'b0 
INFO: [Synth 8-113] binding component instance 'CROSS_PLEVEL_IN2SCNDRY_s_level_out_d5' to cell 'FDR' [e:/xilinx_axi/v_dma_txss/v_hdmi_tx_ss_ex/v_hdmi_tx_ss_ex.gen/sources_1/bd/exdes/ipshared/ef1e/hdl/lib_cdc_v1_0_rfs.vhd:574]
	Parameter INIT bound to: 1'b0 
INFO: [Synth 8-113] binding component instance 'CROSS_PLEVEL_IN2SCNDRY_s_level_out_d6' to cell 'FDR' [e:/xilinx_axi/v_dma_txss/v_hdmi_tx_ss_ex/v_hdmi_tx_ss_ex.gen/sources_1/bd/exdes/ipshared/ef1e/hdl/lib_cdc_v1_0_rfs.vhd:584]
INFO: [Synth 8-256] done synthesizing module 'cdc_sync' (0#1) [e:/xilinx_axi/v_dma_txss/v_hdmi_tx_ss_ex/v_hdmi_tx_ss_ex.gen/sources_1/bd/exdes/ipshared/ef1e/hdl/lib_cdc_v1_0_rfs.vhd:106]
INFO: [Synth 8-256] done synthesizing module 'debounce' (0#1) [e:/xilinx_axi/v_dma_txss/v_hdmi_tx_ss_ex/v_hdmi_tx_ss_ex.gen/sources_1/bd/exdes/ipshared/1439/hdl/axi_iic_v2_1_vh_rfs.vhd:1315]
INFO: [Synth 8-256] done synthesizing module 'filter' (0#1) [e:/xilinx_axi/v_dma_txss/v_hdmi_tx_ss_ex/v_hdmi_tx_ss_ex.gen/sources_1/bd/exdes/ipshared/1439/hdl/axi_iic_v2_1_vh_rfs.vhd:5001]
INFO: [Synth 8-638] synthesizing module 'iic_control' [e:/xilinx_axi/v_dma_txss/v_hdmi_tx_ss_ex/v_hdmi_tx_ss_ex.gen/sources_1/bd/exdes/ipshared/1439/hdl/axi_iic_v2_1_vh_rfs.vhd:2919]
INFO: [Synth 8-638] synthesizing module 'upcnt_n' [e:/xilinx_axi/v_dma_txss/v_hdmi_tx_ss_ex/v_hdmi_tx_ss_ex.gen/sources_1/bd/exdes/ipshared/1439/hdl/axi_iic_v2_1_vh_rfs.vhd:740]
INFO: [Synth 8-256] done synthesizing module 'upcnt_n' (0#1) [e:/xilinx_axi/v_dma_txss/v_hdmi_tx_ss_ex/v_hdmi_tx_ss_ex.gen/sources_1/bd/exdes/ipshared/1439/hdl/axi_iic_v2_1_vh_rfs.vhd:740]
INFO: [Synth 8-638] synthesizing module 'shift8' [e:/xilinx_axi/v_dma_txss/v_hdmi_tx_ss_ex/v_hdmi_tx_ss_ex.gen/sources_1/bd/exdes/ipshared/1439/hdl/axi_iic_v2_1_vh_rfs.vhd:897]
INFO: [Synth 8-256] done synthesizing module 'shift8' (0#1) [e:/xilinx_axi/v_dma_txss/v_hdmi_tx_ss_ex/v_hdmi_tx_ss_ex.gen/sources_1/bd/exdes/ipshared/1439/hdl/axi_iic_v2_1_vh_rfs.vhd:897]
INFO: [Synth 8-638] synthesizing module 'upcnt_n__parameterized0' [e:/xilinx_axi/v_dma_txss/v_hdmi_tx_ss_ex/v_hdmi_tx_ss_ex.gen/sources_1/bd/exdes/ipshared/1439/hdl/axi_iic_v2_1_vh_rfs.vhd:740]
INFO: [Synth 8-256] done synthesizing module 'upcnt_n__parameterized0' (0#1) [e:/xilinx_axi/v_dma_txss/v_hdmi_tx_ss_ex/v_hdmi_tx_ss_ex.gen/sources_1/bd/exdes/ipshared/1439/hdl/axi_iic_v2_1_vh_rfs.vhd:740]
INFO: [Synth 8-256] done synthesizing module 'iic_control' (0#1) [e:/xilinx_axi/v_dma_txss/v_hdmi_tx_ss_ex/v_hdmi_tx_ss_ex.gen/sources_1/bd/exdes/ipshared/1439/hdl/axi_iic_v2_1_vh_rfs.vhd:2919]
INFO: [Synth 8-638] synthesizing module 'SRL_FIFO' [e:/xilinx_axi/v_dma_txss/v_hdmi_tx_ss_ex/v_hdmi_tx_ss_ex.gen/sources_1/bd/exdes/ipshared/1439/hdl/axi_iic_v2_1_vh_rfs.vhd:449]
INFO: [Synth 8-3491] module 'FDR' declared at 'D:/tools/xilinx/Vivado/2022.2/scripts/rt/data/unisim_comp.v:38695' bound to instance 'Data_Exists_DFF' of component 'FDR' [e:/xilinx_axi/v_dma_txss/v_hdmi_tx_ss_ex/v_hdmi_tx_ss_ex.gen/sources_1/bd/exdes/ipshared/1439/hdl/axi_iic_v2_1_vh_rfs.vhd:543]
INFO: [Synth 8-6157] synthesizing module 'FDR' [D:/tools/xilinx/Vivado/2022.2/scripts/rt/data/unisim_comp.v:38695]
INFO: [Synth 8-6155] done synthesizing module 'FDR' (0#1) [D:/tools/xilinx/Vivado/2022.2/scripts/rt/data/unisim_comp.v:38695]
INFO: [Synth 8-3491] module 'MUXCY_L' declared at 'D:/tools/xilinx/Vivado/2022.2/scripts/rt/data/unisim_comp.v:82830' bound to instance 'MUXCY_L_I' of component 'MUXCY_L' [e:/xilinx_axi/v_dma_txss/v_hdmi_tx_ss_ex/v_hdmi_tx_ss_ex.gen/sources_1/bd/exdes/ipshared/1439/hdl/axi_iic_v2_1_vh_rfs.vhd:560]
INFO: [Synth 8-6157] synthesizing module 'MUXCY_L' [D:/tools/xilinx/Vivado/2022.2/scripts/rt/data/unisim_comp.v:82830]
INFO: [Synth 8-6155] done synthesizing module 'MUXCY_L' (0#1) [D:/tools/xilinx/Vivado/2022.2/scripts/rt/data/unisim_comp.v:82830]
INFO: [Synth 8-3491] module 'XORCY' declared at 'D:/tools/xilinx/Vivado/2022.2/scripts/rt/data/unisim_comp.v:136539' bound to instance 'XORCY_I' of component 'XORCY' [e:/xilinx_axi/v_dma_txss/v_hdmi_tx_ss_ex/v_hdmi_tx_ss_ex.gen/sources_1/bd/exdes/ipshared/1439/hdl/axi_iic_v2_1_vh_rfs.vhd:567]
INFO: [Synth 8-6157] synthesizing module 'XORCY' [D:/tools/xilinx/Vivado/2022.2/scripts/rt/data/unisim_comp.v:136539]
INFO: [Synth 8-6155] done synthesizing module 'XORCY' (0#1) [D:/tools/xilinx/Vivado/2022.2/scripts/rt/data/unisim_comp.v:136539]
INFO: [Synth 8-3491] module 'FDRE' declared at 'D:/tools/xilinx/Vivado/2022.2/scripts/rt/data/unisim_comp.v:38708' bound to instance 'FDRE_I' of component 'FDRE' [e:/xilinx_axi/v_dma_txss/v_hdmi_tx_ss_ex/v_hdmi_tx_ss_ex.gen/sources_1/bd/exdes/ipshared/1439/hdl/axi_iic_v2_1_vh_rfs.vhd:573]
INFO: [Synth 8-6157] synthesizing module 'FDRE' [D:/tools/xilinx/Vivado/2022.2/scripts/rt/data/unisim_comp.v:38708]
INFO: [Synth 8-6155] done synthesizing module 'FDRE' (0#1) [D:/tools/xilinx/Vivado/2022.2/scripts/rt/data/unisim_comp.v:38708]
INFO: [Synth 8-3491] module 'MUXCY_L' declared at 'D:/tools/xilinx/Vivado/2022.2/scripts/rt/data/unisim_comp.v:82830' bound to instance 'MUXCY_L_I' of component 'MUXCY_L' [e:/xilinx_axi/v_dma_txss/v_hdmi_tx_ss_ex/v_hdmi_tx_ss_ex.gen/sources_1/bd/exdes/ipshared/1439/hdl/axi_iic_v2_1_vh_rfs.vhd:560]
INFO: [Synth 8-3491] module 'XORCY' declared at 'D:/tools/xilinx/Vivado/2022.2/scripts/rt/data/unisim_comp.v:136539' bound to instance 'XORCY_I' of component 'XORCY' [e:/xilinx_axi/v_dma_txss/v_hdmi_tx_ss_ex/v_hdmi_tx_ss_ex.gen/sources_1/bd/exdes/ipshared/1439/hdl/axi_iic_v2_1_vh_rfs.vhd:567]
INFO: [Synth 8-3491] module 'FDRE' declared at 'D:/tools/xilinx/Vivado/2022.2/scripts/rt/data/unisim_comp.v:38708' bound to instance 'FDRE_I' of component 'FDRE' [e:/xilinx_axi/v_dma_txss/v_hdmi_tx_ss_ex/v_hdmi_tx_ss_ex.gen/sources_1/bd/exdes/ipshared/1439/hdl/axi_iic_v2_1_vh_rfs.vhd:573]
INFO: [Synth 8-3491] module 'MUXCY_L' declared at 'D:/tools/xilinx/Vivado/2022.2/scripts/rt/data/unisim_comp.v:82830' bound to instance 'MUXCY_L_I' of component 'MUXCY_L' [e:/xilinx_axi/v_dma_txss/v_hdmi_tx_ss_ex/v_hdmi_tx_ss_ex.gen/sources_1/bd/exdes/ipshared/1439/hdl/axi_iic_v2_1_vh_rfs.vhd:560]
INFO: [Synth 8-3491] module 'XORCY' declared at 'D:/tools/xilinx/Vivado/2022.2/scripts/rt/data/unisim_comp.v:136539' bound to instance 'XORCY_I' of component 'XORCY' [e:/xilinx_axi/v_dma_txss/v_hdmi_tx_ss_ex/v_hdmi_tx_ss_ex.gen/sources_1/bd/exdes/ipshared/1439/hdl/axi_iic_v2_1_vh_rfs.vhd:567]
INFO: [Synth 8-3491] module 'FDRE' declared at 'D:/tools/xilinx/Vivado/2022.2/scripts/rt/data/unisim_comp.v:38708' bound to instance 'FDRE_I' of component 'FDRE' [e:/xilinx_axi/v_dma_txss/v_hdmi_tx_ss_ex/v_hdmi_tx_ss_ex.gen/sources_1/bd/exdes/ipshared/1439/hdl/axi_iic_v2_1_vh_rfs.vhd:573]
INFO: [Synth 8-3491] module 'MUXCY_L' declared at 'D:/tools/xilinx/Vivado/2022.2/scripts/rt/data/unisim_comp.v:82830' bound to instance 'MUXCY_L_I' of component 'MUXCY_L' [e:/xilinx_axi/v_dma_txss/v_hdmi_tx_ss_ex/v_hdmi_tx_ss_ex.gen/sources_1/bd/exdes/ipshared/1439/hdl/axi_iic_v2_1_vh_rfs.vhd:560]
INFO: [Synth 8-3491] module 'XORCY' declared at 'D:/tools/xilinx/Vivado/2022.2/scripts/rt/data/unisim_comp.v:136539' bound to instance 'XORCY_I' of component 'XORCY' [e:/xilinx_axi/v_dma_txss/v_hdmi_tx_ss_ex/v_hdmi_tx_ss_ex.gen/sources_1/bd/exdes/ipshared/1439/hdl/axi_iic_v2_1_vh_rfs.vhd:567]
INFO: [Synth 8-3491] module 'FDRE' declared at 'D:/tools/xilinx/Vivado/2022.2/scripts/rt/data/unisim_comp.v:38708' bound to instance 'FDRE_I' of component 'FDRE' [e:/xilinx_axi/v_dma_txss/v_hdmi_tx_ss_ex/v_hdmi_tx_ss_ex.gen/sources_1/bd/exdes/ipshared/1439/hdl/axi_iic_v2_1_vh_rfs.vhd:573]
INFO: [Synth 8-3491] module 'SRL16E' declared at 'D:/tools/xilinx/Vivado/2022.2/scripts/rt/data/unisim_comp.v:131644' bound to instance 'SRL16E_I' of component 'SRL16E' [e:/xilinx_axi/v_dma_txss/v_hdmi_tx_ss_ex/v_hdmi_tx_ss_ex.gen/sources_1/bd/exdes/ipshared/1439/hdl/axi_iic_v2_1_vh_rfs.vhd:584]
INFO: [Synth 8-6157] synthesizing module 'SRL16E' [D:/tools/xilinx/Vivado/2022.2/scripts/rt/data/unisim_comp.v:131644]
INFO: [Synth 8-6155] done synthesizing module 'SRL16E' (0#1) [D:/tools/xilinx/Vivado/2022.2/scripts/rt/data/unisim_comp.v:131644]
INFO: [Synth 8-3491] module 'SRL16E' declared at 'D:/tools/xilinx/Vivado/2022.2/scripts/rt/data/unisim_comp.v:131644' bound to instance 'SRL16E_I' of component 'SRL16E' [e:/xilinx_axi/v_dma_txss/v_hdmi_tx_ss_ex/v_hdmi_tx_ss_ex.gen/sources_1/bd/exdes/ipshared/1439/hdl/axi_iic_v2_1_vh_rfs.vhd:584]
INFO: [Synth 8-3491] module 'SRL16E' declared at 'D:/tools/xilinx/Vivado/2022.2/scripts/rt/data/unisim_comp.v:131644' bound to instance 'SRL16E_I' of component 'SRL16E' [e:/xilinx_axi/v_dma_txss/v_hdmi_tx_ss_ex/v_hdmi_tx_ss_ex.gen/sources_1/bd/exdes/ipshared/1439/hdl/axi_iic_v2_1_vh_rfs.vhd:584]
INFO: [Synth 8-3491] module 'SRL16E' declared at 'D:/tools/xilinx/Vivado/2022.2/scripts/rt/data/unisim_comp.v:131644' bound to instance 'SRL16E_I' of component 'SRL16E' [e:/xilinx_axi/v_dma_txss/v_hdmi_tx_ss_ex/v_hdmi_tx_ss_ex.gen/sources_1/bd/exdes/ipshared/1439/hdl/axi_iic_v2_1_vh_rfs.vhd:584]
INFO: [Synth 8-3491] module 'SRL16E' declared at 'D:/tools/xilinx/Vivado/2022.2/scripts/rt/data/unisim_comp.v:131644' bound to instance 'SRL16E_I' of component 'SRL16E' [e:/xilinx_axi/v_dma_txss/v_hdmi_tx_ss_ex/v_hdmi_tx_ss_ex.gen/sources_1/bd/exdes/ipshared/1439/hdl/axi_iic_v2_1_vh_rfs.vhd:584]
INFO: [Synth 8-3491] module 'SRL16E' declared at 'D:/tools/xilinx/Vivado/2022.2/scripts/rt/data/unisim_comp.v:131644' bound to instance 'SRL16E_I' of component 'SRL16E' [e:/xilinx_axi/v_dma_txss/v_hdmi_tx_ss_ex/v_hdmi_tx_ss_ex.gen/sources_1/bd/exdes/ipshared/1439/hdl/axi_iic_v2_1_vh_rfs.vhd:584]
INFO: [Synth 8-3491] module 'SRL16E' declared at 'D:/tools/xilinx/Vivado/2022.2/scripts/rt/data/unisim_comp.v:131644' bound to instance 'SRL16E_I' of component 'SRL16E' [e:/xilinx_axi/v_dma_txss/v_hdmi_tx_ss_ex/v_hdmi_tx_ss_ex.gen/sources_1/bd/exdes/ipshared/1439/hdl/axi_iic_v2_1_vh_rfs.vhd:584]
INFO: [Synth 8-3491] module 'SRL16E' declared at 'D:/tools/xilinx/Vivado/2022.2/scripts/rt/data/unisim_comp.v:131644' bound to instance 'SRL16E_I' of component 'SRL16E' [e:/xilinx_axi/v_dma_txss/v_hdmi_tx_ss_ex/v_hdmi_tx_ss_ex.gen/sources_1/bd/exdes/ipshared/1439/hdl/axi_iic_v2_1_vh_rfs.vhd:584]
INFO: [Synth 8-256] done synthesizing module 'SRL_FIFO' (0#1) [e:/xilinx_axi/v_dma_txss/v_hdmi_tx_ss_ex/v_hdmi_tx_ss_ex.gen/sources_1/bd/exdes/ipshared/1439/hdl/axi_iic_v2_1_vh_rfs.vhd:449]
INFO: [Synth 8-638] synthesizing module 'dynamic_master' [e:/xilinx_axi/v_dma_txss/v_hdmi_tx_ss_ex/v_hdmi_tx_ss_ex.gen/sources_1/bd/exdes/ipshared/1439/hdl/axi_iic_v2_1_vh_rfs.vhd:5220]
INFO: [Synth 8-256] done synthesizing module 'dynamic_master' (0#1) [e:/xilinx_axi/v_dma_txss/v_hdmi_tx_ss_ex/v_hdmi_tx_ss_ex.gen/sources_1/bd/exdes/ipshared/1439/hdl/axi_iic_v2_1_vh_rfs.vhd:5220]
INFO: [Synth 8-638] synthesizing module 'SRL_FIFO__parameterized0' [e:/xilinx_axi/v_dma_txss/v_hdmi_tx_ss_ex/v_hdmi_tx_ss_ex.gen/sources_1/bd/exdes/ipshared/1439/hdl/axi_iic_v2_1_vh_rfs.vhd:449]
INFO: [Synth 8-3491] module 'FDR' declared at 'D:/tools/xilinx/Vivado/2022.2/scripts/rt/data/unisim_comp.v:38695' bound to instance 'Data_Exists_DFF' of component 'FDR' [e:/xilinx_axi/v_dma_txss/v_hdmi_tx_ss_ex/v_hdmi_tx_ss_ex.gen/sources_1/bd/exdes/ipshared/1439/hdl/axi_iic_v2_1_vh_rfs.vhd:543]
INFO: [Synth 8-3491] module 'MUXCY_L' declared at 'D:/tools/xilinx/Vivado/2022.2/scripts/rt/data/unisim_comp.v:82830' bound to instance 'MUXCY_L_I' of component 'MUXCY_L' [e:/xilinx_axi/v_dma_txss/v_hdmi_tx_ss_ex/v_hdmi_tx_ss_ex.gen/sources_1/bd/exdes/ipshared/1439/hdl/axi_iic_v2_1_vh_rfs.vhd:560]
INFO: [Synth 8-3491] module 'XORCY' declared at 'D:/tools/xilinx/Vivado/2022.2/scripts/rt/data/unisim_comp.v:136539' bound to instance 'XORCY_I' of component 'XORCY' [e:/xilinx_axi/v_dma_txss/v_hdmi_tx_ss_ex/v_hdmi_tx_ss_ex.gen/sources_1/bd/exdes/ipshared/1439/hdl/axi_iic_v2_1_vh_rfs.vhd:567]
INFO: [Synth 8-3491] module 'FDRE' declared at 'D:/tools/xilinx/Vivado/2022.2/scripts/rt/data/unisim_comp.v:38708' bound to instance 'FDRE_I' of component 'FDRE' [e:/xilinx_axi/v_dma_txss/v_hdmi_tx_ss_ex/v_hdmi_tx_ss_ex.gen/sources_1/bd/exdes/ipshared/1439/hdl/axi_iic_v2_1_vh_rfs.vhd:573]
INFO: [Synth 8-3491] module 'MUXCY_L' declared at 'D:/tools/xilinx/Vivado/2022.2/scripts/rt/data/unisim_comp.v:82830' bound to instance 'MUXCY_L_I' of component 'MUXCY_L' [e:/xilinx_axi/v_dma_txss/v_hdmi_tx_ss_ex/v_hdmi_tx_ss_ex.gen/sources_1/bd/exdes/ipshared/1439/hdl/axi_iic_v2_1_vh_rfs.vhd:560]
INFO: [Synth 8-3491] module 'XORCY' declared at 'D:/tools/xilinx/Vivado/2022.2/scripts/rt/data/unisim_comp.v:136539' bound to instance 'XORCY_I' of component 'XORCY' [e:/xilinx_axi/v_dma_txss/v_hdmi_tx_ss_ex/v_hdmi_tx_ss_ex.gen/sources_1/bd/exdes/ipshared/1439/hdl/axi_iic_v2_1_vh_rfs.vhd:567]
INFO: [Synth 8-3491] module 'FDRE' declared at 'D:/tools/xilinx/Vivado/2022.2/scripts/rt/data/unisim_comp.v:38708' bound to instance 'FDRE_I' of component 'FDRE' [e:/xilinx_axi/v_dma_txss/v_hdmi_tx_ss_ex/v_hdmi_tx_ss_ex.gen/sources_1/bd/exdes/ipshared/1439/hdl/axi_iic_v2_1_vh_rfs.vhd:573]
INFO: [Synth 8-3491] module 'MUXCY_L' declared at 'D:/tools/xilinx/Vivado/2022.2/scripts/rt/data/unisim_comp.v:82830' bound to instance 'MUXCY_L_I' of component 'MUXCY_L' [e:/xilinx_axi/v_dma_txss/v_hdmi_tx_ss_ex/v_hdmi_tx_ss_ex.gen/sources_1/bd/exdes/ipshared/1439/hdl/axi_iic_v2_1_vh_rfs.vhd:560]
INFO: [Synth 8-3491] module 'XORCY' declared at 'D:/tools/xilinx/Vivado/2022.2/scripts/rt/data/unisim_comp.v:136539' bound to instance 'XORCY_I' of component 'XORCY' [e:/xilinx_axi/v_dma_txss/v_hdmi_tx_ss_ex/v_hdmi_tx_ss_ex.gen/sources_1/bd/exdes/ipshared/1439/hdl/axi_iic_v2_1_vh_rfs.vhd:567]
INFO: [Synth 8-3491] module 'FDRE' declared at 'D:/tools/xilinx/Vivado/2022.2/scripts/rt/data/unisim_comp.v:38708' bound to instance 'FDRE_I' of component 'FDRE' [e:/xilinx_axi/v_dma_txss/v_hdmi_tx_ss_ex/v_hdmi_tx_ss_ex.gen/sources_1/bd/exdes/ipshared/1439/hdl/axi_iic_v2_1_vh_rfs.vhd:573]
INFO: [Synth 8-3491] module 'MUXCY_L' declared at 'D:/tools/xilinx/Vivado/2022.2/scripts/rt/data/unisim_comp.v:82830' bound to instance 'MUXCY_L_I' of component 'MUXCY_L' [e:/xilinx_axi/v_dma_txss/v_hdmi_tx_ss_ex/v_hdmi_tx_ss_ex.gen/sources_1/bd/exdes/ipshared/1439/hdl/axi_iic_v2_1_vh_rfs.vhd:560]
INFO: [Synth 8-3491] module 'XORCY' declared at 'D:/tools/xilinx/Vivado/2022.2/scripts/rt/data/unisim_comp.v:136539' bound to instance 'XORCY_I' of component 'XORCY' [e:/xilinx_axi/v_dma_txss/v_hdmi_tx_ss_ex/v_hdmi_tx_ss_ex.gen/sources_1/bd/exdes/ipshared/1439/hdl/axi_iic_v2_1_vh_rfs.vhd:567]
INFO: [Synth 8-3491] module 'FDRE' declared at 'D:/tools/xilinx/Vivado/2022.2/scripts/rt/data/unisim_comp.v:38708' bound to instance 'FDRE_I' of component 'FDRE' [e:/xilinx_axi/v_dma_txss/v_hdmi_tx_ss_ex/v_hdmi_tx_ss_ex.gen/sources_1/bd/exdes/ipshared/1439/hdl/axi_iic_v2_1_vh_rfs.vhd:573]
INFO: [Synth 8-3491] module 'SRL16E' declared at 'D:/tools/xilinx/Vivado/2022.2/scripts/rt/data/unisim_comp.v:131644' bound to instance 'SRL16E_I' of component 'SRL16E' [e:/xilinx_axi/v_dma_txss/v_hdmi_tx_ss_ex/v_hdmi_tx_ss_ex.gen/sources_1/bd/exdes/ipshared/1439/hdl/axi_iic_v2_1_vh_rfs.vhd:584]
INFO: [Synth 8-3491] module 'SRL16E' declared at 'D:/tools/xilinx/Vivado/2022.2/scripts/rt/data/unisim_comp.v:131644' bound to instance 'SRL16E_I' of component 'SRL16E' [e:/xilinx_axi/v_dma_txss/v_hdmi_tx_ss_ex/v_hdmi_tx_ss_ex.gen/sources_1/bd/exdes/ipshared/1439/hdl/axi_iic_v2_1_vh_rfs.vhd:584]
INFO: [Synth 8-256] done synthesizing module 'SRL_FIFO__parameterized0' (0#1) [e:/xilinx_axi/v_dma_txss/v_hdmi_tx_ss_ex/v_hdmi_tx_ss_ex.gen/sources_1/bd/exdes/ipshared/1439/hdl/axi_iic_v2_1_vh_rfs.vhd:449]
INFO: [Synth 8-256] done synthesizing module 'iic' (0#1) [e:/xilinx_axi/v_dma_txss/v_hdmi_tx_ss_ex/v_hdmi_tx_ss_ex.gen/sources_1/bd/exdes/ipshared/1439/hdl/axi_iic_v2_1_vh_rfs.vhd:6210]
INFO: [Synth 8-256] done synthesizing module 'axi_iic' (0#1) [e:/xilinx_axi/v_dma_txss/v_hdmi_tx_ss_ex/v_hdmi_tx_ss_ex.gen/sources_1/bd/exdes/ipshared/1439/hdl/axi_iic_v2_1_vh_rfs.vhd:6906]
INFO: [Synth 8-256] done synthesizing module 'exdes_fmch_axi_iic_0' (0#1) [e:/xilinx_axi/v_dma_txss/v_hdmi_tx_ss_ex/v_hdmi_tx_ss_ex.gen/sources_1/bd/exdes/ip/exdes_fmch_axi_iic_0/synth/exdes_fmch_axi_iic_0.vhd:91]
WARNING: [Synth 8-6014] Unused sequential element ro_a_reg was removed.  [e:/xilinx_axi/v_dma_txss/v_hdmi_tx_ss_ex/v_hdmi_tx_ss_ex.gen/sources_1/bd/exdes/ipshared/1439/hdl/axi_iic_v2_1_vh_rfs.vhd:2281]
WARNING: [Synth 8-6014] Unused sequential element sda_cout_reg_d1_reg was removed.  [e:/xilinx_axi/v_dma_txss/v_hdmi_tx_ss_ex/v_hdmi_tx_ss_ex.gen/sources_1/bd/exdes/ipshared/1439/hdl/axi_iic_v2_1_vh_rfs.vhd:3669]
WARNING: [Synth 8-6014] Unused sequential element gen_stop_and_scl_hi_reg was removed.  [e:/xilinx_axi/v_dma_txss/v_hdmi_tx_ss_ex/v_hdmi_tx_ss_ex.gen/sources_1/bd/exdes/ipshared/1439/hdl/axi_iic_v2_1_vh_rfs.vhd:3890]
WARNING: [Synth 8-6014] Unused sequential element dynamic_MSMS_d_reg was removed.  [e:/xilinx_axi/v_dma_txss/v_hdmi_tx_ss_ex/v_hdmi_tx_ss_ex.gen/sources_1/bd/exdes/ipshared/1439/hdl/axi_iic_v2_1_vh_rfs.vhd:5281]
WARNING: [Synth 8-7129] Port Cr[0] in module dynamic_master is either unconnected or has no load
WARNING: [Synth 8-7129] Port Cr[1] in module dynamic_master is either unconnected or has no load
WARNING: [Synth 8-7129] Port Cr[2] in module dynamic_master is either unconnected or has no load
WARNING: [Synth 8-7129] Port Cr[4] in module dynamic_master is either unconnected or has no load
WARNING: [Synth 8-7129] Port Cr[6] in module dynamic_master is either unconnected or has no load
WARNING: [Synth 8-7129] Port Cr[7] in module dynamic_master is either unconnected or has no load
WARNING: [Synth 8-7129] Port Adr[0] in module iic_control is either unconnected or has no load
WARNING: [Synth 8-7129] Port Ten_adr[7] in module iic_control is either unconnected or has no load
WARNING: [Synth 8-7129] Port Ten_adr[6] in module iic_control is either unconnected or has no load
WARNING: [Synth 8-7129] Port Ten_adr[5] in module iic_control is either unconnected or has no load
WARNING: [Synth 8-7129] Port prmry_aclk in module cdc_sync is either unconnected or has no load
WARNING: [Synth 8-7129] Port prmry_resetn in module cdc_sync is either unconnected or has no load
WARNING: [Synth 8-7129] Port prmry_vect_in[31] in module cdc_sync is either unconnected or has no load
WARNING: [Synth 8-7129] Port prmry_vect_in[30] in module cdc_sync is either unconnected or has no load
WARNING: [Synth 8-7129] Port prmry_vect_in[29] in module cdc_sync is either unconnected or has no load
WARNING: [Synth 8-7129] Port prmry_vect_in[28] in module cdc_sync is either unconnected or has no load
WARNING: [Synth 8-7129] Port prmry_vect_in[27] in module cdc_sync is either unconnected or has no load
WARNING: [Synth 8-7129] Port prmry_vect_in[26] in module cdc_sync is either unconnected or has no load
WARNING: [Synth 8-7129] Port prmry_vect_in[25] in module cdc_sync is either unconnected or has no load
WARNING: [Synth 8-7129] Port prmry_vect_in[24] in module cdc_sync is either unconnected or has no load
WARNING: [Synth 8-7129] Port prmry_vect_in[23] in module cdc_sync is either unconnected or has no load
WARNING: [Synth 8-7129] Port prmry_vect_in[22] in module cdc_sync is either unconnected or has no load
WARNING: [Synth 8-7129] Port prmry_vect_in[21] in module cdc_sync is either unconnected or has no load
WARNING: [Synth 8-7129] Port prmry_vect_in[20] in module cdc_sync is either unconnected or has no load
WARNING: [Synth 8-7129] Port prmry_vect_in[19] in module cdc_sync is either unconnected or has no load
WARNING: [Synth 8-7129] Port prmry_vect_in[18] in module cdc_sync is either unconnected or has no load
WARNING: [Synth 8-7129] Port prmry_vect_in[17] in module cdc_sync is either unconnected or has no load
WARNING: [Synth 8-7129] Port prmry_vect_in[16] in module cdc_sync is either unconnected or has no load
WARNING: [Synth 8-7129] Port prmry_vect_in[15] in module cdc_sync is either unconnected or has no load
WARNING: [Synth 8-7129] Port prmry_vect_in[14] in module cdc_sync is either unconnected or has no load
WARNING: [Synth 8-7129] Port prmry_vect_in[13] in module cdc_sync is either unconnected or has no load
WARNING: [Synth 8-7129] Port prmry_vect_in[12] in module cdc_sync is either unconnected or has no load
WARNING: [Synth 8-7129] Port prmry_vect_in[11] in module cdc_sync is either unconnected or has no load
WARNING: [Synth 8-7129] Port prmry_vect_in[10] in module cdc_sync is either unconnected or has no load
WARNING: [Synth 8-7129] Port prmry_vect_in[9] in module cdc_sync is either unconnected or has no load
WARNING: [Synth 8-7129] Port prmry_vect_in[8] in module cdc_sync is either unconnected or has no load
WARNING: [Synth 8-7129] Port prmry_vect_in[7] in module cdc_sync is either unconnected or has no load
WARNING: [Synth 8-7129] Port prmry_vect_in[6] in module cdc_sync is either unconnected or has no load
WARNING: [Synth 8-7129] Port prmry_vect_in[5] in module cdc_sync is either unconnected or has no load
WARNING: [Synth 8-7129] Port prmry_vect_in[4] in module cdc_sync is either unconnected or has no load
WARNING: [Synth 8-7129] Port prmry_vect_in[3] in module cdc_sync is either unconnected or has no load
WARNING: [Synth 8-7129] Port prmry_vect_in[2] in module cdc_sync is either unconnected or has no load
WARNING: [Synth 8-7129] Port prmry_vect_in[1] in module cdc_sync is either unconnected or has no load
WARNING: [Synth 8-7129] Port prmry_vect_in[0] in module cdc_sync is either unconnected or has no load
WARNING: [Synth 8-7129] Port scndry_resetn in module cdc_sync is either unconnected or has no load
WARNING: [Synth 8-7129] Port Rst in module debounce is either unconnected or has no load
WARNING: [Synth 8-7129] Port Stable in module debounce is either unconnected or has no load
WARNING: [Synth 8-7129] Port Bus2IIC_Addr[0] in module reg_interface is either unconnected or has no load
WARNING: [Synth 8-7129] Port Bus2IIC_Data[0] in module reg_interface is either unconnected or has no load
WARNING: [Synth 8-7129] Port Bus2IIC_Data[1] in module reg_interface is either unconnected or has no load
WARNING: [Synth 8-7129] Port Bus2IIC_Data[2] in module reg_interface is either unconnected or has no load
WARNING: [Synth 8-7129] Port Bus2IIC_Data[3] in module reg_interface is either unconnected or has no load
WARNING: [Synth 8-7129] Port Bus2IIC_Data[4] in module reg_interface is either unconnected or has no load
WARNING: [Synth 8-7129] Port Bus2IIC_Data[5] in module reg_interface is either unconnected or has no load
WARNING: [Synth 8-7129] Port Bus2IIC_Data[6] in module reg_interface is either unconnected or has no load
WARNING: [Synth 8-7129] Port Bus2IIC_Data[7] in module reg_interface is either unconnected or has no load
WARNING: [Synth 8-7129] Port Bus2IIC_Data[8] in module reg_interface is either unconnected or has no load
WARNING: [Synth 8-7129] Port Bus2IIC_Data[9] in module reg_interface is either unconnected or has no load
WARNING: [Synth 8-7129] Port Bus2IIC_Data[10] in module reg_interface is either unconnected or has no load
WARNING: [Synth 8-7129] Port Bus2IIC_Data[11] in module reg_interface is either unconnected or has no load
WARNING: [Synth 8-7129] Port Bus2IIC_Data[12] in module reg_interface is either unconnected or has no load
WARNING: [Synth 8-7129] Port Bus2IIC_Data[13] in module reg_interface is either unconnected or has no load
WARNING: [Synth 8-7129] Port Bus2IIC_Data[14] in module reg_interface is either unconnected or has no load
WARNING: [Synth 8-7129] Port Bus2IIC_Data[15] in module reg_interface is either unconnected or has no load
WARNING: [Synth 8-7129] Port Bus2IIC_Data[16] in module reg_interface is either unconnected or has no load
WARNING: [Synth 8-7129] Port Bus2IIC_Data[17] in module reg_interface is either unconnected or has no load
WARNING: [Synth 8-7129] Port Bus2IIC_Data[18] in module reg_interface is either unconnected or has no load
WARNING: [Synth 8-7129] Port Bus2IIC_Data[19] in module reg_interface is either unconnected or has no load
WARNING: [Synth 8-7129] Port Bus2IIC_Data[20] in module reg_interface is either unconnected or has no load
WARNING: [Synth 8-7129] Port Bus2IIC_Data[21] in module reg_interface is either unconnected or has no load
WARNING: [Synth 8-7129] Port Bus2IIC_WrCE[1] in module reg_interface is either unconnected or has no load
WARNING: [Synth 8-7129] Port Bus2IIC_WrCE[3] in module reg_interface is either unconnected or has no load
WARNING: [Synth 8-7129] Port Bus2IIC_WrCE[5] in module reg_interface is either unconnected or has no load
WARNING: [Synth 8-7129] Port Bus2IIC_WrCE[6] in module reg_interface is either unconnected or has no load
WARNING: [Synth 8-7129] Port Bus2IIC_WrCE[7] in module reg_interface is either unconnected or has no load
WARNING: [Synth 8-7129] Port Data_i2c[0] in module reg_interface is either unconnected or has no load
WARNING: [Synth 8-7129] Port Data_i2c[1] in module reg_interface is either unconnected or has no load
WARNING: [Synth 8-7129] Port Data_i2c[2] in module reg_interface is either unconnected or has no load
WARNING: [Synth 8-7129] Port Data_i2c[3] in module reg_interface is either unconnected or has no load
WARNING: [Synth 8-7129] Port Data_i2c[4] in module reg_interface is either unconnected or has no load
WARNING: [Synth 8-7129] Port Data_i2c[5] in module reg_interface is either unconnected or has no load
WARNING: [Synth 8-7129] Port Data_i2c[6] in module reg_interface is either unconnected or has no load
WARNING: [Synth 8-7129] Port Data_i2c[7] in module reg_interface is either unconnected or has no load
WARNING: [Synth 8-7129] Port reg_empty in module reg_interface is either unconnected or has no load
WARNING: [Synth 8-7129] Port Bus2IP_Data[0] in module soft_reset is either unconnected or has no load
WARNING: [Synth 8-7129] Port Bus2IP_Data[1] in module soft_reset is either unconnected or has no load
WARNING: [Synth 8-7129] Port Bus2IP_Data[2] in module soft_reset is either unconnected or has no load
WARNING: [Synth 8-7129] Port Bus2IP_Data[3] in module soft_reset is either unconnected or has no load
WARNING: [Synth 8-7129] Port Bus2IP_Data[4] in module soft_reset is either unconnected or has no load
WARNING: [Synth 8-7129] Port Bus2IP_Data[5] in module soft_reset is either unconnected or has no load
WARNING: [Synth 8-7129] Port Bus2IP_Data[6] in module soft_reset is either unconnected or has no load
WARNING: [Synth 8-7129] Port Bus2IP_Data[7] in module soft_reset is either unconnected or has no load
WARNING: [Synth 8-7129] Port Bus2IP_Data[8] in module soft_reset is either unconnected or has no load
WARNING: [Synth 8-7129] Port Bus2IP_Data[9] in module soft_reset is either unconnected or has no load
WARNING: [Synth 8-7129] Port Bus2IP_Data[10] in module soft_reset is either unconnected or has no load
WARNING: [Synth 8-7129] Port Bus2IP_Data[11] in module soft_reset is either unconnected or has no load
WARNING: [Synth 8-7129] Port Bus2IP_Data[12] in module soft_reset is either unconnected or has no load
WARNING: [Synth 8-7129] Port Bus2IP_Data[13] in module soft_reset is either unconnected or has no load
WARNING: [Synth 8-7129] Port Bus2IP_Data[14] in module soft_reset is either unconnected or has no load
WARNING: [Synth 8-7129] Port Bus2IP_Data[15] in module soft_reset is either unconnected or has no load
INFO: [Common 17-14] Message 'Synth 8-7129' appears 100 times and further instances of the messages will be disabled. Use the Tcl command set_msg_config to change the current settings.
---------------------------------------------------------------------------------
Finished RTL Elaboration : Time (s): cpu = 00:00:18 ; elapsed = 00:00:21 . Memory (MB): peak = 2640.832 ; gain = 454.145
---------------------------------------------------------------------------------
---------------------------------------------------------------------------------
Start Handling Custom Attributes
---------------------------------------------------------------------------------
---------------------------------------------------------------------------------
Finished Handling Custom Attributes : Time (s): cpu = 00:00:18 ; elapsed = 00:00:22 . Memory (MB): peak = 2658.730 ; gain = 472.043
---------------------------------------------------------------------------------
---------------------------------------------------------------------------------
Finished RTL Optimization Phase 1 : Time (s): cpu = 00:00:18 ; elapsed = 00:00:22 . Memory (MB): peak = 2658.730 ; gain = 472.043
---------------------------------------------------------------------------------
Netlist sorting complete. Time (s): cpu = 00:00:00 ; elapsed = 00:00:00.063 . Memory (MB): peak = 2670.824 ; gain = 0.000
INFO: [Netlist 29-17] Analyzing 44 Unisim elements for replacement
INFO: [Netlist 29-28] Unisim Transformation completed in 0 CPU seconds
INFO: [Project 1-570] Preparing netlist for logic optimization

Processing XDC Constraints
Initializing timing engine
Parsing XDC File [e:/xilinx_axi/v_dma_txss/v_hdmi_tx_ss_ex/v_hdmi_tx_ss_ex.gen/sources_1/bd/exdes/ip/exdes_fmch_axi_iic_0/exdes_fmch_axi_iic_0_ooc.xdc] for cell 'U0'
create_clock: Time (s): cpu = 00:00:10 ; elapsed = 00:00:12 . Memory (MB): peak = 2782.289 ; gain = 0.031
Finished Parsing XDC File [e:/xilinx_axi/v_dma_txss/v_hdmi_tx_ss_ex/v_hdmi_tx_ss_ex.gen/sources_1/bd/exdes/ip/exdes_fmch_axi_iic_0/exdes_fmch_axi_iic_0_ooc.xdc] for cell 'U0'
Parsing XDC File [e:/xilinx_axi/v_dma_txss/v_hdmi_tx_ss_ex/v_hdmi_tx_ss_ex.gen/sources_1/bd/exdes/ip/exdes_fmch_axi_iic_0/exdes_fmch_axi_iic_0_board.xdc] for cell 'U0'
Finished Parsing XDC File [e:/xilinx_axi/v_dma_txss/v_hdmi_tx_ss_ex/v_hdmi_tx_ss_ex.gen/sources_1/bd/exdes/ip/exdes_fmch_axi_iic_0/exdes_fmch_axi_iic_0_board.xdc] for cell 'U0'
Parsing XDC File [E:/xilinx_axi/v_dma_txss/v_hdmi_tx_ss_ex/v_hdmi_tx_ss_ex.runs/exdes_fmch_axi_iic_0_synth_1/dont_touch.xdc]
Finished Parsing XDC File [E:/xilinx_axi/v_dma_txss/v_hdmi_tx_ss_ex/v_hdmi_tx_ss_ex.runs/exdes_fmch_axi_iic_0_synth_1/dont_touch.xdc]
Completed Processing XDC Constraints

Netlist sorting complete. Time (s): cpu = 00:00:00 ; elapsed = 00:00:00.002 . Memory (MB): peak = 2782.289 ; gain = 0.000
INFO: [Project 1-111] Unisim Transformation Summary:
  A total of 32 instances were transformed.
  FDR => FDRE: 15 instances
  FDRSE => FDRSE (FDRE, LUT4, VCC): 5 instances
  MUXCY_L => MUXCY: 12 instances

Constraint Validation Runtime : Time (s): cpu = 00:00:00 ; elapsed = 00:00:00.084 . Memory (MB): peak = 2782.289 ; gain = 0.000
INFO: [Designutils 20-5008] Incremental synthesis strategy off
INFO: [Synth 8-11241] undeclared symbol 'REGCCE', assumed default net type 'wire' [D:/tools/xilinx/Vivado/2022.2/data/verilog/src/unimacro/BRAM_SINGLE_MACRO.v:2170]
---------------------------------------------------------------------------------
Finished Constraint Validation : Time (s): cpu = 00:00:48 ; elapsed = 00:00:56 . Memory (MB): peak = 2782.289 ; gain = 595.602
---------------------------------------------------------------------------------
---------------------------------------------------------------------------------
Start Loading Part and Timing Information
---------------------------------------------------------------------------------
Loading part: xczu7ev-ffvc1156-2-e
INFO: [Synth 8-6742] Reading net delay rules and data
---------------------------------------------------------------------------------
Finished Loading Part and Timing Information : Time (s): cpu = 00:00:48 ; elapsed = 00:00:56 . Memory (MB): peak = 2782.289 ; gain = 595.602
---------------------------------------------------------------------------------
---------------------------------------------------------------------------------
Start Applying 'set_property' XDC Constraints
---------------------------------------------------------------------------------
Applied set_property KEEP_HIERARCHY = SOFT for U0. (constraint file  E:/xilinx_axi/v_dma_txss/v_hdmi_tx_ss_ex/v_hdmi_tx_ss_ex.runs/exdes_fmch_axi_iic_0_synth_1/dont_touch.xdc, line 9).
---------------------------------------------------------------------------------
Finished applying 'set_property' XDC Constraints : Time (s): cpu = 00:00:48 ; elapsed = 00:00:56 . Memory (MB): peak = 2782.289 ; gain = 595.602
---------------------------------------------------------------------------------
INFO: [Synth 8-802] inferred FSM for state register 'state_reg' in module 'slave_attachment'
INFO: [Synth 8-802] inferred FSM for state register 'scl_state_reg' in module 'iic_control'
INFO: [Synth 8-802] inferred FSM for state register 'state_reg' in module 'iic_control'
---------------------------------------------------------------------------------------------------
                   State |                     New Encoding |                Previous Encoding 
---------------------------------------------------------------------------------------------------
                 iSTATE2 |                             0001 |                               00
                  iSTATE |                             0010 |                               01
                 iSTATE0 |                             0100 |                               10
                 iSTATE1 |                             1000 |                               11
---------------------------------------------------------------------------------------------------
INFO: [Synth 8-3354] encoded FSM with state register 'state_reg' using encoding 'one-hot' in module 'slave_attachment'
---------------------------------------------------------------------------------------------------
                   State |                     New Encoding |                Previous Encoding 
---------------------------------------------------------------------------------------------------
                    idle |                              000 |                              000
                  header |                              101 |                              001
              ack_header |                              110 |                              010
                rcv_data |                              100 |                              011
                ack_data |                              011 |                              100
               xmit_data |                              010 |                              101
                wait_ack |                              001 |                              110
---------------------------------------------------------------------------------------------------
INFO: [Synth 8-3354] encoded FSM with state register 'state_reg' using encoding 'sequential' in module 'iic_control'
---------------------------------------------------------------------------------------------------
                   State |                     New Encoding |                Previous Encoding 
---------------------------------------------------------------------------------------------------
                scl_idle |                       0000000001 |                             0000
              start_wait |                       0000000010 |                             0001
                   start |                       0000000100 |                             0010
              start_edge |                       0000001000 |                             0011
            scl_low_edge |                       0000010000 |                             0100
                 scl_low |                       0000100000 |                             0101
           scl_high_edge |                       0001000000 |                             0110
                scl_high |                       0010000000 |                             0111
               stop_edge |                       0100000000 |                             1000
               stop_wait |                       1000000000 |                             1001
---------------------------------------------------------------------------------------------------
INFO: [Synth 8-3354] encoded FSM with state register 'scl_state_reg' using encoding 'one-hot' in module 'iic_control'
---------------------------------------------------------------------------------
Finished RTL Optimization Phase 2 : Time (s): cpu = 00:00:50 ; elapsed = 00:00:59 . Memory (MB): peak = 2782.289 ; gain = 595.602
---------------------------------------------------------------------------------
---------------------------------------------------------------------------------
Start RTL Component Statistics 
---------------------------------------------------------------------------------
Detailed RTL Component Info : 
+---Adders : 
	   2 Input   10 Bit       Adders := 2     
	   2 Input    8 Bit       Adders := 1     
	   2 Input    4 Bit       Adders := 2     
+---XORs : 
	   2 Input      1 Bit         XORs := 20    
+---Registers : 
	               32 Bit    Registers := 1     
	               10 Bit    Registers := 10    
	                9 Bit    Registers := 2     
	                8 Bit    Registers := 8     
	                7 Bit    Registers := 1     
	                4 Bit    Registers := 3     
	                2 Bit    Registers := 3     
	                1 Bit    Registers := 143   
+---Muxes : 
	   2 Input   32 Bit        Muxes := 5     
	   2 Input   10 Bit        Muxes := 15    
	  10 Input   10 Bit        Muxes := 1     
	   2 Input    9 Bit        Muxes := 1     
	   3 Input    9 Bit        Muxes := 1     
	   2 Input    8 Bit        Muxes := 4     
	   4 Input    4 Bit        Muxes := 1     
	   2 Input    4 Bit        Muxes := 6     
	  21 Input    3 Bit        Muxes := 1     
	   2 Input    2 Bit        Muxes := 4     
	   3 Input    2 Bit        Muxes := 1     
	   4 Input    2 Bit        Muxes := 1     
	   2 Input    1 Bit        Muxes := 106   
	   4 Input    1 Bit        Muxes := 3     
	   7 Input    1 Bit        Muxes := 3     
	   3 Input    1 Bit        Muxes := 1     
	  10 Input    1 Bit        Muxes := 10    
---------------------------------------------------------------------------------
Finished RTL Component Statistics 
---------------------------------------------------------------------------------
---------------------------------------------------------------------------------
Start Part Resource Summary
---------------------------------------------------------------------------------
Part Resources:
DSPs: 1728 (col length:144)
BRAMs: 624 (col length: RAMB18 144 RAMB36 72)
---------------------------------------------------------------------------------
Finished Part Resource Summary
---------------------------------------------------------------------------------
---------------------------------------------------------------------------------
Start Cross Boundary and Area Optimization
---------------------------------------------------------------------------------
WARNING: [Synth 8-7080] Parallel synthesis criteria is not met
INFO: [Synth 8-3332] Sequential element (X_IIC/FILTER_I/SCL_DEBOUNCE/INPUT_DOUBLE_REGS/GENERATE_LEVEL_P_S_CDC.SINGLE_BIT.CROSS_PLEVEL_IN2SCNDRY_s_level_out_d5) is unused and will be removed from module axi_iic.
INFO: [Synth 8-3332] Sequential element (X_IIC/FILTER_I/SCL_DEBOUNCE/INPUT_DOUBLE_REGS/GENERATE_LEVEL_P_S_CDC.SINGLE_BIT.CROSS_PLEVEL_IN2SCNDRY_s_level_out_d6) is unused and will be removed from module axi_iic.
INFO: [Synth 8-3332] Sequential element (X_IIC/FILTER_I/SDA_DEBOUNCE/INPUT_DOUBLE_REGS/GENERATE_LEVEL_P_S_CDC.SINGLE_BIT.CROSS_PLEVEL_IN2SCNDRY_s_level_out_d5) is unused and will be removed from module axi_iic.
INFO: [Synth 8-3332] Sequential element (X_IIC/FILTER_I/SDA_DEBOUNCE/INPUT_DOUBLE_REGS/GENERATE_LEVEL_P_S_CDC.SINGLE_BIT.CROSS_PLEVEL_IN2SCNDRY_s_level_out_d6) is unused and will be removed from module axi_iic.
---------------------------------------------------------------------------------
Finished Cross Boundary and Area Optimization : Time (s): cpu = 00:01:01 ; elapsed = 00:01:12 . Memory (MB): peak = 2782.289 ; gain = 595.602
---------------------------------------------------------------------------------
---------------------------------------------------------------------------------
Start Applying XDC Timing Constraints
---------------------------------------------------------------------------------
---------------------------------------------------------------------------------
Finished Applying XDC Timing Constraints : Time (s): cpu = 00:01:04 ; elapsed = 00:01:24 . Memory (MB): peak = 3194.391 ; gain = 1007.703
---------------------------------------------------------------------------------
---------------------------------------------------------------------------------
Start Timing Optimization
---------------------------------------------------------------------------------
---------------------------------------------------------------------------------
Finished Timing Optimization : Time (s): cpu = 00:01:05 ; elapsed = 00:01:26 . Memory (MB): peak = 3276.344 ; gain = 1089.656
---------------------------------------------------------------------------------
---------------------------------------------------------------------------------
Start Technology Mapping
---------------------------------------------------------------------------------
---------------------------------------------------------------------------------
Finished Technology Mapping : Time (s): cpu = 00:01:05 ; elapsed = 00:01:26 . Memory (MB): peak = 3276.344 ; gain = 1089.656
---------------------------------------------------------------------------------
---------------------------------------------------------------------------------
Start IO Insertion
---------------------------------------------------------------------------------
---------------------------------------------------------------------------------
Start Flattening Before IO Insertion
---------------------------------------------------------------------------------
---------------------------------------------------------------------------------
Finished Flattening Before IO Insertion
---------------------------------------------------------------------------------
---------------------------------------------------------------------------------
Start Final Netlist Cleanup
---------------------------------------------------------------------------------
---------------------------------------------------------------------------------
Finished Final Netlist Cleanup
---------------------------------------------------------------------------------
---------------------------------------------------------------------------------
Finished IO Insertion : Time (s): cpu = 00:01:07 ; elapsed = 00:01:29 . Memory (MB): peak = 3276.344 ; gain = 1089.656
---------------------------------------------------------------------------------
---------------------------------------------------------------------------------
Start Renaming Generated Instances
---------------------------------------------------------------------------------
---------------------------------------------------------------------------------
Finished Renaming Generated Instances : Time (s): cpu = 00:01:07 ; elapsed = 00:01:29 . Memory (MB): peak = 3276.344 ; gain = 1089.656
---------------------------------------------------------------------------------
---------------------------------------------------------------------------------
Start Rebuilding User Hierarchy
---------------------------------------------------------------------------------
---------------------------------------------------------------------------------
Finished Rebuilding User Hierarchy : Time (s): cpu = 00:01:07 ; elapsed = 00:01:29 . Memory (MB): peak = 3276.344 ; gain = 1089.656
---------------------------------------------------------------------------------
---------------------------------------------------------------------------------
Start Renaming Generated Ports
---------------------------------------------------------------------------------
---------------------------------------------------------------------------------
Finished Renaming Generated Ports : Time (s): cpu = 00:01:07 ; elapsed = 00:01:29 . Memory (MB): peak = 3276.344 ; gain = 1089.656
---------------------------------------------------------------------------------
---------------------------------------------------------------------------------
Start Handling Custom Attributes
---------------------------------------------------------------------------------
---------------------------------------------------------------------------------
Finished Handling Custom Attributes : Time (s): cpu = 00:01:07 ; elapsed = 00:01:29 . Memory (MB): peak = 3276.344 ; gain = 1089.656
---------------------------------------------------------------------------------
---------------------------------------------------------------------------------
Start Renaming Generated Nets
---------------------------------------------------------------------------------
---------------------------------------------------------------------------------
Finished Renaming Generated Nets : Time (s): cpu = 00:01:07 ; elapsed = 00:01:29 . Memory (MB): peak = 3276.344 ; gain = 1089.656
---------------------------------------------------------------------------------
---------------------------------------------------------------------------------
Start Writing Synthesis Report
---------------------------------------------------------------------------------

Report BlackBoxes: 
+-+--------------+----------+
| |BlackBox name |Instances |
+-+--------------+----------+
+-+--------------+----------+

Report Cell Usage: 
+------+--------+------+
|      |Cell    |Count |
+------+--------+------+
|1     |CARRY8  |     1|
|2     |LUT1    |     8|
|3     |LUT2    |    46|
|4     |LUT3    |    50|
|5     |LUT4    |    90|
|6     |LUT5    |    79|
|7     |LUT6    |   179|
|8     |MUXCY_L |     9|
|9     |MUXF7   |     8|
|10    |MUXF8   |     4|
|11    |SRL16E  |    18|
|12    |XORCY   |    12|
|13    |FDR     |    11|
|14    |FDRE    |   313|
|15    |FDSE    |    50|
+------+--------+------+
---------------------------------------------------------------------------------
Finished Writing Synthesis Report : Time (s): cpu = 00:01:07 ; elapsed = 00:01:29 . Memory (MB): peak = 3276.344 ; gain = 1089.656
---------------------------------------------------------------------------------
Synthesis finished with 0 errors, 0 critical warnings and 26 warnings.
Synthesis Optimization Runtime : Time (s): cpu = 00:00:33 ; elapsed = 00:01:10 . Memory (MB): peak = 3276.344 ; gain = 966.098
Synthesis Optimization Complete : Time (s): cpu = 00:01:07 ; elapsed = 00:01:29 . Memory (MB): peak = 3276.344 ; gain = 1089.656
INFO: [Project 1-571] Translating synthesized netlist
Netlist sorting complete. Time (s): cpu = 00:00:00 ; elapsed = 00:00:00.014 . Memory (MB): peak = 3276.344 ; gain = 0.000
INFO: [Netlist 29-17] Analyzing 45 Unisim elements for replacement
INFO: [Netlist 29-28] Unisim Transformation completed in 0 CPU seconds
INFO: [Project 1-570] Preparing netlist for logic optimization
INFO: [Opt 31-138] Pushed 0 inverter(s) to 0 load pin(s).
Netlist sorting complete. Time (s): cpu = 00:00:00 ; elapsed = 00:00:00 . Memory (MB): peak = 3304.527 ; gain = 0.000
INFO: [Project 1-111] Unisim Transformation Summary:
  A total of 14 instances were transformed.
  (CARRY4) => CARRY8: 3 instances
  FDR => FDRE: 11 instances

Synth Design complete, checksum: fba2a526
INFO: [Common 17-83] Releasing license: Synthesis
205 Infos, 105 Warnings, 0 Critical Warnings and 0 Errors encountered.
synth_design completed successfully
synth_design: Time (s): cpu = 00:01:25 ; elapsed = 00:02:00 . Memory (MB): peak = 3304.527 ; gain = 2221.297
INFO: [Common 17-1381] The checkpoint 'E:/xilinx_axi/v_dma_txss/v_hdmi_tx_ss_ex/v_hdmi_tx_ss_ex.runs/exdes_fmch_axi_iic_0_synth_1/exdes_fmch_axi_iic_0.dcp' has been generated.
INFO: [Coretcl 2-1648] Added synthesis output to IP cache for IP exdes_fmch_axi_iic_0, cache-ID = 1ac52dbfb63d95fa
INFO: [Coretcl 2-1174] Renamed 24 cell refs.
INFO: [Common 17-1381] The checkpoint 'E:/xilinx_axi/v_dma_txss/v_hdmi_tx_ss_ex/v_hdmi_tx_ss_ex.runs/exdes_fmch_axi_iic_0_synth_1/exdes_fmch_axi_iic_0.dcp' has been generated.
INFO: [runtcl-4] Executing : report_utilization -file exdes_fmch_axi_iic_0_utilization_synth.rpt -pb exdes_fmch_axi_iic_0_utilization_synth.pb
INFO: [Common 17-206] Exiting Vivado at Tue Apr  9 09:38:36 2024...
