Copyright 1986-2022 Xilinx, Inc. All Rights Reserved.
-----------------------------------------------------------------------------------------------------------------------
| Tool Version : Vivado v.2022.2 (win64) Build 3671981 Fri Oct 14 05:00:03 MDT 2022
| Date         : Mon Apr  8 16:07:51 2024
| Host         : weslie running 64-bit major release  (build 9200)
| Command      : report_utilization -file exdes_ddr4_0_0_utilization_synth.rpt -pb exdes_ddr4_0_0_utilization_synth.pb
| Design       : exdes_ddr4_0_0
| Device       : xczu7ev-ffvc1156-2-e
| Speed File   : -2
| Design State : Synthesized
-----------------------------------------------------------------------------------------------------------------------

Utilization Design Information

Table of Contents
-----------------
1. CLB Logic
1.1 Summary of Registers by Type
2. BLOCKRAM
3. ARITHMETIC
4. I/O
5. CLOCK
6. ADVANCED
7. CONFIGURATION
8. Primitives
9. Black Boxes
10. Instantiated Netlists

1. CLB Logic
------------

+----------------------------+-------+-------+------------+-----------+-------+
|          Site Type         |  Used | Fixed | Prohibited | Available | Util% |
+----------------------------+-------+-------+------------+-----------+-------+
| CLB LUTs*                  | 14961 |     0 |          0 |    230400 |  6.49 |
|   LUT as Logic             | 13543 |     0 |          0 |    230400 |  5.88 |
|   LUT as Memory            |  1418 |     0 |          0 |    101760 |  1.39 |
|     LUT as Distributed RAM |   816 |     0 |            |           |       |
|     LUT as Shift Register  |   602 |     0 |            |           |       |
| CLB Registers              | 17961 |     0 |          0 |    460800 |  3.90 |
|   Register as Flip Flop    | 17960 |     0 |          0 |    460800 |  3.90 |
|   Register as Latch        |     0 |     0 |          0 |    460800 |  0.00 |
|   Register as AND/OR       |     1 |     0 |          0 |    460800 | <0.01 |
| CARRY8                     |    56 |     0 |          0 |     28800 |  0.19 |
| F7 Muxes                   |   428 |     0 |          0 |    115200 |  0.37 |
| F8 Muxes                   |     0 |     0 |          0 |     57600 |  0.00 |
| F9 Muxes                   |     0 |     0 |          0 |     28800 |  0.00 |
+----------------------------+-------+-------+------------+-----------+-------+
* Warning! The Final LUT count, after physical optimizations and full implementation, is typically lower. Run opt_design after synthesis, if not already completed, for a more realistic count.
Warning! LUT value is adjusted to account for LUT combining.


1.1 Summary of Registers by Type
--------------------------------

+-------+--------------+-------------+--------------+
| Total | Clock Enable | Synchronous | Asynchronous |
+-------+--------------+-------------+--------------+
| 1     |            _ |           - |            - |
| 0     |            _ |           - |          Set |
| 0     |            _ |           - |        Reset |
| 0     |            _ |         Set |            - |
| 0     |            _ |       Reset |            - |
| 0     |          Yes |           - |            - |
| 2     |          Yes |           - |          Set |
| 0     |          Yes |           - |        Reset |
| 657   |          Yes |         Set |            - |
| 17301 |          Yes |       Reset |            - |
+-------+--------------+-------------+--------------+


2. BLOCKRAM
-----------

+-------------------+------+-------+------------+-----------+-------+
|     Site Type     | Used | Fixed | Prohibited | Available | Util% |
+-------------------+------+-------+------------+-----------+-------+
| Block RAM Tile    | 25.5 |     0 |          0 |       312 |  8.17 |
|   RAMB36/FIFO*    |   25 |     0 |          0 |       312 |  8.01 |
|     RAMB36E2 only |   25 |       |            |           |       |
|   RAMB18          |    1 |     0 |          0 |       624 |  0.16 |
|     RAMB18E2 only |    1 |       |            |           |       |
| URAM              |    0 |     0 |          0 |        96 |  0.00 |
+-------------------+------+-------+------------+-----------+-------+
* Note: Each Block RAM Tile only has one FIFO logic available and therefore can accommodate only one FIFO36E2 or one FIFO18E2. However, if a FIFO18E2 occupies a Block RAM Tile, that tile can still accommodate a RAMB18E2


3. ARITHMETIC
-------------

+----------------+------+-------+------------+-----------+-------+
|    Site Type   | Used | Fixed | Prohibited | Available | Util% |
+----------------+------+-------+------------+-----------+-------+
| DSPs           |    3 |     0 |          0 |      1728 |  0.17 |
|   DSP48E2 only |    3 |       |            |           |       |
+----------------+------+-------+------------+-----------+-------+


4. I/O
------

+------------+------+-------+------------+-----------+-------+
|  Site Type | Used | Fixed | Prohibited | Available | Util% |
+------------+------+-------+------------+-----------+-------+
| Bonded IOB |  118 |     0 |          0 |       360 | 32.78 |
+------------+------+-------+------------+-----------+-------+


5. CLOCK
--------

+----------------------+------+-------+------------+-----------+-------+
|       Site Type      | Used | Fixed | Prohibited | Available | Util% |
+----------------------+------+-------+------------+-----------+-------+
| GLOBAL CLOCK BUFFERs |    9 |     0 |          0 |       544 |  1.65 |
|   BUFGCE             |    9 |     0 |          0 |       208 |  4.33 |
|   BUFGCE_DIV         |    0 |     0 |          0 |        32 |  0.00 |
|   BUFG_GT            |    0 |     0 |          0 |       144 |  0.00 |
|   BUFG_PS            |    0 |     0 |          0 |        96 |  0.00 |
|   BUFGCTRL*          |    0 |     0 |          0 |        64 |  0.00 |
| PLL                  |    3 |     0 |          0 |        16 | 18.75 |
| MMCM                 |    1 |     0 |          0 |         8 | 12.50 |
+----------------------+------+-------+------------+-----------+-------+
* Note: Each used BUFGCTRL counts as two GLOBAL CLOCK BUFFERs. This table does not include global clocking resources, only buffer cell usage. See the Clock Utilization Report (report_clock_utilization) for detailed accounting of global clocking resource availability.


6. ADVANCED
-----------

+-----------------+------+-------+------------+-----------+-------+
|    Site Type    | Used | Fixed | Prohibited | Available | Util% |
+-----------------+------+-------+------------+-----------+-------+
| GTHE4_CHANNEL   |    0 |     0 |          0 |        20 |  0.00 |
| GTHE4_COMMON    |    0 |     0 |          0 |         5 |  0.00 |
| OBUFDS_GTE4     |    0 |     0 |          0 |        10 |  0.00 |
| OBUFDS_GTE4_ADV |    0 |     0 |          0 |        10 |  0.00 |
| PCIE40E4        |    0 |     0 |          0 |         2 |  0.00 |
| PS8             |    0 |     0 |          0 |         1 |  0.00 |
| SYSMONE4        |    0 |     0 |          0 |         1 |  0.00 |
| VCU             |    0 |     0 |          0 |         1 |  0.00 |
+-----------------+------+-------+------------+-----------+-------+


7. CONFIGURATION
----------------

+-------------+------+-------+------------+-----------+-------+
|  Site Type  | Used | Fixed | Prohibited | Available | Util% |
+-------------+------+-------+------------+-----------+-------+
| BSCANE2     |    0 |     0 |          0 |         4 |  0.00 |
| DNA_PORTE2  |    0 |     0 |          0 |         1 |  0.00 |
| EFUSE_USR   |    0 |     0 |          0 |         1 |  0.00 |
| FRAME_ECCE4 |    0 |     0 |          0 |         1 |  0.00 |
| ICAPE3      |    0 |     0 |          0 |         2 |  0.00 |
| MASTER_JTAG |    0 |     0 |          0 |         1 |  0.00 |
| STARTUPE3   |    0 |     0 |          0 |         1 |  0.00 |
+-------------+------+-------+------------+-----------+-------+


8. Primitives
-------------

+------------------+-------+---------------------+
|     Ref Name     |  Used | Functional Category |
+------------------+-------+---------------------+
| FDRE             | 17301 |            Register |
| LUT3             |  5163 |                 CLB |
| LUT6             |  4944 |                 CLB |
| LUT4             |  2923 |                 CLB |
| LUT5             |  2885 |                 CLB |
| RAMD32           |  1224 |                 CLB |
| LUT2             |  1221 |                 CLB |
| FDSE             |   657 |            Register |
| SRLC32E          |   516 |                 CLB |
| MUXF7            |   428 |                 CLB |
| RAMS32           |   408 |                 CLB |
| LUT1             |   391 |                 CLB |
| RXTX_BITSLICE    |   106 |                 I/O |
| SRL16E           |    86 |                 CLB |
| IBUFCTRL         |    81 |              Others |
| OBUFT_DCIEN      |    72 |                 I/O |
| INBUF            |    72 |                 I/O |
| CARRY8           |    56 |                 CLB |
| OBUF             |    28 |                 I/O |
| RAMB36E2         |    25 |            BLOCKRAM |
| TX_BITSLICE_TRI  |    21 |                 I/O |
| BITSLICE_CONTROL |    21 |                 I/O |
| OBUFT            |    16 |                 I/O |
| RIU_OR           |    11 |                 I/O |
| INV              |     9 |                 CLB |
| DIFFINBUF        |     9 |                 I/O |
| BUFGCE           |     9 |               Clock |
| HPIO_VREF        |     8 |                 I/O |
| PLLE4_ADV        |     3 |               Clock |
| DSP48E2          |     3 |          Arithmetic |
| FDPE             |     2 |            Register |
| RAMB18E2         |     1 |            BLOCKRAM |
| MMCME4_ADV       |     1 |               Clock |
| AND2B1L          |     1 |              Others |
+------------------+-------+---------------------+


9. Black Boxes
--------------

+----------+------+
| Ref Name | Used |
+----------+------+


10. Instantiated Netlists
-------------------------

+----------+------+
| Ref Name | Used |
+----------+------+


