Copyright 1986-2022 Xilinx, Inc. All Rights Reserved.
------------------------------------------------------------------------------------------------------------------------------
| Tool Version : Vivado v.2022.2 (win64) Build 3671981 Fri Oct 14 05:00:03 MDT 2022
| Date         : Tue Apr  9 10:39:36 2024
| Host         : weslie running 64-bit major release  (build 9200)
| Command      : report_drc -file exdes_wrapper_drc_opted.rpt -pb exdes_wrapper_drc_opted.pb -rpx exdes_wrapper_drc_opted.rpx
| Design       : exdes_wrapper
| Device       : xczu7ev-ffvc1156-2-e
| Speed File   : -2
| Design State : Synthesized
------------------------------------------------------------------------------------------------------------------------------

Report DRC

Table of Contents
-----------------
1. REPORT SUMMARY
2. REPORT DETAILS

1. REPORT SUMMARY
-----------------
            Netlist: netlist
          Floorplan: design_1
      Design limits: <entire design considered>
           Ruledeck: default
             Max violations: <unlimited>
             Violations found: 3
+-------------+----------+-------------------------------------------------------------+------------+
| Rule        | Severity | Description                                                 | Violations |
+-------------+----------+-------------------------------------------------------------+------------+
| PLHOLDVIO-2 | Warning  | Non-Optimal connections which could lead to hold violations | 1          |
| REQP-1934   | Warning  | RAMB18E2_nochange_collision_advisory                        | 1          |
| REQP-1935   | Warning  | RAMB36E2_nochange_collision_advisory                        | 1          |
+-------------+----------+-------------------------------------------------------------+------------+

2. REPORT DETAILS
-----------------
PLHOLDVIO-2#1 Warning
Non-Optimal connections which could lead to hold violations  
A LUT exdes_i/vid_phy_controller/inst/i_0 is driving clock pin of 24 cells. This could lead to large hold time violations. Involved cells are:
exdes_i/vid_phy_controller/inst/clock_detector_inst/DRUCLK_RST_INST/arststages_ff_reg[0],
exdes_i/vid_phy_controller/inst/clock_detector_inst/DRUCLK_RST_INST/arststages_ff_reg[1],
exdes_i/vid_phy_controller/inst/clock_detector_inst/DRUCLK_RST_INST/arststages_ff_reg[2],
exdes_i/vid_phy_controller/inst/clock_detector_inst/DRUCLK_RUN_SYNC_INST/syncstages_ff_reg[0],
exdes_i/vid_phy_controller/inst/clock_detector_inst/DRUCLK_RUN_SYNC_INST/syncstages_ff_reg[1],
exdes_i/vid_phy_controller/inst/clock_detector_inst/DRUCLK_RUN_SYNC_INST/syncstages_ff_reg[2],
exdes_i/vid_phy_controller/inst/clock_detector_inst/druclk_freq_cnt_reg[0],
exdes_i/vid_phy_controller/inst/clock_detector_inst/druclk_freq_cnt_reg[10],
exdes_i/vid_phy_controller/inst/clock_detector_inst/druclk_freq_cnt_reg[11],
exdes_i/vid_phy_controller/inst/clock_detector_inst/druclk_freq_cnt_reg[12],
exdes_i/vid_phy_controller/inst/clock_detector_inst/druclk_freq_cnt_reg[13],
exdes_i/vid_phy_controller/inst/clock_detector_inst/druclk_freq_cnt_reg[14],
exdes_i/vid_phy_controller/inst/clock_detector_inst/druclk_freq_cnt_reg[15],
exdes_i/vid_phy_controller/inst/clock_detector_inst/druclk_freq_cnt_reg[16],
exdes_i/vid_phy_controller/inst/clock_detector_inst/druclk_freq_cnt_reg[17]
 (the first 15 of 24 listed)
Related violations: <none>

REQP-1934#1 Warning
RAMB18E2_nochange_collision_advisory  
Synchronous clocking is detected for BRAM (exdes_i/video_gen/axi_vdma_0/U0/I_PRMRY_DATAMOVER/GEN_S2MM_FULL.I_S2MM_FULL_WRAPPER/GEN_ENABLE_INDET_BTT_SF.I_INDET_BTT/I_DATA_FIFO/BLK_MEM.I_SYNC_FIFOGEN_FIFO/xpm_fifo_instance.xpm_fifo_sync_inst/xpm_fifo_base_inst/gen_sdpram.xpm_memory_base_inst/gen_wr_a.gen_word_narrow.mem_reg_1) in SDP mode with NO_CHANGE write-mode. This is the preferred mode for best power characteristics. However, NO_CHANGE may exhibit address collisions if the same address appears on both read and write ports resulting in unknown or corrupted read data. It is suggested to confirm via simulation that an address collision never occurs and if so it is suggested to try and avoid this situation. If address collisions cannot be avoided, the write-mode may be set to READ_FIRST which guarantees that the read data is the prior contents of the memory at the cost of additional power in the design. See the FPGA Memory Resources User Guide for additional information.
Related violations: <none>

REQP-1935#1 Warning
RAMB36E2_nochange_collision_advisory  
Synchronous clocking is detected for BRAM (exdes_i/video_gen/axi_vdma_0/U0/I_PRMRY_DATAMOVER/GEN_S2MM_FULL.I_S2MM_FULL_WRAPPER/GEN_ENABLE_INDET_BTT_SF.I_INDET_BTT/I_DATA_FIFO/BLK_MEM.I_SYNC_FIFOGEN_FIFO/xpm_fifo_instance.xpm_fifo_sync_inst/xpm_fifo_base_inst/gen_sdpram.xpm_memory_base_inst/gen_wr_a.gen_word_narrow.mem_reg_0) in SDP mode with NO_CHANGE write-mode. This is the preferred mode for best power characteristics. However, NO_CHANGE may exhibit address collisions if the same address appears on both read and write ports resulting in unknown or corrupted read data. It is suggested to confirm via simulation that an address collision never occurs and if so it is suggested to try and avoid this situation. If address collisions cannot be avoided, the write-mode may be set to READ_FIRST which guarantees that the read data is the prior contents of the memory at the cost of additional power in the design. See the FPGA Memory Resources User Guide for additional information.
Related violations: <none>


