remark: D:/tools/xilinx/Vitis_HLS/2022.2/common/technology/autopilot\ap_axi_sdata.h:237:50: Inlining function 'hls::axis<ap_uint<48>, 1ul, 1ul, 1ul>::get_user_ptr()' into 'hls::stream<hls::axis<ap_uint<48>, 1ul, 1ul, 1ul>, 0>::read(hls::axis<ap_uint<48>, 1ul, 1ul, 1ul>&)'
remark: D:/tools/xilinx/Vitis_HLS/2022.2/common/technology/autopilot\ap_axi_sdata.h:240:25: Inlining function 'hls::axis<ap_uint<48>, 1ul, 1ul, 1ul>::get_dest_ptr()' into 'hls::stream<hls::axis<ap_uint<48>, 1ul, 1ul, 1ul>, 0>::read(hls::axis<ap_uint<48>, 1ul, 1ul, 1ul>&)'
remark: D:/tools/xilinx/Vitis_HLS/2022.2/common/technology/autopilot\ap_axi_sdata.h:239:67: Inlining function 'hls::axis<ap_uint<48>, 1ul, 1ul, 1ul>::get_id_ptr()' into 'hls::stream<hls::axis<ap_uint<48>, 1ul, 1ul, 1ul>, 0>::read(hls::axis<ap_uint<48>, 1ul, 1ul, 1ul>&)'
remark: D:/tools/xilinx/Vitis_HLS/2022.2/common/technology/autopilot\ap_axi_sdata.h:239:36: Inlining function 'hls::axis<ap_uint<48>, 1ul, 1ul, 1ul>::get_user_ptr()' into 'hls::stream<hls::axis<ap_uint<48>, 1ul, 1ul, 1ul>, 0>::read(hls::axis<ap_uint<48>, 1ul, 1ul, 1ul>&)'
remark: D:/tools/xilinx/Vitis_HLS/2022.2/common/technology/autopilot\ap_axi_sdata.h:238:39: Inlining function 'hls::axis<ap_uint<48>, 1ul, 1ul, 1ul>::get_dest_ptr()' into 'hls::stream<hls::axis<ap_uint<48>, 1ul, 1ul, 1ul>, 0>::read(hls::axis<ap_uint<48>, 1ul, 1ul, 1ul>&)'
remark: D:/tools/xilinx/Vitis_HLS/2022.2/common/technology/autopilot\ap_axi_sdata.h:238:23: Inlining function 'hls::axis<ap_uint<48>, 1ul, 1ul, 1ul>::get_id_ptr()' into 'hls::stream<hls::axis<ap_uint<48>, 1ul, 1ul, 1ul>, 0>::read(hls::axis<ap_uint<48>, 1ul, 1ul, 1ul>&)'
remark: D:/tools/xilinx/Vitis_HLS/2022.2/common/technology/autopilot\ap_axi_sdata.h:214:80: Inlining function 'hls::stream<hls::axis<ap_uint<48>, 1ul, 1ul, 1ul>, 0>::read(hls::axis<ap_uint<48>, 1ul, 1ul, 1ul>&)' into 'hls::stream<hls::axis<ap_uint<48>, 1ul, 1ul, 1ul>, 0>::operator>>(hls::axis<ap_uint<48>, 1ul, 1ul, 1ul>&)'
remark: D:/tools/xilinx/Vitis_HLS/2022.2/common/technology/autopilot\ap_int_base.h:1048:12: Inlining function 'ap_range_ref<48, false>::ap_range_ref(ap_int_base<48, false>*, int, int)' into 'ap_int_base<48, false>::range(int, int)'
remark: D:/tools/xilinx/Vitis_HLS/2022.2/common/technology/autopilot\ap_int_base.h:1085:18: Inlining function 'ap_int_base<48, false>::range(int, int)' into 'ap_int_base<48, false>::operator()(int, int)'
remark: D:/tools/xilinx/Vitis_HLS/2022.2/common/technology/autopilot\ap_int_base.h:358:20: Inlining function 'ap_range_ref<48, false>::get() const' into 'ap_int_base<8, false>::ap_int_base<48, false>(ap_range_ref<48, false> const&)'
remark: <unknown>:0:0: Inlining function 'ap_int_base<8, false>::ap_int_base<48, false>(ap_range_ref<48, false> const&)' into 'ap_uint<8>::ap_uint<48, false>(ap_range_ref<48, false> const&)'
remark: e:/xilinx_axi/v_dma_txss/v_hdmi_tx_ss_ex/v_hdmi_tx_ss_ex.gen/sources_1/bd/exdes/ip/exdes_v_tpg_0/src/hls/hls_axi_io.h:49:14: Inlining function 'ap_int_base<48, false>::operator()(int, int)' into 'void hls::AXIGetBitFields<48, ap_uint<8> >(ap_uint<48>, int, int, ap_uint<8>&)'
remark: e:/xilinx_axi/v_dma_txss/v_hdmi_tx_ss_ex/v_hdmi_tx_ss_ex.gen/sources_1/bd/exdes/ip/exdes_v_tpg_0/src/hls/hls_axi_io.h:71:2: Inlining function 'void hls::AXIGetBitFields<48, ap_uint<8> >(ap_uint<48>, int, int, ap_uint<8>&)' into 'void hls::AXIGetBitFields<48, ap_uint<8> >(hls::axis<ap_uint<48>, 1ul, 1ul, 1ul>, int, int, ap_uint<8>&)'
remark: E:/xilinx_axi/v_dma_txss/v_hdmi_tx_ss_ex/v_hdmi_tx_ss_ex.runs/exdes_v_tpg_0_synth_1/prj/sol/.autopilot/db/v_tpg.cpp:781:18: Inlining function 'hls::Scalar<6, ap_uint<8> >::Scalar()' into 'AXIvideo2MultiPixStream(hls::stream<hls::axis<ap_uint<48>, 1ul, 1ul, 1ul>, 0>&, hls::stream<hls::Scalar<6, ap_uint<8> >, 0>&, unsigned char&, unsigned short&, unsigned short&, unsigned char&)'
remark: E:/xilinx_axi/v_dma_txss/v_hdmi_tx_ss_ex/v_hdmi_tx_ss_ex.runs/exdes_v_tpg_0_synth_1/prj/sol/.autopilot/db/v_tpg.cpp:858:20: Inlining function 'ap_int_base<1, false>::to_int() const' into 'AXIvideo2MultiPixStream(hls::stream<hls::axis<ap_uint<48>, 1ul, 1ul, 1ul>, 0>&, hls::stream<hls::Scalar<6, ap_uint<8> >, 0>&, unsigned char&, unsigned short&, unsigned short&, unsigned char&)'
remark: E:/xilinx_axi/v_dma_txss/v_hdmi_tx_ss_ex/v_hdmi_tx_ss_ex.runs/exdes_v_tpg_0_synth_1/prj/sol/.autopilot/db/v_tpg.cpp:857:17: Inlining function 'hls::stream<hls::axis<ap_uint<48>, 1ul, 1ul, 1ul>, 0>::operator>>(hls::axis<ap_uint<48>, 1ul, 1ul, 1ul>&)' into 'AXIvideo2MultiPixStream(hls::stream<hls::axis<ap_uint<48>, 1ul, 1ul, 1ul>, 0>&, hls::stream<hls::Scalar<6, ap_uint<8> >, 0>&, unsigned char&, unsigned short&, unsigned short&, unsigned char&)'
remark: E:/xilinx_axi/v_dma_txss/v_hdmi_tx_ss_ex/v_hdmi_tx_ss_ex.runs/exdes_v_tpg_0_synth_1/prj/sol/.autopilot/db/v_tpg.cpp:834:7: Inlining function 'void hls::AXIGetBitFields<48, ap_uint<8> >(hls::axis<ap_uint<48>, 1ul, 1ul, 1ul>, int, int, ap_uint<8>&)' into 'AXIvideo2MultiPixStream(hls::stream<hls::axis<ap_uint<48>, 1ul, 1ul, 1ul>, 0>&, hls::stream<hls::Scalar<6, ap_uint<8> >, 0>&, unsigned char&, unsigned short&, unsigned short&, unsigned char&)'
remark: E:/xilinx_axi/v_dma_txss/v_hdmi_tx_ss_ex/v_hdmi_tx_ss_ex.runs/exdes_v_tpg_0_synth_1/prj/sol/.autopilot/db/v_tpg.cpp:796:17: Inlining function 'hls::stream<hls::axis<ap_uint<48>, 1ul, 1ul, 1ul>, 0>::operator>>(hls::axis<ap_uint<48>, 1ul, 1ul, 1ul>&)' into 'AXIvideo2MultiPixStream(hls::stream<hls::axis<ap_uint<48>, 1ul, 1ul, 1ul>, 0>&, hls::stream<hls::Scalar<6, ap_uint<8> >, 0>&, unsigned char&, unsigned short&, unsigned short&, unsigned char&)'
remark: E:/xilinx_axi/v_dma_txss/v_hdmi_tx_ss_ex/v_hdmi_tx_ss_ex.runs/exdes_v_tpg_0_synth_1/prj/sol/.autopilot/db/v_tpg.cpp:833:7: Inlining function 'void hls::AXIGetBitFields<48, ap_uint<8> >(hls::axis<ap_uint<48>, 1ul, 1ul, 1ul>, int, int, ap_uint<8>&)' into 'AXIvideo2MultiPixStream(hls::stream<hls::axis<ap_uint<48>, 1ul, 1ul, 1ul>, 0>&, hls::stream<hls::Scalar<6, ap_uint<8> >, 0>&, unsigned char&, unsigned short&, unsigned short&, unsigned char&)'
remark: E:/xilinx_axi/v_dma_txss/v_hdmi_tx_ss_ex/v_hdmi_tx_ss_ex.runs/exdes_v_tpg_0_synth_1/prj/sol/.autopilot/db/v_tpg.cpp:797:19: Inlining function 'ap_int_base<1, false>::to_int() const' into 'AXIvideo2MultiPixStream(hls::stream<hls::axis<ap_uint<48>, 1ul, 1ul, 1ul>, 0>&, hls::stream<hls::Scalar<6, ap_uint<8> >, 0>&, unsigned char&, unsigned short&, unsigned short&, unsigned char&)'
remark: E:/xilinx_axi/v_dma_txss/v_hdmi_tx_ss_ex/v_hdmi_tx_ss_ex.runs/exdes_v_tpg_0_synth_1/prj/sol/.autopilot/db/v_tpg.cpp:832:2: Inlining function 'void hls::AXIGetBitFields<48, ap_uint<8> >(hls::axis<ap_uint<48>, 1ul, 1ul, 1ul>, int, int, ap_uint<8>&)' into 'AXIvideo2MultiPixStream(hls::stream<hls::axis<ap_uint<48>, 1ul, 1ul, 1ul>, 0>&, hls::stream<hls::Scalar<6, ap_uint<8> >, 0>&, unsigned char&, unsigned short&, unsigned short&, unsigned char&)'
remark: E:/xilinx_axi/v_dma_txss/v_hdmi_tx_ss_ex/v_hdmi_tx_ss_ex.runs/exdes_v_tpg_0_synth_1/prj/sol/.autopilot/db/v_tpg.cpp:812:21: Inlining function 'ap_int_base<1, false>::to_int() const' into 'AXIvideo2MultiPixStream(hls::stream<hls::axis<ap_uint<48>, 1ul, 1ul, 1ul>, 0>&, hls::stream<hls::Scalar<6, ap_uint<8> >, 0>&, unsigned char&, unsigned short&, unsigned short&, unsigned char&)'
remark: E:/xilinx_axi/v_dma_txss/v_hdmi_tx_ss_ex/v_hdmi_tx_ss_ex.runs/exdes_v_tpg_0_synth_1/prj/sol/.autopilot/db/v_tpg.cpp:817:21: Inlining function 'ap_int_base<1, false>::to_int() const' into 'AXIvideo2MultiPixStream(hls::stream<hls::axis<ap_uint<48>, 1ul, 1ul, 1ul>, 0>&, hls::stream<hls::Scalar<6, ap_uint<8> >, 0>&, unsigned char&, unsigned short&, unsigned short&, unsigned char&)'
remark: E:/xilinx_axi/v_dma_txss/v_hdmi_tx_ss_ex/v_hdmi_tx_ss_ex.runs/exdes_v_tpg_0_synth_1/prj/sol/.autopilot/db/v_tpg.cpp:816:21: Inlining function 'hls::stream<hls::axis<ap_uint<48>, 1ul, 1ul, 1ul>, 0>::operator>>(hls::axis<ap_uint<48>, 1ul, 1ul, 1ul>&)' into 'AXIvideo2MultiPixStream(hls::stream<hls::axis<ap_uint<48>, 1ul, 1ul, 1ul>, 0>&, hls::stream<hls::Scalar<6, ap_uint<8> >, 0>&, unsigned char&, unsigned short&, unsigned short&, unsigned char&)'
remark: D:/tools/xilinx/Vitis_HLS/2022.2/common/technology/autopilot\ap_int_base.h:213:78: Inlining function 'ssdm_int<8, false>::ssdm_int(unsigned char)' into 'ap_int_base<8, false>::ap_int_base(unsigned short)'
remark: <unknown>:0:0: Inlining function 'ap_int_base<8, false>::ap_int_base(unsigned short)' into 'ap_uint<8>::ap_uint(unsigned short)'
remark: E:/xilinx_axi/v_dma_txss/v_hdmi_tx_ss_ex/v_hdmi_tx_ss_ex.runs/exdes_v_tpg_0_synth_1/prj/sol/.autopilot/db/v_tpg.cpp:1150:18: Inlining function 'hls::Scalar<6, ap_uint<8> >::Scalar()' into 'tpgPatternSolidBlack(unsigned short, unsigned char)'
remark: D:/tools/xilinx/Vitis_HLS/2022.2/common/technology/autopilot\ap_int_base.h:214:67: Inlining function '_ZN8ssdm_intILi11ELb0EEC2EDq11_j' into 'ap_int_base<11, false>::ap_int_base(int)'
remark: <unknown>:0:0: Inlining function 'ap_int_base<11, false>::ap_int_base(int)' into 'ap_uint<11>::ap_uint(int)'
remark: D:/tools/xilinx/Vitis_HLS/2022.2/common/technology/autopilot\ap_int_base.h:214:67: Inlining function 'ssdm_int<32, true>::ssdm_int(int)' into 'ap_int_base<32, true>::ap_int_base(int)'
remark: D:/tools/xilinx/Vitis_HLS/2022.2/common/technology/autopilot\ap_int_base.h:185:106: Inlining function '_ZN8ssdm_intILi33ELb1EEC2EDq33_i' into 'ap_int_base<33, true>::ap_int_base<11, false>(ap_int_base<11, false> const&)'
remark: D:/tools/xilinx/Vitis_HLS/2022.2/common/technology/autopilot\ap_int_base.h:185:106: Inlining function '_ZN8ssdm_intILi33ELb1EEC2EDq33_i' into 'ap_int_base<33, true>::ap_int_base<32, true>(ap_int_base<32, true> const&)'
remark: D:/tools/xilinx/Vitis_HLS/2022.2/common/technology/autopilot\ap_int_base.h:214:67: Inlining function '_ZN8ssdm_intILi33ELb1EEC2EDq33_i' into 'ap_int_base<33, true>::ap_int_base(int)'
remark: D:/tools/xilinx/Vitis_HLS/2022.2/common/technology/autopilot\ap_int_base.h:1495:339: Inlining function 'ap_int_base<33, true>::ap_int_base<11, false>(ap_int_base<11, false> const&)' into 'ap_int_base<11, false>::RType<32, true>::plus operator+<11, false, 32, true>(ap_int_base<11, false> const&, ap_int_base<32, true> const&)'
remark: D:/tools/xilinx/Vitis_HLS/2022.2/common/technology/autopilot\ap_int_base.h:1495:516: Inlining function 'ap_int_base<33, true>::ap_int_base(int)' into 'ap_int_base<11, false>::RType<32, true>::plus operator+<11, false, 32, true>(ap_int_base<11, false> const&, ap_int_base<32, true> const&)'
remark: D:/tools/xilinx/Vitis_HLS/2022.2/common/technology/autopilot\ap_int_base.h:1495:427: Inlining function 'ap_int_base<33, true>::ap_int_base<32, true>(ap_int_base<32, true> const&)' into 'ap_int_base<11, false>::RType<32, true>::plus operator+<11, false, 32, true>(ap_int_base<11, false> const&, ap_int_base<32, true> const&)'
remark: D:/tools/xilinx/Vitis_HLS/2022.2/common/technology/autopilot\ap_int_base.h:1633:1006: Inlining function 'ap_int_base<32, true>::ap_int_base(int)' into 'ap_int_base<11, false>::RType<($_0)32, true>::plus operator+<11, false>(ap_int_base<11, false> const&, int)'
remark: D:/tools/xilinx/Vitis_HLS/2022.2/common/technology/autopilot\ap_int_base.h:1633:1004: Inlining function 'ap_int_base<11, false>::RType<32, true>::plus operator+<11, false, 32, true>(ap_int_base<11, false> const&, ap_int_base<32, true> const&)' into 'ap_int_base<11, false>::RType<($_0)32, true>::plus operator+<11, false>(ap_int_base<11, false> const&, int)'
remark: D:/tools/xilinx/Vitis_HLS/2022.2/common/technology/autopilot\ap_int_base.h:185:106: Inlining function '_ZN8ssdm_intILi11ELb0EEC2EDq11_j' into 'ap_int_base<11, false>::ap_int_base<33, true>(ap_int_base<33, true> const&)'
remark: <unknown>:0:0: Inlining function 'ap_int_base<11, false>::ap_int_base<33, true>(ap_int_base<33, true> const&)' into 'ap_uint<11>::ap_uint<33>(ap_int<33> const&)'
remark: D:/tools/xilinx/Vitis_HLS/2022.2/common/technology/autopilot\ap_int_base.h:185:106: Inlining function '_ZN8ssdm_intILi34ELb1EEC2EDq34_i' into 'ap_int_base<34, true>::ap_int_base<33, true>(ap_int_base<33, true> const&)'
remark: D:/tools/xilinx/Vitis_HLS/2022.2/common/technology/autopilot\ap_int_base.h:185:106: Inlining function '_ZN8ssdm_intILi34ELb1EEC2EDq34_i' into 'ap_int_base<34, true>::ap_int_base<11, false>(ap_int_base<11, false> const&)'
remark: D:/tools/xilinx/Vitis_HLS/2022.2/common/technology/autopilot\ap_int_base.h:214:67: Inlining function '_ZN8ssdm_intILi34ELb1EEC2EDq34_i' into 'ap_int_base<34, true>::ap_int_base(int)'
remark: D:/tools/xilinx/Vitis_HLS/2022.2/common/technology/autopilot\ap_int_base.h:1496:341: Inlining function 'ap_int_base<34, true>::ap_int_base<33, true>(ap_int_base<33, true> const&)' into 'ap_int_base<33, true>::RType<11, false>::minus operator-<33, true, 11, false>(ap_int_base<33, true> const&, ap_int_base<11, false> const&)'
remark: D:/tools/xilinx/Vitis_HLS/2022.2/common/technology/autopilot\ap_int_base.h:1496:520: Inlining function 'ap_int_base<34, true>::ap_int_base(int)' into 'ap_int_base<33, true>::RType<11, false>::minus operator-<33, true, 11, false>(ap_int_base<33, true> const&, ap_int_base<11, false> const&)'
remark: D:/tools/xilinx/Vitis_HLS/2022.2/common/technology/autopilot\ap_int_base.h:1496:430: Inlining function 'ap_int_base<34, true>::ap_int_base<11, false>(ap_int_base<11, false> const&)' into 'ap_int_base<33, true>::RType<11, false>::minus operator-<33, true, 11, false>(ap_int_base<33, true> const&, ap_int_base<11, false> const&)'
remark: D:/tools/xilinx/Vitis_HLS/2022.2/common/technology/autopilot\ap_int_base.h:185:106: Inlining function '_ZN8ssdm_intILi11ELb0EEC2EDq11_j' into 'ap_int_base<11, false>::ap_int_base<34, true>(ap_int_base<34, true> const&)'
remark: <unknown>:0:0: Inlining function 'ap_int_base<11, false>::ap_int_base<34, true>(ap_int_base<34, true> const&)' into 'ap_uint<11>::ap_uint<34>(ap_int<34> const&)'
remark: E:/xilinx_axi/v_dma_txss/v_hdmi_tx_ss_ex/v_hdmi_tx_ss_ex.runs/exdes_v_tpg_0_synth_1/prj/sol/.autopilot/db/v_tpg.cpp:1192:18: Inlining function 'hls::Scalar<6, ap_uint<8> >::Scalar()' into 'tpgPatternColorBars(unsigned short, unsigned short, unsigned char, int)'
remark: E:/xilinx_axi/v_dma_txss/v_hdmi_tx_ss_ex/v_hdmi_tx_ss_ex.runs/exdes_v_tpg_0_synth_1/prj/sol/.autopilot/db/v_tpg.cpp:1211:26: Inlining function 'ap_int_base<33, true>::RType<11, false>::minus operator-<33, true, 11, false>(ap_int_base<33, true> const&, ap_int_base<11, false> const&)' into 'tpgPatternColorBars(unsigned short, unsigned short, unsigned char, int)'
remark: E:/xilinx_axi/v_dma_txss/v_hdmi_tx_ss_ex/v_hdmi_tx_ss_ex.runs/exdes_v_tpg_0_synth_1/prj/sol/.autopilot/db/v_tpg.cpp:1211:22: Inlining function 'ap_int_base<11, false>::RType<($_0)32, true>::plus operator+<11, false>(ap_int_base<11, false> const&, int)' into 'tpgPatternColorBars(unsigned short, unsigned short, unsigned char, int)'
remark: E:/xilinx_axi/v_dma_txss/v_hdmi_tx_ss_ex/v_hdmi_tx_ss_ex.runs/exdes_v_tpg_0_synth_1/prj/sol/.autopilot/db/v_tpg.cpp:1207:22: Inlining function 'ap_int_base<11, false>::RType<($_0)32, true>::plus operator+<11, false>(ap_int_base<11, false> const&, int)' into 'tpgPatternColorBars(unsigned short, unsigned short, unsigned char, int)'
remark: E:/xilinx_axi/v_dma_txss/v_hdmi_tx_ss_ex/v_hdmi_tx_ss_ex.runs/exdes_v_tpg_0_synth_1/prj/sol/.autopilot/db/v_tpg.cpp:1205:26: Inlining function 'bool ap_int_base<33, true>::operator<<11, false>(ap_int_base<11, false> const&) const' into 'tpgPatternColorBars(unsigned short, unsigned short, unsigned char, int)'
remark: E:/xilinx_axi/v_dma_txss/v_hdmi_tx_ss_ex/v_hdmi_tx_ss_ex.runs/exdes_v_tpg_0_synth_1/prj/sol/.autopilot/db/v_tpg.cpp:1205:21: Inlining function 'ap_int_base<11, false>::RType<($_0)32, true>::plus operator+<11, false>(ap_int_base<11, false> const&, int)' into 'tpgPatternColorBars(unsigned short, unsigned short, unsigned char, int)'
remark: D:/tools/xilinx/Vitis_HLS/2022.2/common/technology/autopilot\ap_int_base.h:214:67: Inlining function '_ZN8ssdm_intILi10ELb0EEC2EDq10_j' into 'ap_int_base<10, false>::ap_int_base(int)'
remark: <unknown>:0:0: Inlining function 'ap_int_base<10, false>::ap_int_base(int)' into 'ap_uint<10>::ap_uint(int)'
remark: D:/tools/xilinx/Vitis_HLS/2022.2/common/technology/autopilot\ap_int_base.h:185:106: Inlining function '_ZN8ssdm_intILi33ELb1EEC2EDq33_i' into 'ap_int_base<33, true>::ap_int_base<10, false>(ap_int_base<10, false> const&)'
remark: D:/tools/xilinx/Vitis_HLS/2022.2/common/technology/autopilot\ap_int_base.h:1496:341: Inlining function 'ap_int_base<33, true>::ap_int_base<10, false>(ap_int_base<10, false> const&)' into 'ap_int_base<10, false>::RType<32, true>::minus operator-<10, false, 32, true>(ap_int_base<10, false> const&, ap_int_base<32, true> const&)'
remark: D:/tools/xilinx/Vitis_HLS/2022.2/common/technology/autopilot\ap_int_base.h:1496:520: Inlining function 'ap_int_base<33, true>::ap_int_base(int)' into 'ap_int_base<10, false>::RType<32, true>::minus operator-<10, false, 32, true>(ap_int_base<10, false> const&, ap_int_base<32, true> const&)'
remark: D:/tools/xilinx/Vitis_HLS/2022.2/common/technology/autopilot\ap_int_base.h:1496:430: Inlining function 'ap_int_base<33, true>::ap_int_base<32, true>(ap_int_base<32, true> const&)' into 'ap_int_base<10, false>::RType<32, true>::minus operator-<10, false, 32, true>(ap_int_base<10, false> const&, ap_int_base<32, true> const&)'
remark: D:/tools/xilinx/Vitis_HLS/2022.2/common/technology/autopilot\ap_int_base.h:1633:1531: Inlining function 'ap_int_base<32, true>::ap_int_base(int)' into 'ap_int_base<10, false>::RType<($_0)32, true>::minus operator-<10, false>(ap_int_base<10, false> const&, int)'
remark: D:/tools/xilinx/Vitis_HLS/2022.2/common/technology/autopilot\ap_int_base.h:1633:1529: Inlining function 'ap_int_base<10, false>::RType<32, true>::minus operator-<10, false, 32, true>(ap_int_base<10, false> const&, ap_int_base<32, true> const&)' into 'ap_int_base<10, false>::RType<($_0)32, true>::minus operator-<10, false>(ap_int_base<10, false> const&, int)'
remark: D:/tools/xilinx/Vitis_HLS/2022.2/common/technology/autopilot\ap_int_base.h:214:67: Inlining function '_ZN8ssdm_intILi1ELb0EEC2EDq1_j' into 'ap_int_base<1, false>::ap_int_base(int)'
remark: D:/tools/xilinx/Vitis_HLS/2022.2/common/technology/autopilot\ap_int_base.h:879:16: Inlining function 'ap_int_base<1, false>::ap_int_base(int)' into 'ap_int_base<10, false>::operator++(int)'
remark: D:/tools/xilinx/Vitis_HLS/2022.2/common/technology/autopilot\ap_int_base.h:879:5: Inlining function 'ap_int_base<10, false>& ap_int_base<10, false>::operator+=<1, false>(ap_int_base<1, false> const&)' into 'ap_int_base<10, false>::operator++(int)'
remark: D:/tools/xilinx/Vitis_HLS/2022.2/common/technology/autopilot\ap_int_base.h:1727:167: Inlining function 'ap_int_base<32, true>::ap_int_base(int)' into 'ap_int_base<10, false>& operator+=<10, false>(ap_int_base<10, false>&, int)'
remark: D:/tools/xilinx/Vitis_HLS/2022.2/common/technology/autopilot\ap_int_base.h:1727:164: Inlining function 'ap_int_base<10, false>& ap_int_base<10, false>::operator+=<32, true>(ap_int_base<32, true> const&)' into 'ap_int_base<10, false>& operator+=<10, false>(ap_int_base<10, false>&, int)'
remark: E:/xilinx_axi/v_dma_txss/v_hdmi_tx_ss_ex/v_hdmi_tx_ss_ex.runs/exdes_v_tpg_0_synth_1/prj/sol/.autopilot/db/v_tpg.cpp:1326:18: Inlining function 'hls::Scalar<6, ap_uint<8> >::Scalar()' into 'tpgPatternTartanColorBars(unsigned short, unsigned short, unsigned short, unsigned short, unsigned char)'
remark: E:/xilinx_axi/v_dma_txss/v_hdmi_tx_ss_ex/v_hdmi_tx_ss_ex.runs/exdes_v_tpg_0_synth_1/prj/sol/.autopilot/db/v_tpg.cpp:1366:14: Inlining function 'ap_int_base<10, false>& ap_int_base<10, false>::operator-=<10, false>(ap_int_base<10, false> const&)' into 'tpgPatternTartanColorBars(unsigned short, unsigned short, unsigned short, unsigned short, unsigned char)'
remark: E:/xilinx_axi/v_dma_txss/v_hdmi_tx_ss_ex/v_hdmi_tx_ss_ex.runs/exdes_v_tpg_0_synth_1/prj/sol/.autopilot/db/v_tpg.cpp:1362:14: Inlining function 'ap_int_base<10, false>& operator+=<10, false>(ap_int_base<10, false>&, int)' into 'tpgPatternTartanColorBars(unsigned short, unsigned short, unsigned short, unsigned short, unsigned char)'
remark: E:/xilinx_axi/v_dma_txss/v_hdmi_tx_ss_ex/v_hdmi_tx_ss_ex.runs/exdes_v_tpg_0_synth_1/prj/sol/.autopilot/db/v_tpg.cpp:1360:22: Inlining function 'bool ap_int_base<10, false>::operator<<10, false>(ap_int_base<10, false> const&) const' into 'tpgPatternTartanColorBars(unsigned short, unsigned short, unsigned short, unsigned short, unsigned char)'
remark: E:/xilinx_axi/v_dma_txss/v_hdmi_tx_ss_ex/v_hdmi_tx_ss_ex.runs/exdes_v_tpg_0_synth_1/prj/sol/.autopilot/db/v_tpg.cpp:1354:13: Inlining function 'hls::Scalar<3, ap_uint<8> >::Scalar()' into 'tpgPatternTartanColorBars(unsigned short, unsigned short, unsigned short, unsigned short, unsigned char)'
remark: E:/xilinx_axi/v_dma_txss/v_hdmi_tx_ss_ex/v_hdmi_tx_ss_ex.runs/exdes_v_tpg_0_synth_1/prj/sol/.autopilot/db/v_tpg.cpp:1343:3: Inlining function 'ap_int_base<10, false>::operator++(int)' into 'tpgPatternTartanColorBars(unsigned short, unsigned short, unsigned short, unsigned short, unsigned char)'
remark: E:/xilinx_axi/v_dma_txss/v_hdmi_tx_ss_ex/v_hdmi_tx_ss_ex.runs/exdes_v_tpg_0_synth_1/prj/sol/.autopilot/db/v_tpg.cpp:1341:19: Inlining function 'bool ap_int_base<10, false>::operator<<33, true>(ap_int_base<33, true> const&) const' into 'tpgPatternTartanColorBars(unsigned short, unsigned short, unsigned short, unsigned short, unsigned char)'
remark: E:/xilinx_axi/v_dma_txss/v_hdmi_tx_ss_ex/v_hdmi_tx_ss_ex.runs/exdes_v_tpg_0_synth_1/prj/sol/.autopilot/db/v_tpg.cpp:1341:31: Inlining function 'ap_int_base<10, false>::RType<($_0)32, true>::minus operator-<10, false>(ap_int_base<10, false> const&, int)' into 'tpgPatternTartanColorBars(unsigned short, unsigned short, unsigned short, unsigned short, unsigned char)'
remark: E:/xilinx_axi/v_dma_txss/v_hdmi_tx_ss_ex/v_hdmi_tx_ss_ex.runs/exdes_v_tpg_0_synth_1/prj/sol/.autopilot/db/v_tpg.cpp:1394:18: Inlining function 'hls::Scalar<6, ap_uint<8> >::Scalar()' into 'tpgPatternCrossHatch(unsigned short, unsigned short, unsigned short, unsigned short, unsigned char)'
remark: E:/xilinx_axi/v_dma_txss/v_hdmi_tx_ss_ex/v_hdmi_tx_ss_ex.runs/exdes_v_tpg_0_synth_1/prj/sol/.autopilot/db/v_tpg.cpp:1445:14: Inlining function 'ap_int_base<10, false>& ap_int_base<10, false>::operator-=<10, false>(ap_int_base<10, false> const&)' into 'tpgPatternCrossHatch(unsigned short, unsigned short, unsigned short, unsigned short, unsigned char)'
remark: E:/xilinx_axi/v_dma_txss/v_hdmi_tx_ss_ex/v_hdmi_tx_ss_ex.runs/exdes_v_tpg_0_synth_1/prj/sol/.autopilot/db/v_tpg.cpp:1438:22: Inlining function 'bool ap_int_base<10, false>::operator==<10, false>(ap_int_base<10, false> const&) const' into 'tpgPatternCrossHatch(unsigned short, unsigned short, unsigned short, unsigned short, unsigned char)'
remark: E:/xilinx_axi/v_dma_txss/v_hdmi_tx_ss_ex/v_hdmi_tx_ss_ex.runs/exdes_v_tpg_0_synth_1/prj/sol/.autopilot/db/v_tpg.cpp:1435:14: Inlining function 'ap_int_base<10, false>& operator+=<10, false>(ap_int_base<10, false>&, int)' into 'tpgPatternCrossHatch(unsigned short, unsigned short, unsigned short, unsigned short, unsigned char)'
remark: E:/xilinx_axi/v_dma_txss/v_hdmi_tx_ss_ex/v_hdmi_tx_ss_ex.runs/exdes_v_tpg_0_synth_1/prj/sol/.autopilot/db/v_tpg.cpp:1433:22: Inlining function 'bool ap_int_base<10, false>::operator<<10, false>(ap_int_base<10, false> const&) const' into 'tpgPatternCrossHatch(unsigned short, unsigned short, unsigned short, unsigned short, unsigned char)'
remark: E:/xilinx_axi/v_dma_txss/v_hdmi_tx_ss_ex/v_hdmi_tx_ss_ex.runs/exdes_v_tpg_0_synth_1/prj/sol/.autopilot/db/v_tpg.cpp:1416:3: Inlining function 'ap_int_base<10, false>::operator++(int)' into 'tpgPatternCrossHatch(unsigned short, unsigned short, unsigned short, unsigned short, unsigned char)'
remark: E:/xilinx_axi/v_dma_txss/v_hdmi_tx_ss_ex/v_hdmi_tx_ss_ex.runs/exdes_v_tpg_0_synth_1/prj/sol/.autopilot/db/v_tpg.cpp:1409:19: Inlining function 'bool ap_int_base<10, false>::operator==<33, true>(ap_int_base<33, true> const&) const' into 'tpgPatternCrossHatch(unsigned short, unsigned short, unsigned short, unsigned short, unsigned char)'
remark: E:/xilinx_axi/v_dma_txss/v_hdmi_tx_ss_ex/v_hdmi_tx_ss_ex.runs/exdes_v_tpg_0_synth_1/prj/sol/.autopilot/db/v_tpg.cpp:1409:32: Inlining function 'ap_int_base<10, false>::RType<($_0)32, true>::minus operator-<10, false>(ap_int_base<10, false> const&, int)' into 'tpgPatternCrossHatch(unsigned short, unsigned short, unsigned short, unsigned short, unsigned char)'
remark: E:/xilinx_axi/v_dma_txss/v_hdmi_tx_ss_ex/v_hdmi_tx_ss_ex.runs/exdes_v_tpg_0_synth_1/prj/sol/.autopilot/db/v_tpg.cpp:1508:18: Inlining function 'hls::Scalar<6, ap_uint<8> >::Scalar()' into 'tpgPatternCheckerBoard(unsigned short, unsigned short, unsigned short, unsigned short, unsigned char)'
remark: E:/xilinx_axi/v_dma_txss/v_hdmi_tx_ss_ex/v_hdmi_tx_ss_ex.runs/exdes_v_tpg_0_synth_1/prj/sol/.autopilot/db/v_tpg.cpp:1547:14: Inlining function 'ap_int_base<10, false>& ap_int_base<10, false>::operator-=<10, false>(ap_int_base<10, false> const&)' into 'tpgPatternCheckerBoard(unsigned short, unsigned short, unsigned short, unsigned short, unsigned char)'
remark: E:/xilinx_axi/v_dma_txss/v_hdmi_tx_ss_ex/v_hdmi_tx_ss_ex.runs/exdes_v_tpg_0_synth_1/prj/sol/.autopilot/db/v_tpg.cpp:1543:14: Inlining function 'ap_int_base<10, false>& operator+=<10, false>(ap_int_base<10, false>&, int)' into 'tpgPatternCheckerBoard(unsigned short, unsigned short, unsigned short, unsigned short, unsigned char)'
remark: E:/xilinx_axi/v_dma_txss/v_hdmi_tx_ss_ex/v_hdmi_tx_ss_ex.runs/exdes_v_tpg_0_synth_1/prj/sol/.autopilot/db/v_tpg.cpp:1541:22: Inlining function 'bool ap_int_base<10, false>::operator<<10, false>(ap_int_base<10, false> const&) const' into 'tpgPatternCheckerBoard(unsigned short, unsigned short, unsigned short, unsigned short, unsigned char)'
remark: E:/xilinx_axi/v_dma_txss/v_hdmi_tx_ss_ex/v_hdmi_tx_ss_ex.runs/exdes_v_tpg_0_synth_1/prj/sol/.autopilot/db/v_tpg.cpp:1525:3: Inlining function 'ap_int_base<10, false>::operator++(int)' into 'tpgPatternCheckerBoard(unsigned short, unsigned short, unsigned short, unsigned short, unsigned char)'
remark: E:/xilinx_axi/v_dma_txss/v_hdmi_tx_ss_ex/v_hdmi_tx_ss_ex.runs/exdes_v_tpg_0_synth_1/prj/sol/.autopilot/db/v_tpg.cpp:1523:19: Inlining function 'bool ap_int_base<10, false>::operator<<33, true>(ap_int_base<33, true> const&) const' into 'tpgPatternCheckerBoard(unsigned short, unsigned short, unsigned short, unsigned short, unsigned char)'
remark: E:/xilinx_axi/v_dma_txss/v_hdmi_tx_ss_ex/v_hdmi_tx_ss_ex.runs/exdes_v_tpg_0_synth_1/prj/sol/.autopilot/db/v_tpg.cpp:1523:31: Inlining function 'ap_int_base<10, false>::RType<($_0)32, true>::minus operator-<10, false>(ap_int_base<10, false> const&, int)' into 'tpgPatternCheckerBoard(unsigned short, unsigned short, unsigned short, unsigned short, unsigned char)'
remark: D:/tools/xilinx/Vitis_HLS/2022.2/common/technology/autopilot\ap_int_base.h:214:67: Inlining function '_ZN8ssdm_intILi28ELb0EEC2EDq28_j' into 'ap_int_base<28, false>::ap_int_base(int)'
remark: <unknown>:0:0: Inlining function 'ap_int_base<28, false>::ap_int_base(int)' into 'ap_uint<28>::ap_uint(int)'
remark: D:/tools/xilinx/Vitis_HLS/2022.2/common/technology/autopilot\ap_int_base.h:1669:558: Inlining function 'ap_int_base<28, false>::ap_int_base(int)' into 'ap_int_base<28, false>::RType<28, false>::arg1 operator>><28, false>(ap_int_base<28, false> const&, int)'
remark: D:/tools/xilinx/Vitis_HLS/2022.2/common/technology/autopilot\ap_int_base.h:1499:520: Inlining function 'ap_int_base<28, false>::ap_int_base(int)' into 'ap_int_base<28, false>::RType<28, false>::logic operator^<28, false, 28, false>(ap_int_base<28, false> const&, ap_int_base<28, false> const&)'
remark: D:/tools/xilinx/Vitis_HLS/2022.2/common/technology/autopilot\ap_int_base.h:185:106: Inlining function 'ssdm_int<32, true>::ssdm_int(int)' into 'ap_int_base<32, true>::ap_int_base<28, false>(ap_int_base<28, false> const&)'
remark: D:/tools/xilinx/Vitis_HLS/2022.2/common/technology/autopilot\ap_int_base.h:1497:341: Inlining function 'ap_int_base<32, true>::ap_int_base<28, false>(ap_int_base<28, false> const&)' into 'ap_int_base<28, false>::RType<32, true>::logic operator&<28, false, 32, true>(ap_int_base<28, false> const&, ap_int_base<32, true> const&)'
remark: D:/tools/xilinx/Vitis_HLS/2022.2/common/technology/autopilot\ap_int_base.h:1497:520: Inlining function 'ap_int_base<32, true>::ap_int_base(int)' into 'ap_int_base<28, false>::RType<32, true>::logic operator&<28, false, 32, true>(ap_int_base<28, false> const&, ap_int_base<32, true> const&)'
remark: D:/tools/xilinx/Vitis_HLS/2022.2/common/technology/autopilot\ap_int_base.h:1633:3098: Inlining function 'ap_int_base<32, true>::ap_int_base(int)' into 'ap_int_base<28, false>::RType<($_0)32, true>::logic operator&<28, false>(ap_int_base<28, false> const&, int)'
remark: D:/tools/xilinx/Vitis_HLS/2022.2/common/technology/autopilot\ap_int_base.h:1633:3096: Inlining function 'ap_int_base<28, false>::RType<32, true>::logic operator&<28, false, 32, true>(ap_int_base<28, false> const&, ap_int_base<32, true> const&)' into 'ap_int_base<28, false>::RType<($_0)32, true>::logic operator&<28, false>(ap_int_base<28, false> const&, int)'
remark: D:/tools/xilinx/Vitis_HLS/2022.2/common/technology/autopilot\ap_int_base.h:185:106: Inlining function '_ZN8ssdm_intILi28ELb0EEC2EDq28_j' into 'ap_int_base<28, false>::ap_int_base<32, true>(ap_int_base<32, true> const&)'
remark: <unknown>:0:0: Inlining function 'ap_int_base<28, false>::ap_int_base<32, true>(ap_int_base<32, true> const&)' into 'ap_uint<28>::ap_uint<32>(ap_int<32> const&)'
remark: D:/tools/xilinx/Vitis_HLS/2022.2/common/technology/autopilot\ap_int_base.h:1669:228: Inlining function 'ap_int_base<28, false>::ap_int_base(int)' into 'ap_int_base<28, false>::RType<28, false>::arg1 operator<<<28, false>(ap_int_base<28, false> const&, int)'
remark: D:/tools/xilinx/Vitis_HLS/2022.2/common/technology/autopilot\ap_int_base.h:1498:520: Inlining function 'ap_int_base<28, false>::ap_int_base(int)' into 'ap_int_base<28, false>::RType<28, false>::logic operator|<28, false, 28, false>(ap_int_base<28, false> const&, ap_int_base<28, false> const&)'
remark: D:/tools/xilinx/Vitis_HLS/2022.2/common/technology/autopilot\ap_int_base.h:185:106: Inlining function 'ssdm_int<8, false>::ssdm_int(unsigned char)' into 'ap_int_base<8, false>::ap_int_base<28, false>(ap_int_base<28, false> const&)'
remark: <unknown>:0:0: Inlining function 'ap_int_base<8, false>::ap_int_base<28, false>(ap_int_base<28, false> const&)' into 'ap_uint<8>::ap_uint<28>(ap_uint<28> const&)'
remark: E:/xilinx_axi/v_dma_txss/v_hdmi_tx_ss_ex/v_hdmi_tx_ss_ex.runs/exdes_v_tpg_0_synth_1/prj/sol/.autopilot/db/v_tpg.cpp:1780:18: Inlining function 'hls::Scalar<6, ap_uint<8> >::Scalar()' into 'tpgPRBS(unsigned short, unsigned char)'
remark: E:/xilinx_axi/v_dma_txss/v_hdmi_tx_ss_ex/v_hdmi_tx_ss_ex.runs/exdes_v_tpg_0_synth_1/prj/sol/.autopilot/db/v_tpg.cpp:1813:17: Inlining function 'ap_int_base<28, false>::RType<28, false>::arg1 operator>><28, false>(ap_int_base<28, false> const&, int)' into 'tpgPRBS(unsigned short, unsigned char)'
remark: E:/xilinx_axi/v_dma_txss/v_hdmi_tx_ss_ex/v_hdmi_tx_ss_ex.runs/exdes_v_tpg_0_synth_1/prj/sol/.autopilot/db/v_tpg.cpp:1812:17: Inlining function 'ap_int_base<28, false>::RType<28, false>::arg1 operator>><28, false>(ap_int_base<28, false> const&, int)' into 'tpgPRBS(unsigned short, unsigned char)'
remark: E:/xilinx_axi/v_dma_txss/v_hdmi_tx_ss_ex/v_hdmi_tx_ss_ex.runs/exdes_v_tpg_0_synth_1/prj/sol/.autopilot/db/v_tpg.cpp:1811:17: Inlining function 'ap_int_base<28, false>::RType<28, false>::arg1 operator>><28, false>(ap_int_base<28, false> const&, int)' into 'tpgPRBS(unsigned short, unsigned char)'
remark: E:/xilinx_axi/v_dma_txss/v_hdmi_tx_ss_ex/v_hdmi_tx_ss_ex.runs/exdes_v_tpg_0_synth_1/prj/sol/.autopilot/db/v_tpg.cpp:1808:26: Inlining function 'ap_int_base<28, false>::RType<28, false>::logic operator|<28, false, 28, false>(ap_int_base<28, false> const&, ap_int_base<28, false> const&)' into 'tpgPRBS(unsigned short, unsigned char)'
remark: E:/xilinx_axi/v_dma_txss/v_hdmi_tx_ss_ex/v_hdmi_tx_ss_ex.runs/exdes_v_tpg_0_synth_1/prj/sol/.autopilot/db/v_tpg.cpp:1808:38: Inlining function 'ap_int_base<28, false>::RType<28, false>::arg1 operator<<<28, false>(ap_int_base<28, false> const&, int)' into 'tpgPRBS(unsigned short, unsigned char)'
remark: E:/xilinx_axi/v_dma_txss/v_hdmi_tx_ss_ex/v_hdmi_tx_ss_ex.runs/exdes_v_tpg_0_synth_1/prj/sol/.autopilot/db/v_tpg.cpp:1808:20: Inlining function 'ap_int_base<28, false>::RType<28, false>::arg1 operator>><28, false>(ap_int_base<28, false> const&, int)' into 'tpgPRBS(unsigned short, unsigned char)'
remark: E:/xilinx_axi/v_dma_txss/v_hdmi_tx_ss_ex/v_hdmi_tx_ss_ex.runs/exdes_v_tpg_0_synth_1/prj/sol/.autopilot/db/v_tpg.cpp:1807:46: Inlining function 'ap_int_base<28, false>::RType<($_0)32, true>::logic operator&<28, false>(ap_int_base<28, false> const&, int)' into 'tpgPRBS(unsigned short, unsigned char)'
remark: E:/xilinx_axi/v_dma_txss/v_hdmi_tx_ss_ex/v_hdmi_tx_ss_ex.runs/exdes_v_tpg_0_synth_1/prj/sol/.autopilot/db/v_tpg.cpp:1807:29: Inlining function 'ap_int_base<28, false>::RType<28, false>::logic operator^<28, false, 28, false>(ap_int_base<28, false> const&, ap_int_base<28, false> const&)' into 'tpgPRBS(unsigned short, unsigned char)'
remark: E:/xilinx_axi/v_dma_txss/v_hdmi_tx_ss_ex/v_hdmi_tx_ss_ex.runs/exdes_v_tpg_0_synth_1/prj/sol/.autopilot/db/v_tpg.cpp:1807:39: Inlining function 'ap_int_base<28, false>::RType<28, false>::arg1 operator>><28, false>(ap_int_base<28, false> const&, int)' into 'tpgPRBS(unsigned short, unsigned char)'
remark: E:/xilinx_axi/v_dma_txss/v_hdmi_tx_ss_ex/v_hdmi_tx_ss_ex.runs/exdes_v_tpg_0_synth_1/prj/sol/.autopilot/db/v_tpg.cpp:1807:23: Inlining function 'ap_int_base<28, false>::RType<28, false>::arg1 operator>><28, false>(ap_int_base<28, false> const&, int)' into 'tpgPRBS(unsigned short, unsigned char)'
remark: E:/xilinx_axi/v_dma_txss/v_hdmi_tx_ss_ex/v_hdmi_tx_ss_ex.runs/exdes_v_tpg_0_synth_1/prj/sol/.autopilot/db/v_tpg.cpp:1801:26: Inlining function 'ap_int_base<28, false>::RType<28, false>::logic operator|<28, false, 28, false>(ap_int_base<28, false> const&, ap_int_base<28, false> const&)' into 'tpgPRBS(unsigned short, unsigned char)'
remark: E:/xilinx_axi/v_dma_txss/v_hdmi_tx_ss_ex/v_hdmi_tx_ss_ex.runs/exdes_v_tpg_0_synth_1/prj/sol/.autopilot/db/v_tpg.cpp:1801:38: Inlining function 'ap_int_base<28, false>::RType<28, false>::arg1 operator<<<28, false>(ap_int_base<28, false> const&, int)' into 'tpgPRBS(unsigned short, unsigned char)'
remark: E:/xilinx_axi/v_dma_txss/v_hdmi_tx_ss_ex/v_hdmi_tx_ss_ex.runs/exdes_v_tpg_0_synth_1/prj/sol/.autopilot/db/v_tpg.cpp:1801:20: Inlining function 'ap_int_base<28, false>::RType<28, false>::arg1 operator>><28, false>(ap_int_base<28, false> const&, int)' into 'tpgPRBS(unsigned short, unsigned char)'
remark: E:/xilinx_axi/v_dma_txss/v_hdmi_tx_ss_ex/v_hdmi_tx_ss_ex.runs/exdes_v_tpg_0_synth_1/prj/sol/.autopilot/db/v_tpg.cpp:1800:46: Inlining function 'ap_int_base<28, false>::RType<($_0)32, true>::logic operator&<28, false>(ap_int_base<28, false> const&, int)' into 'tpgPRBS(unsigned short, unsigned char)'
remark: E:/xilinx_axi/v_dma_txss/v_hdmi_tx_ss_ex/v_hdmi_tx_ss_ex.runs/exdes_v_tpg_0_synth_1/prj/sol/.autopilot/db/v_tpg.cpp:1800:29: Inlining function 'ap_int_base<28, false>::RType<28, false>::logic operator^<28, false, 28, false>(ap_int_base<28, false> const&, ap_int_base<28, false> const&)' into 'tpgPRBS(unsigned short, unsigned char)'
remark: E:/xilinx_axi/v_dma_txss/v_hdmi_tx_ss_ex/v_hdmi_tx_ss_ex.runs/exdes_v_tpg_0_synth_1/prj/sol/.autopilot/db/v_tpg.cpp:1800:39: Inlining function 'ap_int_base<28, false>::RType<28, false>::arg1 operator>><28, false>(ap_int_base<28, false> const&, int)' into 'tpgPRBS(unsigned short, unsigned char)'
remark: E:/xilinx_axi/v_dma_txss/v_hdmi_tx_ss_ex/v_hdmi_tx_ss_ex.runs/exdes_v_tpg_0_synth_1/prj/sol/.autopilot/db/v_tpg.cpp:1800:23: Inlining function 'ap_int_base<28, false>::RType<28, false>::arg1 operator>><28, false>(ap_int_base<28, false> const&, int)' into 'tpgPRBS(unsigned short, unsigned char)'
remark: E:/xilinx_axi/v_dma_txss/v_hdmi_tx_ss_ex/v_hdmi_tx_ss_ex.runs/exdes_v_tpg_0_synth_1/prj/sol/.autopilot/db/v_tpg.cpp:1794:26: Inlining function 'ap_int_base<28, false>::RType<28, false>::logic operator|<28, false, 28, false>(ap_int_base<28, false> const&, ap_int_base<28, false> const&)' into 'tpgPRBS(unsigned short, unsigned char)'
remark: E:/xilinx_axi/v_dma_txss/v_hdmi_tx_ss_ex/v_hdmi_tx_ss_ex.runs/exdes_v_tpg_0_synth_1/prj/sol/.autopilot/db/v_tpg.cpp:1794:38: Inlining function 'ap_int_base<28, false>::RType<28, false>::arg1 operator<<<28, false>(ap_int_base<28, false> const&, int)' into 'tpgPRBS(unsigned short, unsigned char)'
remark: E:/xilinx_axi/v_dma_txss/v_hdmi_tx_ss_ex/v_hdmi_tx_ss_ex.runs/exdes_v_tpg_0_synth_1/prj/sol/.autopilot/db/v_tpg.cpp:1794:20: Inlining function 'ap_int_base<28, false>::RType<28, false>::arg1 operator>><28, false>(ap_int_base<28, false> const&, int)' into 'tpgPRBS(unsigned short, unsigned char)'
remark: E:/xilinx_axi/v_dma_txss/v_hdmi_tx_ss_ex/v_hdmi_tx_ss_ex.runs/exdes_v_tpg_0_synth_1/prj/sol/.autopilot/db/v_tpg.cpp:1793:46: Inlining function 'ap_int_base<28, false>::RType<($_0)32, true>::logic operator&<28, false>(ap_int_base<28, false> const&, int)' into 'tpgPRBS(unsigned short, unsigned char)'
remark: E:/xilinx_axi/v_dma_txss/v_hdmi_tx_ss_ex/v_hdmi_tx_ss_ex.runs/exdes_v_tpg_0_synth_1/prj/sol/.autopilot/db/v_tpg.cpp:1793:29: Inlining function 'ap_int_base<28, false>::RType<28, false>::logic operator^<28, false, 28, false>(ap_int_base<28, false> const&, ap_int_base<28, false> const&)' into 'tpgPRBS(unsigned short, unsigned char)'
remark: E:/xilinx_axi/v_dma_txss/v_hdmi_tx_ss_ex/v_hdmi_tx_ss_ex.runs/exdes_v_tpg_0_synth_1/prj/sol/.autopilot/db/v_tpg.cpp:1793:39: Inlining function 'ap_int_base<28, false>::RType<28, false>::arg1 operator>><28, false>(ap_int_base<28, false> const&, int)' into 'tpgPRBS(unsigned short, unsigned char)'
remark: E:/xilinx_axi/v_dma_txss/v_hdmi_tx_ss_ex/v_hdmi_tx_ss_ex.runs/exdes_v_tpg_0_synth_1/prj/sol/.autopilot/db/v_tpg.cpp:1793:23: Inlining function 'ap_int_base<28, false>::RType<28, false>::arg1 operator>><28, false>(ap_int_base<28, false> const&, int)' into 'tpgPRBS(unsigned short, unsigned char)'
remark: E:/xilinx_axi/v_dma_txss/v_hdmi_tx_ss_ex/v_hdmi_tx_ss_ex.runs/exdes_v_tpg_0_synth_1/prj/sol/.autopilot/db/v_tpg.cpp:507:18: Inlining function 'hls::Scalar<6, ap_uint<8> >::Scalar()' into 'tpgBackground(hls::stream<hls::Scalar<6, ap_uint<8> >, 0>&, unsigned short&, unsigned short&, int&, unsigned short&, unsigned short&, unsigned short&, unsigned short&, unsigned char&, unsigned char&, unsigned short&, unsigned short&, unsigned short&, unsigned short&, unsigned char&, unsigned char&, unsigned char&, unsigned char&, hls::stream<hls::Scalar<6, ap_uint<8> >, 0>&)'
remark: E:/xilinx_axi/v_dma_txss/v_hdmi_tx_ss_ex/v_hdmi_tx_ss_ex.runs/exdes_v_tpg_0_synth_1/prj/sol/.autopilot/db/v_tpg.cpp:508:18: Inlining function 'hls::Scalar<6, ap_uint<8> >::Scalar()' into 'tpgBackground(hls::stream<hls::Scalar<6, ap_uint<8> >, 0>&, unsigned short&, unsigned short&, int&, unsigned short&, unsigned short&, unsigned short&, unsigned short&, unsigned char&, unsigned char&, unsigned short&, unsigned short&, unsigned short&, unsigned short&, unsigned char&, unsigned char&, unsigned char&, unsigned char&, hls::stream<hls::Scalar<6, ap_uint<8> >, 0>&)'
remark: D:/tools/xilinx/Vitis_HLS/2022.2/common/technology/autopilot\ap_int_base.h:214:67: Inlining function '_ZN8ssdm_intILi5ELb0EEC2EDq5_j' into 'ap_int_base<5, false>::ap_int_base(int)'
remark: <unknown>:0:0: Inlining function 'ap_int_base<5, false>::ap_int_base(int)' into 'ap_uint<5>::ap_uint(int)'
remark: <unknown>:0:0: Inlining function 'ap_int_base<1, false>::ap_int_base(int)' into 'ap_uint<1>::ap_uint(int)'
remark: D:/tools/xilinx/Vitis_HLS/2022.2/common/technology/autopilot\ap_int_base.h:214:67: Inlining function '_ZN8ssdm_intILi48ELb0EEC2EDq48_j' into 'ap_int_base<48, false>::ap_int_base(int)'
remark: <unknown>:0:0: Inlining function 'ap_int_base<48, false>::ap_int_base(int)' into 'ap_uint<48>::ap_uint(int)'
remark: D:/tools/xilinx/Vitis_HLS/2022.2/common/technology/autopilot\ap_int_base.h:185:106: Inlining function '_ZN8ssdm_intILi48ELb0EEC2EDq48_j' into 'ap_int_base<48, false>::ap_int_base<8, false>(ap_int_base<8, false> const&)'
remark: D:/tools/xilinx/Vitis_HLS/2022.2/common/technology/autopilot\ap_int_ref.h:367:31: Inlining function 'ap_int_base<48, false>::ap_int_base<8, false>(ap_int_base<8, false> const&)' into 'ap_range_ref<48, false>& ap_range_ref<48, false>::operator=<8, false>(ap_int_base<8, false> const&)'
remark: D:/tools/xilinx/Vitis_HLS/2022.2/common/technology/autopilot\ap_int_base.h:214:67: Inlining function '_ZN8ssdm_intILi6ELb0EEC2EDq6_j' into 'ap_int_base<6, false>::ap_int_base(int)'
remark: <unknown>:0:0: Inlining function 'ap_int_base<6, false>::ap_int_base(int)' into 'ap_uint<6>::ap_uint(int)'
remark: D:/tools/xilinx/Vitis_HLS/2022.2/common/technology/autopilot\ap_axi_sdata.h:258:51: Inlining function 'hls::axis<ap_uint<48>, 1ul, 1ul, 1ul>::get_user_ptr()' into 'hls::stream<hls::axis<ap_uint<48>, 1ul, 1ul, 1ul>, 0>::write(hls::axis<ap_uint<48>, 1ul, 1ul, 1ul> const&)'
remark: D:/tools/xilinx/Vitis_HLS/2022.2/common/technology/autopilot\ap_axi_sdata.h:261:26: Inlining function 'hls::axis<ap_uint<48>, 1ul, 1ul, 1ul>::get_dest_ptr()' into 'hls::stream<hls::axis<ap_uint<48>, 1ul, 1ul, 1ul>, 0>::write(hls::axis<ap_uint<48>, 1ul, 1ul, 1ul> const&)'
remark: D:/tools/xilinx/Vitis_HLS/2022.2/common/technology/autopilot\ap_axi_sdata.h:260:68: Inlining function 'hls::axis<ap_uint<48>, 1ul, 1ul, 1ul>::get_id_ptr()' into 'hls::stream<hls::axis<ap_uint<48>, 1ul, 1ul, 1ul>, 0>::write(hls::axis<ap_uint<48>, 1ul, 1ul, 1ul> const&)'
remark: D:/tools/xilinx/Vitis_HLS/2022.2/common/technology/autopilot\ap_axi_sdata.h:260:37: Inlining function 'hls::axis<ap_uint<48>, 1ul, 1ul, 1ul>::get_user_ptr()' into 'hls::stream<hls::axis<ap_uint<48>, 1ul, 1ul, 1ul>, 0>::write(hls::axis<ap_uint<48>, 1ul, 1ul, 1ul> const&)'
remark: D:/tools/xilinx/Vitis_HLS/2022.2/common/technology/autopilot\ap_axi_sdata.h:259:40: Inlining function 'hls::axis<ap_uint<48>, 1ul, 1ul, 1ul>::get_dest_ptr()' into 'hls::stream<hls::axis<ap_uint<48>, 1ul, 1ul, 1ul>, 0>::write(hls::axis<ap_uint<48>, 1ul, 1ul, 1ul> const&)'
remark: D:/tools/xilinx/Vitis_HLS/2022.2/common/technology/autopilot\ap_axi_sdata.h:259:24: Inlining function 'hls::axis<ap_uint<48>, 1ul, 1ul, 1ul>::get_id_ptr()' into 'hls::stream<hls::axis<ap_uint<48>, 1ul, 1ul, 1ul>, 0>::write(hls::axis<ap_uint<48>, 1ul, 1ul, 1ul> const&)'
remark: D:/tools/xilinx/Vitis_HLS/2022.2/common/technology/autopilot\ap_axi_sdata.h:216:86: Inlining function 'hls::stream<hls::axis<ap_uint<48>, 1ul, 1ul, 1ul>, 0>::write(hls::axis<ap_uint<48>, 1ul, 1ul, 1ul> const&)' into 'hls::stream<hls::axis<ap_uint<48>, 1ul, 1ul, 1ul>, 0>::operator<<(hls::axis<ap_uint<48>, 1ul, 1ul, 1ul> const&)'
remark: E:/xilinx_axi/v_dma_txss/v_hdmi_tx_ss_ex/v_hdmi_tx_ss_ex.runs/exdes_v_tpg_0_synth_1/prj/sol/.autopilot/db/v_tpg.cpp:878:18: Inlining function 'hls::Scalar<6, ap_uint<8> >::Scalar()' into 'MultiPixStream2AXIvideo(hls::stream<hls::Scalar<6, ap_uint<8> >, 0>&, hls::stream<hls::axis<ap_uint<48>, 1ul, 1ul, 1ul>, 0>&, unsigned short&, unsigned short&, unsigned char&, bool&, bool&, unsigned short&)'
remark: E:/xilinx_axi/v_dma_txss/v_hdmi_tx_ss_ex/v_hdmi_tx_ss_ex.runs/exdes_v_tpg_0_synth_1/prj/sol/.autopilot/db/v_tpg.cpp:990:19: Inlining function 'hls::stream<hls::axis<ap_uint<48>, 1ul, 1ul, 1ul>, 0>::operator<<(hls::axis<ap_uint<48>, 1ul, 1ul, 1ul> const&)' into 'MultiPixStream2AXIvideo(hls::stream<hls::Scalar<6, ap_uint<8> >, 0>&, hls::stream<hls::axis<ap_uint<48>, 1ul, 1ul, 1ul>, 0>&, unsigned short&, unsigned short&, unsigned char&, bool&, bool&, unsigned short&)'
remark: E:/xilinx_axi/v_dma_txss/v_hdmi_tx_ss_ex/v_hdmi_tx_ss_ex.runs/exdes_v_tpg_0_synth_1/prj/sol/.autopilot/db/v_tpg.cpp:984:42: Inlining function 'ap_range_ref<48, false>& ap_range_ref<48, false>::operator=<8, false>(ap_int_base<8, false> const&)' into 'MultiPixStream2AXIvideo(hls::stream<hls::Scalar<6, ap_uint<8> >, 0>&, hls::stream<hls::axis<ap_uint<48>, 1ul, 1ul, 1ul>, 0>&, unsigned short&, unsigned short&, unsigned char&, bool&, bool&, unsigned short&)'
remark: E:/xilinx_axi/v_dma_txss/v_hdmi_tx_ss_ex/v_hdmi_tx_ss_ex.runs/exdes_v_tpg_0_synth_1/prj/sol/.autopilot/db/v_tpg.cpp:984:7: Inlining function 'ap_int_base<48, false>::operator()(int, int)' into 'MultiPixStream2AXIvideo(hls::stream<hls::Scalar<6, ap_uint<8> >, 0>&, hls::stream<hls::axis<ap_uint<48>, 1ul, 1ul, 1ul>, 0>&, unsigned short&, unsigned short&, unsigned char&, bool&, bool&, unsigned short&)'
remark: E:/xilinx_axi/v_dma_txss/v_hdmi_tx_ss_ex/v_hdmi_tx_ss_ex.runs/exdes_v_tpg_0_synth_1/prj/sol/.autopilot/db/v_tpg.cpp:981:42: Inlining function 'ap_range_ref<48, false>& ap_range_ref<48, false>::operator=<8, false>(ap_int_base<8, false> const&)' into 'MultiPixStream2AXIvideo(hls::stream<hls::Scalar<6, ap_uint<8> >, 0>&, hls::stream<hls::axis<ap_uint<48>, 1ul, 1ul, 1ul>, 0>&, unsigned short&, unsigned short&, unsigned char&, bool&, bool&, unsigned short&)'
remark: E:/xilinx_axi/v_dma_txss/v_hdmi_tx_ss_ex/v_hdmi_tx_ss_ex.runs/exdes_v_tpg_0_synth_1/prj/sol/.autopilot/db/v_tpg.cpp:981:7: Inlining function 'ap_int_base<48, false>::operator()(int, int)' into 'MultiPixStream2AXIvideo(hls::stream<hls::Scalar<6, ap_uint<8> >, 0>&, hls::stream<hls::axis<ap_uint<48>, 1ul, 1ul, 1ul>, 0>&, unsigned short&, unsigned short&, unsigned char&, bool&, bool&, unsigned short&)'
remark: E:/xilinx_axi/v_dma_txss/v_hdmi_tx_ss_ex/v_hdmi_tx_ss_ex.runs/exdes_v_tpg_0_synth_1/prj/sol/.autopilot/db/v_tpg.cpp:978:42: Inlining function 'ap_range_ref<48, false>& ap_range_ref<48, false>::operator=<8, false>(ap_int_base<8, false> const&)' into 'MultiPixStream2AXIvideo(hls::stream<hls::Scalar<6, ap_uint<8> >, 0>&, hls::stream<hls::axis<ap_uint<48>, 1ul, 1ul, 1ul>, 0>&, unsigned short&, unsigned short&, unsigned char&, bool&, bool&, unsigned short&)'
remark: E:/xilinx_axi/v_dma_txss/v_hdmi_tx_ss_ex/v_hdmi_tx_ss_ex.runs/exdes_v_tpg_0_synth_1/prj/sol/.autopilot/db/v_tpg.cpp:978:7: Inlining function 'ap_int_base<48, false>::operator()(int, int)' into 'MultiPixStream2AXIvideo(hls::stream<hls::Scalar<6, ap_uint<8> >, 0>&, hls::stream<hls::axis<ap_uint<48>, 1ul, 1ul, 1ul>, 0>&, unsigned short&, unsigned short&, unsigned char&, bool&, bool&, unsigned short&)'
remark: E:/xilinx_axi/v_dma_txss/v_hdmi_tx_ss_ex/v_hdmi_tx_ss_ex.runs/exdes_v_tpg_0_synth_1/prj/sol/.autopilot/db/v_tpg.cpp:974:24: Inlining function 'ap_int_base<5, false>::operator unsigned long long() const' into 'MultiPixStream2AXIvideo(hls::stream<hls::Scalar<6, ap_uint<8> >, 0>&, hls::stream<hls::axis<ap_uint<48>, 1ul, 1ul, 1ul>, 0>&, unsigned short&, unsigned short&, unsigned char&, bool&, bool&, unsigned short&)'
remark: E:/xilinx_axi/v_dma_txss/v_hdmi_tx_ss_ex/v_hdmi_tx_ss_ex.runs/exdes_v_tpg_0_synth_1/prj/sol/.autopilot/db/v_tpg.cpp:973:24: Inlining function 'ap_int_base<5, false>::operator unsigned long long() const' into 'MultiPixStream2AXIvideo(hls::stream<hls::Scalar<6, ap_uint<8> >, 0>&, hls::stream<hls::axis<ap_uint<48>, 1ul, 1ul, 1ul>, 0>&, unsigned short&, unsigned short&, unsigned char&, bool&, bool&, unsigned short&)'
remark: E:/xilinx_axi/v_dma_txss/v_hdmi_tx_ss_ex/v_hdmi_tx_ss_ex.runs/exdes_v_tpg_0_synth_1/prj/sol/.autopilot/db/v_tpg.cpp:972:24: Inlining function 'ap_int_base<5, false>::operator unsigned long long() const' into 'MultiPixStream2AXIvideo(hls::stream<hls::Scalar<6, ap_uint<8> >, 0>&, hls::stream<hls::axis<ap_uint<48>, 1ul, 1ul, 1ul>, 0>&, unsigned short&, unsigned short&, unsigned char&, bool&, bool&, unsigned short&)'
remark: E:/xilinx_axi/v_dma_txss/v_hdmi_tx_ss_ex/v_hdmi_tx_ss_ex.runs/exdes_v_tpg_0_synth_1/prj/sol/.autopilot/db/v_tpg.cpp:958:8: Inlining function 'ap_int_base<1, false>::operator unsigned long long() const' into 'MultiPixStream2AXIvideo(hls::stream<hls::Scalar<6, ap_uint<8> >, 0>&, hls::stream<hls::axis<ap_uint<48>, 1ul, 1ul, 1ul>, 0>&, unsigned short&, unsigned short&, unsigned char&, bool&, bool&, unsigned short&)'
remark: E:/xilinx_axi/v_dma_txss/v_hdmi_tx_ss_ex/v_hdmi_tx_ss_ex.runs/exdes_v_tpg_0_synth_1/prj/sol/.autopilot/db/v_tpg.cpp:658:14: Adding 'ref.tmp40' into disaggregation list because there's array-partition pragma applied on the struct field
remark: E:/xilinx_axi/v_dma_txss/v_hdmi_tx_ss_ex/v_hdmi_tx_ss_ex.runs/exdes_v_tpg_0_synth_1/prj/sol/.autopilot/db/v_tpg.cpp:652:14: Adding 'ref.tmp38' into disaggregation list because there's array-partition pragma applied on the struct field
remark: E:/xilinx_axi/v_dma_txss/v_hdmi_tx_ss_ex/v_hdmi_tx_ss_ex.runs/exdes_v_tpg_0_synth_1/prj/sol/.autopilot/db/v_tpg.cpp:628:14: Adding 'ref.tmp32' into disaggregation list because there's array-partition pragma applied on the struct field
remark: E:/xilinx_axi/v_dma_txss/v_hdmi_tx_ss_ex/v_hdmi_tx_ss_ex.runs/exdes_v_tpg_0_synth_1/prj/sol/.autopilot/db/v_tpg.cpp:620:14: Adding 'ref.tmp30' into disaggregation list because there's array-partition pragma applied on the struct field
remark: E:/xilinx_axi/v_dma_txss/v_hdmi_tx_ss_ex/v_hdmi_tx_ss_ex.runs/exdes_v_tpg_0_synth_1/prj/sol/.autopilot/db/v_tpg.cpp:604:14: Adding 'ref.tmp26' into disaggregation list because there's array-partition pragma applied on the struct field
remark: E:/xilinx_axi/v_dma_txss/v_hdmi_tx_ss_ex/v_hdmi_tx_ss_ex.runs/exdes_v_tpg_0_synth_1/prj/sol/.autopilot/db/v_tpg.cpp:542:14: Adding 'ref.tmp' into disaggregation list because there's array-partition pragma applied on the struct field
remark: E:/xilinx_axi/v_dma_txss/v_hdmi_tx_ss_ex/v_hdmi_tx_ss_ex.runs/exdes_v_tpg_0_synth_1/prj/sol/.autopilot/db/v_tpg.cpp:550:14: Adding 'ref.tmp12' into disaggregation list because there's array-partition pragma applied on the struct field
remark: E:/xilinx_axi/v_dma_txss/v_hdmi_tx_ss_ex/v_hdmi_tx_ss_ex.runs/exdes_v_tpg_0_synth_1/prj/sol/.autopilot/db/v_tpg.cpp:558:14: Adding 'ref.tmp14' into disaggregation list because there's array-partition pragma applied on the struct field
remark: E:/xilinx_axi/v_dma_txss/v_hdmi_tx_ss_ex/v_hdmi_tx_ss_ex.runs/exdes_v_tpg_0_synth_1/prj/sol/.autopilot/db/v_tpg.cpp:566:14: Adding 'ref.tmp16' into disaggregation list because there's array-partition pragma applied on the struct field
remark: E:/xilinx_axi/v_dma_txss/v_hdmi_tx_ss_ex/v_hdmi_tx_ss_ex.runs/exdes_v_tpg_0_synth_1/prj/sol/.autopilot/db/v_tpg.cpp:574:14: Adding 'ref.tmp18' into disaggregation list because there's array-partition pragma applied on the struct field
remark: E:/xilinx_axi/v_dma_txss/v_hdmi_tx_ss_ex/v_hdmi_tx_ss_ex.runs/exdes_v_tpg_0_synth_1/prj/sol/.autopilot/db/v_tpg.cpp:582:14: Adding 'ref.tmp20' into disaggregation list because there's array-partition pragma applied on the struct field
remark: E:/xilinx_axi/v_dma_txss/v_hdmi_tx_ss_ex/v_hdmi_tx_ss_ex.runs/exdes_v_tpg_0_synth_1/prj/sol/.autopilot/db/v_tpg.cpp:590:14: Adding 'ref.tmp22' into disaggregation list because there's array-partition pragma applied on the struct field
remark: E:/xilinx_axi/v_dma_txss/v_hdmi_tx_ss_ex/v_hdmi_tx_ss_ex.runs/exdes_v_tpg_0_synth_1/prj/sol/.autopilot/db/v_tpg.cpp:598:14: Adding 'ref.tmp24' into disaggregation list because there's array-partition pragma applied on the struct field
remark: E:/xilinx_axi/v_dma_txss/v_hdmi_tx_ss_ex/v_hdmi_tx_ss_ex.runs/exdes_v_tpg_0_synth_1/prj/sol/.autopilot/db/v_tpg.cpp:614:14: Adding 'ref.tmp28' into disaggregation list because there's array-partition pragma applied on the struct field
remark: E:/xilinx_axi/v_dma_txss/v_hdmi_tx_ss_ex/v_hdmi_tx_ss_ex.runs/exdes_v_tpg_0_synth_1/prj/sol/.autopilot/db/v_tpg.cpp:638:14: Adding 'ref.tmp34' into disaggregation list because there's array-partition pragma applied on the struct field
remark: E:/xilinx_axi/v_dma_txss/v_hdmi_tx_ss_ex/v_hdmi_tx_ss_ex.runs/exdes_v_tpg_0_synth_1/prj/sol/.autopilot/db/v_tpg.cpp:646:14: Adding 'ref.tmp36' into disaggregation list because there's array-partition pragma applied on the struct field
remark: E:/xilinx_axi/v_dma_txss/v_hdmi_tx_ss_ex/v_hdmi_tx_ss_ex.runs/exdes_v_tpg_0_synth_1/prj/sol/.autopilot/db/v_tpg.cpp:664:14: Adding 'ref.tmp42' into disaggregation list because there's array-partition pragma applied on the struct field
remark: E:/xilinx_axi/v_dma_txss/v_hdmi_tx_ss_ex/v_hdmi_tx_ss_ex.runs/exdes_v_tpg_0_synth_1/prj/sol/.autopilot/db/v_tpg.cpp:671:14: Adding 'ref.tmp44' into disaggregation list because there's array-partition pragma applied on the struct field
remark: E:/xilinx_axi/v_dma_txss/v_hdmi_tx_ss_ex/v_hdmi_tx_ss_ex.runs/exdes_v_tpg_0_synth_1/prj/sol/.autopilot/db/v_tpg.cpp:678:14: Adding 'ref.tmp46' into disaggregation list because there's array-partition pragma applied on the struct field
remark: e:/xilinx_axi/v_dma_txss/v_hdmi_tx_ss_ex/v_hdmi_tx_ss_ex.gen/sources_1/bd/exdes/ip/exdes_v_tpg_0/src/hls/hls_video_core.h:184:9: Adding 'pix' into disaggregation list because there's array-partition pragma applied on the struct field
remark: e:/xilinx_axi/v_dma_txss/v_hdmi_tx_ss_ex/v_hdmi_tx_ss_ex.gen/sources_1/bd/exdes/ip/exdes_v_tpg_0/src/hls/hls_video_core.h:184:9: Adding 'pix' into disaggregation list because there's array-partition pragma applied on the struct field
remark: e:/xilinx_axi/v_dma_txss/v_hdmi_tx_ss_ex/v_hdmi_tx_ss_ex.gen/sources_1/bd/exdes/ip/exdes_v_tpg_0/src/hls/hls_video_core.h:184:9: Adding 'outpix' into disaggregation list because there's array-partition pragma applied on the struct field
remark: e:/xilinx_axi/v_dma_txss/v_hdmi_tx_ss_ex/v_hdmi_tx_ss_ex.gen/sources_1/bd/exdes/ip/exdes_v_tpg_0/src/hls/hls_video_core.h:184:9: Adding 'pix' into disaggregation list because there's array-partition pragma applied on the struct field
remark: E:/xilinx_axi/v_dma_txss/v_hdmi_tx_ss_ex/v_hdmi_tx_ss_ex.runs/exdes_v_tpg_0_synth_1/prj/sol/.autopilot/db/v_tpg.cpp:781:18: Disaggregating variable 'pix'
remark: <unknown>:0:0: Disaggregating variable 'ref.tmp46'
remark: <unknown>:0:0: Disaggregating variable 'ref.tmp44'
remark: <unknown>:0:0: Disaggregating variable 'ref.tmp42'
remark: <unknown>:0:0: Disaggregating variable 'ref.tmp40'
remark: <unknown>:0:0: Disaggregating variable 'ref.tmp38'
remark: <unknown>:0:0: Disaggregating variable 'ref.tmp36'
remark: <unknown>:0:0: Disaggregating variable 'ref.tmp34'
remark: <unknown>:0:0: Disaggregating variable 'ref.tmp32'
remark: <unknown>:0:0: Disaggregating variable 'ref.tmp30'
remark: <unknown>:0:0: Disaggregating variable 'ref.tmp28'
remark: <unknown>:0:0: Disaggregating variable 'ref.tmp26'
remark: <unknown>:0:0: Disaggregating variable 'ref.tmp24'
remark: <unknown>:0:0: Disaggregating variable 'ref.tmp22'
remark: <unknown>:0:0: Disaggregating variable 'ref.tmp20'
remark: <unknown>:0:0: Disaggregating variable 'ref.tmp18'
remark: <unknown>:0:0: Disaggregating variable 'ref.tmp16'
remark: <unknown>:0:0: Disaggregating variable 'ref.tmp14'
remark: <unknown>:0:0: Disaggregating variable 'ref.tmp12'
remark: <unknown>:0:0: Disaggregating variable 'ref.tmp'
remark: E:/xilinx_axi/v_dma_txss/v_hdmi_tx_ss_ex/v_hdmi_tx_ss_ex.runs/exdes_v_tpg_0_synth_1/prj/sol/.autopilot/db/v_tpg.cpp:508:18: Disaggregating variable 'pix'
remark: E:/xilinx_axi/v_dma_txss/v_hdmi_tx_ss_ex/v_hdmi_tx_ss_ex.runs/exdes_v_tpg_0_synth_1/prj/sol/.autopilot/db/v_tpg.cpp:507:18: Disaggregating variable 'outpix'
remark: E:/xilinx_axi/v_dma_txss/v_hdmi_tx_ss_ex/v_hdmi_tx_ss_ex.runs/exdes_v_tpg_0_synth_1/prj/sol/.autopilot/db/v_tpg.cpp:878:18: Disaggregating variable 'pix'
remark: E:/xilinx_axi/v_dma_txss/v_hdmi_tx_ss_ex/v_hdmi_tx_ss_ex.runs/exdes_v_tpg_0_synth_1/prj/sol/.autopilot/db/v_tpg.cpp:966:22: Loop 'VITIS_LOOP_966_3' is marked as complete unroll implied by the pipeline pragma
remark: E:/xilinx_axi/v_dma_txss/v_hdmi_tx_ss_ex/v_hdmi_tx_ss_ex.runs/exdes_v_tpg_0_synth_1/prj/sol/.autopilot/db/v_tpg.cpp:968:23: Loop 'VITIS_LOOP_968_4' is marked as complete unroll implied by the pipeline pragma
remark: E:/xilinx_axi/v_dma_txss/v_hdmi_tx_ss_ex/v_hdmi_tx_ss_ex.runs/exdes_v_tpg_0_synth_1/prj/sol/.autopilot/db/v_tpg.cpp:689:23: Loop 'VITIS_LOOP_689_3' is marked as complete unroll implied by the pipeline pragma
remark: E:/xilinx_axi/v_dma_txss/v_hdmi_tx_ss_ex/v_hdmi_tx_ss_ex.runs/exdes_v_tpg_0_synth_1/prj/sol/.autopilot/db/v_tpg.cpp:1788:21: Loop 'VITIS_LOOP_1788_1' is marked as complete unroll implied by the pipeline pragma
remark: e:/xilinx_axi/v_dma_txss/v_hdmi_tx_ss_ex/v_hdmi_tx_ss_ex.gen/sources_1/bd/exdes/ip/exdes_v_tpg_0/src/hls/hls_video_core.h:182:5: Loop 'anonymous' is marked as complete unroll implied by the pipeline pragma
remark: E:/xilinx_axi/v_dma_txss/v_hdmi_tx_ss_ex/v_hdmi_tx_ss_ex.runs/exdes_v_tpg_0_synth_1/prj/sol/.autopilot/db/v_tpg.cpp:1533:21: Loop 'VITIS_LOOP_1533_1' is marked as complete unroll implied by the pipeline pragma
remark: E:/xilinx_axi/v_dma_txss/v_hdmi_tx_ss_ex/v_hdmi_tx_ss_ex.runs/exdes_v_tpg_0_synth_1/prj/sol/.autopilot/db/v_tpg.cpp:1515:21: Loop 'anonymous' is marked as complete unroll implied by the pipeline pragma
remark: e:/xilinx_axi/v_dma_txss/v_hdmi_tx_ss_ex/v_hdmi_tx_ss_ex.gen/sources_1/bd/exdes/ip/exdes_v_tpg_0/src/hls/hls_video_core.h:182:5: Loop 'anonymous' is marked as complete unroll implied by the pipeline pragma
remark: E:/xilinx_axi/v_dma_txss/v_hdmi_tx_ss_ex/v_hdmi_tx_ss_ex.runs/exdes_v_tpg_0_synth_1/prj/sol/.autopilot/db/v_tpg.cpp:1420:21: Loop 'VITIS_LOOP_1420_1' is marked as complete unroll implied by the pipeline pragma
remark: E:/xilinx_axi/v_dma_txss/v_hdmi_tx_ss_ex/v_hdmi_tx_ss_ex.runs/exdes_v_tpg_0_synth_1/prj/sol/.autopilot/db/v_tpg.cpp:1402:21: Loop 'anonymous' is marked as complete unroll implied by the pipeline pragma
remark: e:/xilinx_axi/v_dma_txss/v_hdmi_tx_ss_ex/v_hdmi_tx_ss_ex.gen/sources_1/bd/exdes/ip/exdes_v_tpg_0/src/hls/hls_video_core.h:182:5: Loop 'anonymous' is marked as complete unroll implied by the pipeline pragma
remark: E:/xilinx_axi/v_dma_txss/v_hdmi_tx_ss_ex/v_hdmi_tx_ss_ex.runs/exdes_v_tpg_0_synth_1/prj/sol/.autopilot/db/v_tpg.cpp:1351:21: Loop 'VITIS_LOOP_1351_1' is marked as complete unroll implied by the pipeline pragma
remark: e:/xilinx_axi/v_dma_txss/v_hdmi_tx_ss_ex/v_hdmi_tx_ss_ex.gen/sources_1/bd/exdes/ip/exdes_v_tpg_0/src/hls/hls_video_core.h:182:5: Loop 'anonymous' is marked as complete unroll implied by the pipeline pragma
remark: E:/xilinx_axi/v_dma_txss/v_hdmi_tx_ss_ex/v_hdmi_tx_ss_ex.runs/exdes_v_tpg_0_synth_1/prj/sol/.autopilot/db/v_tpg.cpp:1333:21: Loop 'anonymous' is marked as complete unroll implied by the pipeline pragma
remark: e:/xilinx_axi/v_dma_txss/v_hdmi_tx_ss_ex/v_hdmi_tx_ss_ex.gen/sources_1/bd/exdes/ip/exdes_v_tpg_0/src/hls/hls_video_core.h:182:5: Loop 'anonymous' is marked as complete unroll implied by the pipeline pragma
remark: E:/xilinx_axi/v_dma_txss/v_hdmi_tx_ss_ex/v_hdmi_tx_ss_ex.runs/exdes_v_tpg_0_synth_1/prj/sol/.autopilot/db/v_tpg.cpp:1198:21: Loop 'VITIS_LOOP_1198_1' is marked as complete unroll implied by the pipeline pragma
remark: E:/xilinx_axi/v_dma_txss/v_hdmi_tx_ss_ex/v_hdmi_tx_ss_ex.runs/exdes_v_tpg_0_synth_1/prj/sol/.autopilot/db/v_tpg.cpp:1194:21: Loop 'anonymous' is marked as complete unroll implied by the pipeline pragma
remark: e:/xilinx_axi/v_dma_txss/v_hdmi_tx_ss_ex/v_hdmi_tx_ss_ex.gen/sources_1/bd/exdes/ip/exdes_v_tpg_0/src/hls/hls_video_core.h:182:5: Loop 'anonymous' is marked as complete unroll implied by the pipeline pragma
remark: E:/xilinx_axi/v_dma_txss/v_hdmi_tx_ss_ex/v_hdmi_tx_ss_ex.runs/exdes_v_tpg_0_synth_1/prj/sol/.autopilot/db/v_tpg.cpp:1151:21: Loop 'VITIS_LOOP_1151_1' is marked as complete unroll implied by the pipeline pragma
remark: e:/xilinx_axi/v_dma_txss/v_hdmi_tx_ss_ex/v_hdmi_tx_ss_ex.gen/sources_1/bd/exdes/ip/exdes_v_tpg_0/src/hls/hls_video_core.h:182:5: Loop 'anonymous' is marked as complete unroll implied by the pipeline pragma
remark: E:/xilinx_axi/v_dma_txss/v_hdmi_tx_ss_ex/v_hdmi_tx_ss_ex.runs/exdes_v_tpg_0_synth_1/prj/sol/.autopilot/db/v_tpg.cpp:824:23: Loop 'VITIS_LOOP_824_1' is marked as complete unroll implied by the pipeline pragma
remark: E:/xilinx_axi/v_dma_txss/v_hdmi_tx_ss_ex/v_hdmi_tx_ss_ex.runs/exdes_v_tpg_0_synth_1/prj/sol/.autopilot/db/v_tpg.cpp:826:24: Loop 'VITIS_LOOP_826_2' is marked as complete unroll implied by the pipeline pragma
remark: E:/xilinx_axi/v_dma_txss/v_hdmi_tx_ss_ex/v_hdmi_tx_ss_ex.runs/exdes_v_tpg_0_synth_1/prj/sol/.autopilot/db/v_tpg.cpp:876:0: Unrolling loop 'VITIS_LOOP_966_3' (E:/xilinx_axi/v_dma_txss/v_hdmi_tx_ss_ex/v_hdmi_tx_ss_ex.runs/exdes_v_tpg_0_synth_1/prj/sol/.autopilot/db/v_tpg.cpp:966:22) in function 'MultiPixStream2AXIvideo' completely with a factor of 2
remark: E:/xilinx_axi/v_dma_txss/v_hdmi_tx_ss_ex/v_hdmi_tx_ss_ex.runs/exdes_v_tpg_0_synth_1/prj/sol/.autopilot/db/v_tpg.cpp:876:0: Unrolling loop 'VITIS_LOOP_968_4' (E:/xilinx_axi/v_dma_txss/v_hdmi_tx_ss_ex/v_hdmi_tx_ss_ex.runs/exdes_v_tpg_0_synth_1/prj/sol/.autopilot/db/v_tpg.cpp:968:23) in function 'MultiPixStream2AXIvideo' completely with a factor of 3
remark: E:/xilinx_axi/v_dma_txss/v_hdmi_tx_ss_ex/v_hdmi_tx_ss_ex.runs/exdes_v_tpg_0_synth_1/prj/sol/.autopilot/db/v_tpg.cpp:876:0: Unrolling loop 'VITIS_LOOP_968_4' (E:/xilinx_axi/v_dma_txss/v_hdmi_tx_ss_ex/v_hdmi_tx_ss_ex.runs/exdes_v_tpg_0_synth_1/prj/sol/.autopilot/db/v_tpg.cpp:968:23) in function 'MultiPixStream2AXIvideo' completely with a factor of 3
remark: E:/xilinx_axi/v_dma_txss/v_hdmi_tx_ss_ex/v_hdmi_tx_ss_ex.runs/exdes_v_tpg_0_synth_1/prj/sol/.autopilot/db/v_tpg.cpp:503:0: Unrolling loop 'VITIS_LOOP_689_3' (E:/xilinx_axi/v_dma_txss/v_hdmi_tx_ss_ex/v_hdmi_tx_ss_ex.runs/exdes_v_tpg_0_synth_1/prj/sol/.autopilot/db/v_tpg.cpp:689:23) in function 'tpgBackground' completely with a factor of 2
remark: E:/xilinx_axi/v_dma_txss/v_hdmi_tx_ss_ex/v_hdmi_tx_ss_ex.runs/exdes_v_tpg_0_synth_1/prj/sol/.autopilot/db/v_tpg.cpp:1779:0: Unrolling loop 'VITIS_LOOP_1788_1' (E:/xilinx_axi/v_dma_txss/v_hdmi_tx_ss_ex/v_hdmi_tx_ss_ex.runs/exdes_v_tpg_0_synth_1/prj/sol/.autopilot/db/v_tpg.cpp:1788:21) in function 'tpgPRBS' completely with a factor of 2
remark: E:/xilinx_axi/v_dma_txss/v_hdmi_tx_ss_ex/v_hdmi_tx_ss_ex.runs/exdes_v_tpg_0_synth_1/prj/sol/.autopilot/db/v_tpg.cpp:1779:0: Unrolling loop 'anonymous' (e:/xilinx_axi/v_dma_txss/v_hdmi_tx_ss_ex/v_hdmi_tx_ss_ex.gen/sources_1/bd/exdes/ip/exdes_v_tpg_0/src/hls/hls_video_core.h:182:5) in function 'tpgPRBS' completely with a factor of 6
remark: E:/xilinx_axi/v_dma_txss/v_hdmi_tx_ss_ex/v_hdmi_tx_ss_ex.runs/exdes_v_tpg_0_synth_1/prj/sol/.autopilot/db/v_tpg.cpp:1507:0: Unrolling loop 'VITIS_LOOP_1533_1' (E:/xilinx_axi/v_dma_txss/v_hdmi_tx_ss_ex/v_hdmi_tx_ss_ex.runs/exdes_v_tpg_0_synth_1/prj/sol/.autopilot/db/v_tpg.cpp:1533:21) in function 'tpgPatternCheckerBoard' completely with a factor of 2
remark: E:/xilinx_axi/v_dma_txss/v_hdmi_tx_ss_ex/v_hdmi_tx_ss_ex.runs/exdes_v_tpg_0_synth_1/prj/sol/.autopilot/db/v_tpg.cpp:1507:0: Unrolling loop 'anonymous' (E:/xilinx_axi/v_dma_txss/v_hdmi_tx_ss_ex/v_hdmi_tx_ss_ex.runs/exdes_v_tpg_0_synth_1/prj/sol/.autopilot/db/v_tpg.cpp:1515:21) in function 'tpgPatternCheckerBoard' completely with a factor of 2
remark: E:/xilinx_axi/v_dma_txss/v_hdmi_tx_ss_ex/v_hdmi_tx_ss_ex.runs/exdes_v_tpg_0_synth_1/prj/sol/.autopilot/db/v_tpg.cpp:1507:0: Unrolling loop 'anonymous' (e:/xilinx_axi/v_dma_txss/v_hdmi_tx_ss_ex/v_hdmi_tx_ss_ex.gen/sources_1/bd/exdes/ip/exdes_v_tpg_0/src/hls/hls_video_core.h:182:5) in function 'tpgPatternCheckerBoard' completely with a factor of 6
remark: E:/xilinx_axi/v_dma_txss/v_hdmi_tx_ss_ex/v_hdmi_tx_ss_ex.runs/exdes_v_tpg_0_synth_1/prj/sol/.autopilot/db/v_tpg.cpp:1393:0: Unrolling loop 'VITIS_LOOP_1420_1' (E:/xilinx_axi/v_dma_txss/v_hdmi_tx_ss_ex/v_hdmi_tx_ss_ex.runs/exdes_v_tpg_0_synth_1/prj/sol/.autopilot/db/v_tpg.cpp:1420:21) in function 'tpgPatternCrossHatch' completely with a factor of 2
remark: E:/xilinx_axi/v_dma_txss/v_hdmi_tx_ss_ex/v_hdmi_tx_ss_ex.runs/exdes_v_tpg_0_synth_1/prj/sol/.autopilot/db/v_tpg.cpp:1393:0: Unrolling loop 'anonymous' (E:/xilinx_axi/v_dma_txss/v_hdmi_tx_ss_ex/v_hdmi_tx_ss_ex.runs/exdes_v_tpg_0_synth_1/prj/sol/.autopilot/db/v_tpg.cpp:1402:21) in function 'tpgPatternCrossHatch' completely with a factor of 2
remark: E:/xilinx_axi/v_dma_txss/v_hdmi_tx_ss_ex/v_hdmi_tx_ss_ex.runs/exdes_v_tpg_0_synth_1/prj/sol/.autopilot/db/v_tpg.cpp:1393:0: Unrolling loop 'anonymous' (e:/xilinx_axi/v_dma_txss/v_hdmi_tx_ss_ex/v_hdmi_tx_ss_ex.gen/sources_1/bd/exdes/ip/exdes_v_tpg_0/src/hls/hls_video_core.h:182:5) in function 'tpgPatternCrossHatch' completely with a factor of 6
remark: E:/xilinx_axi/v_dma_txss/v_hdmi_tx_ss_ex/v_hdmi_tx_ss_ex.runs/exdes_v_tpg_0_synth_1/prj/sol/.autopilot/db/v_tpg.cpp:1325:0: Unrolling loop 'VITIS_LOOP_1351_1' (E:/xilinx_axi/v_dma_txss/v_hdmi_tx_ss_ex/v_hdmi_tx_ss_ex.runs/exdes_v_tpg_0_synth_1/prj/sol/.autopilot/db/v_tpg.cpp:1351:21) in function 'tpgPatternTartanColorBars' completely with a factor of 2
remark: E:/xilinx_axi/v_dma_txss/v_hdmi_tx_ss_ex/v_hdmi_tx_ss_ex.runs/exdes_v_tpg_0_synth_1/prj/sol/.autopilot/db/v_tpg.cpp:1325:0: Unrolling loop 'anonymous' (e:/xilinx_axi/v_dma_txss/v_hdmi_tx_ss_ex/v_hdmi_tx_ss_ex.gen/sources_1/bd/exdes/ip/exdes_v_tpg_0/src/hls/hls_video_core.h:182:5) in function 'tpgPatternTartanColorBars' completely with a factor of 3
remark: E:/xilinx_axi/v_dma_txss/v_hdmi_tx_ss_ex/v_hdmi_tx_ss_ex.runs/exdes_v_tpg_0_synth_1/prj/sol/.autopilot/db/v_tpg.cpp:1325:0: Unrolling loop 'anonymous' (e:/xilinx_axi/v_dma_txss/v_hdmi_tx_ss_ex/v_hdmi_tx_ss_ex.gen/sources_1/bd/exdes/ip/exdes_v_tpg_0/src/hls/hls_video_core.h:182:5) in function 'tpgPatternTartanColorBars' completely with a factor of 3
remark: E:/xilinx_axi/v_dma_txss/v_hdmi_tx_ss_ex/v_hdmi_tx_ss_ex.runs/exdes_v_tpg_0_synth_1/prj/sol/.autopilot/db/v_tpg.cpp:1325:0: Unrolling loop 'anonymous' (E:/xilinx_axi/v_dma_txss/v_hdmi_tx_ss_ex/v_hdmi_tx_ss_ex.runs/exdes_v_tpg_0_synth_1/prj/sol/.autopilot/db/v_tpg.cpp:1333:21) in function 'tpgPatternTartanColorBars' completely with a factor of 2
remark: E:/xilinx_axi/v_dma_txss/v_hdmi_tx_ss_ex/v_hdmi_tx_ss_ex.runs/exdes_v_tpg_0_synth_1/prj/sol/.autopilot/db/v_tpg.cpp:1325:0: Unrolling loop 'anonymous' (e:/xilinx_axi/v_dma_txss/v_hdmi_tx_ss_ex/v_hdmi_tx_ss_ex.gen/sources_1/bd/exdes/ip/exdes_v_tpg_0/src/hls/hls_video_core.h:182:5) in function 'tpgPatternTartanColorBars' completely with a factor of 6
remark: E:/xilinx_axi/v_dma_txss/v_hdmi_tx_ss_ex/v_hdmi_tx_ss_ex.runs/exdes_v_tpg_0_synth_1/prj/sol/.autopilot/db/v_tpg.cpp:1191:0: Unrolling loop 'VITIS_LOOP_1198_1' (E:/xilinx_axi/v_dma_txss/v_hdmi_tx_ss_ex/v_hdmi_tx_ss_ex.runs/exdes_v_tpg_0_synth_1/prj/sol/.autopilot/db/v_tpg.cpp:1198:21) in function 'tpgPatternColorBars' completely with a factor of 2
remark: E:/xilinx_axi/v_dma_txss/v_hdmi_tx_ss_ex/v_hdmi_tx_ss_ex.runs/exdes_v_tpg_0_synth_1/prj/sol/.autopilot/db/v_tpg.cpp:1191:0: Unrolling loop 'anonymous' (E:/xilinx_axi/v_dma_txss/v_hdmi_tx_ss_ex/v_hdmi_tx_ss_ex.runs/exdes_v_tpg_0_synth_1/prj/sol/.autopilot/db/v_tpg.cpp:1194:21) in function 'tpgPatternColorBars' completely with a factor of 2
remark: E:/xilinx_axi/v_dma_txss/v_hdmi_tx_ss_ex/v_hdmi_tx_ss_ex.runs/exdes_v_tpg_0_synth_1/prj/sol/.autopilot/db/v_tpg.cpp:1191:0: Unrolling loop 'anonymous' (e:/xilinx_axi/v_dma_txss/v_hdmi_tx_ss_ex/v_hdmi_tx_ss_ex.gen/sources_1/bd/exdes/ip/exdes_v_tpg_0/src/hls/hls_video_core.h:182:5) in function 'tpgPatternColorBars' completely with a factor of 6
remark: E:/xilinx_axi/v_dma_txss/v_hdmi_tx_ss_ex/v_hdmi_tx_ss_ex.runs/exdes_v_tpg_0_synth_1/prj/sol/.autopilot/db/v_tpg.cpp:1149:0: Unrolling loop 'VITIS_LOOP_1151_1' (E:/xilinx_axi/v_dma_txss/v_hdmi_tx_ss_ex/v_hdmi_tx_ss_ex.runs/exdes_v_tpg_0_synth_1/prj/sol/.autopilot/db/v_tpg.cpp:1151:21) in function 'tpgPatternSolidBlack' completely with a factor of 2
remark: E:/xilinx_axi/v_dma_txss/v_hdmi_tx_ss_ex/v_hdmi_tx_ss_ex.runs/exdes_v_tpg_0_synth_1/prj/sol/.autopilot/db/v_tpg.cpp:1149:0: Unrolling loop 'anonymous' (e:/xilinx_axi/v_dma_txss/v_hdmi_tx_ss_ex/v_hdmi_tx_ss_ex.gen/sources_1/bd/exdes/ip/exdes_v_tpg_0/src/hls/hls_video_core.h:182:5) in function 'tpgPatternSolidBlack' completely with a factor of 6
remark: E:/xilinx_axi/v_dma_txss/v_hdmi_tx_ss_ex/v_hdmi_tx_ss_ex.runs/exdes_v_tpg_0_synth_1/prj/sol/.autopilot/db/v_tpg.cpp:778:0: Unrolling loop 'VITIS_LOOP_824_1' (E:/xilinx_axi/v_dma_txss/v_hdmi_tx_ss_ex/v_hdmi_tx_ss_ex.runs/exdes_v_tpg_0_synth_1/prj/sol/.autopilot/db/v_tpg.cpp:824:23) in function 'AXIvideo2MultiPixStream' completely with a factor of 2
remark: E:/xilinx_axi/v_dma_txss/v_hdmi_tx_ss_ex/v_hdmi_tx_ss_ex.runs/exdes_v_tpg_0_synth_1/prj/sol/.autopilot/db/v_tpg.cpp:778:0: Unrolling loop 'VITIS_LOOP_826_2' (E:/xilinx_axi/v_dma_txss/v_hdmi_tx_ss_ex/v_hdmi_tx_ss_ex.runs/exdes_v_tpg_0_synth_1/prj/sol/.autopilot/db/v_tpg.cpp:826:24) in function 'AXIvideo2MultiPixStream' completely with a factor of 3
remark: E:/xilinx_axi/v_dma_txss/v_hdmi_tx_ss_ex/v_hdmi_tx_ss_ex.runs/exdes_v_tpg_0_synth_1/prj/sol/.autopilot/db/v_tpg.cpp:778:0: Unrolling loop 'VITIS_LOOP_826_2' (E:/xilinx_axi/v_dma_txss/v_hdmi_tx_ss_ex/v_hdmi_tx_ss_ex.runs/exdes_v_tpg_0_synth_1/prj/sol/.autopilot/db/v_tpg.cpp:826:24) in function 'AXIvideo2MultiPixStream' completely with a factor of 3
remark: E:/xilinx_axi/v_dma_txss/v_hdmi_tx_ss_ex/v_hdmi_tx_ss_ex.runs/exdes_v_tpg_0_synth_1/prj/sol/.autopilot/db/v_tpg.cpp:503:0: Inlining function 'tpgPRBS(unsigned short, unsigned char)' into 'tpgBackground(hls::stream<hls::Scalar<6, ap_uint<8> >, 0>&, unsigned short&, unsigned short&, int&, unsigned short&, unsigned short&, unsigned short&, unsigned short&, unsigned char&, unsigned char&, unsigned short&, unsigned short&, unsigned short&, unsigned short&, unsigned char&, unsigned char&, unsigned char&, unsigned char&, hls::stream<hls::Scalar<6, ap_uint<8> >, 0>&)'
remark: E:/xilinx_axi/v_dma_txss/v_hdmi_tx_ss_ex/v_hdmi_tx_ss_ex.runs/exdes_v_tpg_0_synth_1/prj/sol/.autopilot/db/v_tpg.cpp:507:18: Applying array_partition to 'outpix': Complete partitioning on dimension 1.
remark: <unknown>:0:0: Applying array_partition to 'ref.tmp': Complete partitioning on dimension 1.
remark: <unknown>:0:0: Applying array_partition to 'ref.tmp12': Complete partitioning on dimension 1.
remark: <unknown>:0:0: Applying array_partition to 'ref.tmp14': Complete partitioning on dimension 1.
remark: <unknown>:0:0: Applying array_partition to 'ref.tmp16': Complete partitioning on dimension 1.
remark: <unknown>:0:0: Applying array_partition to 'ref.tmp18': Complete partitioning on dimension 1.
remark: <unknown>:0:0: Applying array_partition to 'ref.tmp20': Complete partitioning on dimension 1.
remark: <unknown>:0:0: Applying array_partition to 'ref.tmp22': Complete partitioning on dimension 1.
remark: <unknown>:0:0: Applying array_partition to 'ref.tmp24': Complete partitioning on dimension 1.
remark: <unknown>:0:0: Applying array_partition to 'ref.tmp26': Complete partitioning on dimension 1.
remark: <unknown>:0:0: Applying array_partition to 'ref.tmp28': Complete partitioning on dimension 1.
remark: <unknown>:0:0: Applying array_partition to 'ref.tmp30': Complete partitioning on dimension 1.
remark: <unknown>:0:0: Applying array_partition to 'ref.tmp32': Complete partitioning on dimension 1.
remark: <unknown>:0:0: Applying array_partition to 'ref.tmp34': Complete partitioning on dimension 1.
remark: <unknown>:0:0: Applying array_partition to 'ref.tmp36': Complete partitioning on dimension 1.
remark: <unknown>:0:0: Applying array_partition to 'ref.tmp38': Complete partitioning on dimension 1.
remark: <unknown>:0:0: Applying array_partition to 'ref.tmp42': Complete partitioning on dimension 1.
remark: <unknown>:0:0: Applying array_partition to 'ref.tmp44': Complete partitioning on dimension 1.
remark: <unknown>:0:0: Applying array_partition to 'ref.tmp46': Complete partitioning on dimension 1.
remark: E:/xilinx_axi/v_dma_txss/v_hdmi_tx_ss_ex/v_hdmi_tx_ss_ex.runs/exdes_v_tpg_0_synth_1/prj/sol/.autopilot/db/v_tpg.cpp:280:22: Aggregating fifo (hls::stream) variable 'ovrlayYUV' with compact=bit mode in 48-bits
remark: E:/xilinx_axi/v_dma_txss/v_hdmi_tx_ss_ex/v_hdmi_tx_ss_ex.runs/exdes_v_tpg_0_synth_1/prj/sol/.autopilot/db/v_tpg.cpp:277:22: Aggregating fifo (hls::stream) variable 'srcYUV' with compact=bit mode in 48-bits
remark: E:/xilinx_axi/v_dma_txss/v_hdmi_tx_ss_ex/v_hdmi_tx_ss_ex.runs/exdes_v_tpg_0_synth_1/prj/sol/.autopilot/db/v_tpg.cpp:792:3: Could not analyze the loop bounds _XLX_SEP_ loop_wait_for_start E:/xilinx_axi/v_dma_txss/v_hdmi_tx_ss_ex/v_hdmi_tx_ss_ex.runs/exdes_v_tpg_0_synth_1/prj/sol/.autopilot/db/v_tpg.cpp:792:3 AXIvideo2MultiPixStream(hls::stream<hls::axis<ap_uint<48>, 1ul, 1ul, 1ul>, 0>&, hls::stream<hls::Scalar<6, ap_uint<8> >, 0>&, unsigned char&, unsigned short&, unsigned short&, unsigned char&) 
remark: E:/xilinx_axi/v_dma_txss/v_hdmi_tx_ss_ex/v_hdmi_tx_ss_ex.runs/exdes_v_tpg_0_synth_1/prj/sol/.autopilot/db/v_tpg.cpp:852:4: Could not analyze the loop bounds _XLX_SEP_ loop_wait_for_eol E:/xilinx_axi/v_dma_txss/v_hdmi_tx_ss_ex/v_hdmi_tx_ss_ex.runs/exdes_v_tpg_0_synth_1/prj/sol/.autopilot/db/v_tpg.cpp:852:4 AXIvideo2MultiPixStream(hls::stream<hls::axis<ap_uint<48>, 1ul, 1ul, 1ul>, 0>&, hls::stream<hls::Scalar<6, ap_uint<8> >, 0>&, unsigned char&, unsigned short&, unsigned short&, unsigned char&) 
remark: E:/xilinx_axi/v_dma_txss/v_hdmi_tx_ss_ex/v_hdmi_tx_ss_ex.runs/exdes_v_tpg_0_synth_1/prj/sol/.autopilot/db/v_tpg.cpp:520:21: Could not analyze the loop bounds _XLX_SEP_ VITIS_LOOP_520_2 E:/xilinx_axi/v_dma_txss/v_hdmi_tx_ss_ex/v_hdmi_tx_ss_ex.runs/exdes_v_tpg_0_synth_1/prj/sol/.autopilot/db/v_tpg.cpp:520:21 tpgBackground(hls::stream<hls::Scalar<6, ap_uint<8> >, 0>&, unsigned short&, unsigned short&, int&, unsigned short&, unsigned short&, unsigned short&, unsigned short&, unsigned char&, unsigned char&, unsigned short&, unsigned short&, unsigned short&, unsigned short&, unsigned char&, unsigned char&, unsigned char&, unsigned char&, hls::stream<hls::Scalar<6, ap_uint<8> >, 0>&) 
remark: E:/xilinx_axi/v_dma_txss/v_hdmi_tx_ss_ex/v_hdmi_tx_ss_ex.runs/exdes_v_tpg_0_synth_1/prj/sol/.autopilot/db/v_tpg.cpp:678:14: Automatically inlining function 'tpgPatternSolidBlack(unsigned short, unsigned char)' to improve effectiveness of pipeline pragma in function 'tpgBackground(hls::stream<hls::Scalar<6, ap_uint<8> >, 0>&, unsigned short&, unsigned short&, int&, unsigned short&, unsigned short&, unsigned short&, unsigned short&, unsigned char&, unsigned char&, unsigned short&, unsigned short&, unsigned short&, unsigned short&, unsigned char&, unsigned char&, unsigned char&, unsigned char&, hls::stream<hls::Scalar<6, ap_uint<8> >, 0>&)'
remark: E:/xilinx_axi/v_dma_txss/v_hdmi_tx_ss_ex/v_hdmi_tx_ss_ex.runs/exdes_v_tpg_0_synth_1/prj/sol/.autopilot/db/v_tpg.cpp:671:14: Automatically inlining function 'tpgPatternSolidBlack(unsigned short, unsigned char)' to improve effectiveness of pipeline pragma in function 'tpgBackground(hls::stream<hls::Scalar<6, ap_uint<8> >, 0>&, unsigned short&, unsigned short&, int&, unsigned short&, unsigned short&, unsigned short&, unsigned short&, unsigned char&, unsigned char&, unsigned short&, unsigned short&, unsigned short&, unsigned short&, unsigned char&, unsigned char&, unsigned char&, unsigned char&, hls::stream<hls::Scalar<6, ap_uint<8> >, 0>&)'
remark: E:/xilinx_axi/v_dma_txss/v_hdmi_tx_ss_ex/v_hdmi_tx_ss_ex.runs/exdes_v_tpg_0_synth_1/prj/sol/.autopilot/db/v_tpg.cpp:664:14: Automatically inlining function 'tpgPatternSolidBlack(unsigned short, unsigned char)' to improve effectiveness of pipeline pragma in function 'tpgBackground(hls::stream<hls::Scalar<6, ap_uint<8> >, 0>&, unsigned short&, unsigned short&, int&, unsigned short&, unsigned short&, unsigned short&, unsigned short&, unsigned char&, unsigned char&, unsigned short&, unsigned short&, unsigned short&, unsigned short&, unsigned char&, unsigned char&, unsigned char&, unsigned char&, hls::stream<hls::Scalar<6, ap_uint<8> >, 0>&)'
remark: E:/xilinx_axi/v_dma_txss/v_hdmi_tx_ss_ex/v_hdmi_tx_ss_ex.runs/exdes_v_tpg_0_synth_1/prj/sol/.autopilot/db/v_tpg.cpp:652:14: Automatically inlining function 'tpgPatternCheckerBoard(unsigned short, unsigned short, unsigned short, unsigned short, unsigned char)' to improve effectiveness of pipeline pragma in function 'tpgBackground(hls::stream<hls::Scalar<6, ap_uint<8> >, 0>&, unsigned short&, unsigned short&, int&, unsigned short&, unsigned short&, unsigned short&, unsigned short&, unsigned char&, unsigned char&, unsigned short&, unsigned short&, unsigned short&, unsigned short&, unsigned char&, unsigned char&, unsigned char&, unsigned char&, hls::stream<hls::Scalar<6, ap_uint<8> >, 0>&)'
remark: E:/xilinx_axi/v_dma_txss/v_hdmi_tx_ss_ex/v_hdmi_tx_ss_ex.runs/exdes_v_tpg_0_synth_1/prj/sol/.autopilot/db/v_tpg.cpp:646:14: Automatically inlining function 'tpgPatternSolidBlack(unsigned short, unsigned char)' to improve effectiveness of pipeline pragma in function 'tpgBackground(hls::stream<hls::Scalar<6, ap_uint<8> >, 0>&, unsigned short&, unsigned short&, int&, unsigned short&, unsigned short&, unsigned short&, unsigned short&, unsigned char&, unsigned char&, unsigned short&, unsigned short&, unsigned short&, unsigned short&, unsigned char&, unsigned char&, unsigned char&, unsigned char&, hls::stream<hls::Scalar<6, ap_uint<8> >, 0>&)'
remark: E:/xilinx_axi/v_dma_txss/v_hdmi_tx_ss_ex/v_hdmi_tx_ss_ex.runs/exdes_v_tpg_0_synth_1/prj/sol/.autopilot/db/v_tpg.cpp:638:14: Automatically inlining function 'tpgPatternSolidBlack(unsigned short, unsigned char)' to improve effectiveness of pipeline pragma in function 'tpgBackground(hls::stream<hls::Scalar<6, ap_uint<8> >, 0>&, unsigned short&, unsigned short&, int&, unsigned short&, unsigned short&, unsigned short&, unsigned short&, unsigned char&, unsigned char&, unsigned short&, unsigned short&, unsigned short&, unsigned short&, unsigned char&, unsigned char&, unsigned char&, unsigned char&, hls::stream<hls::Scalar<6, ap_uint<8> >, 0>&)'
remark: E:/xilinx_axi/v_dma_txss/v_hdmi_tx_ss_ex/v_hdmi_tx_ss_ex.runs/exdes_v_tpg_0_synth_1/prj/sol/.autopilot/db/v_tpg.cpp:628:14: Automatically inlining function 'tpgPatternCrossHatch(unsigned short, unsigned short, unsigned short, unsigned short, unsigned char)' to improve effectiveness of pipeline pragma in function 'tpgBackground(hls::stream<hls::Scalar<6, ap_uint<8> >, 0>&, unsigned short&, unsigned short&, int&, unsigned short&, unsigned short&, unsigned short&, unsigned short&, unsigned char&, unsigned char&, unsigned short&, unsigned short&, unsigned short&, unsigned short&, unsigned char&, unsigned char&, unsigned char&, unsigned char&, hls::stream<hls::Scalar<6, ap_uint<8> >, 0>&)'
remark: E:/xilinx_axi/v_dma_txss/v_hdmi_tx_ss_ex/v_hdmi_tx_ss_ex.runs/exdes_v_tpg_0_synth_1/prj/sol/.autopilot/db/v_tpg.cpp:620:14: Automatically inlining function 'tpgPatternTartanColorBars(unsigned short, unsigned short, unsigned short, unsigned short, unsigned char)' to improve effectiveness of pipeline pragma in function 'tpgBackground(hls::stream<hls::Scalar<6, ap_uint<8> >, 0>&, unsigned short&, unsigned short&, int&, unsigned short&, unsigned short&, unsigned short&, unsigned short&, unsigned char&, unsigned char&, unsigned short&, unsigned short&, unsigned short&, unsigned short&, unsigned char&, unsigned char&, unsigned char&, unsigned char&, hls::stream<hls::Scalar<6, ap_uint<8> >, 0>&)'
remark: E:/xilinx_axi/v_dma_txss/v_hdmi_tx_ss_ex/v_hdmi_tx_ss_ex.runs/exdes_v_tpg_0_synth_1/prj/sol/.autopilot/db/v_tpg.cpp:614:14: Automatically inlining function 'tpgPatternSolidBlack(unsigned short, unsigned char)' to improve effectiveness of pipeline pragma in function 'tpgBackground(hls::stream<hls::Scalar<6, ap_uint<8> >, 0>&, unsigned short&, unsigned short&, int&, unsigned short&, unsigned short&, unsigned short&, unsigned short&, unsigned char&, unsigned char&, unsigned short&, unsigned short&, unsigned short&, unsigned short&, unsigned char&, unsigned char&, unsigned char&, unsigned char&, hls::stream<hls::Scalar<6, ap_uint<8> >, 0>&)'
remark: E:/xilinx_axi/v_dma_txss/v_hdmi_tx_ss_ex/v_hdmi_tx_ss_ex.runs/exdes_v_tpg_0_synth_1/prj/sol/.autopilot/db/v_tpg.cpp:604:14: Automatically inlining function 'tpgPatternColorBars(unsigned short, unsigned short, unsigned char, int)' to improve effectiveness of pipeline pragma in function 'tpgBackground(hls::stream<hls::Scalar<6, ap_uint<8> >, 0>&, unsigned short&, unsigned short&, int&, unsigned short&, unsigned short&, unsigned short&, unsigned short&, unsigned char&, unsigned char&, unsigned short&, unsigned short&, unsigned short&, unsigned short&, unsigned char&, unsigned char&, unsigned char&, unsigned char&, hls::stream<hls::Scalar<6, ap_uint<8> >, 0>&)'
remark: E:/xilinx_axi/v_dma_txss/v_hdmi_tx_ss_ex/v_hdmi_tx_ss_ex.runs/exdes_v_tpg_0_synth_1/prj/sol/.autopilot/db/v_tpg.cpp:598:14: Automatically inlining function 'tpgPatternSolidBlack(unsigned short, unsigned char)' to improve effectiveness of pipeline pragma in function 'tpgBackground(hls::stream<hls::Scalar<6, ap_uint<8> >, 0>&, unsigned short&, unsigned short&, int&, unsigned short&, unsigned short&, unsigned short&, unsigned short&, unsigned char&, unsigned char&, unsigned short&, unsigned short&, unsigned short&, unsigned short&, unsigned char&, unsigned char&, unsigned char&, unsigned char&, hls::stream<hls::Scalar<6, ap_uint<8> >, 0>&)'
remark: E:/xilinx_axi/v_dma_txss/v_hdmi_tx_ss_ex/v_hdmi_tx_ss_ex.runs/exdes_v_tpg_0_synth_1/prj/sol/.autopilot/db/v_tpg.cpp:590:14: Automatically inlining function 'tpgPatternSolidBlack(unsigned short, unsigned char)' to improve effectiveness of pipeline pragma in function 'tpgBackground(hls::stream<hls::Scalar<6, ap_uint<8> >, 0>&, unsigned short&, unsigned short&, int&, unsigned short&, unsigned short&, unsigned short&, unsigned short&, unsigned char&, unsigned char&, unsigned short&, unsigned short&, unsigned short&, unsigned short&, unsigned char&, unsigned char&, unsigned char&, unsigned char&, hls::stream<hls::Scalar<6, ap_uint<8> >, 0>&)'
remark: E:/xilinx_axi/v_dma_txss/v_hdmi_tx_ss_ex/v_hdmi_tx_ss_ex.runs/exdes_v_tpg_0_synth_1/prj/sol/.autopilot/db/v_tpg.cpp:582:14: Automatically inlining function 'tpgPatternSolidBlack(unsigned short, unsigned char)' to improve effectiveness of pipeline pragma in function 'tpgBackground(hls::stream<hls::Scalar<6, ap_uint<8> >, 0>&, unsigned short&, unsigned short&, int&, unsigned short&, unsigned short&, unsigned short&, unsigned short&, unsigned char&, unsigned char&, unsigned short&, unsigned short&, unsigned short&, unsigned short&, unsigned char&, unsigned char&, unsigned char&, unsigned char&, hls::stream<hls::Scalar<6, ap_uint<8> >, 0>&)'
remark: E:/xilinx_axi/v_dma_txss/v_hdmi_tx_ss_ex/v_hdmi_tx_ss_ex.runs/exdes_v_tpg_0_synth_1/prj/sol/.autopilot/db/v_tpg.cpp:574:14: Automatically inlining function 'tpgPatternSolidBlack(unsigned short, unsigned char)' to improve effectiveness of pipeline pragma in function 'tpgBackground(hls::stream<hls::Scalar<6, ap_uint<8> >, 0>&, unsigned short&, unsigned short&, int&, unsigned short&, unsigned short&, unsigned short&, unsigned short&, unsigned char&, unsigned char&, unsigned short&, unsigned short&, unsigned short&, unsigned short&, unsigned char&, unsigned char&, unsigned char&, unsigned char&, hls::stream<hls::Scalar<6, ap_uint<8> >, 0>&)'
remark: E:/xilinx_axi/v_dma_txss/v_hdmi_tx_ss_ex/v_hdmi_tx_ss_ex.runs/exdes_v_tpg_0_synth_1/prj/sol/.autopilot/db/v_tpg.cpp:566:14: Automatically inlining function 'tpgPatternSolidBlack(unsigned short, unsigned char)' to improve effectiveness of pipeline pragma in function 'tpgBackground(hls::stream<hls::Scalar<6, ap_uint<8> >, 0>&, unsigned short&, unsigned short&, int&, unsigned short&, unsigned short&, unsigned short&, unsigned short&, unsigned char&, unsigned char&, unsigned short&, unsigned short&, unsigned short&, unsigned short&, unsigned char&, unsigned char&, unsigned char&, unsigned char&, hls::stream<hls::Scalar<6, ap_uint<8> >, 0>&)'
remark: E:/xilinx_axi/v_dma_txss/v_hdmi_tx_ss_ex/v_hdmi_tx_ss_ex.runs/exdes_v_tpg_0_synth_1/prj/sol/.autopilot/db/v_tpg.cpp:558:14: Automatically inlining function 'tpgPatternSolidBlack(unsigned short, unsigned char)' to improve effectiveness of pipeline pragma in function 'tpgBackground(hls::stream<hls::Scalar<6, ap_uint<8> >, 0>&, unsigned short&, unsigned short&, int&, unsigned short&, unsigned short&, unsigned short&, unsigned short&, unsigned char&, unsigned char&, unsigned short&, unsigned short&, unsigned short&, unsigned short&, unsigned char&, unsigned char&, unsigned char&, unsigned char&, hls::stream<hls::Scalar<6, ap_uint<8> >, 0>&)'
remark: E:/xilinx_axi/v_dma_txss/v_hdmi_tx_ss_ex/v_hdmi_tx_ss_ex.runs/exdes_v_tpg_0_synth_1/prj/sol/.autopilot/db/v_tpg.cpp:550:14: Automatically inlining function 'tpgPatternSolidBlack(unsigned short, unsigned char)' to improve effectiveness of pipeline pragma in function 'tpgBackground(hls::stream<hls::Scalar<6, ap_uint<8> >, 0>&, unsigned short&, unsigned short&, int&, unsigned short&, unsigned short&, unsigned short&, unsigned short&, unsigned char&, unsigned char&, unsigned short&, unsigned short&, unsigned short&, unsigned short&, unsigned char&, unsigned char&, unsigned char&, unsigned char&, hls::stream<hls::Scalar<6, ap_uint<8> >, 0>&)'
remark: E:/xilinx_axi/v_dma_txss/v_hdmi_tx_ss_ex/v_hdmi_tx_ss_ex.runs/exdes_v_tpg_0_synth_1/prj/sol/.autopilot/db/v_tpg.cpp:542:14: Automatically inlining function 'tpgPatternSolidBlack(unsigned short, unsigned char)' to improve effectiveness of pipeline pragma in function 'tpgBackground(hls::stream<hls::Scalar<6, ap_uint<8> >, 0>&, unsigned short&, unsigned short&, int&, unsigned short&, unsigned short&, unsigned short&, unsigned short&, unsigned char&, unsigned char&, unsigned short&, unsigned short&, unsigned short&, unsigned short&, unsigned char&, unsigned char&, unsigned char&, unsigned char&, hls::stream<hls::Scalar<6, ap_uint<8> >, 0>&)'
