

================================================================
== Vitis HLS Report for 'AXIvideo2MultiPixStream'
================================================================
* Date:           Tue Apr  9 10:34:57 2024

* Version:        2022.2 (Build 3670227 on Oct 13 2022)
* Project:        prj
* Solution:       sol (Vivado IP Flow Target)
* Product family: zynquplus
* Target device:  xczu7ev-ffvc1156-2-e


================================================================
== Performance Estimates
================================================================
+ Timing: 
    * Summary: 
    +--------+---------+----------+------------+
    |  Clock |  Target | Estimated| Uncertainty|
    +--------+---------+----------+------------+
    |ap_clk  |  3.33 ns|  2.378 ns|     0.90 ns|
    +--------+---------+----------+------------+

+ Latency: 
    * Summary: 
    +---------+---------+----------+-----------+-----+---------+---------+
    |  Latency (cycles) |  Latency (absolute)  |    Interval   | Pipeline|
    |   min   |   max   |    min   |    max    | min |   max   |   Type  |
    +---------+---------+----------+-----------+-----+---------+---------+
    |        2|  4447446|  6.666 ns|  14.823 ms|    2|  4447446|       no|
    +---------+---------+----------+-----------+-----+---------+---------+

    + Detail: 
        * Instance: 
        +-----------------------------------------------------------------+------------------------------------------------------+---------+---------+-----------+----------+-----+------+---------+
        |                                                                 |                                                      |  Latency (cycles) |  Latency (absolute)  |  Interval  | Pipeline|
        |                             Instance                            |                        Module                        |   min   |   max   |    min    |    max   | min |  max |   Type  |
        +-----------------------------------------------------------------+------------------------------------------------------+---------+---------+-----------+----------+-----+------+---------+
        |grp_AXIvideo2MultiPixStream_Pipeline_loop_wait_for_start_fu_185  |AXIvideo2MultiPixStream_Pipeline_loop_wait_for_start  |        2|        2|   6.666 ns|  6.666 ns|    2|     2|       no|
        |grp_AXIvideo2MultiPixStream_Pipeline_loop_width_fu_205           |AXIvideo2MultiPixStream_Pipeline_loop_width           |        4|     2051|  13.332 ns|  6.836 us|    4|  2051|       no|
        |grp_AXIvideo2MultiPixStream_Pipeline_loop_wait_for_eol_fu_235    |AXIvideo2MultiPixStream_Pipeline_loop_wait_for_eol    |        2|        2|   6.666 ns|  6.666 ns|    2|     2|       no|
        |grp_reg_unsigned_short_s_fu_261                                  |reg_unsigned_short_s                                  |        1|        1|   3.333 ns|  3.333 ns|    1|     1|      yes|
        |grp_reg_unsigned_short_s_fu_267                                  |reg_unsigned_short_s                                  |        1|        1|   3.333 ns|  3.333 ns|    1|     1|      yes|
        +-----------------------------------------------------------------+------------------------------------------------------+---------+---------+-----------+----------+-----+------+---------+

        * Loop: 
        +---------------+---------+---------+----------+-----------+-----------+----------+----------+
        |               |  Latency (cycles) | Iteration|  Initiation Interval  |   Trip   |          |
        |   Loop Name   |   min   |   max   |  Latency |  achieved |   target  |   Count  | Pipelined|
        +---------------+---------+---------+----------+-----------+-----------+----------+----------+
        |- loop_height  |        0|  4447440|  7 ~ 2059|          -|          -|  0 ~ 2160|        no|
        +---------------+---------+---------+----------+-----------+-----------+----------+----------+



================================================================
== Utilization Estimates
================================================================
* Summary: 
+-----------------+---------+------+--------+--------+-----+
|       Name      | BRAM_18K|  DSP |   FF   |   LUT  | URAM|
+-----------------+---------+------+--------+--------+-----+
|DSP              |        -|     -|       -|       -|    -|
|Expression       |        -|     -|       0|      78|    -|
|FIFO             |        -|     -|       -|       -|    -|
|Instance         |        -|     -|     200|    1664|    -|
|Memory           |        -|     -|       -|       -|    -|
|Multiplexer      |        -|     -|       -|     151|    -|
|Register         |        -|     -|     167|       -|    -|
+-----------------+---------+------+--------+--------+-----+
|Total            |        0|     0|     367|    1893|    0|
+-----------------+---------+------+--------+--------+-----+
|Available        |      624|  1728|  460800|  230400|   96|
+-----------------+---------+------+--------+--------+-----+
|Utilization (%)  |        0|     0|      ~0|      ~0|    0|
+-----------------+---------+------+--------+--------+-----+

+ Detail: 
    * Instance: 
    +-----------------------------------------------------------------+------------------------------------------------------+---------+----+-----+------+-----+
    |                             Instance                            |                        Module                        | BRAM_18K| DSP|  FF |  LUT | URAM|
    +-----------------------------------------------------------------+------------------------------------------------------+---------+----+-----+------+-----+
    |grp_AXIvideo2MultiPixStream_Pipeline_loop_wait_for_eol_fu_235    |AXIvideo2MultiPixStream_Pipeline_loop_wait_for_eol    |        0|   0|    4|    52|    0|
    |grp_AXIvideo2MultiPixStream_Pipeline_loop_wait_for_start_fu_185  |AXIvideo2MultiPixStream_Pipeline_loop_wait_for_start  |        0|   0|    3|    34|    0|
    |grp_AXIvideo2MultiPixStream_Pipeline_loop_width_fu_205           |AXIvideo2MultiPixStream_Pipeline_loop_width           |        0|   0|  127|  1550|    0|
    |grp_reg_unsigned_short_s_fu_261                                  |reg_unsigned_short_s                                  |        0|   0|   33|    14|    0|
    |grp_reg_unsigned_short_s_fu_267                                  |reg_unsigned_short_s                                  |        0|   0|   33|    14|    0|
    +-----------------------------------------------------------------+------------------------------------------------------+---------+----+-----+------+-----+
    |Total                                                            |                                                      |        0|   0|  200|  1664|    0|
    +-----------------------------------------------------------------+------------------------------------------------------+---------+----+-----+------+-----+

    * DSP: 
    N/A

    * Memory: 
    N/A

    * FIFO: 
    N/A

    * Expression: 
    +----------------------+----------+----+---+----+------------+------------+
    |     Variable Name    | Operation| DSP| FF| LUT| Bitwidth P0| Bitwidth P1|
    +----------------------+----------+----+---+----+------------+------------+
    |i_4_fu_335_p2         |         +|   0|  0|  19|          12|           1|
    |cmp11455_fu_306_p2    |      icmp|   0|  0|  12|          12|           1|
    |cond_fu_311_p2        |      icmp|   0|  0|  11|           8|           1|
    |icmp_ln789_fu_277_p2  |      icmp|   0|  0|  11|           8|           1|
    |icmp_ln800_fu_330_p2  |      icmp|   0|  0|  12|          12|          12|
    |icmp_ln835_fu_317_p2  |      icmp|   0|  0|  11|           8|           1|
    |ap_block_state1       |        or|   0|  0|   2|           1|           1|
    +----------------------+----------+----+---+----+------------+------------+
    |Total                 |          |   0|  0|  78|          61|          18|
    +----------------------+----------+----+---+----+------------+------------+

    * Multiplexer: 
    +--------------------------+----+-----------+-----+-----------+
    |           Name           | LUT| Input Size| Bits| Total Bits|
    +--------------------------+----+-----------+-----+-----------+
    |ap_NS_fsm                 |  59|         11|    1|         11|
    |ap_done                   |   9|          2|    1|          2|
    |axi_data_2_lcssa_reg_152  |   9|          2|   48|         96|
    |axi_data_V_5_fu_110       |   9|          2|   48|         96|
    |axi_last_2_lcssa_reg_162  |   9|          2|    1|          2|
    |axi_last_V_2_reg_142      |   9|          2|    1|          2|
    |eol_0_lcssa_reg_173       |   9|          2|    1|          2|
    |i_fu_106                  |   9|          2|   12|         24|
    |s_axis_video_TREADY       |  20|          4|    1|          4|
    |srcYUV_write              |   9|          2|    1|          2|
    +--------------------------+----+-----------+-----+-----------+
    |Total                     | 151|         31|  115|        241|
    +--------------------------+----+-----------+-----+-----------+

    * Register: 
    +------------------------------------------------------------------------------+----+----+-----+-----------+
    |                                     Name                                     | FF | LUT| Bits| Const Bits|
    +------------------------------------------------------------------------------+----+----+-----+-----------+
    |ap_CS_fsm                                                                     |  10|   0|   10|          0|
    |ap_done_reg                                                                   |   1|   0|    1|          0|
    |axi_data_2_lcssa_reg_152                                                      |  48|   0|   48|          0|
    |axi_data_V_5_fu_110                                                           |  48|   0|   48|          0|
    |axi_last_2_lcssa_reg_162                                                      |   1|   0|    1|          0|
    |axi_last_V_2_reg_142                                                          |   1|   0|    1|          0|
    |axi_last_V_4_loc_fu_90                                                        |   1|   0|    1|          0|
    |cmp11455_reg_431                                                              |   1|   0|    1|          0|
    |cond_reg_435                                                                  |   1|   0|    1|          0|
    |div_cast_reg_417                                                              |  12|   0|   12|          0|
    |eol_0_lcssa_reg_173                                                           |   1|   0|    1|          0|
    |grp_AXIvideo2MultiPixStream_Pipeline_loop_wait_for_eol_fu_235_ap_start_reg    |   1|   0|    1|          0|
    |grp_AXIvideo2MultiPixStream_Pipeline_loop_wait_for_start_fu_185_ap_start_reg  |   1|   0|    1|          0|
    |grp_AXIvideo2MultiPixStream_Pipeline_loop_width_fu_205_ap_start_reg           |   1|   0|    1|          0|
    |i_4_reg_451                                                                   |  12|   0|   12|          0|
    |i_fu_106                                                                      |  12|   0|   12|          0|
    |icmp_ln789_reg_392                                                            |   1|   0|    1|          0|
    |icmp_ln835_reg_440                                                            |   1|   0|    1|          0|
    |sof_fu_114                                                                    |   1|   0|    1|          0|
    |trunc_ln782_reg_387                                                           |  12|   0|   12|          0|
    +------------------------------------------------------------------------------+----+----+-----+-----------+
    |Total                                                                         | 167|   0|  167|          0|
    +------------------------------------------------------------------------------+----+----+-----+-----------+



================================================================
== Interface
================================================================
* Summary: 
+-----------------------+-----+-----+------------+-------------------------+--------------+
|       RTL Ports       | Dir | Bits|  Protocol  |      Source Object      |    C Type    |
+-----------------------+-----+-----+------------+-------------------------+--------------+
|ap_clk                 |   in|    1|  ap_ctrl_hs|  AXIvideo2MultiPixStream|  return value|
|ap_rst                 |   in|    1|  ap_ctrl_hs|  AXIvideo2MultiPixStream|  return value|
|ap_start               |   in|    1|  ap_ctrl_hs|  AXIvideo2MultiPixStream|  return value|
|ap_done                |  out|    1|  ap_ctrl_hs|  AXIvideo2MultiPixStream|  return value|
|ap_continue            |   in|    1|  ap_ctrl_hs|  AXIvideo2MultiPixStream|  return value|
|ap_idle                |  out|    1|  ap_ctrl_hs|  AXIvideo2MultiPixStream|  return value|
|ap_ready               |  out|    1|  ap_ctrl_hs|  AXIvideo2MultiPixStream|  return value|
|s_axis_video_TDATA     |   in|   48|        axis|    s_axis_video_V_data_V|       pointer|
|s_axis_video_TVALID    |   in|    1|        axis|    s_axis_video_V_dest_V|       pointer|
|s_axis_video_TREADY    |  out|    1|        axis|    s_axis_video_V_dest_V|       pointer|
|s_axis_video_TDEST     |   in|    1|        axis|    s_axis_video_V_dest_V|       pointer|
|s_axis_video_TKEEP     |   in|    6|        axis|    s_axis_video_V_keep_V|       pointer|
|s_axis_video_TSTRB     |   in|    6|        axis|    s_axis_video_V_strb_V|       pointer|
|s_axis_video_TUSER     |   in|    1|        axis|    s_axis_video_V_user_V|       pointer|
|s_axis_video_TLAST     |   in|    1|        axis|    s_axis_video_V_last_V|       pointer|
|s_axis_video_TID       |   in|    1|        axis|      s_axis_video_V_id_V|       pointer|
|srcYUV_din             |  out|   48|     ap_fifo|                   srcYUV|       pointer|
|srcYUV_num_data_valid  |   in|    5|     ap_fifo|                   srcYUV|       pointer|
|srcYUV_fifo_cap        |   in|    5|     ap_fifo|                   srcYUV|       pointer|
|srcYUV_full_n          |   in|    1|     ap_fifo|                   srcYUV|       pointer|
|srcYUV_write           |  out|    1|     ap_fifo|                   srcYUV|       pointer|
|enableInput            |   in|    8|   ap_stable|              enableInput|       pointer|
|height                 |   in|   16|   ap_stable|                   height|       pointer|
|width                  |   in|   16|   ap_stable|                    width|       pointer|
|colorFormat            |   in|    8|   ap_stable|              colorFormat|       pointer|
+-----------------------+-----+-----+------------+-------------------------+--------------+

============================================================
+ Verbose Summary: Synthesis Manager
============================================================
InlineROM: 1
ExposeGlobal: 0
============================================================
+ Verbose Summary: CDFG Model
============================================================
IsTopModel: 0
ResetActiveHigh: 1
IsCombinational: 2
IsDatapathOnly: 0
HasWiredReturn: 1
HasMFsm: 0
HasVarLatency: 1
IsPipeline: 0
IsRtlPipelined: 0
IsInstanceOverlapped: 0
IsDontTouch: 0
HasImplIP: 0
IsGatedGlobalClock: 0


============================================================
+ Verbose Summary: Schedule
============================================================
* Number of FSM states : 10
* Pipeline : 0
* Dataflow Pipeline: 0

* FSM state transitions: 
1 --> 2 
2 --> 3 5 
3 --> 4 
4 --> 5 
5 --> 6 7 
6 --> 7 
7 --> 8 
8 --> 9 
9 --> 10 
10 --> 5 

* FSM state operations: 

State 1 <SV = 0> <Delay = 0.00>
ST_1 : Operation 11 [1/1] (0.00ns)   --->   "%axi_last_V_4_loc = alloca i64 1"   --->   Operation 11 'alloca' 'axi_last_V_4_loc' <Predicate = true> <Delay = 0.00>
ST_1 : Operation 12 [1/1] (0.00ns)   --->   "%axi_data_V_6_loc = alloca i64 1"   --->   Operation 12 'alloca' 'axi_data_V_6_loc' <Predicate = true> <Delay = 0.00>
ST_1 : Operation 13 [1/1] (0.00ns)   --->   "%eol_loc = alloca i64 1"   --->   Operation 13 'alloca' 'eol_loc' <Predicate = true> <Delay = 0.00>
ST_1 : Operation 14 [1/1] (0.00ns)   --->   "%axi_last_V_loc = alloca i64 1"   --->   Operation 14 'alloca' 'axi_last_V_loc' <Predicate = true> <Delay = 0.00>
ST_1 : Operation 15 [1/1] (0.00ns)   --->   "%height_read = read i16 @_ssdm_op_Read.ap_auto.i16P0A, i16 %height" [E:/xilinx_axi/v_dma_txss/v_hdmi_tx_ss_ex/v_hdmi_tx_ss_ex.runs/exdes_v_tpg_0_synth_1/prj/sol/.autopilot/db/v_tpg.cpp:782]   --->   Operation 15 'read' 'height_read' <Predicate = true> <Delay = 0.00>
ST_1 : Operation 16 [2/2] (0.00ns)   --->   "%rows = call i16 @reg<unsigned short>, i16 %height_read" [E:/xilinx_axi/v_dma_txss/v_hdmi_tx_ss_ex/v_hdmi_tx_ss_ex.runs/exdes_v_tpg_0_synth_1/prj/sol/.autopilot/db/v_tpg.cpp:782]   --->   Operation 16 'call' 'rows' <Predicate = true> <Delay = 0.00> <CoreType = "Generic">   --->   Core 0 '' <Latency = 0> <II = 1> <Delay = 1.00> <Generic> <Opcode : >
ST_1 : Operation 17 [1/1] (0.00ns)   --->   "%width_read = read i16 @_ssdm_op_Read.ap_auto.i16P0A, i16 %width" [E:/xilinx_axi/v_dma_txss/v_hdmi_tx_ss_ex/v_hdmi_tx_ss_ex.runs/exdes_v_tpg_0_synth_1/prj/sol/.autopilot/db/v_tpg.cpp:783]   --->   Operation 17 'read' 'width_read' <Predicate = true> <Delay = 0.00>
ST_1 : Operation 18 [2/2] (0.00ns)   --->   "%cols = call i16 @reg<unsigned short>, i16 %width_read" [E:/xilinx_axi/v_dma_txss/v_hdmi_tx_ss_ex/v_hdmi_tx_ss_ex.runs/exdes_v_tpg_0_synth_1/prj/sol/.autopilot/db/v_tpg.cpp:783]   --->   Operation 18 'call' 'cols' <Predicate = true> <Delay = 0.00> <CoreType = "Generic">   --->   Core 0 '' <Latency = 0> <II = 1> <Delay = 1.00> <Generic> <Opcode : >

State 2 <SV = 1> <Delay = 1.27>
ST_2 : Operation 19 [1/1] (0.00ns)   --->   "%specaxissidechannel_ln0 = specaxissidechannel void @_ssdm_op_SpecAXISSideChannel, i48 %s_axis_video_V_data_V, i6 %s_axis_video_V_keep_V, i6 %s_axis_video_V_strb_V, i1 %s_axis_video_V_user_V, i1 %s_axis_video_V_last_V, i1 %s_axis_video_V_id_V, i1 %s_axis_video_V_dest_V, void @empty_40"   --->   Operation 19 'specaxissidechannel' 'specaxissidechannel_ln0' <Predicate = true> <Delay = 0.00>
ST_2 : Operation 20 [1/1] (0.00ns)   --->   "%specstablecontent_ln0 = specstablecontent void @_ssdm_op_SpecStableContent, i8 %colorFormat, void "   --->   Operation 20 'specstablecontent' 'specstablecontent_ln0' <Predicate = true> <Delay = 0.00>
ST_2 : Operation 21 [1/1] (0.00ns)   --->   "%specstablecontent_ln0 = specstablecontent void @_ssdm_op_SpecStableContent, i8 %enableInput, void "   --->   Operation 21 'specstablecontent' 'specstablecontent_ln0' <Predicate = true> <Delay = 0.00>
ST_2 : Operation 22 [1/1] (0.00ns)   --->   "%specstablecontent_ln0 = specstablecontent void @_ssdm_op_SpecStableContent, i16 %height, void "   --->   Operation 22 'specstablecontent' 'specstablecontent_ln0' <Predicate = true> <Delay = 0.00>
ST_2 : Operation 23 [1/1] (0.00ns)   --->   "%specstablecontent_ln0 = specstablecontent void @_ssdm_op_SpecStableContent, i16 %width, void "   --->   Operation 23 'specstablecontent' 'specstablecontent_ln0' <Predicate = true> <Delay = 0.00>
ST_2 : Operation 24 [1/1] (0.00ns)   --->   "%specinterface_ln0 = specinterface void @_ssdm_op_SpecInterface, i48 %srcYUV, void @empty_29, i32 0, i32 0, void @empty_6, i32 0, i32 0, void @empty_6, void @empty_6, void @empty_6, i32 0, i32 0, i32 0, i32 0, void @empty_6, void @empty_6, i32 4294967295, i32 0"   --->   Operation 24 'specinterface' 'specinterface_ln0' <Predicate = true> <Delay = 0.00>
ST_2 : Operation 25 [1/1] (0.00ns)   --->   "%specinterface_ln0 = specinterface void @_ssdm_op_SpecInterface, i48 %s_axis_video_V_data_V, i6 %s_axis_video_V_keep_V, i6 %s_axis_video_V_strb_V, i1 %s_axis_video_V_user_V, i1 %s_axis_video_V_last_V, i1 %s_axis_video_V_id_V, i1 %s_axis_video_V_dest_V, void @empty_39, i32 0, i32 0, void @empty_5, i32 0, i32 0, void @empty_6, void @empty_6, void @empty_6, i32 0, i32 0, i32 0, i32 0, void @empty_6, void @empty_6, i32 4294967295, i32 0"   --->   Operation 25 'specinterface' 'specinterface_ln0' <Predicate = true> <Delay = 0.00>
ST_2 : Operation 26 [1/2] (0.00ns)   --->   "%rows = call i16 @reg<unsigned short>, i16 %height_read" [E:/xilinx_axi/v_dma_txss/v_hdmi_tx_ss_ex/v_hdmi_tx_ss_ex.runs/exdes_v_tpg_0_synth_1/prj/sol/.autopilot/db/v_tpg.cpp:782]   --->   Operation 26 'call' 'rows' <Predicate = true> <Delay = 0.00> <CoreType = "Generic">   --->   Core 0 '' <Latency = 0> <II = 1> <Delay = 1.00> <Generic> <Opcode : >
ST_2 : Operation 27 [1/1] (0.00ns)   --->   "%trunc_ln782 = trunc i16 %rows" [E:/xilinx_axi/v_dma_txss/v_hdmi_tx_ss_ex/v_hdmi_tx_ss_ex.runs/exdes_v_tpg_0_synth_1/prj/sol/.autopilot/db/v_tpg.cpp:782]   --->   Operation 27 'trunc' 'trunc_ln782' <Predicate = true> <Delay = 0.00>
ST_2 : Operation 28 [1/2] (0.00ns)   --->   "%cols = call i16 @reg<unsigned short>, i16 %width_read" [E:/xilinx_axi/v_dma_txss/v_hdmi_tx_ss_ex/v_hdmi_tx_ss_ex.runs/exdes_v_tpg_0_synth_1/prj/sol/.autopilot/db/v_tpg.cpp:783]   --->   Operation 28 'call' 'cols' <Predicate = true> <Delay = 0.00> <CoreType = "Generic">   --->   Core 0 '' <Latency = 0> <II = 1> <Delay = 1.00> <Generic> <Opcode : >
ST_2 : Operation 29 [1/1] (0.00ns)   --->   "%enableInput_read = read i8 @_ssdm_op_Read.ap_auto.i8P0A, i8 %enableInput" [E:/xilinx_axi/v_dma_txss/v_hdmi_tx_ss_ex/v_hdmi_tx_ss_ex.runs/exdes_v_tpg_0_synth_1/prj/sol/.autopilot/db/v_tpg.cpp:789]   --->   Operation 29 'read' 'enableInput_read' <Predicate = true> <Delay = 0.00>
ST_2 : Operation 30 [1/1] (0.84ns)   --->   "%icmp_ln789 = icmp_eq  i8 %enableInput_read, i8 0" [E:/xilinx_axi/v_dma_txss/v_hdmi_tx_ss_ex/v_hdmi_tx_ss_ex.runs/exdes_v_tpg_0_synth_1/prj/sol/.autopilot/db/v_tpg.cpp:789]   --->   Operation 30 'icmp' 'icmp_ln789' <Predicate = true> <Delay = 0.84> <CoreInst = "Cmp">   --->   Core 9 'Cmp' <Latency = 0> <II = 1> <Delay = 0.84> <FuncUnit> <Opcode : 'icmp'> <InPorts = 2> <OutPorts = 1>
ST_2 : Operation 31 [1/1] (0.00ns)   --->   "%br_ln789 = br i1 %icmp_ln789, void %while.cond.preheader, void %if.end74" [E:/xilinx_axi/v_dma_txss/v_hdmi_tx_ss_ex/v_hdmi_tx_ss_ex.runs/exdes_v_tpg_0_synth_1/prj/sol/.autopilot/db/v_tpg.cpp:789]   --->   Operation 31 'br' 'br_ln789' <Predicate = true> <Delay = 0.00>
ST_2 : Operation 32 [1/1] (0.00ns)   --->   "%i = alloca i32 1"   --->   Operation 32 'alloca' 'i' <Predicate = (!icmp_ln789)> <Delay = 0.00>
ST_2 : Operation 33 [1/1] (0.00ns)   --->   "%axi_data_V_5 = alloca i32 1"   --->   Operation 33 'alloca' 'axi_data_V_5' <Predicate = (!icmp_ln789)> <Delay = 0.00>
ST_2 : Operation 34 [1/1] (0.00ns)   --->   "%sof = alloca i32 1"   --->   Operation 34 'alloca' 'sof' <Predicate = (!icmp_ln789)> <Delay = 0.00>
ST_2 : Operation 35 [1/1] (0.00ns)   --->   "%empty = wait i32 @_ssdm_op_Wait"   --->   Operation 35 'wait' 'empty' <Predicate = (!icmp_ln789)> <Delay = 0.00>
ST_2 : Operation 36 [2/2] (0.42ns)   --->   "%call_ln0 = call void @AXIvideo2MultiPixStream_Pipeline_loop_wait_for_start, i48 %s_axis_video_V_data_V, i6 %s_axis_video_V_keep_V, i6 %s_axis_video_V_strb_V, i1 %s_axis_video_V_user_V, i1 %s_axis_video_V_last_V, i1 %s_axis_video_V_id_V, i1 %s_axis_video_V_dest_V, i48 %axi_data_V_5, i1 %axi_last_V_loc"   --->   Operation 36 'call' 'call_ln0' <Predicate = (!icmp_ln789)> <Delay = 0.42> <CoreType = "Generic">   --->   Core 0 '' <Latency = 0> <II = 1> <Delay = 1.00> <Generic> <Opcode : >
ST_2 : Operation 37 [1/1] (0.00ns)   --->   "%div_cast = partselect i12 @_ssdm_op_PartSelect.i12.i16.i32.i32, i16 %cols, i32 1, i32 12" [E:/xilinx_axi/v_dma_txss/v_hdmi_tx_ss_ex/v_hdmi_tx_ss_ex.runs/exdes_v_tpg_0_synth_1/prj/sol/.autopilot/db/v_tpg.cpp:783]   --->   Operation 37 'partselect' 'div_cast' <Predicate = (!icmp_ln789)> <Delay = 0.00>
ST_2 : Operation 38 [1/1] (0.42ns)   --->   "%store_ln800 = store i1 1, i1 %sof" [E:/xilinx_axi/v_dma_txss/v_hdmi_tx_ss_ex/v_hdmi_tx_ss_ex.runs/exdes_v_tpg_0_synth_1/prj/sol/.autopilot/db/v_tpg.cpp:800]   --->   Operation 38 'store' 'store_ln800' <Predicate = (!icmp_ln789)> <Delay = 0.42>
ST_2 : Operation 39 [1/1] (0.42ns)   --->   "%store_ln800 = store i12 0, i12 %i" [E:/xilinx_axi/v_dma_txss/v_hdmi_tx_ss_ex/v_hdmi_tx_ss_ex.runs/exdes_v_tpg_0_synth_1/prj/sol/.autopilot/db/v_tpg.cpp:800]   --->   Operation 39 'store' 'store_ln800' <Predicate = (!icmp_ln789)> <Delay = 0.42>

State 3 <SV = 2> <Delay = 0.00>
ST_3 : Operation 40 [1/2] (0.00ns)   --->   "%call_ln0 = call void @AXIvideo2MultiPixStream_Pipeline_loop_wait_for_start, i48 %s_axis_video_V_data_V, i6 %s_axis_video_V_keep_V, i6 %s_axis_video_V_strb_V, i1 %s_axis_video_V_user_V, i1 %s_axis_video_V_last_V, i1 %s_axis_video_V_id_V, i1 %s_axis_video_V_dest_V, i48 %axi_data_V_5, i1 %axi_last_V_loc"   --->   Operation 40 'call' 'call_ln0' <Predicate = true> <Delay = 0.00> <CoreType = "Generic">   --->   Core 0 '' <Latency = 0> <II = 1> <Delay = 1.00> <Generic> <Opcode : >

State 4 <SV = 3> <Delay = 0.97>
ST_4 : Operation 41 [1/1] (0.00ns)   --->   "%axi_last_V_loc_load = load i1 %axi_last_V_loc"   --->   Operation 41 'load' 'axi_last_V_loc_load' <Predicate = true> <Delay = 0.00>
ST_4 : Operation 42 [1/1] (0.00ns)   --->   "%empty_146 = wait i32 @_ssdm_op_Wait"   --->   Operation 42 'wait' 'empty_146' <Predicate = true> <Delay = 0.00>
ST_4 : Operation 43 [1/1] (0.00ns)   --->   "%colorFormat_read = read i8 @_ssdm_op_Read.ap_auto.i8P0A, i8 %colorFormat"   --->   Operation 43 'read' 'colorFormat_read' <Predicate = true> <Delay = 0.00>
ST_4 : Operation 44 [1/1] (0.97ns)   --->   "%cmp11455 = icmp_eq  i12 %div_cast, i12 0" [E:/xilinx_axi/v_dma_txss/v_hdmi_tx_ss_ex/v_hdmi_tx_ss_ex.runs/exdes_v_tpg_0_synth_1/prj/sol/.autopilot/db/v_tpg.cpp:783]   --->   Operation 44 'icmp' 'cmp11455' <Predicate = true> <Delay = 0.97> <CoreInst = "Cmp">   --->   Core 9 'Cmp' <Latency = 0> <II = 1> <Delay = 0.97> <FuncUnit> <Opcode : 'icmp'> <InPorts = 2> <OutPorts = 1>
ST_4 : Operation 45 [1/1] (0.84ns)   --->   "%cond = icmp_eq  i8 %colorFormat_read, i8 0"   --->   Operation 45 'icmp' 'cond' <Predicate = true> <Delay = 0.84> <CoreInst = "Cmp">   --->   Core 9 'Cmp' <Latency = 0> <II = 1> <Delay = 0.84> <FuncUnit> <Opcode : 'icmp'> <InPorts = 2> <OutPorts = 1>
ST_4 : Operation 46 [1/1] (0.84ns)   --->   "%icmp_ln835 = icmp_eq  i8 %colorFormat_read, i8 1" [E:/xilinx_axi/v_dma_txss/v_hdmi_tx_ss_ex/v_hdmi_tx_ss_ex.runs/exdes_v_tpg_0_synth_1/prj/sol/.autopilot/db/v_tpg.cpp:835]   --->   Operation 46 'icmp' 'icmp_ln835' <Predicate = true> <Delay = 0.84> <CoreInst = "Cmp">   --->   Core 9 'Cmp' <Latency = 0> <II = 1> <Delay = 0.84> <FuncUnit> <Opcode : 'icmp'> <InPorts = 2> <OutPorts = 1>
ST_4 : Operation 47 [1/1] (0.42ns)   --->   "%br_ln800 = br void %loop_width" [E:/xilinx_axi/v_dma_txss/v_hdmi_tx_ss_ex/v_hdmi_tx_ss_ex.runs/exdes_v_tpg_0_synth_1/prj/sol/.autopilot/db/v_tpg.cpp:800]   --->   Operation 47 'br' 'br_ln800' <Predicate = true> <Delay = 0.42>

State 5 <SV = 4> <Delay = 2.37>
ST_5 : Operation 48 [1/1] (0.00ns)   --->   "%axi_last_V_2 = phi i1 %axi_last_V_loc_load, void %while.cond.preheader, i1 %axi_last_V_4_loc_load, void %loop_wait_for_eol"   --->   Operation 48 'phi' 'axi_last_V_2' <Predicate = (!icmp_ln789)> <Delay = 0.00>
ST_5 : Operation 49 [1/1] (0.00ns)   --->   "%i_3 = load i12 %i" [E:/xilinx_axi/v_dma_txss/v_hdmi_tx_ss_ex/v_hdmi_tx_ss_ex.runs/exdes_v_tpg_0_synth_1/prj/sol/.autopilot/db/v_tpg.cpp:800]   --->   Operation 49 'load' 'i_3' <Predicate = (!icmp_ln789)> <Delay = 0.00>
ST_5 : Operation 50 [1/1] (0.00ns)   --->   "%axi_data_V = load i48 %axi_data_V_5"   --->   Operation 50 'load' 'axi_data_V' <Predicate = (!icmp_ln789)> <Delay = 0.00>
ST_5 : Operation 51 [1/1] (0.97ns)   --->   "%icmp_ln800 = icmp_eq  i12 %i_3, i12 %trunc_ln782" [E:/xilinx_axi/v_dma_txss/v_hdmi_tx_ss_ex/v_hdmi_tx_ss_ex.runs/exdes_v_tpg_0_synth_1/prj/sol/.autopilot/db/v_tpg.cpp:800]   --->   Operation 51 'icmp' 'icmp_ln800' <Predicate = (!icmp_ln789)> <Delay = 0.97> <CoreInst = "Cmp">   --->   Core 9 'Cmp' <Latency = 0> <II = 1> <Delay = 0.97> <FuncUnit> <Opcode : 'icmp'> <InPorts = 2> <OutPorts = 1>
ST_5 : Operation 52 [1/1] (0.00ns)   --->   "%speclooptripcount_ln0 = speclooptripcount void @_ssdm_op_SpecLoopTripCount, i64 0, i64 2160, i64 0"   --->   Operation 52 'speclooptripcount' 'speclooptripcount_ln0' <Predicate = (!icmp_ln789)> <Delay = 0.00>
ST_5 : Operation 53 [1/1] (0.80ns)   --->   "%i_4 = add i12 %i_3, i12 1" [E:/xilinx_axi/v_dma_txss/v_hdmi_tx_ss_ex/v_hdmi_tx_ss_ex.runs/exdes_v_tpg_0_synth_1/prj/sol/.autopilot/db/v_tpg.cpp:800]   --->   Operation 53 'add' 'i_4' <Predicate = (!icmp_ln789)> <Delay = 0.80> <CoreInst = "Adder">   --->   Core 1 'Adder' <Latency = 0> <II = 1> <Delay = 0.80> <FuncUnit> <Opcode : 'add' 'sub'> <InPorts = 2> <OutPorts = 1>
ST_5 : Operation 54 [1/1] (0.00ns)   --->   "%br_ln800 = br i1 %icmp_ln800, void %loop_width.split, void %if.end74.loopexit" [E:/xilinx_axi/v_dma_txss/v_hdmi_tx_ss_ex/v_hdmi_tx_ss_ex.runs/exdes_v_tpg_0_synth_1/prj/sol/.autopilot/db/v_tpg.cpp:800]   --->   Operation 54 'br' 'br_ln800' <Predicate = (!icmp_ln789)> <Delay = 0.00>
ST_5 : Operation 55 [1/1] (0.00ns)   --->   "%specloopname_ln780 = specloopname void @_ssdm_op_SpecLoopName, void @empty_33" [E:/xilinx_axi/v_dma_txss/v_hdmi_tx_ss_ex/v_hdmi_tx_ss_ex.runs/exdes_v_tpg_0_synth_1/prj/sol/.autopilot/db/v_tpg.cpp:780]   --->   Operation 55 'specloopname' 'specloopname_ln780' <Predicate = (!icmp_ln789 & !icmp_ln800)> <Delay = 0.00>
ST_5 : Operation 56 [1/1] (0.42ns)   --->   "%br_ln805 = br i1 %cmp11455, void %for.body13.preheader, void %loop_wait_for_eol" [E:/xilinx_axi/v_dma_txss/v_hdmi_tx_ss_ex/v_hdmi_tx_ss_ex.runs/exdes_v_tpg_0_synth_1/prj/sol/.autopilot/db/v_tpg.cpp:805]   --->   Operation 56 'br' 'br_ln805' <Predicate = (!icmp_ln789 & !icmp_ln800)> <Delay = 0.42>
ST_5 : Operation 57 [1/1] (0.00ns)   --->   "%sof_load = load i1 %sof"   --->   Operation 57 'load' 'sof_load' <Predicate = (!icmp_ln789 & !icmp_ln800 & !cmp11455)> <Delay = 0.00>
ST_5 : Operation 58 [1/1] (0.00ns)   --->   "%empty_147 = wait i32 @_ssdm_op_Wait"   --->   Operation 58 'wait' 'empty_147' <Predicate = (!icmp_ln789 & !icmp_ln800 & !cmp11455)> <Delay = 0.00>
ST_5 : Operation 59 [2/2] (1.40ns)   --->   "%call_ln783 = call void @AXIvideo2MultiPixStream_Pipeline_loop_width, i1 %sof_load, i1 %axi_last_V_2, i48 %axi_data_V, i12 %div_cast, i1 %cond, i8 %colorFormat_read, i1 %icmp_ln835, i48 %srcYUV, i48 %s_axis_video_V_data_V, i6 %s_axis_video_V_keep_V, i6 %s_axis_video_V_strb_V, i1 %s_axis_video_V_user_V, i1 %s_axis_video_V_last_V, i1 %s_axis_video_V_id_V, i1 %s_axis_video_V_dest_V, i1 %eol_loc, i48 %axi_data_V_6_loc" [E:/xilinx_axi/v_dma_txss/v_hdmi_tx_ss_ex/v_hdmi_tx_ss_ex.runs/exdes_v_tpg_0_synth_1/prj/sol/.autopilot/db/v_tpg.cpp:783]   --->   Operation 59 'call' 'call_ln783' <Predicate = (!icmp_ln789 & !icmp_ln800 & !cmp11455)> <Delay = 1.40> <CoreType = "Generic">   --->   Core 0 '' <Latency = 0> <II = 1> <Delay = 1.00> <Generic> <Opcode : >
ST_5 : Operation 60 [1/1] (0.00ns)   --->   "%br_ln0 = br void %if.end74"   --->   Operation 60 'br' 'br_ln0' <Predicate = (!icmp_ln789 & icmp_ln800)> <Delay = 0.00>
ST_5 : Operation 61 [1/1] (0.00ns)   --->   "%ret_ln0 = ret"   --->   Operation 61 'ret' 'ret_ln0' <Predicate = (icmp_ln800) | (icmp_ln789)> <Delay = 0.00>

State 6 <SV = 5> <Delay = 0.00>
ST_6 : Operation 62 [1/2] (0.00ns)   --->   "%call_ln783 = call void @AXIvideo2MultiPixStream_Pipeline_loop_width, i1 %sof_load, i1 %axi_last_V_2, i48 %axi_data_V, i12 %div_cast, i1 %cond, i8 %colorFormat_read, i1 %icmp_ln835, i48 %srcYUV, i48 %s_axis_video_V_data_V, i6 %s_axis_video_V_keep_V, i6 %s_axis_video_V_strb_V, i1 %s_axis_video_V_user_V, i1 %s_axis_video_V_last_V, i1 %s_axis_video_V_id_V, i1 %s_axis_video_V_dest_V, i1 %eol_loc, i48 %axi_data_V_6_loc" [E:/xilinx_axi/v_dma_txss/v_hdmi_tx_ss_ex/v_hdmi_tx_ss_ex.runs/exdes_v_tpg_0_synth_1/prj/sol/.autopilot/db/v_tpg.cpp:783]   --->   Operation 62 'call' 'call_ln783' <Predicate = true> <Delay = 0.00> <CoreType = "Generic">   --->   Core 0 '' <Latency = 0> <II = 1> <Delay = 1.00> <Generic> <Opcode : >

State 7 <SV = 6> <Delay = 0.42>
ST_7 : Operation 63 [1/1] (0.00ns)   --->   "%eol_loc_load = load i1 %eol_loc"   --->   Operation 63 'load' 'eol_loc_load' <Predicate = (!cmp11455)> <Delay = 0.00>
ST_7 : Operation 64 [1/1] (0.00ns)   --->   "%axi_data_V_6_loc_load = load i48 %axi_data_V_6_loc"   --->   Operation 64 'load' 'axi_data_V_6_loc_load' <Predicate = (!cmp11455)> <Delay = 0.00>
ST_7 : Operation 65 [1/1] (0.00ns)   --->   "%empty_148 = wait i32 @_ssdm_op_Wait"   --->   Operation 65 'wait' 'empty_148' <Predicate = (!cmp11455)> <Delay = 0.00>
ST_7 : Operation 66 [1/1] (0.42ns)   --->   "%store_ln0 = store i1 0, i1 %sof"   --->   Operation 66 'store' 'store_ln0' <Predicate = (!cmp11455)> <Delay = 0.42>
ST_7 : Operation 67 [1/1] (0.42ns)   --->   "%br_ln0 = br void %loop_wait_for_eol"   --->   Operation 67 'br' 'br_ln0' <Predicate = (!cmp11455)> <Delay = 0.42>
ST_7 : Operation 68 [1/1] (0.42ns)   --->   "%store_ln800 = store i12 %i_4, i12 %i" [E:/xilinx_axi/v_dma_txss/v_hdmi_tx_ss_ex/v_hdmi_tx_ss_ex.runs/exdes_v_tpg_0_synth_1/prj/sol/.autopilot/db/v_tpg.cpp:800]   --->   Operation 68 'store' 'store_ln800' <Predicate = true> <Delay = 0.42>

State 8 <SV = 7> <Delay = 0.85>
ST_8 : Operation 69 [1/1] (0.00ns)   --->   "%axi_data_2_lcssa = phi i48 %axi_data_V_6_loc_load, void %for.body13.preheader, i48 %axi_data_V, void %loop_width.split"   --->   Operation 69 'phi' 'axi_data_2_lcssa' <Predicate = true> <Delay = 0.00>
ST_8 : Operation 70 [1/1] (0.00ns)   --->   "%axi_last_2_lcssa = phi i1 %eol_loc_load, void %for.body13.preheader, i1 %axi_last_V_2, void %loop_width.split"   --->   Operation 70 'phi' 'axi_last_2_lcssa' <Predicate = true> <Delay = 0.00>
ST_8 : Operation 71 [1/1] (0.00ns)   --->   "%eol_0_lcssa = phi i1 %eol_loc_load, void %for.body13.preheader, i1 0, void %loop_width.split"   --->   Operation 71 'phi' 'eol_0_lcssa' <Predicate = true> <Delay = 0.00>
ST_8 : Operation 72 [1/1] (0.00ns)   --->   "%empty_149 = wait i32 @_ssdm_op_Wait"   --->   Operation 72 'wait' 'empty_149' <Predicate = true> <Delay = 0.00>
ST_8 : Operation 73 [2/2] (0.85ns)   --->   "%call_ln0 = call void @AXIvideo2MultiPixStream_Pipeline_loop_wait_for_eol, i48 %axi_data_2_lcssa, i1 %axi_last_2_lcssa, i1 %eol_0_lcssa, i48 %s_axis_video_V_data_V, i6 %s_axis_video_V_keep_V, i6 %s_axis_video_V_strb_V, i1 %s_axis_video_V_user_V, i1 %s_axis_video_V_last_V, i1 %s_axis_video_V_id_V, i1 %s_axis_video_V_dest_V, i48 %axi_data_V_5, i1 %axi_last_V_4_loc"   --->   Operation 73 'call' 'call_ln0' <Predicate = true> <Delay = 0.85> <CoreType = "Generic">   --->   Core 0 '' <Latency = 0> <II = 1> <Delay = 1.00> <Generic> <Opcode : >

State 9 <SV = 8> <Delay = 0.42>
ST_9 : Operation 74 [1/2] (0.42ns)   --->   "%call_ln0 = call void @AXIvideo2MultiPixStream_Pipeline_loop_wait_for_eol, i48 %axi_data_2_lcssa, i1 %axi_last_2_lcssa, i1 %eol_0_lcssa, i48 %s_axis_video_V_data_V, i6 %s_axis_video_V_keep_V, i6 %s_axis_video_V_strb_V, i1 %s_axis_video_V_user_V, i1 %s_axis_video_V_last_V, i1 %s_axis_video_V_id_V, i1 %s_axis_video_V_dest_V, i48 %axi_data_V_5, i1 %axi_last_V_4_loc"   --->   Operation 74 'call' 'call_ln0' <Predicate = true> <Delay = 0.42> <CoreType = "Generic">   --->   Core 0 '' <Latency = 0> <II = 1> <Delay = 1.00> <Generic> <Opcode : >

State 10 <SV = 9> <Delay = 0.00>
ST_10 : Operation 75 [1/1] (0.00ns)   --->   "%axi_last_V_4_loc_load = load i1 %axi_last_V_4_loc"   --->   Operation 75 'load' 'axi_last_V_4_loc_load' <Predicate = true> <Delay = 0.00>
ST_10 : Operation 76 [1/1] (0.00ns)   --->   "%br_ln800 = br void %loop_width" [E:/xilinx_axi/v_dma_txss/v_hdmi_tx_ss_ex/v_hdmi_tx_ss_ex.runs/exdes_v_tpg_0_synth_1/prj/sol/.autopilot/db/v_tpg.cpp:800]   --->   Operation 76 'br' 'br_ln800' <Predicate = true> <Delay = 0.00>


============================================================
+ Verbose Summary: Binding
============================================================
STG Binding: 
---------------- STG Properties BEGIN ----------------
- Is combinational: 0
- Is one-state seq: 0
- Is datapath-only: 0
- Is pipelined: 0
- Is top level: 0
Port [ Return ] is wired: 1; IO mode=ap_ctrl_hs:ce=0
Port [ s_axis_video_V_data_V]:  wired=1; compound=1; hidden=0; nouse=0; global=0; static=0; extern=0; dir=0; type=0; pingpong=0; private_global=0; IO mode=axis:ce=0
Port [ s_axis_video_V_keep_V]:  wired=1; compound=1; hidden=0; nouse=0; global=0; static=0; extern=0; dir=0; type=0; pingpong=0; private_global=0; IO mode=axis:ce=0
Port [ s_axis_video_V_strb_V]:  wired=1; compound=1; hidden=0; nouse=0; global=0; static=0; extern=0; dir=0; type=0; pingpong=0; private_global=0; IO mode=axis:ce=0
Port [ s_axis_video_V_user_V]:  wired=1; compound=1; hidden=0; nouse=0; global=0; static=0; extern=0; dir=0; type=0; pingpong=0; private_global=0; IO mode=axis:ce=0
Port [ s_axis_video_V_last_V]:  wired=1; compound=1; hidden=0; nouse=0; global=0; static=0; extern=0; dir=0; type=0; pingpong=0; private_global=0; IO mode=axis:ce=0
Port [ s_axis_video_V_id_V]:  wired=1; compound=1; hidden=0; nouse=0; global=0; static=0; extern=0; dir=0; type=0; pingpong=0; private_global=0; IO mode=axis:ce=0
Port [ s_axis_video_V_dest_V]:  wired=1; compound=1; hidden=0; nouse=0; global=0; static=0; extern=0; dir=0; type=0; pingpong=0; private_global=0; IO mode=axis:ce=0
Port [ srcYUV]:  wired=1; compound=1; hidden=0; nouse=0; global=0; static=0; extern=0; dir=1; type=3; pingpong=0; private_global=0; IO mode=ap_fifo:ce=0
Port [ enableInput]:  wired=1; compound=0; hidden=0; nouse=0; global=0; static=0; extern=0; dir=0; type=0; pingpong=0; private_global=0; IO mode=ap_stable:ce=0
Port [ height]:  wired=1; compound=0; hidden=0; nouse=0; global=0; static=0; extern=0; dir=0; type=0; pingpong=0; private_global=0; IO mode=ap_stable:ce=0
Port [ width]:  wired=1; compound=0; hidden=0; nouse=0; global=0; static=0; extern=0; dir=0; type=0; pingpong=0; private_global=0; IO mode=ap_stable:ce=0
Port [ colorFormat]:  wired=1; compound=0; hidden=0; nouse=0; global=0; static=0; extern=0; dir=0; type=0; pingpong=0; private_global=0; IO mode=ap_stable:ce=0
---------------- STG Properties END ------------------

---------------- Datapath Model BEGIN ----------------

<LifeTime>
<method=bitvector/>
axi_last_V_4_loc        (alloca             ) [ 00111111111]
axi_data_V_6_loc        (alloca             ) [ 00111111111]
eol_loc                 (alloca             ) [ 00111111111]
axi_last_V_loc          (alloca             ) [ 00111000000]
height_read             (read               ) [ 00000000000]
width_read              (read               ) [ 00000000000]
specaxissidechannel_ln0 (specaxissidechannel) [ 00000000000]
specstablecontent_ln0   (specstablecontent  ) [ 00000000000]
specstablecontent_ln0   (specstablecontent  ) [ 00000000000]
specstablecontent_ln0   (specstablecontent  ) [ 00000000000]
specstablecontent_ln0   (specstablecontent  ) [ 00000000000]
specinterface_ln0       (specinterface      ) [ 00000000000]
specinterface_ln0       (specinterface      ) [ 00000000000]
rows                    (call               ) [ 00000000000]
trunc_ln782             (trunc              ) [ 00011111111]
cols                    (call               ) [ 00000000000]
enableInput_read        (read               ) [ 00000000000]
icmp_ln789              (icmp               ) [ 00111111111]
br_ln789                (br                 ) [ 00000000000]
i                       (alloca             ) [ 00111111111]
axi_data_V_5            (alloca             ) [ 00111111111]
sof                     (alloca             ) [ 00111111111]
empty                   (wait               ) [ 00000000000]
div_cast                (partselect         ) [ 00011111111]
store_ln800             (store              ) [ 00000000000]
store_ln800             (store              ) [ 00000000000]
call_ln0                (call               ) [ 00000000000]
axi_last_V_loc_load     (load               ) [ 00001111111]
empty_146               (wait               ) [ 00000000000]
colorFormat_read        (read               ) [ 00000111111]
cmp11455                (icmp               ) [ 00000111111]
cond                    (icmp               ) [ 00000111111]
icmp_ln835              (icmp               ) [ 00000111111]
br_ln800                (br                 ) [ 00001111111]
axi_last_V_2            (phi                ) [ 00000111100]
i_3                     (load               ) [ 00000000000]
axi_data_V              (load               ) [ 00000111111]
icmp_ln800              (icmp               ) [ 00000111111]
speclooptripcount_ln0   (speclooptripcount  ) [ 00000000000]
i_4                     (add                ) [ 00000011000]
br_ln800                (br                 ) [ 00000000000]
specloopname_ln780      (specloopname       ) [ 00000000000]
br_ln805                (br                 ) [ 00000111111]
sof_load                (load               ) [ 00000010000]
empty_147               (wait               ) [ 00000000000]
br_ln0                  (br                 ) [ 00000000000]
ret_ln0                 (ret                ) [ 00000000000]
call_ln783              (call               ) [ 00000000000]
eol_loc_load            (load               ) [ 00000111111]
axi_data_V_6_loc_load   (load               ) [ 00000111111]
empty_148               (wait               ) [ 00000000000]
store_ln0               (store              ) [ 00000000000]
br_ln0                  (br                 ) [ 00000111111]
store_ln800             (store              ) [ 00000000000]
axi_data_2_lcssa        (phi                ) [ 00000000110]
axi_last_2_lcssa        (phi                ) [ 00000000110]
eol_0_lcssa             (phi                ) [ 00000000110]
empty_149               (wait               ) [ 00000000000]
call_ln0                (call               ) [ 00000000000]
axi_last_V_4_loc_load   (load               ) [ 00001111111]
br_ln800                (br                 ) [ 00001111111]
</LifeTime>

<model>

<comp_list>
<comp id="0" class="1000" name="s_axis_video_V_data_V">
<pin_list>
<pin id="1" dir="1" index="0" bw="1" slack="0"/>
</pin_list>
<bind>
<StgValue><ssdm name="s_axis_video_V_data_V"/></StgValue>
</bind>
</comp>

<comp id="2" class="1000" name="s_axis_video_V_keep_V">
<pin_list>
<pin id="3" dir="1" index="0" bw="1" slack="0"/>
</pin_list>
<bind>
<StgValue><ssdm name="s_axis_video_V_keep_V"/></StgValue>
</bind>
</comp>

<comp id="4" class="1000" name="s_axis_video_V_strb_V">
<pin_list>
<pin id="5" dir="1" index="0" bw="1" slack="0"/>
</pin_list>
<bind>
<StgValue><ssdm name="s_axis_video_V_strb_V"/></StgValue>
</bind>
</comp>

<comp id="6" class="1000" name="s_axis_video_V_user_V">
<pin_list>
<pin id="7" dir="1" index="0" bw="1" slack="0"/>
</pin_list>
<bind>
<StgValue><ssdm name="s_axis_video_V_user_V"/></StgValue>
</bind>
</comp>

<comp id="8" class="1000" name="s_axis_video_V_last_V">
<pin_list>
<pin id="9" dir="1" index="0" bw="1" slack="0"/>
</pin_list>
<bind>
<StgValue><ssdm name="s_axis_video_V_last_V"/></StgValue>
</bind>
</comp>

<comp id="10" class="1000" name="s_axis_video_V_id_V">
<pin_list>
<pin id="11" dir="1" index="0" bw="1" slack="0"/>
</pin_list>
<bind>
<StgValue><ssdm name="s_axis_video_V_id_V"/></StgValue>
</bind>
</comp>

<comp id="12" class="1000" name="s_axis_video_V_dest_V">
<pin_list>
<pin id="13" dir="1" index="0" bw="1" slack="0"/>
</pin_list>
<bind>
<StgValue><ssdm name="s_axis_video_V_dest_V"/></StgValue>
</bind>
</comp>

<comp id="14" class="1000" name="srcYUV">
<pin_list>
<pin id="15" dir="1" index="0" bw="1" slack="0"/>
</pin_list>
<bind>
<StgValue><ssdm name="srcYUV"/></StgValue>
</bind>
</comp>

<comp id="16" class="1000" name="enableInput">
<pin_list>
<pin id="17" dir="1" index="0" bw="1" slack="0"/>
</pin_list>
<bind>
<StgValue><ssdm name="enableInput"/></StgValue>
</bind>
</comp>

<comp id="18" class="1000" name="height">
<pin_list>
<pin id="19" dir="1" index="0" bw="1" slack="0"/>
</pin_list>
<bind>
<StgValue><ssdm name="height"/></StgValue>
</bind>
</comp>

<comp id="20" class="1000" name="width">
<pin_list>
<pin id="21" dir="1" index="0" bw="1" slack="0"/>
</pin_list>
<bind>
<StgValue><ssdm name="width"/></StgValue>
</bind>
</comp>

<comp id="22" class="1000" name="colorFormat">
<pin_list>
<pin id="23" dir="1" index="0" bw="1" slack="0"/>
</pin_list>
<bind>
<StgValue><ssdm name="colorFormat"/></StgValue>
</bind>
</comp>

<comp id="24" class="1001" name="const_24">
<pin_list>
<pin id="25" dir="1" index="0" bw="1" slack="0"/>
</pin_list>
<bind>
<StgValue><ssdm name=""/></StgValue>
</bind>
</comp>

<comp id="26" class="1001" name="const_26">
<pin_list>
<pin id="27" dir="1" index="0" bw="1" slack="0"/>
</pin_list>
<bind>
<StgValue><ssdm name="_ssdm_op_Read.ap_auto.i16P0A"/></StgValue>
</bind>
</comp>

<comp id="28" class="1001" name="const_28">
<pin_list>
<pin id="29" dir="1" index="0" bw="1" slack="0"/>
</pin_list>
<bind>
<StgValue><ssdm name="reg<unsigned short>"/></StgValue>
</bind>
</comp>

<comp id="30" class="1001" name="const_30">
<pin_list>
<pin id="31" dir="1" index="0" bw="1" slack="2147483647"/>
</pin_list>
<bind>
<StgValue><ssdm name="_ssdm_op_SpecAXISSideChannel"/></StgValue>
</bind>
</comp>

<comp id="32" class="1001" name="const_32">
<pin_list>
<pin id="33" dir="1" index="0" bw="1" slack="2147483647"/>
</pin_list>
<bind>
<StgValue><ssdm name="empty_40"/></StgValue>
</bind>
</comp>

<comp id="34" class="1001" name="const_34">
<pin_list>
<pin id="35" dir="1" index="0" bw="1" slack="2147483647"/>
</pin_list>
<bind>
<StgValue><ssdm name="_ssdm_op_SpecStableContent"/></StgValue>
</bind>
</comp>

<comp id="36" class="1001" name="const_36">
<pin_list>
<pin id="37" dir="1" index="0" bw="1" slack="2147483647"/>
</pin_list>
<bind>
<StgValue><ssdm name=""/></StgValue>
</bind>
</comp>

<comp id="38" class="1001" name="const_38">
<pin_list>
<pin id="39" dir="1" index="0" bw="1" slack="2147483647"/>
</pin_list>
<bind>
<StgValue><ssdm name="_ssdm_op_SpecInterface"/></StgValue>
</bind>
</comp>

<comp id="40" class="1001" name="const_40">
<pin_list>
<pin id="41" dir="1" index="0" bw="1" slack="2147483647"/>
</pin_list>
<bind>
<StgValue><ssdm name="empty_29"/></StgValue>
</bind>
</comp>

<comp id="42" class="1001" name="const_42">
<pin_list>
<pin id="43" dir="1" index="0" bw="1" slack="2147483647"/>
</pin_list>
<bind>
<StgValue><ssdm name=""/></StgValue>
</bind>
</comp>

<comp id="44" class="1001" name="const_44">
<pin_list>
<pin id="45" dir="1" index="0" bw="1" slack="2147483647"/>
</pin_list>
<bind>
<StgValue><ssdm name="empty_6"/></StgValue>
</bind>
</comp>

<comp id="46" class="1001" name="const_46">
<pin_list>
<pin id="47" dir="1" index="0" bw="1" slack="2147483647"/>
</pin_list>
<bind>
<StgValue><ssdm name=""/></StgValue>
</bind>
</comp>

<comp id="48" class="1001" name="const_48">
<pin_list>
<pin id="49" dir="1" index="0" bw="1" slack="2147483647"/>
</pin_list>
<bind>
<StgValue><ssdm name="empty_39"/></StgValue>
</bind>
</comp>

<comp id="50" class="1001" name="const_50">
<pin_list>
<pin id="51" dir="1" index="0" bw="1" slack="2147483647"/>
</pin_list>
<bind>
<StgValue><ssdm name="empty_5"/></StgValue>
</bind>
</comp>

<comp id="52" class="1001" name="const_52">
<pin_list>
<pin id="53" dir="1" index="0" bw="1" slack="0"/>
</pin_list>
<bind>
<StgValue><ssdm name="_ssdm_op_Read.ap_auto.i8P0A"/></StgValue>
</bind>
</comp>

<comp id="54" class="1001" name="const_54">
<pin_list>
<pin id="55" dir="1" index="0" bw="1" slack="0"/>
</pin_list>
<bind>
<StgValue><ssdm name=""/></StgValue>
</bind>
</comp>

<comp id="56" class="1001" name="const_56">
<pin_list>
<pin id="57" dir="1" index="0" bw="1" slack="0"/>
</pin_list>
<bind>
<StgValue><ssdm name=""/></StgValue>
</bind>
</comp>

<comp id="58" class="1001" name="const_58">
<pin_list>
<pin id="59" dir="1" index="0" bw="1" slack="2147483647"/>
</pin_list>
<bind>
<StgValue><ssdm name="_ssdm_op_Wait"/></StgValue>
</bind>
</comp>

<comp id="60" class="1001" name="const_60">
<pin_list>
<pin id="61" dir="1" index="0" bw="1" slack="0"/>
</pin_list>
<bind>
<StgValue><ssdm name="AXIvideo2MultiPixStream_Pipeline_loop_wait_for_start"/></StgValue>
</bind>
</comp>

<comp id="62" class="1001" name="const_62">
<pin_list>
<pin id="63" dir="1" index="0" bw="1" slack="0"/>
</pin_list>
<bind>
<StgValue><ssdm name="_ssdm_op_PartSelect.i12.i16.i32.i32"/></StgValue>
</bind>
</comp>

<comp id="64" class="1001" name="const_64">
<pin_list>
<pin id="65" dir="1" index="0" bw="1" slack="0"/>
</pin_list>
<bind>
<StgValue><ssdm name=""/></StgValue>
</bind>
</comp>

<comp id="66" class="1001" name="const_66">
<pin_list>
<pin id="67" dir="1" index="0" bw="1" slack="0"/>
</pin_list>
<bind>
<StgValue><ssdm name=""/></StgValue>
</bind>
</comp>

<comp id="68" class="1001" name="const_68">
<pin_list>
<pin id="69" dir="1" index="0" bw="1" slack="0"/>
</pin_list>
<bind>
<StgValue><ssdm name=""/></StgValue>
</bind>
</comp>

<comp id="70" class="1001" name="const_70">
<pin_list>
<pin id="71" dir="1" index="0" bw="1" slack="0"/>
</pin_list>
<bind>
<StgValue><ssdm name=""/></StgValue>
</bind>
</comp>

<comp id="72" class="1001" name="const_72">
<pin_list>
<pin id="73" dir="1" index="0" bw="1" slack="2147483647"/>
</pin_list>
<bind>
<StgValue><ssdm name="_ssdm_op_SpecLoopTripCount"/></StgValue>
</bind>
</comp>

<comp id="74" class="1001" name="const_74">
<pin_list>
<pin id="75" dir="1" index="0" bw="1" slack="2147483647"/>
</pin_list>
<bind>
<StgValue><ssdm name=""/></StgValue>
</bind>
</comp>

<comp id="76" class="1001" name="const_76">
<pin_list>
<pin id="77" dir="1" index="0" bw="1" slack="2147483647"/>
</pin_list>
<bind>
<StgValue><ssdm name=""/></StgValue>
</bind>
</comp>

<comp id="78" class="1001" name="const_78">
<pin_list>
<pin id="79" dir="1" index="0" bw="1" slack="0"/>
</pin_list>
<bind>
<StgValue><ssdm name=""/></StgValue>
</bind>
</comp>

<comp id="80" class="1001" name="const_80">
<pin_list>
<pin id="81" dir="1" index="0" bw="1" slack="2147483647"/>
</pin_list>
<bind>
<StgValue><ssdm name="_ssdm_op_SpecLoopName"/></StgValue>
</bind>
</comp>

<comp id="82" class="1001" name="const_82">
<pin_list>
<pin id="83" dir="1" index="0" bw="1" slack="2147483647"/>
</pin_list>
<bind>
<StgValue><ssdm name="empty_33"/></StgValue>
</bind>
</comp>

<comp id="84" class="1001" name="const_84">
<pin_list>
<pin id="85" dir="1" index="0" bw="1" slack="0"/>
</pin_list>
<bind>
<StgValue><ssdm name="AXIvideo2MultiPixStream_Pipeline_loop_width"/></StgValue>
</bind>
</comp>

<comp id="86" class="1001" name="const_86">
<pin_list>
<pin id="87" dir="1" index="0" bw="1" slack="0"/>
</pin_list>
<bind>
<StgValue><ssdm name=""/></StgValue>
</bind>
</comp>

<comp id="88" class="1001" name="const_88">
<pin_list>
<pin id="89" dir="1" index="0" bw="1" slack="0"/>
</pin_list>
<bind>
<StgValue><ssdm name="AXIvideo2MultiPixStream_Pipeline_loop_wait_for_eol"/></StgValue>
</bind>
</comp>

<comp id="90" class="1004" name="axi_last_V_4_loc_fu_90">
<pin_list>
<pin id="91" dir="0" index="0" bw="1" slack="0"/>
<pin id="92" dir="1" index="1" bw="1" slack="7"/>
</pin_list>
<bind>
<opcode="alloca(26) " fcode="alloca"/>
<opset="axi_last_V_4_loc/1 "/>
</bind>
</comp>

<comp id="94" class="1004" name="axi_data_V_6_loc_fu_94">
<pin_list>
<pin id="95" dir="0" index="0" bw="1" slack="0"/>
<pin id="96" dir="1" index="1" bw="48" slack="4"/>
</pin_list>
<bind>
<opcode="alloca(26) " fcode="alloca"/>
<opset="axi_data_V_6_loc/1 "/>
</bind>
</comp>

<comp id="98" class="1004" name="eol_loc_fu_98">
<pin_list>
<pin id="99" dir="0" index="0" bw="1" slack="0"/>
<pin id="100" dir="1" index="1" bw="1" slack="4"/>
</pin_list>
<bind>
<opcode="alloca(26) " fcode="alloca"/>
<opset="eol_loc/1 "/>
</bind>
</comp>

<comp id="102" class="1004" name="axi_last_V_loc_fu_102">
<pin_list>
<pin id="103" dir="0" index="0" bw="1" slack="0"/>
<pin id="104" dir="1" index="1" bw="1" slack="1"/>
</pin_list>
<bind>
<opcode="alloca(26) " fcode="alloca"/>
<opset="axi_last_V_loc/1 "/>
</bind>
</comp>

<comp id="106" class="1004" name="i_fu_106">
<pin_list>
<pin id="107" dir="0" index="0" bw="1" slack="0"/>
<pin id="108" dir="1" index="1" bw="12" slack="0"/>
</pin_list>
<bind>
<opcode="alloca(26) " fcode="alloca"/>
<opset="i/2 "/>
</bind>
</comp>

<comp id="110" class="1004" name="axi_data_V_5_fu_110">
<pin_list>
<pin id="111" dir="0" index="0" bw="1" slack="0"/>
<pin id="112" dir="1" index="1" bw="48" slack="0"/>
</pin_list>
<bind>
<opcode="alloca(26) " fcode="alloca"/>
<opset="axi_data_V_5/2 "/>
</bind>
</comp>

<comp id="114" class="1004" name="sof_fu_114">
<pin_list>
<pin id="115" dir="0" index="0" bw="1" slack="0"/>
<pin id="116" dir="1" index="1" bw="1" slack="0"/>
</pin_list>
<bind>
<opcode="alloca(26) " fcode="alloca"/>
<opset="sof/2 "/>
</bind>
</comp>

<comp id="118" class="1004" name="height_read_read_fu_118">
<pin_list>
<pin id="119" dir="0" index="0" bw="16" slack="0"/>
<pin id="120" dir="0" index="1" bw="16" slack="0"/>
<pin id="121" dir="1" index="2" bw="16" slack="0"/>
</pin_list>
<bind>
<opcode="read(1150) " fcode="read"/>
<opset="height_read/1 "/>
</bind>
</comp>

<comp id="124" class="1004" name="width_read_read_fu_124">
<pin_list>
<pin id="125" dir="0" index="0" bw="16" slack="0"/>
<pin id="126" dir="0" index="1" bw="16" slack="0"/>
<pin id="127" dir="1" index="2" bw="16" slack="0"/>
</pin_list>
<bind>
<opcode="read(1150) " fcode="read"/>
<opset="width_read/1 "/>
</bind>
</comp>

<comp id="130" class="1004" name="enableInput_read_read_fu_130">
<pin_list>
<pin id="131" dir="0" index="0" bw="8" slack="0"/>
<pin id="132" dir="0" index="1" bw="8" slack="0"/>
<pin id="133" dir="1" index="2" bw="8" slack="0"/>
</pin_list>
<bind>
<opcode="read(1150) " fcode="read"/>
<opset="enableInput_read/2 "/>
</bind>
</comp>

<comp id="136" class="1004" name="colorFormat_read_read_fu_136">
<pin_list>
<pin id="137" dir="0" index="0" bw="8" slack="0"/>
<pin id="138" dir="0" index="1" bw="8" slack="0"/>
<pin id="139" dir="1" index="2" bw="8" slack="0"/>
</pin_list>
<bind>
<opcode="read(1150) " fcode="read"/>
<opset="colorFormat_read/4 "/>
</bind>
</comp>

<comp id="142" class="1005" name="axi_last_V_2_reg_142">
<pin_list>
<pin id="143" dir="0" index="0" bw="1" slack="1"/>
<pin id="144" dir="1" index="1" bw="1" slack="3"/>
</pin_list>
<bind>
<opset="axi_last_V_2 (phireg) "/>
</bind>
</comp>

<comp id="145" class="1004" name="axi_last_V_2_phi_fu_145">
<pin_list>
<pin id="146" dir="0" index="0" bw="1" slack="2147483647"/>
<pin id="147" dir="0" index="1" bw="0" slack="2147483647"/>
<pin id="148" dir="0" index="2" bw="1" slack="2147483647"/>
<pin id="149" dir="0" index="3" bw="0" slack="2147483647"/>
<pin id="150" dir="1" index="4" bw="1" slack="0"/>
</pin_list>
<bind>
<opcode="phi(47) " fcode="phi"/>
<opset="axi_last_V_2/5 "/>
</bind>
</comp>

<comp id="152" class="1005" name="axi_data_2_lcssa_reg_152">
<pin_list>
<pin id="153" dir="0" index="0" bw="48" slack="1"/>
<pin id="154" dir="1" index="1" bw="48" slack="2147483647"/>
</pin_list>
<bind>
<opset="axi_data_2_lcssa (phireg) "/>
</bind>
</comp>

<comp id="155" class="1004" name="axi_data_2_lcssa_phi_fu_155">
<pin_list>
<pin id="156" dir="0" index="0" bw="48" slack="2147483647"/>
<pin id="157" dir="0" index="1" bw="0" slack="2147483647"/>
<pin id="158" dir="0" index="2" bw="48" slack="2147483647"/>
<pin id="159" dir="0" index="3" bw="0" slack="2147483647"/>
<pin id="160" dir="1" index="4" bw="48" slack="0"/>
</pin_list>
<bind>
<opcode="phi(47) " fcode="phi"/>
<opset="axi_data_2_lcssa/8 "/>
</bind>
</comp>

<comp id="162" class="1005" name="axi_last_2_lcssa_reg_162">
<pin_list>
<pin id="163" dir="0" index="0" bw="1" slack="1"/>
<pin id="164" dir="1" index="1" bw="1" slack="2147483647"/>
</pin_list>
<bind>
<opset="axi_last_2_lcssa (phireg) "/>
</bind>
</comp>

<comp id="165" class="1004" name="axi_last_2_lcssa_phi_fu_165">
<pin_list>
<pin id="166" dir="0" index="0" bw="1" slack="2147483647"/>
<pin id="167" dir="0" index="1" bw="0" slack="2147483647"/>
<pin id="168" dir="0" index="2" bw="1" slack="3"/>
<pin id="169" dir="0" index="3" bw="0" slack="2147483647"/>
<pin id="170" dir="1" index="4" bw="1" slack="0"/>
</pin_list>
<bind>
<opcode="phi(47) " fcode="phi"/>
<opset="axi_last_2_lcssa/8 "/>
</bind>
</comp>

<comp id="173" class="1005" name="eol_0_lcssa_reg_173">
<pin_list>
<pin id="174" dir="0" index="0" bw="1" slack="1"/>
<pin id="175" dir="1" index="1" bw="1" slack="3"/>
</pin_list>
<bind>
<opset="eol_0_lcssa (phireg) "/>
</bind>
</comp>

<comp id="177" class="1004" name="eol_0_lcssa_phi_fu_177">
<pin_list>
<pin id="178" dir="0" index="0" bw="1" slack="2147483647"/>
<pin id="179" dir="0" index="1" bw="0" slack="2147483647"/>
<pin id="180" dir="0" index="2" bw="1" slack="3"/>
<pin id="181" dir="0" index="3" bw="0" slack="2147483647"/>
<pin id="182" dir="1" index="4" bw="1" slack="0"/>
</pin_list>
<bind>
<opcode="phi(47) " fcode="phi"/>
<opset="eol_0_lcssa/8 "/>
</bind>
</comp>

<comp id="185" class="1004" name="grp_AXIvideo2MultiPixStream_Pipeline_loop_wait_for_start_fu_185">
<pin_list>
<pin id="186" dir="0" index="0" bw="0" slack="0"/>
<pin id="187" dir="0" index="1" bw="48" slack="0"/>
<pin id="188" dir="0" index="2" bw="6" slack="0"/>
<pin id="189" dir="0" index="3" bw="6" slack="0"/>
<pin id="190" dir="0" index="4" bw="1" slack="0"/>
<pin id="191" dir="0" index="5" bw="1" slack="0"/>
<pin id="192" dir="0" index="6" bw="1" slack="0"/>
<pin id="193" dir="0" index="7" bw="1" slack="0"/>
<pin id="194" dir="0" index="8" bw="48" slack="0"/>
<pin id="195" dir="0" index="9" bw="1" slack="1"/>
<pin id="196" dir="1" index="10" bw="0" slack="2147483647"/>
</pin_list>
<bind>
<opcode="call(48) " fcode="call"/>
<opset="call_ln0/2 "/>
</bind>
</comp>

<comp id="205" class="1004" name="grp_AXIvideo2MultiPixStream_Pipeline_loop_width_fu_205">
<pin_list>
<pin id="206" dir="0" index="0" bw="0" slack="0"/>
<pin id="207" dir="0" index="1" bw="1" slack="0"/>
<pin id="208" dir="0" index="2" bw="1" slack="0"/>
<pin id="209" dir="0" index="3" bw="48" slack="0"/>
<pin id="210" dir="0" index="4" bw="12" slack="3"/>
<pin id="211" dir="0" index="5" bw="1" slack="1"/>
<pin id="212" dir="0" index="6" bw="8" slack="1"/>
<pin id="213" dir="0" index="7" bw="1" slack="1"/>
<pin id="214" dir="0" index="8" bw="48" slack="0"/>
<pin id="215" dir="0" index="9" bw="48" slack="0"/>
<pin id="216" dir="0" index="10" bw="6" slack="0"/>
<pin id="217" dir="0" index="11" bw="6" slack="0"/>
<pin id="218" dir="0" index="12" bw="1" slack="0"/>
<pin id="219" dir="0" index="13" bw="1" slack="0"/>
<pin id="220" dir="0" index="14" bw="1" slack="0"/>
<pin id="221" dir="0" index="15" bw="1" slack="0"/>
<pin id="222" dir="0" index="16" bw="1" slack="4"/>
<pin id="223" dir="0" index="17" bw="48" slack="4"/>
<pin id="224" dir="1" index="18" bw="0" slack="2147483647"/>
</pin_list>
<bind>
<opcode="call(48) " fcode="call"/>
<opset="call_ln783/5 "/>
</bind>
</comp>

<comp id="235" class="1004" name="grp_AXIvideo2MultiPixStream_Pipeline_loop_wait_for_eol_fu_235">
<pin_list>
<pin id="236" dir="0" index="0" bw="0" slack="0"/>
<pin id="237" dir="0" index="1" bw="48" slack="0"/>
<pin id="238" dir="0" index="2" bw="1" slack="0"/>
<pin id="239" dir="0" index="3" bw="1" slack="0"/>
<pin id="240" dir="0" index="4" bw="48" slack="0"/>
<pin id="241" dir="0" index="5" bw="6" slack="0"/>
<pin id="242" dir="0" index="6" bw="6" slack="0"/>
<pin id="243" dir="0" index="7" bw="1" slack="0"/>
<pin id="244" dir="0" index="8" bw="1" slack="0"/>
<pin id="245" dir="0" index="9" bw="1" slack="0"/>
<pin id="246" dir="0" index="10" bw="1" slack="0"/>
<pin id="247" dir="0" index="11" bw="48" slack="6"/>
<pin id="248" dir="0" index="12" bw="1" slack="7"/>
<pin id="249" dir="1" index="13" bw="0" slack="2147483647"/>
</pin_list>
<bind>
<opcode="call(48) " fcode="call"/>
<opset="call_ln0/8 "/>
</bind>
</comp>

<comp id="261" class="1004" name="grp_reg_unsigned_short_s_fu_261">
<pin_list>
<pin id="262" dir="0" index="0" bw="16" slack="0"/>
<pin id="263" dir="0" index="1" bw="16" slack="0"/>
<pin id="264" dir="1" index="2" bw="16" slack="0"/>
</pin_list>
<bind>
<opcode="call(48) " fcode="call"/>
<opset="rows/1 "/>
</bind>
</comp>

<comp id="267" class="1004" name="grp_reg_unsigned_short_s_fu_267">
<pin_list>
<pin id="268" dir="0" index="0" bw="16" slack="0"/>
<pin id="269" dir="0" index="1" bw="16" slack="0"/>
<pin id="270" dir="1" index="2" bw="16" slack="0"/>
</pin_list>
<bind>
<opcode="call(48) " fcode="call"/>
<opset="cols/1 "/>
</bind>
</comp>

<comp id="273" class="1004" name="trunc_ln782_fu_273">
<pin_list>
<pin id="274" dir="0" index="0" bw="16" slack="0"/>
<pin id="275" dir="1" index="1" bw="12" slack="3"/>
</pin_list>
<bind>
<opcode="trunc(33) " fcode="trunc"/>
<opset="trunc_ln782/2 "/>
</bind>
</comp>

<comp id="277" class="1004" name="icmp_ln789_fu_277">
<pin_list>
<pin id="278" dir="0" index="0" bw="8" slack="0"/>
<pin id="279" dir="0" index="1" bw="8" slack="0"/>
<pin id="280" dir="1" index="2" bw="1" slack="3"/>
</pin_list>
<bind>
<opcode="icmp(45) " fcode="icmp"/>
<opset="icmp_ln789/2 "/>
</bind>
</comp>

<comp id="283" class="1004" name="div_cast_fu_283">
<pin_list>
<pin id="284" dir="0" index="0" bw="12" slack="0"/>
<pin id="285" dir="0" index="1" bw="16" slack="0"/>
<pin id="286" dir="0" index="2" bw="1" slack="0"/>
<pin id="287" dir="0" index="3" bw="5" slack="0"/>
<pin id="288" dir="1" index="4" bw="12" slack="2"/>
</pin_list>
<bind>
<opcode="partselect(1002) " fcode="partselect"/>
<opset="div_cast/2 "/>
</bind>
</comp>

<comp id="293" class="1004" name="store_ln800_store_fu_293">
<pin_list>
<pin id="294" dir="0" index="0" bw="1" slack="0"/>
<pin id="295" dir="0" index="1" bw="1" slack="0"/>
<pin id="296" dir="1" index="2" bw="0" slack="2147483647"/>
</pin_list>
<bind>
<opcode="store(28) " fcode="store"/>
<opset="store_ln800/2 "/>
</bind>
</comp>

<comp id="298" class="1004" name="store_ln800_store_fu_298">
<pin_list>
<pin id="299" dir="0" index="0" bw="1" slack="0"/>
<pin id="300" dir="0" index="1" bw="12" slack="0"/>
<pin id="301" dir="1" index="2" bw="0" slack="2147483647"/>
</pin_list>
<bind>
<opcode="store(28) " fcode="store"/>
<opset="store_ln800/2 "/>
</bind>
</comp>

<comp id="303" class="1004" name="axi_last_V_loc_load_load_fu_303">
<pin_list>
<pin id="304" dir="0" index="0" bw="1" slack="3"/>
<pin id="305" dir="1" index="1" bw="1" slack="2147483647"/>
</pin_list>
<bind>
<opcode="load(27) " fcode="load"/>
<opset="axi_last_V_loc_load/4 "/>
</bind>
</comp>

<comp id="306" class="1004" name="cmp11455_fu_306">
<pin_list>
<pin id="307" dir="0" index="0" bw="12" slack="2"/>
<pin id="308" dir="0" index="1" bw="12" slack="0"/>
<pin id="309" dir="1" index="2" bw="1" slack="1"/>
</pin_list>
<bind>
<opcode="icmp(45) " fcode="icmp"/>
<opset="cmp11455/4 "/>
</bind>
</comp>

<comp id="311" class="1004" name="cond_fu_311">
<pin_list>
<pin id="312" dir="0" index="0" bw="8" slack="0"/>
<pin id="313" dir="0" index="1" bw="8" slack="0"/>
<pin id="314" dir="1" index="2" bw="1" slack="1"/>
</pin_list>
<bind>
<opcode="icmp(45) " fcode="icmp"/>
<opset="cond/4 "/>
</bind>
</comp>

<comp id="317" class="1004" name="icmp_ln835_fu_317">
<pin_list>
<pin id="318" dir="0" index="0" bw="8" slack="0"/>
<pin id="319" dir="0" index="1" bw="8" slack="0"/>
<pin id="320" dir="1" index="2" bw="1" slack="1"/>
</pin_list>
<bind>
<opcode="icmp(45) " fcode="icmp"/>
<opset="icmp_ln835/4 "/>
</bind>
</comp>

<comp id="323" class="1004" name="i_3_load_fu_323">
<pin_list>
<pin id="324" dir="0" index="0" bw="12" slack="3"/>
<pin id="325" dir="1" index="1" bw="12" slack="0"/>
</pin_list>
<bind>
<opcode="load(27) " fcode="load"/>
<opset="i_3/5 "/>
</bind>
</comp>

<comp id="326" class="1004" name="axi_data_V_load_fu_326">
<pin_list>
<pin id="327" dir="0" index="0" bw="48" slack="3"/>
<pin id="328" dir="1" index="1" bw="48" slack="0"/>
</pin_list>
<bind>
<opcode="load(27) " fcode="load"/>
<opset="axi_data_V/5 "/>
</bind>
</comp>

<comp id="330" class="1004" name="icmp_ln800_fu_330">
<pin_list>
<pin id="331" dir="0" index="0" bw="12" slack="0"/>
<pin id="332" dir="0" index="1" bw="12" slack="3"/>
<pin id="333" dir="1" index="2" bw="1" slack="2147483647"/>
</pin_list>
<bind>
<opcode="icmp(45) " fcode="icmp"/>
<opset="icmp_ln800/5 "/>
</bind>
</comp>

<comp id="335" class="1004" name="i_4_fu_335">
<pin_list>
<pin id="336" dir="0" index="0" bw="12" slack="0"/>
<pin id="337" dir="0" index="1" bw="1" slack="0"/>
<pin id="338" dir="1" index="2" bw="12" slack="2"/>
</pin_list>
<bind>
<opcode="add(8) " fcode="add"/>
<opset="i_4/5 "/>
</bind>
</comp>

<comp id="341" class="1004" name="sof_load_load_fu_341">
<pin_list>
<pin id="342" dir="0" index="0" bw="1" slack="3"/>
<pin id="343" dir="1" index="1" bw="1" slack="0"/>
</pin_list>
<bind>
<opcode="load(27) " fcode="load"/>
<opset="sof_load/5 "/>
</bind>
</comp>

<comp id="345" class="1004" name="eol_loc_load_load_fu_345">
<pin_list>
<pin id="346" dir="0" index="0" bw="1" slack="6"/>
<pin id="347" dir="1" index="1" bw="1" slack="2147483647"/>
</pin_list>
<bind>
<opcode="load(27) " fcode="load"/>
<opset="eol_loc_load/7 "/>
</bind>
</comp>

<comp id="348" class="1004" name="axi_data_V_6_loc_load_load_fu_348">
<pin_list>
<pin id="349" dir="0" index="0" bw="48" slack="6"/>
<pin id="350" dir="1" index="1" bw="48" slack="2147483647"/>
</pin_list>
<bind>
<opcode="load(27) " fcode="load"/>
<opset="axi_data_V_6_loc_load/7 "/>
</bind>
</comp>

<comp id="351" class="1004" name="store_ln0_store_fu_351">
<pin_list>
<pin id="352" dir="0" index="0" bw="1" slack="0"/>
<pin id="353" dir="0" index="1" bw="1" slack="5"/>
<pin id="354" dir="1" index="2" bw="0" slack="2147483647"/>
</pin_list>
<bind>
<opcode="store(28) " fcode="store"/>
<opset="store_ln0/7 "/>
</bind>
</comp>

<comp id="356" class="1004" name="store_ln800_store_fu_356">
<pin_list>
<pin id="357" dir="0" index="0" bw="12" slack="2"/>
<pin id="358" dir="0" index="1" bw="12" slack="5"/>
<pin id="359" dir="1" index="2" bw="0" slack="2147483647"/>
</pin_list>
<bind>
<opcode="store(28) " fcode="store"/>
<opset="store_ln800/7 "/>
</bind>
</comp>

<comp id="360" class="1004" name="axi_last_V_4_loc_load_load_fu_360">
<pin_list>
<pin id="361" dir="0" index="0" bw="1" slack="9"/>
<pin id="362" dir="1" index="1" bw="1" slack="2147483647"/>
</pin_list>
<bind>
<opcode="load(27) " fcode="load"/>
<opset="axi_last_V_4_loc_load/10 "/>
</bind>
</comp>

<comp id="363" class="1005" name="axi_last_V_4_loc_reg_363">
<pin_list>
<pin id="364" dir="0" index="0" bw="1" slack="7"/>
<pin id="365" dir="1" index="1" bw="1" slack="7"/>
</pin_list>
<bind>
<opset="axi_last_V_4_loc "/>
</bind>
</comp>

<comp id="369" class="1005" name="axi_data_V_6_loc_reg_369">
<pin_list>
<pin id="370" dir="0" index="0" bw="48" slack="4"/>
<pin id="371" dir="1" index="1" bw="48" slack="4"/>
</pin_list>
<bind>
<opset="axi_data_V_6_loc "/>
</bind>
</comp>

<comp id="375" class="1005" name="eol_loc_reg_375">
<pin_list>
<pin id="376" dir="0" index="0" bw="1" slack="4"/>
<pin id="377" dir="1" index="1" bw="1" slack="4"/>
</pin_list>
<bind>
<opset="eol_loc "/>
</bind>
</comp>

<comp id="381" class="1005" name="axi_last_V_loc_reg_381">
<pin_list>
<pin id="382" dir="0" index="0" bw="1" slack="1"/>
<pin id="383" dir="1" index="1" bw="1" slack="1"/>
</pin_list>
<bind>
<opset="axi_last_V_loc "/>
</bind>
</comp>

<comp id="387" class="1005" name="trunc_ln782_reg_387">
<pin_list>
<pin id="388" dir="0" index="0" bw="12" slack="3"/>
<pin id="389" dir="1" index="1" bw="12" slack="3"/>
</pin_list>
<bind>
<opset="trunc_ln782 "/>
</bind>
</comp>

<comp id="392" class="1005" name="icmp_ln789_reg_392">
<pin_list>
<pin id="393" dir="0" index="0" bw="1" slack="3"/>
<pin id="394" dir="1" index="1" bw="1" slack="2147483647"/>
</pin_list>
<bind>
<opset="icmp_ln789 "/>
</bind>
</comp>

<comp id="396" class="1005" name="i_reg_396">
<pin_list>
<pin id="397" dir="0" index="0" bw="12" slack="0"/>
<pin id="398" dir="1" index="1" bw="12" slack="0"/>
</pin_list>
<bind>
<opset="i "/>
</bind>
</comp>

<comp id="403" class="1005" name="axi_data_V_5_reg_403">
<pin_list>
<pin id="404" dir="0" index="0" bw="48" slack="0"/>
<pin id="405" dir="1" index="1" bw="48" slack="0"/>
</pin_list>
<bind>
<opset="axi_data_V_5 "/>
</bind>
</comp>

<comp id="410" class="1005" name="sof_reg_410">
<pin_list>
<pin id="411" dir="0" index="0" bw="1" slack="0"/>
<pin id="412" dir="1" index="1" bw="1" slack="0"/>
</pin_list>
<bind>
<opset="sof "/>
</bind>
</comp>

<comp id="417" class="1005" name="div_cast_reg_417">
<pin_list>
<pin id="418" dir="0" index="0" bw="12" slack="2"/>
<pin id="419" dir="1" index="1" bw="12" slack="2"/>
</pin_list>
<bind>
<opset="div_cast "/>
</bind>
</comp>

<comp id="426" class="1005" name="colorFormat_read_reg_426">
<pin_list>
<pin id="427" dir="0" index="0" bw="8" slack="1"/>
<pin id="428" dir="1" index="1" bw="8" slack="1"/>
</pin_list>
<bind>
<opset="colorFormat_read "/>
</bind>
</comp>

<comp id="431" class="1005" name="cmp11455_reg_431">
<pin_list>
<pin id="432" dir="0" index="0" bw="1" slack="1"/>
<pin id="433" dir="1" index="1" bw="1" slack="2147483647"/>
</pin_list>
<bind>
<opset="cmp11455 "/>
</bind>
</comp>

<comp id="435" class="1005" name="cond_reg_435">
<pin_list>
<pin id="436" dir="0" index="0" bw="1" slack="1"/>
<pin id="437" dir="1" index="1" bw="1" slack="1"/>
</pin_list>
<bind>
<opset="cond "/>
</bind>
</comp>

<comp id="440" class="1005" name="icmp_ln835_reg_440">
<pin_list>
<pin id="441" dir="0" index="0" bw="1" slack="1"/>
<pin id="442" dir="1" index="1" bw="1" slack="1"/>
</pin_list>
<bind>
<opset="icmp_ln835 "/>
</bind>
</comp>

<comp id="451" class="1005" name="i_4_reg_451">
<pin_list>
<pin id="452" dir="0" index="0" bw="12" slack="2"/>
<pin id="453" dir="1" index="1" bw="12" slack="2"/>
</pin_list>
<bind>
<opset="i_4 "/>
</bind>
</comp>

</comp_list>

<net_list>
<net id="93"><net_src comp="24" pin="0"/><net_sink comp="90" pin=0"/></net>

<net id="97"><net_src comp="24" pin="0"/><net_sink comp="94" pin=0"/></net>

<net id="101"><net_src comp="24" pin="0"/><net_sink comp="98" pin=0"/></net>

<net id="105"><net_src comp="24" pin="0"/><net_sink comp="102" pin=0"/></net>

<net id="109"><net_src comp="56" pin="0"/><net_sink comp="106" pin=0"/></net>

<net id="113"><net_src comp="56" pin="0"/><net_sink comp="110" pin=0"/></net>

<net id="117"><net_src comp="56" pin="0"/><net_sink comp="114" pin=0"/></net>

<net id="122"><net_src comp="26" pin="0"/><net_sink comp="118" pin=0"/></net>

<net id="123"><net_src comp="18" pin="0"/><net_sink comp="118" pin=1"/></net>

<net id="128"><net_src comp="26" pin="0"/><net_sink comp="124" pin=0"/></net>

<net id="129"><net_src comp="20" pin="0"/><net_sink comp="124" pin=1"/></net>

<net id="134"><net_src comp="52" pin="0"/><net_sink comp="130" pin=0"/></net>

<net id="135"><net_src comp="16" pin="0"/><net_sink comp="130" pin=1"/></net>

<net id="140"><net_src comp="52" pin="0"/><net_sink comp="136" pin=0"/></net>

<net id="141"><net_src comp="22" pin="0"/><net_sink comp="136" pin=1"/></net>

<net id="151"><net_src comp="145" pin="4"/><net_sink comp="142" pin=0"/></net>

<net id="161"><net_src comp="155" pin="4"/><net_sink comp="152" pin=0"/></net>

<net id="171"><net_src comp="142" pin="1"/><net_sink comp="165" pin=2"/></net>

<net id="172"><net_src comp="165" pin="4"/><net_sink comp="162" pin=0"/></net>

<net id="176"><net_src comp="86" pin="0"/><net_sink comp="173" pin=0"/></net>

<net id="183"><net_src comp="173" pin="1"/><net_sink comp="177" pin=2"/></net>

<net id="184"><net_src comp="177" pin="4"/><net_sink comp="173" pin=0"/></net>

<net id="197"><net_src comp="60" pin="0"/><net_sink comp="185" pin=0"/></net>

<net id="198"><net_src comp="0" pin="0"/><net_sink comp="185" pin=1"/></net>

<net id="199"><net_src comp="2" pin="0"/><net_sink comp="185" pin=2"/></net>

<net id="200"><net_src comp="4" pin="0"/><net_sink comp="185" pin=3"/></net>

<net id="201"><net_src comp="6" pin="0"/><net_sink comp="185" pin=4"/></net>

<net id="202"><net_src comp="8" pin="0"/><net_sink comp="185" pin=5"/></net>

<net id="203"><net_src comp="10" pin="0"/><net_sink comp="185" pin=6"/></net>

<net id="204"><net_src comp="12" pin="0"/><net_sink comp="185" pin=7"/></net>

<net id="225"><net_src comp="84" pin="0"/><net_sink comp="205" pin=0"/></net>

<net id="226"><net_src comp="145" pin="4"/><net_sink comp="205" pin=2"/></net>

<net id="227"><net_src comp="14" pin="0"/><net_sink comp="205" pin=8"/></net>

<net id="228"><net_src comp="0" pin="0"/><net_sink comp="205" pin=9"/></net>

<net id="229"><net_src comp="2" pin="0"/><net_sink comp="205" pin=10"/></net>

<net id="230"><net_src comp="4" pin="0"/><net_sink comp="205" pin=11"/></net>

<net id="231"><net_src comp="6" pin="0"/><net_sink comp="205" pin=12"/></net>

<net id="232"><net_src comp="8" pin="0"/><net_sink comp="205" pin=13"/></net>

<net id="233"><net_src comp="10" pin="0"/><net_sink comp="205" pin=14"/></net>

<net id="234"><net_src comp="12" pin="0"/><net_sink comp="205" pin=15"/></net>

<net id="250"><net_src comp="88" pin="0"/><net_sink comp="235" pin=0"/></net>

<net id="251"><net_src comp="155" pin="4"/><net_sink comp="235" pin=1"/></net>

<net id="252"><net_src comp="165" pin="4"/><net_sink comp="235" pin=2"/></net>

<net id="253"><net_src comp="177" pin="4"/><net_sink comp="235" pin=3"/></net>

<net id="254"><net_src comp="0" pin="0"/><net_sink comp="235" pin=4"/></net>

<net id="255"><net_src comp="2" pin="0"/><net_sink comp="235" pin=5"/></net>

<net id="256"><net_src comp="4" pin="0"/><net_sink comp="235" pin=6"/></net>

<net id="257"><net_src comp="6" pin="0"/><net_sink comp="235" pin=7"/></net>

<net id="258"><net_src comp="8" pin="0"/><net_sink comp="235" pin=8"/></net>

<net id="259"><net_src comp="10" pin="0"/><net_sink comp="235" pin=9"/></net>

<net id="260"><net_src comp="12" pin="0"/><net_sink comp="235" pin=10"/></net>

<net id="265"><net_src comp="28" pin="0"/><net_sink comp="261" pin=0"/></net>

<net id="266"><net_src comp="118" pin="2"/><net_sink comp="261" pin=1"/></net>

<net id="271"><net_src comp="28" pin="0"/><net_sink comp="267" pin=0"/></net>

<net id="272"><net_src comp="124" pin="2"/><net_sink comp="267" pin=1"/></net>

<net id="276"><net_src comp="261" pin="2"/><net_sink comp="273" pin=0"/></net>

<net id="281"><net_src comp="130" pin="2"/><net_sink comp="277" pin=0"/></net>

<net id="282"><net_src comp="54" pin="0"/><net_sink comp="277" pin=1"/></net>

<net id="289"><net_src comp="62" pin="0"/><net_sink comp="283" pin=0"/></net>

<net id="290"><net_src comp="267" pin="2"/><net_sink comp="283" pin=1"/></net>

<net id="291"><net_src comp="56" pin="0"/><net_sink comp="283" pin=2"/></net>

<net id="292"><net_src comp="64" pin="0"/><net_sink comp="283" pin=3"/></net>

<net id="297"><net_src comp="66" pin="0"/><net_sink comp="293" pin=0"/></net>

<net id="302"><net_src comp="68" pin="0"/><net_sink comp="298" pin=0"/></net>

<net id="310"><net_src comp="68" pin="0"/><net_sink comp="306" pin=1"/></net>

<net id="315"><net_src comp="136" pin="2"/><net_sink comp="311" pin=0"/></net>

<net id="316"><net_src comp="54" pin="0"/><net_sink comp="311" pin=1"/></net>

<net id="321"><net_src comp="136" pin="2"/><net_sink comp="317" pin=0"/></net>

<net id="322"><net_src comp="70" pin="0"/><net_sink comp="317" pin=1"/></net>

<net id="329"><net_src comp="326" pin="1"/><net_sink comp="205" pin=3"/></net>

<net id="334"><net_src comp="323" pin="1"/><net_sink comp="330" pin=0"/></net>

<net id="339"><net_src comp="323" pin="1"/><net_sink comp="335" pin=0"/></net>

<net id="340"><net_src comp="78" pin="0"/><net_sink comp="335" pin=1"/></net>

<net id="344"><net_src comp="341" pin="1"/><net_sink comp="205" pin=1"/></net>

<net id="355"><net_src comp="86" pin="0"/><net_sink comp="351" pin=0"/></net>

<net id="366"><net_src comp="90" pin="1"/><net_sink comp="363" pin=0"/></net>

<net id="367"><net_src comp="363" pin="1"/><net_sink comp="235" pin=12"/></net>

<net id="368"><net_src comp="363" pin="1"/><net_sink comp="360" pin=0"/></net>

<net id="372"><net_src comp="94" pin="1"/><net_sink comp="369" pin=0"/></net>

<net id="373"><net_src comp="369" pin="1"/><net_sink comp="205" pin=17"/></net>

<net id="374"><net_src comp="369" pin="1"/><net_sink comp="348" pin=0"/></net>

<net id="378"><net_src comp="98" pin="1"/><net_sink comp="375" pin=0"/></net>

<net id="379"><net_src comp="375" pin="1"/><net_sink comp="205" pin=16"/></net>

<net id="380"><net_src comp="375" pin="1"/><net_sink comp="345" pin=0"/></net>

<net id="384"><net_src comp="102" pin="1"/><net_sink comp="381" pin=0"/></net>

<net id="385"><net_src comp="381" pin="1"/><net_sink comp="185" pin=9"/></net>

<net id="386"><net_src comp="381" pin="1"/><net_sink comp="303" pin=0"/></net>

<net id="390"><net_src comp="273" pin="1"/><net_sink comp="387" pin=0"/></net>

<net id="391"><net_src comp="387" pin="1"/><net_sink comp="330" pin=1"/></net>

<net id="395"><net_src comp="277" pin="2"/><net_sink comp="392" pin=0"/></net>

<net id="399"><net_src comp="106" pin="1"/><net_sink comp="396" pin=0"/></net>

<net id="400"><net_src comp="396" pin="1"/><net_sink comp="298" pin=1"/></net>

<net id="401"><net_src comp="396" pin="1"/><net_sink comp="323" pin=0"/></net>

<net id="402"><net_src comp="396" pin="1"/><net_sink comp="356" pin=1"/></net>

<net id="406"><net_src comp="110" pin="1"/><net_sink comp="403" pin=0"/></net>

<net id="407"><net_src comp="403" pin="1"/><net_sink comp="185" pin=8"/></net>

<net id="408"><net_src comp="403" pin="1"/><net_sink comp="326" pin=0"/></net>

<net id="409"><net_src comp="403" pin="1"/><net_sink comp="235" pin=11"/></net>

<net id="413"><net_src comp="114" pin="1"/><net_sink comp="410" pin=0"/></net>

<net id="414"><net_src comp="410" pin="1"/><net_sink comp="293" pin=1"/></net>

<net id="415"><net_src comp="410" pin="1"/><net_sink comp="341" pin=0"/></net>

<net id="416"><net_src comp="410" pin="1"/><net_sink comp="351" pin=1"/></net>

<net id="420"><net_src comp="283" pin="4"/><net_sink comp="417" pin=0"/></net>

<net id="421"><net_src comp="417" pin="1"/><net_sink comp="306" pin=0"/></net>

<net id="422"><net_src comp="417" pin="1"/><net_sink comp="205" pin=4"/></net>

<net id="429"><net_src comp="136" pin="2"/><net_sink comp="426" pin=0"/></net>

<net id="430"><net_src comp="426" pin="1"/><net_sink comp="205" pin=6"/></net>

<net id="434"><net_src comp="306" pin="2"/><net_sink comp="431" pin=0"/></net>

<net id="438"><net_src comp="311" pin="2"/><net_sink comp="435" pin=0"/></net>

<net id="439"><net_src comp="435" pin="1"/><net_sink comp="205" pin=5"/></net>

<net id="443"><net_src comp="317" pin="2"/><net_sink comp="440" pin=0"/></net>

<net id="444"><net_src comp="440" pin="1"/><net_sink comp="205" pin=7"/></net>

<net id="454"><net_src comp="335" pin="2"/><net_sink comp="451" pin=0"/></net>

<net id="455"><net_src comp="451" pin="1"/><net_sink comp="356" pin=0"/></net>

</net_list>

</model> 
---------------- Datapath Model END ------------------

* FSMD analyzer results:
  - Output states:
	Port: s_axis_video_V_data_V | {}
	Port: s_axis_video_V_keep_V | {}
	Port: s_axis_video_V_strb_V | {}
	Port: s_axis_video_V_user_V | {}
	Port: s_axis_video_V_last_V | {}
	Port: s_axis_video_V_id_V | {}
	Port: s_axis_video_V_dest_V | {}
	Port: srcYUV | {5 6 }
	Port: enableInput | {}
	Port: height | {}
	Port: width | {}
	Port: colorFormat | {}
 - Input state : 
	Port: AXIvideo2MultiPixStream : s_axis_video_V_data_V | {2 3 5 6 8 9 }
	Port: AXIvideo2MultiPixStream : s_axis_video_V_keep_V | {2 3 5 6 8 9 }
	Port: AXIvideo2MultiPixStream : s_axis_video_V_strb_V | {2 3 5 6 8 9 }
	Port: AXIvideo2MultiPixStream : s_axis_video_V_user_V | {2 3 5 6 8 9 }
	Port: AXIvideo2MultiPixStream : s_axis_video_V_last_V | {2 3 5 6 8 9 }
	Port: AXIvideo2MultiPixStream : s_axis_video_V_id_V | {2 3 5 6 8 9 }
	Port: AXIvideo2MultiPixStream : s_axis_video_V_dest_V | {2 3 5 6 8 9 }
	Port: AXIvideo2MultiPixStream : enableInput | {2 }
	Port: AXIvideo2MultiPixStream : height | {1 }
	Port: AXIvideo2MultiPixStream : width | {1 }
	Port: AXIvideo2MultiPixStream : colorFormat | {4 }
  - Chain level:
	State 1
	State 2
		trunc_ln782 : 1
		br_ln789 : 1
		call_ln0 : 1
		div_cast : 1
		store_ln800 : 1
		store_ln800 : 1
	State 3
	State 4
	State 5
		icmp_ln800 : 1
		i_4 : 1
		br_ln800 : 2
		call_ln783 : 1
	State 6
	State 7
	State 8
		call_ln0 : 1
	State 9
	State 10


============================================================
+ Verbose Summary: Datapath Resource usage 
============================================================

* Functional unit list:
|----------|-----------------------------------------------------------------|---------|---------|
| Operation|                         Functional Unit                         |    FF   |   LUT   |
|----------|-----------------------------------------------------------------|---------|---------|
|          | grp_AXIvideo2MultiPixStream_Pipeline_loop_wait_for_start_fu_185 |    1    |    0    |
|          |      grp_AXIvideo2MultiPixStream_Pipeline_loop_width_fu_205     |   123   |   1435  |
|   call   |  grp_AXIvideo2MultiPixStream_Pipeline_loop_wait_for_eol_fu_235  |    3    |    0    |
|          |                 grp_reg_unsigned_short_s_fu_261                 |    16   |    0    |
|          |                 grp_reg_unsigned_short_s_fu_267                 |    16   |    0    |
|----------|-----------------------------------------------------------------|---------|---------|
|          |                        icmp_ln789_fu_277                        |    0    |    11   |
|          |                         cmp11455_fu_306                         |    0    |    12   |
|   icmp   |                           cond_fu_311                           |    0    |    11   |
|          |                        icmp_ln835_fu_317                        |    0    |    11   |
|          |                        icmp_ln800_fu_330                        |    0    |    12   |
|----------|-----------------------------------------------------------------|---------|---------|
|    add   |                            i_4_fu_335                           |    0    |    19   |
|----------|-----------------------------------------------------------------|---------|---------|
|          |                     height_read_read_fu_118                     |    0    |    0    |
|   read   |                      width_read_read_fu_124                     |    0    |    0    |
|          |                   enableInput_read_read_fu_130                  |    0    |    0    |
|          |                   colorFormat_read_read_fu_136                  |    0    |    0    |
|----------|-----------------------------------------------------------------|---------|---------|
|   trunc  |                        trunc_ln782_fu_273                       |    0    |    0    |
|----------|-----------------------------------------------------------------|---------|---------|
|partselect|                         div_cast_fu_283                         |    0    |    0    |
|----------|-----------------------------------------------------------------|---------|---------|
|   Total  |                                                                 |   159   |   1511  |
|----------|-----------------------------------------------------------------|---------|---------|

Memories:
N/A

* Register list:
+------------------------+--------+
|                        |   FF   |
+------------------------+--------+
|axi_data_2_lcssa_reg_152|   48   |
|  axi_data_V_5_reg_403  |   48   |
|axi_data_V_6_loc_reg_369|   48   |
|axi_last_2_lcssa_reg_162|    1   |
|  axi_last_V_2_reg_142  |    1   |
|axi_last_V_4_loc_reg_363|    1   |
| axi_last_V_loc_reg_381 |    1   |
|    cmp11455_reg_431    |    1   |
|colorFormat_read_reg_426|    8   |
|      cond_reg_435      |    1   |
|    div_cast_reg_417    |   12   |
|   eol_0_lcssa_reg_173  |    1   |
|     eol_loc_reg_375    |    1   |
|       i_4_reg_451      |   12   |
|        i_reg_396       |   12   |
|   icmp_ln789_reg_392   |    1   |
|   icmp_ln835_reg_440   |    1   |
|       sof_reg_410      |    1   |
|   trunc_ln782_reg_387  |   12   |
+------------------------+--------+
|          Total         |   211  |
+------------------------+--------+

* Multiplexer (MUX) list: 
|---------------------|------|------|------|--------||---------||---------|
|         Comp        |  Pin | Size |  BW  | S x BW ||  Delay  ||   LUT   |
|---------------------|------|------|------|--------||---------||---------|
| eol_0_lcssa_reg_173 |  p0  |   2  |   1  |    2   ||    9    |
|---------------------|------|------|------|--------||---------||---------|
|        Total        |      |      |      |    2   ||  0.427  ||    9    |
|---------------------|------|------|------|--------||---------||---------|



* Summary:
+-----------+--------+--------+--------+
|           |  Delay |   FF   |   LUT  |
+-----------+--------+--------+--------+
|  Function |    -   |   159  |  1511  |
|   Memory  |    -   |    -   |    -   |
|Multiplexer|    0   |    -   |    9   |
|  Register |    -   |   211  |    -   |
+-----------+--------+--------+--------+
|   Total   |    0   |   370  |  1520  |
+-----------+--------+--------+--------+
