

================================================================
== Vitis HLS Report for 'MultiPixStream2AXIvideo_Pipeline_VITIS_LOOP_936_2'
================================================================
* Date:           Tue Apr  9 10:34:54 2024

* Version:        2022.2 (Build 3670227 on Oct 13 2022)
* Project:        prj
* Solution:       sol (Vivado IP Flow Target)
* Product family: zynquplus
* Target device:  xczu7ev-ffvc1156-2-e


================================================================
== Performance Estimates
================================================================
+ Timing: 
    * Summary: 
    +--------+---------+----------+------------+
    |  Clock |  Target | Estimated| Uncertainty|
    +--------+---------+----------+------------+
    |ap_clk  |  3.33 ns|  1.615 ns|     0.90 ns|
    +--------+---------+----------+------------+

+ Latency: 
    * Summary: 
    +---------+---------+-----------+----------+-----+------+---------+
    |  Latency (cycles) |  Latency (absolute)  |  Interval  | Pipeline|
    |   min   |   max   |    min    |    max   | min |  max |   Type  |
    +---------+---------+-----------+----------+-----+------+---------+
    |        4|     2051|  13.332 ns|  6.836 us|    4|  2051|       no|
    +---------+---------+-----------+----------+-----+------+---------+

    + Detail: 
        * Instance: 
        N/A

        * Loop: 
        +--------------------+---------+---------+----------+-----------+-----------+----------+----------+
        |                    |  Latency (cycles) | Iteration|  Initiation Interval  |   Trip   |          |
        |      Loop Name     |   min   |   max   |  Latency |  achieved |   target  |   Count  | Pipelined|
        +--------------------+---------+---------+----------+-----------+-----------+----------+----------+
        |- VITIS_LOOP_936_2  |        1|     2048|         2|          1|          1|  1 ~ 2048|       yes|
        +--------------------+---------+---------+----------+-----------+-----------+----------+----------+

============================================================
+ Verbose Summary: Synthesis Manager
============================================================
InlineROM: 1
ExposeGlobal: 0
============================================================
+ Verbose Summary: CDFG Model
============================================================
IsTopModel: 0
ResetActiveHigh: 1
IsCombinational: 0
IsDatapathOnly: 0
HasWiredReturn: 1
HasMFsm: 2
HasVarLatency: 1
IsPipeline: 0
IsRtlPipelined: 0
IsInstanceOverlapped: 0
IsDontTouch: 0
HasImplIP: 0
IsGatedGlobalClock: 0

+ Individual pipeline summary: 
  * Pipeline-0: initiation interval (II) = 1, depth = 2


============================================================
+ Verbose Summary: Schedule
============================================================
* Number of FSM states : 5
* Pipeline : 1
  Pipeline-0 : II = 1, D = 2, States = { 2 3 }
* Dataflow Pipeline: 0

* FSM state transitions: 
1 --> 2 
2 --> 4 3 
3 --> 2 
4 --> 5 
5 --> 

* FSM state operations: 

State 1 <SV = 0> <Delay = 0.42>
ST_1 : Operation 6 [1/1] (0.00ns)   --->   "%j = alloca i32 1"   --->   Operation 6 'alloca' 'j' <Predicate = true> <Delay = 0.00>
ST_1 : Operation 7 [1/1] (0.00ns)   --->   "%sub_cast_read = read i12 @_ssdm_op_Read.ap_auto.i12, i12 %sub_cast"   --->   Operation 7 'read' 'sub_cast_read' <Predicate = true> <Delay = 0.00>
ST_1 : Operation 8 [1/1] (0.00ns)   --->   "%field_id_load_read = read i16 @_ssdm_op_Read.ap_auto.i16, i16 %field_id_load"   --->   Operation 8 'read' 'field_id_load_read' <Predicate = true> <Delay = 0.00>
ST_1 : Operation 9 [1/1] (0.00ns)   --->   "%icmp_ln975_read = read i1 @_ssdm_op_Read.ap_auto.i1, i1 %icmp_ln975"   --->   Operation 9 'read' 'icmp_ln975_read' <Predicate = true> <Delay = 0.00>
ST_1 : Operation 10 [1/1] (0.00ns)   --->   "%icmp_ln975_1_read = read i1 @_ssdm_op_Read.ap_auto.i1, i1 %icmp_ln975_1"   --->   Operation 10 'read' 'icmp_ln975_1_read' <Predicate = true> <Delay = 0.00>
ST_1 : Operation 11 [1/1] (0.00ns)   --->   "%fid_in_load_read = read i1 @_ssdm_op_Read.ap_auto.i1, i1 %fid_in_load"   --->   Operation 11 'read' 'fid_in_load_read' <Predicate = true> <Delay = 0.00>
ST_1 : Operation 12 [1/1] (0.00ns)   --->   "%div283_cast_read = read i12 @_ssdm_op_Read.ap_auto.i12, i12 %div283_cast"   --->   Operation 12 'read' 'div283_cast_read' <Predicate = true> <Delay = 0.00>
ST_1 : Operation 13 [1/1] (0.00ns)   --->   "%tmp = read i1 @_ssdm_op_Read.ap_auto.i1, i1 %empty"   --->   Operation 13 'read' 'tmp' <Predicate = true> <Delay = 0.00>
ST_1 : Operation 14 [1/1] (0.00ns)   --->   "%sof_read = read i1 @_ssdm_op_Read.ap_auto.i1, i1 %sof"   --->   Operation 14 'read' 'sof_read' <Predicate = true> <Delay = 0.00>
ST_1 : Operation 15 [1/1] (0.00ns)   --->   "%sub_cast_cast = sext i12 %sub_cast_read"   --->   Operation 15 'sext' 'sub_cast_cast' <Predicate = true> <Delay = 0.00>
ST_1 : Operation 16 [1/1] (0.00ns)   --->   "%specaxissidechannel_ln0 = specaxissidechannel void @_ssdm_op_SpecAXISSideChannel, i48 %m_axis_video_V_data_V, i6 %m_axis_video_V_keep_V, i6 %m_axis_video_V_strb_V, i1 %m_axis_video_V_user_V, i1 %m_axis_video_V_last_V, i1 %m_axis_video_V_id_V, i1 %m_axis_video_V_dest_V, void @empty_27"   --->   Operation 16 'specaxissidechannel' 'specaxissidechannel_ln0' <Predicate = true> <Delay = 0.00>
ST_1 : Operation 17 [1/1] (0.00ns)   --->   "%specinterface_ln0 = specinterface void @_ssdm_op_SpecInterface, i1 %m_axis_video_V_dest_V, i1 %m_axis_video_V_id_V, i1 %m_axis_video_V_last_V, i1 %m_axis_video_V_user_V, i6 %m_axis_video_V_strb_V, i6 %m_axis_video_V_keep_V, i48 %m_axis_video_V_data_V, void @empty_39, i32 0, i32 0, void @empty_5, i32 0, i32 0, void @empty_6, void @empty_6, void @empty_6, i32 0, i32 0, i32 0, i32 0, void @empty_6, void @empty_6, i32 4294967295, i32 0"   --->   Operation 17 'specinterface' 'specinterface_ln0' <Predicate = true> <Delay = 0.00>
ST_1 : Operation 18 [1/1] (0.00ns)   --->   "%specinterface_ln0 = specinterface void @_ssdm_op_SpecInterface, i48 %ovrlayYUV, void @empty_29, i32 0, i32 0, void @empty_6, i32 0, i32 0, void @empty_6, void @empty_6, void @empty_6, i32 0, i32 0, i32 0, i32 0, void @empty_6, void @empty_6, i32 4294967295, i32 0"   --->   Operation 18 'specinterface' 'specinterface_ln0' <Predicate = true> <Delay = 0.00>
ST_1 : Operation 19 [1/1] (0.42ns)   --->   "%store_ln0 = store i12 0, i12 %j"   --->   Operation 19 'store' 'store_ln0' <Predicate = true> <Delay = 0.42>
ST_1 : Operation 20 [1/1] (0.42ns)   --->   "%br_ln0 = br void %for.body35"   --->   Operation 20 'br' 'br_ln0' <Predicate = true> <Delay = 0.42>

State 2 <SV = 1> <Delay = 1.40>
ST_2 : Operation 21 [1/1] (0.00ns)   --->   "%tmp_user_V = phi i1 0, void %for.inc124, i1 %sof_read, void %newFuncRoot"   --->   Operation 21 'phi' 'tmp_user_V' <Predicate = true> <Delay = 0.00>
ST_2 : Operation 22 [1/1] (0.00ns)   --->   "%p_phi = phi i1 %empty_144, void %for.inc124, i1 %tmp, void %newFuncRoot" [E:/xilinx_axi/v_dma_txss/v_hdmi_tx_ss_ex/v_hdmi_tx_ss_ex.runs/exdes_v_tpg_0_synth_1/prj/sol/.autopilot/db/v_tpg.cpp:963]   --->   Operation 22 'phi' 'p_phi' <Predicate = true> <Delay = 0.00>
ST_2 : Operation 23 [1/1] (0.00ns)   --->   "%j_1 = load i12 %j" [E:/xilinx_axi/v_dma_txss/v_hdmi_tx_ss_ex/v_hdmi_tx_ss_ex.runs/exdes_v_tpg_0_synth_1/prj/sol/.autopilot/db/v_tpg.cpp:936]   --->   Operation 23 'load' 'j_1' <Predicate = true> <Delay = 0.00>
ST_2 : Operation 24 [1/1] (0.00ns)   --->   "%zext_ln936 = zext i12 %j_1" [E:/xilinx_axi/v_dma_txss/v_hdmi_tx_ss_ex/v_hdmi_tx_ss_ex.runs/exdes_v_tpg_0_synth_1/prj/sol/.autopilot/db/v_tpg.cpp:936]   --->   Operation 24 'zext' 'zext_ln936' <Predicate = true> <Delay = 0.00>
ST_2 : Operation 25 [1/1] (0.97ns)   --->   "%icmp_ln936 = icmp_eq  i12 %j_1, i12 %div283_cast_read" [E:/xilinx_axi/v_dma_txss/v_hdmi_tx_ss_ex/v_hdmi_tx_ss_ex.runs/exdes_v_tpg_0_synth_1/prj/sol/.autopilot/db/v_tpg.cpp:936]   --->   Operation 25 'icmp' 'icmp_ln936' <Predicate = true> <Delay = 0.97> <CoreInst = "Cmp">   --->   Core 9 'Cmp' <Latency = 0> <II = 1> <Delay = 0.97> <FuncUnit> <Opcode : 'icmp'> <InPorts = 2> <OutPorts = 1>
ST_2 : Operation 26 [1/1] (0.00ns)   --->   "%speclooptripcount_ln0 = speclooptripcount void @_ssdm_op_SpecLoopTripCount, i64 1, i64 2048, i64 0"   --->   Operation 26 'speclooptripcount' 'speclooptripcount_ln0' <Predicate = true> <Delay = 0.00>
ST_2 : Operation 27 [1/1] (0.80ns)   --->   "%j_2 = add i12 %j_1, i12 1" [E:/xilinx_axi/v_dma_txss/v_hdmi_tx_ss_ex/v_hdmi_tx_ss_ex.runs/exdes_v_tpg_0_synth_1/prj/sol/.autopilot/db/v_tpg.cpp:936]   --->   Operation 27 'add' 'j_2' <Predicate = true> <Delay = 0.80> <CoreInst = "Adder">   --->   Core 1 'Adder' <Latency = 0> <II = 1> <Delay = 0.80> <FuncUnit> <Opcode : 'add' 'sub'> <InPorts = 2> <OutPorts = 1>
ST_2 : Operation 28 [1/1] (0.00ns)   --->   "%br_ln936 = br i1 %icmp_ln936, void %for.body35.split, void %for.inc127.loopexit.exitStub" [E:/xilinx_axi/v_dma_txss/v_hdmi_tx_ss_ex/v_hdmi_tx_ss_ex.runs/exdes_v_tpg_0_synth_1/prj/sol/.autopilot/db/v_tpg.cpp:936]   --->   Operation 28 'br' 'br_ln936' <Predicate = true> <Delay = 0.00>
ST_2 : Operation 29 [1/1] (0.00ns)   --->   "%specpipeline_ln939 = specpipeline void @_ssdm_op_SpecPipeline, i32 1, i32 0, i32 0, i32 0, void @empty_6" [E:/xilinx_axi/v_dma_txss/v_hdmi_tx_ss_ex/v_hdmi_tx_ss_ex.runs/exdes_v_tpg_0_synth_1/prj/sol/.autopilot/db/v_tpg.cpp:939]   --->   Operation 29 'specpipeline' 'specpipeline_ln939' <Predicate = (!icmp_ln936)> <Delay = 0.00>
ST_2 : Operation 30 [1/1] (0.00ns)   --->   "%specloopname_ln928 = specloopname void @_ssdm_op_SpecLoopName, void @empty_37" [E:/xilinx_axi/v_dma_txss/v_hdmi_tx_ss_ex/v_hdmi_tx_ss_ex.runs/exdes_v_tpg_0_synth_1/prj/sol/.autopilot/db/v_tpg.cpp:928]   --->   Operation 30 'specloopname' 'specloopname_ln928' <Predicate = (!icmp_ln936)> <Delay = 0.00>
ST_2 : Operation 31 [1/1] (0.97ns)   --->   "%tmp_last_V = icmp_eq  i13 %zext_ln936, i13 %sub_cast_cast" [E:/xilinx_axi/v_dma_txss/v_hdmi_tx_ss_ex/v_hdmi_tx_ss_ex.runs/exdes_v_tpg_0_synth_1/prj/sol/.autopilot/db/v_tpg.cpp:949]   --->   Operation 31 'icmp' 'tmp_last_V' <Predicate = (!icmp_ln936)> <Delay = 0.97> <CoreInst = "Cmp">   --->   Core 9 'Cmp' <Latency = 0> <II = 1> <Delay = 0.97> <FuncUnit> <Opcode : 'icmp'> <InPorts = 2> <OutPorts = 1>
ST_2 : Operation 32 [1/1] (0.00ns)   --->   "%br_ln958 = br i1 %tmp_user_V, void %for.body58_ifconv, void %if.then48" [E:/xilinx_axi/v_dma_txss/v_hdmi_tx_ss_ex/v_hdmi_tx_ss_ex.runs/exdes_v_tpg_0_synth_1/prj/sol/.autopilot/db/v_tpg.cpp:958]   --->   Operation 32 'br' 'br_ln958' <Predicate = (!icmp_ln936)> <Delay = 0.00>
ST_2 : Operation 33 [1/1] (0.00ns)   --->   "%counter_loc_1_out_load = load i16 %counter_loc_1_out" [E:/xilinx_axi/v_dma_txss/v_hdmi_tx_ss_ex/v_hdmi_tx_ss_ex.runs/exdes_v_tpg_0_synth_1/prj/sol/.autopilot/db/v_tpg.cpp:960]   --->   Operation 33 'load' 'counter_loc_1_out_load' <Predicate = (!icmp_ln936 & tmp_user_V)> <Delay = 0.00>
ST_2 : Operation 34 [1/1] (0.85ns)   --->   "%add_ln960 = add i16 %counter_loc_1_out_load, i16 1" [E:/xilinx_axi/v_dma_txss/v_hdmi_tx_ss_ex/v_hdmi_tx_ss_ex.runs/exdes_v_tpg_0_synth_1/prj/sol/.autopilot/db/v_tpg.cpp:960]   --->   Operation 34 'add' 'add_ln960' <Predicate = (!icmp_ln936 & tmp_user_V)> <Delay = 0.85> <CoreInst = "Adder">   --->   Core 1 'Adder' <Latency = 0> <II = 1> <Delay = 0.85> <FuncUnit> <Opcode : 'add' 'sub'> <InPorts = 2> <OutPorts = 1>
ST_2 : Operation 35 [1/1] (0.00ns)   --->   "%store_ln960 = store i16 %add_ln960, i16 %counter" [E:/xilinx_axi/v_dma_txss/v_hdmi_tx_ss_ex/v_hdmi_tx_ss_ex.runs/exdes_v_tpg_0_synth_1/prj/sol/.autopilot/db/v_tpg.cpp:960]   --->   Operation 35 'store' 'store_ln960' <Predicate = (!icmp_ln936 & tmp_user_V)> <Delay = 0.00>
ST_2 : Operation 36 [1/1] (0.00ns)   --->   "%store_ln961 = store i16 %add_ln960, i16 %counter_loc_1_out" [E:/xilinx_axi/v_dma_txss/v_hdmi_tx_ss_ex/v_hdmi_tx_ss_ex.runs/exdes_v_tpg_0_synth_1/prj/sol/.autopilot/db/v_tpg.cpp:961]   --->   Operation 36 'store' 'store_ln961' <Predicate = (!icmp_ln936 & tmp_user_V)> <Delay = 0.00>
ST_2 : Operation 37 [1/1] (0.00ns)   --->   "%br_ln961 = br void %for.body58_ifconv" [E:/xilinx_axi/v_dma_txss/v_hdmi_tx_ss_ex/v_hdmi_tx_ss_ex.runs/exdes_v_tpg_0_synth_1/prj/sol/.autopilot/db/v_tpg.cpp:961]   --->   Operation 37 'br' 'br_ln961' <Predicate = (!icmp_ln936 & tmp_user_V)> <Delay = 0.00>
ST_2 : Operation 38 [1/1] (0.44ns)   --->   "%switch_ln993 = switch i16 %field_id_load_read, void %if.else119, i16 0, void %if.then106, i16 1, void %if.then110, i16 2, void %if.then114, i16 3, void %if.then118" [E:/xilinx_axi/v_dma_txss/v_hdmi_tx_ss_ex/v_hdmi_tx_ss_ex.runs/exdes_v_tpg_0_synth_1/prj/sol/.autopilot/db/v_tpg.cpp:993]   --->   Operation 38 'switch' 'switch_ln993' <Predicate = (!icmp_ln936)> <Delay = 0.44>
ST_2 : Operation 39 [1/1] (0.00ns)   --->   "%write_ln1004 = write void @_ssdm_op_Write.ap_auto.i1P0A, i1 %fid, i1 1" [E:/xilinx_axi/v_dma_txss/v_hdmi_tx_ss_ex/v_hdmi_tx_ss_ex.runs/exdes_v_tpg_0_synth_1/prj/sol/.autopilot/db/v_tpg.cpp:1004]   --->   Operation 39 'write' 'write_ln1004' <Predicate = (!icmp_ln936 & field_id_load_read == 2)> <Delay = 0.00>
ST_2 : Operation 40 [1/1] (0.57ns)   --->   "%br_ln1005 = br void %for.inc124" [E:/xilinx_axi/v_dma_txss/v_hdmi_tx_ss_ex/v_hdmi_tx_ss_ex.runs/exdes_v_tpg_0_synth_1/prj/sol/.autopilot/db/v_tpg.cpp:1005]   --->   Operation 40 'br' 'br_ln1005' <Predicate = (!icmp_ln936 & field_id_load_read == 2)> <Delay = 0.57>
ST_2 : Operation 41 [1/1] (0.00ns)   --->   "%write_ln995 = write void @_ssdm_op_Write.ap_auto.i1P0A, i1 %fid, i1 0" [E:/xilinx_axi/v_dma_txss/v_hdmi_tx_ss_ex/v_hdmi_tx_ss_ex.runs/exdes_v_tpg_0_synth_1/prj/sol/.autopilot/db/v_tpg.cpp:995]   --->   Operation 41 'write' 'write_ln995' <Predicate = (!icmp_ln936 & field_id_load_read == 0)> <Delay = 0.00>
ST_2 : Operation 42 [1/1] (0.57ns)   --->   "%br_ln996 = br void %for.inc124" [E:/xilinx_axi/v_dma_txss/v_hdmi_tx_ss_ex/v_hdmi_tx_ss_ex.runs/exdes_v_tpg_0_synth_1/prj/sol/.autopilot/db/v_tpg.cpp:996]   --->   Operation 42 'br' 'br_ln996' <Predicate = (!icmp_ln936 & field_id_load_read == 0)> <Delay = 0.57>
ST_2 : Operation 43 [1/1] (0.00ns)   --->   "%write_ln1013 = write void @_ssdm_op_Write.ap_auto.i1P0A, i1 %fid, i1 %fid_in_load_read" [E:/xilinx_axi/v_dma_txss/v_hdmi_tx_ss_ex/v_hdmi_tx_ss_ex.runs/exdes_v_tpg_0_synth_1/prj/sol/.autopilot/db/v_tpg.cpp:1013]   --->   Operation 43 'write' 'write_ln1013' <Predicate = (!icmp_ln936 & field_id_load_read != 0 & field_id_load_read != 1 & field_id_load_read != 2 & field_id_load_read != 3)> <Delay = 0.00>
ST_2 : Operation 44 [1/1] (0.57ns)   --->   "%br_ln0 = br void %for.inc124"   --->   Operation 44 'br' 'br_ln0' <Predicate = (!icmp_ln936 & field_id_load_read != 0 & field_id_load_read != 1 & field_id_load_read != 2 & field_id_load_read != 3)> <Delay = 0.57>
ST_2 : Operation 45 [1/1] (0.42ns)   --->   "%store_ln936 = store i12 %j_2, i12 %j" [E:/xilinx_axi/v_dma_txss/v_hdmi_tx_ss_ex/v_hdmi_tx_ss_ex.runs/exdes_v_tpg_0_synth_1/prj/sol/.autopilot/db/v_tpg.cpp:936]   --->   Operation 45 'store' 'store_ln936' <Predicate = (!icmp_ln936)> <Delay = 0.42>
ST_2 : Operation 46 [1/1] (0.00ns)   --->   "%br_ln936 = br void %for.body35" [E:/xilinx_axi/v_dma_txss/v_hdmi_tx_ss_ex/v_hdmi_tx_ss_ex.runs/exdes_v_tpg_0_synth_1/prj/sol/.autopilot/db/v_tpg.cpp:936]   --->   Operation 46 'br' 'br_ln936' <Predicate = (!icmp_ln936)> <Delay = 0.00>

State 3 <SV = 2> <Delay = 1.61>
ST_3 : Operation 47 [1/1] (0.00ns)   --->   "%counter_loc_1_out_load_1 = load i16 %counter_loc_1_out" [E:/xilinx_axi/v_dma_txss/v_hdmi_tx_ss_ex/v_hdmi_tx_ss_ex.runs/exdes_v_tpg_0_synth_1/prj/sol/.autopilot/db/v_tpg.cpp:963]   --->   Operation 47 'load' 'counter_loc_1_out_load_1' <Predicate = (!icmp_ln936)> <Delay = 0.00>
ST_3 : Operation 48 [1/1] (0.00ns)   --->   "%fid_toggle = trunc i16 %counter_loc_1_out_load_1" [E:/xilinx_axi/v_dma_txss/v_hdmi_tx_ss_ex/v_hdmi_tx_ss_ex.runs/exdes_v_tpg_0_synth_1/prj/sol/.autopilot/db/v_tpg.cpp:963]   --->   Operation 48 'trunc' 'fid_toggle' <Predicate = (!icmp_ln936)> <Delay = 0.00>
ST_3 : Operation 49 [1/1] (1.21ns)   --->   "%ovrlayYUV_read = read i48 @_ssdm_op_Read.ap_fifo.volatile.i48P0A, i48 %ovrlayYUV" [E:/xilinx_axi/v_dma_txss/v_hdmi_tx_ss_ex/v_hdmi_tx_ss_ex.runs/exdes_v_tpg_0_synth_1/prj/sol/.autopilot/db/v_tpg.cpp:963]   --->   Operation 49 'read' 'ovrlayYUV_read' <Predicate = (!icmp_ln936)> <Delay = 1.21> <CoreInst = "FIFO_SRL">   --->   Core 81 'FIFO_SRL' <Latency = 0> <II = 1> <Delay = 2.04> <Storage> <Opcode : 'read' 'write' 'nbread' 'nbwrite'> <Ports = 0> <Width = 48> <Depth = 16> <FIFO>
ST_3 : Operation 50 [1/1] (0.00ns)   --->   "%pix_444_V = trunc i48 %ovrlayYUV_read" [E:/xilinx_axi/v_dma_txss/v_hdmi_tx_ss_ex/v_hdmi_tx_ss_ex.runs/exdes_v_tpg_0_synth_1/prj/sol/.autopilot/db/v_tpg.cpp:963]   --->   Operation 50 'trunc' 'pix_444_V' <Predicate = (!icmp_ln936)> <Delay = 0.00>
ST_3 : Operation 51 [1/1] (0.00ns)   --->   "%pix_rgb_V = partselect i8 @_ssdm_op_PartSelect.i8.i48.i32.i32, i48 %ovrlayYUV_read, i32 32, i32 39" [E:/xilinx_axi/v_dma_txss/v_hdmi_tx_ss_ex/v_hdmi_tx_ss_ex.runs/exdes_v_tpg_0_synth_1/prj/sol/.autopilot/db/v_tpg.cpp:963]   --->   Operation 51 'partselect' 'pix_rgb_V' <Predicate = (!icmp_ln936)> <Delay = 0.00>
ST_3 : Operation 52 [1/1] (0.00ns)   --->   "%pix_rgb_V_6 = partselect i8 @_ssdm_op_PartSelect.i8.i48.i32.i32, i48 %ovrlayYUV_read, i32 40, i32 47" [E:/xilinx_axi/v_dma_txss/v_hdmi_tx_ss_ex/v_hdmi_tx_ss_ex.runs/exdes_v_tpg_0_synth_1/prj/sol/.autopilot/db/v_tpg.cpp:963]   --->   Operation 52 'partselect' 'pix_rgb_V_6' <Predicate = (!icmp_ln936)> <Delay = 0.00>
ST_3 : Operation 53 [1/1] (0.00ns)   --->   "%pix_rgb_V_4 = partselect i8 @_ssdm_op_PartSelect.i8.i48.i32.i32, i48 %ovrlayYUV_read, i32 8, i32 15" [E:/xilinx_axi/v_dma_txss/v_hdmi_tx_ss_ex/v_hdmi_tx_ss_ex.runs/exdes_v_tpg_0_synth_1/prj/sol/.autopilot/db/v_tpg.cpp:963]   --->   Operation 53 'partselect' 'pix_rgb_V_4' <Predicate = (!icmp_ln936)> <Delay = 0.00>
ST_3 : Operation 54 [1/1] (0.00ns)   --->   "%pix_rgb_V_5 = partselect i8 @_ssdm_op_PartSelect.i8.i48.i32.i32, i48 %ovrlayYUV_read, i32 16, i32 23" [E:/xilinx_axi/v_dma_txss/v_hdmi_tx_ss_ex/v_hdmi_tx_ss_ex.runs/exdes_v_tpg_0_synth_1/prj/sol/.autopilot/db/v_tpg.cpp:963]   --->   Operation 54 'partselect' 'pix_rgb_V_5' <Predicate = (!icmp_ln936)> <Delay = 0.00>
ST_3 : Operation 55 [1/1] (0.00ns)   --->   "%pix_422_V = partselect i8 @_ssdm_op_PartSelect.i8.i48.i32.i32, i48 %ovrlayYUV_read, i32 24, i32 31" [E:/xilinx_axi/v_dma_txss/v_hdmi_tx_ss_ex/v_hdmi_tx_ss_ex.runs/exdes_v_tpg_0_synth_1/prj/sol/.autopilot/db/v_tpg.cpp:963]   --->   Operation 55 'partselect' 'pix_422_V' <Predicate = (!icmp_ln936)> <Delay = 0.00>
ST_3 : Operation 56 [1/1] (0.00ns)   --->   "%p_Result_s = bitconcatenate i9 @_ssdm_op_BitConcatenate.i9.i1.i8, i1 1, i8 %pix_444_V"   --->   Operation 56 'bitconcatenate' 'p_Result_s' <Predicate = (!icmp_ln936 & !icmp_ln975_1_read)> <Delay = 0.00>
ST_3 : Operation 57 [1/1] (0.00ns)   --->   "%p_Result_1 = bitconcatenate i9 @_ssdm_op_BitConcatenate.i9.i1.i8, i1 1, i8 %pix_rgb_V_4"   --->   Operation 57 'bitconcatenate' 'p_Result_1' <Predicate = (!icmp_ln936 & icmp_ln975_1_read)> <Delay = 0.00>
ST_3 : Operation 58 [1/1] (0.39ns)   --->   "%axi_data_V = select i1 %icmp_ln975_1_read, i9 %p_Result_1, i9 %p_Result_s" [E:/xilinx_axi/v_dma_txss/v_hdmi_tx_ss_ex/v_hdmi_tx_ss_ex.runs/exdes_v_tpg_0_synth_1/prj/sol/.autopilot/db/v_tpg.cpp:975]   --->   Operation 58 'select' 'axi_data_V' <Predicate = (!icmp_ln936)> <Delay = 0.39> <CoreInst = "Sel">   --->   Core 73 'Sel' <Latency = 0> <II = 1> <Delay = 0.39> <FuncUnit> <Opcode : 'select'> <InPorts = 3> <OutPorts = 1>
ST_3 : Operation 59 [1/1] (0.00ns)   --->   "%sext_ln880 = sext i9 %axi_data_V" [E:/xilinx_axi/v_dma_txss/v_hdmi_tx_ss_ex/v_hdmi_tx_ss_ex.runs/exdes_v_tpg_0_synth_1/prj/sol/.autopilot/db/v_tpg.cpp:880]   --->   Operation 59 'sext' 'sext_ln880' <Predicate = (!icmp_ln936)> <Delay = 0.00>
ST_3 : Operation 60 [1/1] (0.39ns)   --->   "%select_ln975 = select i1 %icmp_ln975_1_read, i8 %pix_rgb_V_5, i8 %pix_rgb_V_4" [E:/xilinx_axi/v_dma_txss/v_hdmi_tx_ss_ex/v_hdmi_tx_ss_ex.runs/exdes_v_tpg_0_synth_1/prj/sol/.autopilot/db/v_tpg.cpp:975]   --->   Operation 60 'select' 'select_ln975' <Predicate = (!icmp_ln936)> <Delay = 0.39> <CoreInst = "Sel">   --->   Core 73 'Sel' <Latency = 0> <II = 1> <Delay = 0.39> <FuncUnit> <Opcode : 'select'> <InPorts = 3> <OutPorts = 1>
ST_3 : Operation 61 [1/1] (0.00ns) (grouped into LUT with out node select_ln975_2)   --->   "%select_ln975_1 = select i1 %icmp_ln975_read, i8 %pix_rgb_V_5, i8 %pix_422_V" [E:/xilinx_axi/v_dma_txss/v_hdmi_tx_ss_ex/v_hdmi_tx_ss_ex.runs/exdes_v_tpg_0_synth_1/prj/sol/.autopilot/db/v_tpg.cpp:975]   --->   Operation 61 'select' 'select_ln975_1' <Predicate = (!icmp_ln936 & !icmp_ln975_1_read)> <Delay = 0.00> <CoreInst = "Sel">   --->   Core 73 'Sel' <Latency = 0> <II = 1> <Delay = 0.39> <FuncUnit> <Opcode : 'select'> <InPorts = 3> <OutPorts = 1>
ST_3 : Operation 62 [1/1] (0.39ns) (out node of the LUT)   --->   "%select_ln975_2 = select i1 %icmp_ln975_1_read, i8 %pix_444_V, i8 %select_ln975_1" [E:/xilinx_axi/v_dma_txss/v_hdmi_tx_ss_ex/v_hdmi_tx_ss_ex.runs/exdes_v_tpg_0_synth_1/prj/sol/.autopilot/db/v_tpg.cpp:975]   --->   Operation 62 'select' 'select_ln975_2' <Predicate = (!icmp_ln936)> <Delay = 0.39> <CoreInst = "Sel">   --->   Core 73 'Sel' <Latency = 0> <II = 1> <Delay = 0.39> <FuncUnit> <Opcode : 'select'> <InPorts = 3> <OutPorts = 1>
ST_3 : Operation 63 [1/1] (0.00ns) (grouped into LUT with out node select_ln975_4)   --->   "%select_ln975_3 = select i1 %icmp_ln975_read, i8 %pix_422_V, i8 %pix_rgb_V" [E:/xilinx_axi/v_dma_txss/v_hdmi_tx_ss_ex/v_hdmi_tx_ss_ex.runs/exdes_v_tpg_0_synth_1/prj/sol/.autopilot/db/v_tpg.cpp:975]   --->   Operation 63 'select' 'select_ln975_3' <Predicate = (!icmp_ln936 & !icmp_ln975_1_read)> <Delay = 0.00> <CoreInst = "Sel">   --->   Core 73 'Sel' <Latency = 0> <II = 1> <Delay = 0.39> <FuncUnit> <Opcode : 'select'> <InPorts = 3> <OutPorts = 1>
ST_3 : Operation 64 [1/1] (0.39ns) (out node of the LUT)   --->   "%select_ln975_4 = select i1 %icmp_ln975_1_read, i8 %pix_rgb_V, i8 %select_ln975_3" [E:/xilinx_axi/v_dma_txss/v_hdmi_tx_ss_ex/v_hdmi_tx_ss_ex.runs/exdes_v_tpg_0_synth_1/prj/sol/.autopilot/db/v_tpg.cpp:975]   --->   Operation 64 'select' 'select_ln975_4' <Predicate = (!icmp_ln936)> <Delay = 0.39> <CoreInst = "Sel">   --->   Core 73 'Sel' <Latency = 0> <II = 1> <Delay = 0.39> <FuncUnit> <Opcode : 'select'> <InPorts = 3> <OutPorts = 1>
ST_3 : Operation 65 [1/1] (0.00ns) (grouped into LUT with out node select_ln975_6)   --->   "%select_ln975_5 = select i1 %icmp_ln975_read, i8 %pix_rgb_V, i8 %pix_rgb_V_6" [E:/xilinx_axi/v_dma_txss/v_hdmi_tx_ss_ex/v_hdmi_tx_ss_ex.runs/exdes_v_tpg_0_synth_1/prj/sol/.autopilot/db/v_tpg.cpp:975]   --->   Operation 65 'select' 'select_ln975_5' <Predicate = (!icmp_ln936 & !icmp_ln975_1_read)> <Delay = 0.00> <CoreInst = "Sel">   --->   Core 73 'Sel' <Latency = 0> <II = 1> <Delay = 0.39> <FuncUnit> <Opcode : 'select'> <InPorts = 3> <OutPorts = 1>
ST_3 : Operation 66 [1/1] (0.39ns) (out node of the LUT)   --->   "%select_ln975_6 = select i1 %icmp_ln975_1_read, i8 %pix_rgb_V_6, i8 %select_ln975_5" [E:/xilinx_axi/v_dma_txss/v_hdmi_tx_ss_ex/v_hdmi_tx_ss_ex.runs/exdes_v_tpg_0_synth_1/prj/sol/.autopilot/db/v_tpg.cpp:975]   --->   Operation 66 'select' 'select_ln975_6' <Predicate = (!icmp_ln936)> <Delay = 0.39> <CoreInst = "Sel">   --->   Core 73 'Sel' <Latency = 0> <II = 1> <Delay = 0.39> <FuncUnit> <Opcode : 'select'> <InPorts = 3> <OutPorts = 1>
ST_3 : Operation 67 [1/1] (0.00ns) (grouped into LUT with out node select_ln975_8)   --->   "%select_ln975_7 = select i1 %icmp_ln975_read, i8 %pix_rgb_V_6, i8 %pix_rgb_V_5" [E:/xilinx_axi/v_dma_txss/v_hdmi_tx_ss_ex/v_hdmi_tx_ss_ex.runs/exdes_v_tpg_0_synth_1/prj/sol/.autopilot/db/v_tpg.cpp:975]   --->   Operation 67 'select' 'select_ln975_7' <Predicate = (!icmp_ln936 & !icmp_ln975_1_read)> <Delay = 0.00> <CoreInst = "Sel">   --->   Core 73 'Sel' <Latency = 0> <II = 1> <Delay = 0.39> <FuncUnit> <Opcode : 'select'> <InPorts = 3> <OutPorts = 1>
ST_3 : Operation 68 [1/1] (0.39ns) (out node of the LUT)   --->   "%select_ln975_8 = select i1 %icmp_ln975_1_read, i8 %pix_422_V, i8 %select_ln975_7" [E:/xilinx_axi/v_dma_txss/v_hdmi_tx_ss_ex/v_hdmi_tx_ss_ex.runs/exdes_v_tpg_0_synth_1/prj/sol/.autopilot/db/v_tpg.cpp:975]   --->   Operation 68 'select' 'select_ln975_8' <Predicate = (!icmp_ln936)> <Delay = 0.39> <CoreInst = "Sel">   --->   Core 73 'Sel' <Latency = 0> <II = 1> <Delay = 0.39> <FuncUnit> <Opcode : 'select'> <InPorts = 3> <OutPorts = 1>
ST_3 : Operation 69 [1/1] (0.00ns)   --->   "%tmp_s = bitconcatenate i40 @_ssdm_op_BitConcatenate.i40.i8.i8.i8.i8.i8, i8 %select_ln975_8, i8 %select_ln975_6, i8 %select_ln975_4, i8 %select_ln975_2, i8 %select_ln975" [E:/xilinx_axi/v_dma_txss/v_hdmi_tx_ss_ex/v_hdmi_tx_ss_ex.runs/exdes_v_tpg_0_synth_1/prj/sol/.autopilot/db/v_tpg.cpp:975]   --->   Operation 69 'bitconcatenate' 'tmp_s' <Predicate = (!icmp_ln936)> <Delay = 0.00>
ST_3 : Operation 70 [1/1] (0.00ns)   --->   "%axi_data_V_3 = partset i48 @_ssdm_op_PartSet.i48.i48.i40.i32.i32, i48 %sext_ln880, i40 %tmp_s, i32 8, i32 47" [E:/xilinx_axi/v_dma_txss/v_hdmi_tx_ss_ex/v_hdmi_tx_ss_ex.runs/exdes_v_tpg_0_synth_1/prj/sol/.autopilot/db/v_tpg.cpp:975]   --->   Operation 70 'partset' 'axi_data_V_3' <Predicate = (!icmp_ln936)> <Delay = 0.00>
ST_3 : Operation 71 [1/1] (0.00ns)   --->   "%write_ln258 = write void @_ssdm_op_Write.axis.volatile.i48P0A.i6P0A.i6P0A.i1P0A.i1P0A.i1P0A.i1P0A, i48 %m_axis_video_V_data_V, i6 %m_axis_video_V_keep_V, i6 %m_axis_video_V_strb_V, i1 %m_axis_video_V_user_V, i1 %m_axis_video_V_last_V, i1 %m_axis_video_V_id_V, i1 %m_axis_video_V_dest_V, i48 %axi_data_V_3, i6 63, i6 0, i1 %tmp_user_V, i1 %tmp_last_V, i1 0, i1 0"   --->   Operation 71 'write' 'write_ln258' <Predicate = (!icmp_ln936)> <Delay = 0.00> <CoreInst = "axis">   --->   Core 123 'axis' <Latency = 0> <II = 1> <Delay = 1.00> <Adapter> <Opcode : >
ST_3 : Operation 72 [1/1] (0.28ns)   --->   "%fid_toggle_1 = xor i1 %fid_toggle, i1 1" [E:/xilinx_axi/v_dma_txss/v_hdmi_tx_ss_ex/v_hdmi_tx_ss_ex.runs/exdes_v_tpg_0_synth_1/prj/sol/.autopilot/db/v_tpg.cpp:1008]   --->   Operation 72 'xor' 'fid_toggle_1' <Predicate = (!icmp_ln936 & field_id_load_read == 3)> <Delay = 0.28> <CoreInst = "LogicGate">   --->   Core 74 'LogicGate' <Latency = 0> <II = 1> <Delay = 0.28> <FuncUnit> <Opcode : 'and' 'or' 'xor'> <InPorts = 2> <OutPorts = 1>
ST_3 : Operation 73 [1/1] (0.00ns)   --->   "%write_ln1009 = write void @_ssdm_op_Write.ap_auto.i1P0A, i1 %fid, i1 %fid_toggle_1" [E:/xilinx_axi/v_dma_txss/v_hdmi_tx_ss_ex/v_hdmi_tx_ss_ex.runs/exdes_v_tpg_0_synth_1/prj/sol/.autopilot/db/v_tpg.cpp:1009]   --->   Operation 73 'write' 'write_ln1009' <Predicate = (!icmp_ln936 & field_id_load_read == 3)> <Delay = 0.00>
ST_3 : Operation 74 [1/1] (0.57ns)   --->   "%br_ln1010 = br void %for.inc124" [E:/xilinx_axi/v_dma_txss/v_hdmi_tx_ss_ex/v_hdmi_tx_ss_ex.runs/exdes_v_tpg_0_synth_1/prj/sol/.autopilot/db/v_tpg.cpp:1010]   --->   Operation 74 'br' 'br_ln1010' <Predicate = (!icmp_ln936 & field_id_load_read == 3)> <Delay = 0.57>
ST_3 : Operation 75 [1/1] (0.00ns)   --->   "%write_ln999 = write void @_ssdm_op_Write.ap_auto.i1P0A, i1 %fid, i1 %fid_toggle" [E:/xilinx_axi/v_dma_txss/v_hdmi_tx_ss_ex/v_hdmi_tx_ss_ex.runs/exdes_v_tpg_0_synth_1/prj/sol/.autopilot/db/v_tpg.cpp:999]   --->   Operation 75 'write' 'write_ln999' <Predicate = (!icmp_ln936 & field_id_load_read == 1)> <Delay = 0.00>
ST_3 : Operation 76 [1/1] (0.57ns)   --->   "%br_ln1001 = br void %for.inc124" [E:/xilinx_axi/v_dma_txss/v_hdmi_tx_ss_ex/v_hdmi_tx_ss_ex.runs/exdes_v_tpg_0_synth_1/prj/sol/.autopilot/db/v_tpg.cpp:1001]   --->   Operation 76 'br' 'br_ln1001' <Predicate = (!icmp_ln936 & field_id_load_read == 1)> <Delay = 0.57>
ST_3 : Operation 77 [1/1] (0.00ns)   --->   "%empty_144 = phi i1 0, void %if.then106, i1 %fid_toggle, void %if.then110, i1 1, void %if.then114, i1 %fid_in_load_read, void %if.else119, i1 %fid_toggle_1, void %if.then118"   --->   Operation 77 'phi' 'empty_144' <Predicate = (!icmp_ln936)> <Delay = 0.00>

State 4 <SV = 2> <Delay = 0.00>
ST_4 : Operation 78 [1/1] (0.00ns)   --->   "%store_ln963 = store i1 %p_phi, i1 %p_phi_out" [E:/xilinx_axi/v_dma_txss/v_hdmi_tx_ss_ex/v_hdmi_tx_ss_ex.runs/exdes_v_tpg_0_synth_1/prj/sol/.autopilot/db/v_tpg.cpp:963]   --->   Operation 78 'store' 'store_ln963' <Predicate = true> <Delay = 0.00>

State 5 <SV = 3> <Delay = 0.00>
ST_5 : Operation 79 [1/1] (0.00ns)   --->   "%ret_ln0 = ret"   --->   Operation 79 'ret' 'ret_ln0' <Predicate = true> <Delay = 0.00>


============================================================
+ Verbose Summary: Binding
============================================================
STG Binding: 
---------------- STG Properties BEGIN ----------------
- Is combinational: 0
- Is one-state seq: 0
- Is datapath-only: 0
- Is pipelined: 0
- Is top level: 0
Port [ Return ] is wired: 1; IO mode=ap_ctrl_hs:ce=0
Port [ sof]:  wired=1; compound=0; hidden=0; nouse=0; global=0; static=0; extern=0; dir=0; type=0; pingpong=0; private_global=0; IO mode=ap_none:ce=0
Port [ empty]:  wired=1; compound=0; hidden=0; nouse=0; global=0; static=0; extern=0; dir=0; type=0; pingpong=0; private_global=0; IO mode=ap_none:ce=0
Port [ div283_cast]:  wired=1; compound=0; hidden=0; nouse=0; global=0; static=0; extern=0; dir=0; type=0; pingpong=0; private_global=0; IO mode=ap_stable:ce=0
Port [ fid_in_load]:  wired=1; compound=0; hidden=0; nouse=0; global=0; static=0; extern=0; dir=0; type=0; pingpong=0; private_global=0; IO mode=ap_stable:ce=0
Port [ fid]:  wired=1; compound=0; hidden=0; nouse=0; global=0; static=0; extern=0; dir=1; type=0; pingpong=0; private_global=0; IO mode=ap_vld:ce=0
Port [ ovrlayYUV]:  wired=1; compound=1; hidden=0; nouse=0; global=0; static=0; extern=0; dir=0; type=3; pingpong=0; private_global=0; IO mode=ap_fifo:ce=0
Port [ icmp_ln975_1]:  wired=1; compound=0; hidden=0; nouse=0; global=0; static=0; extern=0; dir=0; type=0; pingpong=0; private_global=0; IO mode=ap_stable:ce=0
Port [ icmp_ln975]:  wired=1; compound=0; hidden=0; nouse=0; global=0; static=0; extern=0; dir=0; type=0; pingpong=0; private_global=0; IO mode=ap_stable:ce=0
Port [ m_axis_video_V_data_V]:  wired=1; compound=1; hidden=0; nouse=0; global=0; static=0; extern=0; dir=1; type=0; pingpong=0; private_global=0; IO mode=axis:ce=0
Port [ m_axis_video_V_keep_V]:  wired=1; compound=1; hidden=0; nouse=0; global=0; static=0; extern=0; dir=1; type=0; pingpong=0; private_global=0; IO mode=axis:ce=0
Port [ m_axis_video_V_strb_V]:  wired=1; compound=1; hidden=0; nouse=0; global=0; static=0; extern=0; dir=1; type=0; pingpong=0; private_global=0; IO mode=axis:ce=0
Port [ m_axis_video_V_user_V]:  wired=1; compound=1; hidden=0; nouse=0; global=0; static=0; extern=0; dir=1; type=0; pingpong=0; private_global=0; IO mode=axis:ce=0
Port [ m_axis_video_V_last_V]:  wired=1; compound=1; hidden=0; nouse=0; global=0; static=0; extern=0; dir=1; type=0; pingpong=0; private_global=0; IO mode=axis:ce=0
Port [ m_axis_video_V_id_V]:  wired=1; compound=1; hidden=0; nouse=0; global=0; static=0; extern=0; dir=1; type=0; pingpong=0; private_global=0; IO mode=axis:ce=0
Port [ m_axis_video_V_dest_V]:  wired=1; compound=1; hidden=0; nouse=0; global=0; static=0; extern=0; dir=1; type=0; pingpong=0; private_global=0; IO mode=axis:ce=0
Port [ field_id_load]:  wired=1; compound=0; hidden=0; nouse=0; global=0; static=0; extern=0; dir=0; type=0; pingpong=0; private_global=0; IO mode=ap_stable:ce=0
Port [ sub_cast]:  wired=1; compound=0; hidden=0; nouse=0; global=0; static=0; extern=0; dir=0; type=0; pingpong=0; private_global=0; IO mode=ap_stable:ce=0
Port [ counter_loc_1_out]:  wired=1; compound=0; hidden=0; nouse=0; global=0; static=0; extern=0; dir=2; type=0; pingpong=0; private_global=0; IO mode=ap_ovld:ce=0
Port [ p_phi_out]:  wired=1; compound=0; hidden=0; nouse=0; global=0; static=0; extern=0; dir=1; type=0; pingpong=0; private_global=0; IO mode=ap_vld:ce=0
Port [ counter]:  wired=1; compound=0; hidden=0; nouse=0; global=1; static=1; extern=0; dir=1; type=0; pingpong=0; private_global=0; IO mode=ap_vld:ce=0
---------------- STG Properties END ------------------

---------------- Datapath Model BEGIN ----------------

<LifeTime>
<method=bitvector/>
j                        (alloca             ) [ 011100]
sub_cast_read            (read               ) [ 000000]
field_id_load_read       (read               ) [ 001100]
icmp_ln975_read          (read               ) [ 001100]
icmp_ln975_1_read        (read               ) [ 001100]
fid_in_load_read         (read               ) [ 001100]
div283_cast_read         (read               ) [ 001100]
tmp                      (read               ) [ 011100]
sof_read                 (read               ) [ 011100]
sub_cast_cast            (sext               ) [ 001100]
specaxissidechannel_ln0  (specaxissidechannel) [ 000000]
specinterface_ln0        (specinterface      ) [ 000000]
specinterface_ln0        (specinterface      ) [ 000000]
store_ln0                (store              ) [ 000000]
br_ln0                   (br                 ) [ 011100]
tmp_user_V               (phi                ) [ 001100]
p_phi                    (phi                ) [ 001010]
j_1                      (load               ) [ 000000]
zext_ln936               (zext               ) [ 000000]
icmp_ln936               (icmp               ) [ 001100]
speclooptripcount_ln0    (speclooptripcount  ) [ 000000]
j_2                      (add                ) [ 000000]
br_ln936                 (br                 ) [ 000000]
specpipeline_ln939       (specpipeline       ) [ 000000]
specloopname_ln928       (specloopname       ) [ 000000]
tmp_last_V               (icmp               ) [ 001100]
br_ln958                 (br                 ) [ 000000]
counter_loc_1_out_load   (load               ) [ 000000]
add_ln960                (add                ) [ 000000]
store_ln960              (store              ) [ 000000]
store_ln961              (store              ) [ 000000]
br_ln961                 (br                 ) [ 000000]
switch_ln993             (switch             ) [ 000000]
write_ln1004             (write              ) [ 000000]
br_ln1005                (br                 ) [ 001100]
write_ln995              (write              ) [ 000000]
br_ln996                 (br                 ) [ 001100]
write_ln1013             (write              ) [ 000000]
br_ln0                   (br                 ) [ 001100]
store_ln936              (store              ) [ 000000]
br_ln936                 (br                 ) [ 011100]
counter_loc_1_out_load_1 (load               ) [ 000000]
fid_toggle               (trunc              ) [ 000000]
ovrlayYUV_read           (read               ) [ 000000]
pix_444_V                (trunc              ) [ 000000]
pix_rgb_V                (partselect         ) [ 000000]
pix_rgb_V_6              (partselect         ) [ 000000]
pix_rgb_V_4              (partselect         ) [ 000000]
pix_rgb_V_5              (partselect         ) [ 000000]
pix_422_V                (partselect         ) [ 000000]
p_Result_s               (bitconcatenate     ) [ 000000]
p_Result_1               (bitconcatenate     ) [ 000000]
axi_data_V               (select             ) [ 000000]
sext_ln880               (sext               ) [ 000000]
select_ln975             (select             ) [ 000000]
select_ln975_1           (select             ) [ 000000]
select_ln975_2           (select             ) [ 000000]
select_ln975_3           (select             ) [ 000000]
select_ln975_4           (select             ) [ 000000]
select_ln975_5           (select             ) [ 000000]
select_ln975_6           (select             ) [ 000000]
select_ln975_7           (select             ) [ 000000]
select_ln975_8           (select             ) [ 000000]
tmp_s                    (bitconcatenate     ) [ 000000]
axi_data_V_3             (partset            ) [ 000000]
write_ln258              (write              ) [ 000000]
fid_toggle_1             (xor                ) [ 000000]
write_ln1009             (write              ) [ 000000]
br_ln1010                (br                 ) [ 000000]
write_ln999              (write              ) [ 000000]
br_ln1001                (br                 ) [ 000000]
empty_144                (phi                ) [ 011100]
store_ln963              (store              ) [ 000000]
ret_ln0                  (ret                ) [ 000000]
</LifeTime>

<model>

<comp_list>
<comp id="0" class="1000" name="sof">
<pin_list>
<pin id="1" dir="1" index="0" bw="1" slack="0"/>
</pin_list>
<bind>
<StgValue><ssdm name="sof"/></StgValue>
</bind>
</comp>

<comp id="2" class="1000" name="empty">
<pin_list>
<pin id="3" dir="1" index="0" bw="1" slack="0"/>
</pin_list>
<bind>
<StgValue><ssdm name="empty"/></StgValue>
</bind>
</comp>

<comp id="4" class="1000" name="div283_cast">
<pin_list>
<pin id="5" dir="1" index="0" bw="1" slack="0"/>
</pin_list>
<bind>
<StgValue><ssdm name="div283_cast"/></StgValue>
</bind>
</comp>

<comp id="6" class="1000" name="fid_in_load">
<pin_list>
<pin id="7" dir="1" index="0" bw="1" slack="0"/>
</pin_list>
<bind>
<StgValue><ssdm name="fid_in_load"/></StgValue>
</bind>
</comp>

<comp id="8" class="1000" name="fid">
<pin_list>
<pin id="9" dir="1" index="0" bw="1" slack="0"/>
</pin_list>
<bind>
<StgValue><ssdm name="fid"/></StgValue>
</bind>
</comp>

<comp id="10" class="1000" name="ovrlayYUV">
<pin_list>
<pin id="11" dir="1" index="0" bw="1" slack="0"/>
</pin_list>
<bind>
<StgValue><ssdm name="ovrlayYUV"/></StgValue>
</bind>
</comp>

<comp id="12" class="1000" name="icmp_ln975_1">
<pin_list>
<pin id="13" dir="1" index="0" bw="1" slack="0"/>
</pin_list>
<bind>
<StgValue><ssdm name="icmp_ln975_1"/></StgValue>
</bind>
</comp>

<comp id="14" class="1000" name="icmp_ln975">
<pin_list>
<pin id="15" dir="1" index="0" bw="1" slack="0"/>
</pin_list>
<bind>
<StgValue><ssdm name="icmp_ln975"/></StgValue>
</bind>
</comp>

<comp id="16" class="1000" name="m_axis_video_V_data_V">
<pin_list>
<pin id="17" dir="1" index="0" bw="1" slack="0"/>
</pin_list>
<bind>
<StgValue><ssdm name="m_axis_video_V_data_V"/></StgValue>
</bind>
</comp>

<comp id="18" class="1000" name="m_axis_video_V_keep_V">
<pin_list>
<pin id="19" dir="1" index="0" bw="1" slack="0"/>
</pin_list>
<bind>
<StgValue><ssdm name="m_axis_video_V_keep_V"/></StgValue>
</bind>
</comp>

<comp id="20" class="1000" name="m_axis_video_V_strb_V">
<pin_list>
<pin id="21" dir="1" index="0" bw="1" slack="0"/>
</pin_list>
<bind>
<StgValue><ssdm name="m_axis_video_V_strb_V"/></StgValue>
</bind>
</comp>

<comp id="22" class="1000" name="m_axis_video_V_user_V">
<pin_list>
<pin id="23" dir="1" index="0" bw="1" slack="0"/>
</pin_list>
<bind>
<StgValue><ssdm name="m_axis_video_V_user_V"/></StgValue>
</bind>
</comp>

<comp id="24" class="1000" name="m_axis_video_V_last_V">
<pin_list>
<pin id="25" dir="1" index="0" bw="1" slack="0"/>
</pin_list>
<bind>
<StgValue><ssdm name="m_axis_video_V_last_V"/></StgValue>
</bind>
</comp>

<comp id="26" class="1000" name="m_axis_video_V_id_V">
<pin_list>
<pin id="27" dir="1" index="0" bw="1" slack="0"/>
</pin_list>
<bind>
<StgValue><ssdm name="m_axis_video_V_id_V"/></StgValue>
</bind>
</comp>

<comp id="28" class="1000" name="m_axis_video_V_dest_V">
<pin_list>
<pin id="29" dir="1" index="0" bw="1" slack="0"/>
</pin_list>
<bind>
<StgValue><ssdm name="m_axis_video_V_dest_V"/></StgValue>
</bind>
</comp>

<comp id="30" class="1000" name="field_id_load">
<pin_list>
<pin id="31" dir="1" index="0" bw="1" slack="0"/>
</pin_list>
<bind>
<StgValue><ssdm name="field_id_load"/></StgValue>
</bind>
</comp>

<comp id="32" class="1000" name="sub_cast">
<pin_list>
<pin id="33" dir="1" index="0" bw="1" slack="0"/>
</pin_list>
<bind>
<StgValue><ssdm name="sub_cast"/></StgValue>
</bind>
</comp>

<comp id="34" class="1000" name="counter_loc_1_out">
<pin_list>
<pin id="35" dir="1" index="0" bw="1" slack="0"/>
</pin_list>
<bind>
<StgValue><ssdm name="counter_loc_1_out"/></StgValue>
</bind>
</comp>

<comp id="36" class="1000" name="p_phi_out">
<pin_list>
<pin id="37" dir="1" index="0" bw="1" slack="0"/>
</pin_list>
<bind>
<StgValue><ssdm name="p_phi_out"/></StgValue>
</bind>
</comp>

<comp id="38" class="1000" name="counter">
<pin_list>
<pin id="39" dir="1" index="0" bw="1" slack="0"/>
</pin_list>
<bind>
<StgValue><ssdm name="counter"/></StgValue>
</bind>
</comp>

<comp id="40" class="1001" name="const_40">
<pin_list>
<pin id="41" dir="1" index="0" bw="1" slack="0"/>
</pin_list>
<bind>
<StgValue><ssdm name=""/></StgValue>
</bind>
</comp>

<comp id="42" class="1001" name="const_42">
<pin_list>
<pin id="43" dir="1" index="0" bw="1" slack="0"/>
</pin_list>
<bind>
<StgValue><ssdm name="_ssdm_op_Read.ap_auto.i12"/></StgValue>
</bind>
</comp>

<comp id="44" class="1001" name="const_44">
<pin_list>
<pin id="45" dir="1" index="0" bw="1" slack="0"/>
</pin_list>
<bind>
<StgValue><ssdm name="_ssdm_op_Read.ap_auto.i16"/></StgValue>
</bind>
</comp>

<comp id="46" class="1001" name="const_46">
<pin_list>
<pin id="47" dir="1" index="0" bw="1" slack="0"/>
</pin_list>
<bind>
<StgValue><ssdm name="_ssdm_op_Read.ap_auto.i1"/></StgValue>
</bind>
</comp>

<comp id="48" class="1001" name="const_48">
<pin_list>
<pin id="49" dir="1" index="0" bw="1" slack="2147483647"/>
</pin_list>
<bind>
<StgValue><ssdm name="_ssdm_op_SpecAXISSideChannel"/></StgValue>
</bind>
</comp>

<comp id="50" class="1001" name="const_50">
<pin_list>
<pin id="51" dir="1" index="0" bw="1" slack="2147483647"/>
</pin_list>
<bind>
<StgValue><ssdm name="empty_27"/></StgValue>
</bind>
</comp>

<comp id="52" class="1001" name="const_52">
<pin_list>
<pin id="53" dir="1" index="0" bw="1" slack="2147483647"/>
</pin_list>
<bind>
<StgValue><ssdm name="_ssdm_op_SpecInterface"/></StgValue>
</bind>
</comp>

<comp id="54" class="1001" name="const_54">
<pin_list>
<pin id="55" dir="1" index="0" bw="1" slack="2147483647"/>
</pin_list>
<bind>
<StgValue><ssdm name="empty_39"/></StgValue>
</bind>
</comp>

<comp id="56" class="1001" name="const_56">
<pin_list>
<pin id="57" dir="1" index="0" bw="1" slack="2147483647"/>
</pin_list>
<bind>
<StgValue><ssdm name=""/></StgValue>
</bind>
</comp>

<comp id="58" class="1001" name="const_58">
<pin_list>
<pin id="59" dir="1" index="0" bw="1" slack="2147483647"/>
</pin_list>
<bind>
<StgValue><ssdm name="empty_5"/></StgValue>
</bind>
</comp>

<comp id="60" class="1001" name="const_60">
<pin_list>
<pin id="61" dir="1" index="0" bw="1" slack="2147483647"/>
</pin_list>
<bind>
<StgValue><ssdm name="empty_6"/></StgValue>
</bind>
</comp>

<comp id="62" class="1001" name="const_62">
<pin_list>
<pin id="63" dir="1" index="0" bw="1" slack="2147483647"/>
</pin_list>
<bind>
<StgValue><ssdm name=""/></StgValue>
</bind>
</comp>

<comp id="64" class="1001" name="const_64">
<pin_list>
<pin id="65" dir="1" index="0" bw="1" slack="2147483647"/>
</pin_list>
<bind>
<StgValue><ssdm name="empty_29"/></StgValue>
</bind>
</comp>

<comp id="66" class="1001" name="const_66">
<pin_list>
<pin id="67" dir="1" index="0" bw="1" slack="0"/>
</pin_list>
<bind>
<StgValue><ssdm name=""/></StgValue>
</bind>
</comp>

<comp id="68" class="1001" name="const_68">
<pin_list>
<pin id="69" dir="1" index="0" bw="1" slack="0"/>
</pin_list>
<bind>
<StgValue><ssdm name=""/></StgValue>
</bind>
</comp>

<comp id="70" class="1001" name="const_70">
<pin_list>
<pin id="71" dir="1" index="0" bw="1" slack="2147483647"/>
</pin_list>
<bind>
<StgValue><ssdm name="_ssdm_op_SpecLoopTripCount"/></StgValue>
</bind>
</comp>

<comp id="72" class="1001" name="const_72">
<pin_list>
<pin id="73" dir="1" index="0" bw="1" slack="2147483647"/>
</pin_list>
<bind>
<StgValue><ssdm name=""/></StgValue>
</bind>
</comp>

<comp id="74" class="1001" name="const_74">
<pin_list>
<pin id="75" dir="1" index="0" bw="1" slack="2147483647"/>
</pin_list>
<bind>
<StgValue><ssdm name=""/></StgValue>
</bind>
</comp>

<comp id="76" class="1001" name="const_76">
<pin_list>
<pin id="77" dir="1" index="0" bw="1" slack="2147483647"/>
</pin_list>
<bind>
<StgValue><ssdm name=""/></StgValue>
</bind>
</comp>

<comp id="78" class="1001" name="const_78">
<pin_list>
<pin id="79" dir="1" index="0" bw="1" slack="0"/>
</pin_list>
<bind>
<StgValue><ssdm name=""/></StgValue>
</bind>
</comp>

<comp id="80" class="1001" name="const_80">
<pin_list>
<pin id="81" dir="1" index="0" bw="1" slack="2147483647"/>
</pin_list>
<bind>
<StgValue><ssdm name="_ssdm_op_SpecPipeline"/></StgValue>
</bind>
</comp>

<comp id="82" class="1001" name="const_82">
<pin_list>
<pin id="83" dir="1" index="0" bw="1" slack="2147483647"/>
</pin_list>
<bind>
<StgValue><ssdm name="_ssdm_op_SpecLoopName"/></StgValue>
</bind>
</comp>

<comp id="84" class="1001" name="const_84">
<pin_list>
<pin id="85" dir="1" index="0" bw="1" slack="2147483647"/>
</pin_list>
<bind>
<StgValue><ssdm name="empty_37"/></StgValue>
</bind>
</comp>

<comp id="86" class="1001" name="const_86">
<pin_list>
<pin id="87" dir="1" index="0" bw="1" slack="0"/>
</pin_list>
<bind>
<StgValue><ssdm name=""/></StgValue>
</bind>
</comp>

<comp id="88" class="1001" name="const_88">
<pin_list>
<pin id="89" dir="1" index="0" bw="1" slack="2147483647"/>
</pin_list>
<bind>
<StgValue><ssdm name=""/></StgValue>
</bind>
</comp>

<comp id="90" class="1001" name="const_90">
<pin_list>
<pin id="91" dir="1" index="0" bw="1" slack="2147483647"/>
</pin_list>
<bind>
<StgValue><ssdm name=""/></StgValue>
</bind>
</comp>

<comp id="92" class="1001" name="const_92">
<pin_list>
<pin id="93" dir="1" index="0" bw="1" slack="2147483647"/>
</pin_list>
<bind>
<StgValue><ssdm name=""/></StgValue>
</bind>
</comp>

<comp id="94" class="1001" name="const_94">
<pin_list>
<pin id="95" dir="1" index="0" bw="1" slack="0"/>
</pin_list>
<bind>
<StgValue><ssdm name="_ssdm_op_Write.ap_auto.i1P0A"/></StgValue>
</bind>
</comp>

<comp id="96" class="1001" name="const_96">
<pin_list>
<pin id="97" dir="1" index="0" bw="1" slack="0"/>
</pin_list>
<bind>
<StgValue><ssdm name=""/></StgValue>
</bind>
</comp>

<comp id="98" class="1001" name="const_98">
<pin_list>
<pin id="99" dir="1" index="0" bw="1" slack="0"/>
</pin_list>
<bind>
<StgValue><ssdm name="_ssdm_op_Read.ap_fifo.volatile.i48P0A"/></StgValue>
</bind>
</comp>

<comp id="100" class="1001" name="const_100">
<pin_list>
<pin id="101" dir="1" index="0" bw="1" slack="0"/>
</pin_list>
<bind>
<StgValue><ssdm name="_ssdm_op_PartSelect.i8.i48.i32.i32"/></StgValue>
</bind>
</comp>

<comp id="102" class="1001" name="const_102">
<pin_list>
<pin id="103" dir="1" index="0" bw="1" slack="0"/>
</pin_list>
<bind>
<StgValue><ssdm name=""/></StgValue>
</bind>
</comp>

<comp id="104" class="1001" name="const_104">
<pin_list>
<pin id="105" dir="1" index="0" bw="1" slack="0"/>
</pin_list>
<bind>
<StgValue><ssdm name=""/></StgValue>
</bind>
</comp>

<comp id="106" class="1001" name="const_106">
<pin_list>
<pin id="107" dir="1" index="0" bw="1" slack="0"/>
</pin_list>
<bind>
<StgValue><ssdm name=""/></StgValue>
</bind>
</comp>

<comp id="108" class="1001" name="const_108">
<pin_list>
<pin id="109" dir="1" index="0" bw="1" slack="0"/>
</pin_list>
<bind>
<StgValue><ssdm name=""/></StgValue>
</bind>
</comp>

<comp id="110" class="1001" name="const_110">
<pin_list>
<pin id="111" dir="1" index="0" bw="1" slack="0"/>
</pin_list>
<bind>
<StgValue><ssdm name=""/></StgValue>
</bind>
</comp>

<comp id="112" class="1001" name="const_112">
<pin_list>
<pin id="113" dir="1" index="0" bw="1" slack="0"/>
</pin_list>
<bind>
<StgValue><ssdm name=""/></StgValue>
</bind>
</comp>

<comp id="114" class="1001" name="const_114">
<pin_list>
<pin id="115" dir="1" index="0" bw="1" slack="0"/>
</pin_list>
<bind>
<StgValue><ssdm name=""/></StgValue>
</bind>
</comp>

<comp id="116" class="1001" name="const_116">
<pin_list>
<pin id="117" dir="1" index="0" bw="1" slack="0"/>
</pin_list>
<bind>
<StgValue><ssdm name=""/></StgValue>
</bind>
</comp>

<comp id="118" class="1001" name="const_118">
<pin_list>
<pin id="119" dir="1" index="0" bw="1" slack="0"/>
</pin_list>
<bind>
<StgValue><ssdm name=""/></StgValue>
</bind>
</comp>

<comp id="120" class="1001" name="const_120">
<pin_list>
<pin id="121" dir="1" index="0" bw="1" slack="0"/>
</pin_list>
<bind>
<StgValue><ssdm name=""/></StgValue>
</bind>
</comp>

<comp id="122" class="1001" name="const_122">
<pin_list>
<pin id="123" dir="1" index="0" bw="1" slack="0"/>
</pin_list>
<bind>
<StgValue><ssdm name="_ssdm_op_BitConcatenate.i9.i1.i8"/></StgValue>
</bind>
</comp>

<comp id="124" class="1001" name="const_124">
<pin_list>
<pin id="125" dir="1" index="0" bw="1" slack="0"/>
</pin_list>
<bind>
<StgValue><ssdm name="_ssdm_op_BitConcatenate.i40.i8.i8.i8.i8.i8"/></StgValue>
</bind>
</comp>

<comp id="126" class="1001" name="const_126">
<pin_list>
<pin id="127" dir="1" index="0" bw="1" slack="0"/>
</pin_list>
<bind>
<StgValue><ssdm name="_ssdm_op_PartSet.i48.i48.i40.i32.i32"/></StgValue>
</bind>
</comp>

<comp id="128" class="1001" name="const_128">
<pin_list>
<pin id="129" dir="1" index="0" bw="1" slack="0"/>
</pin_list>
<bind>
<StgValue><ssdm name="_ssdm_op_Write.axis.volatile.i48P0A.i6P0A.i6P0A.i1P0A.i1P0A.i1P0A.i1P0A"/></StgValue>
</bind>
</comp>

<comp id="130" class="1001" name="const_130">
<pin_list>
<pin id="131" dir="1" index="0" bw="1" slack="0"/>
</pin_list>
<bind>
<StgValue><ssdm name=""/></StgValue>
</bind>
</comp>

<comp id="132" class="1001" name="const_132">
<pin_list>
<pin id="133" dir="1" index="0" bw="1" slack="0"/>
</pin_list>
<bind>
<StgValue><ssdm name=""/></StgValue>
</bind>
</comp>

<comp id="134" class="1001" name="const_134">
<pin_list>
<pin id="135" dir="1" index="0" bw="1" slack="0"/>
</pin_list>
<bind>
<StgValue><ssdm name=""/></StgValue>
</bind>
</comp>

<comp id="136" class="1004" name="j_fu_136">
<pin_list>
<pin id="137" dir="0" index="0" bw="1" slack="0"/>
<pin id="138" dir="1" index="1" bw="12" slack="0"/>
</pin_list>
<bind>
<opcode="alloca(26) " fcode="alloca"/>
<opset="j/1 "/>
</bind>
</comp>

<comp id="140" class="1004" name="sub_cast_read_read_fu_140">
<pin_list>
<pin id="141" dir="0" index="0" bw="12" slack="0"/>
<pin id="142" dir="0" index="1" bw="12" slack="0"/>
<pin id="143" dir="1" index="2" bw="12" slack="0"/>
</pin_list>
<bind>
<opcode="read(1150) " fcode="read"/>
<opset="sub_cast_read/1 "/>
</bind>
</comp>

<comp id="146" class="1004" name="field_id_load_read_read_fu_146">
<pin_list>
<pin id="147" dir="0" index="0" bw="16" slack="0"/>
<pin id="148" dir="0" index="1" bw="16" slack="0"/>
<pin id="149" dir="1" index="2" bw="16" slack="1"/>
</pin_list>
<bind>
<opcode="read(1150) " fcode="read"/>
<opset="field_id_load_read/1 "/>
</bind>
</comp>

<comp id="152" class="1004" name="icmp_ln975_read_read_fu_152">
<pin_list>
<pin id="153" dir="0" index="0" bw="1" slack="0"/>
<pin id="154" dir="0" index="1" bw="1" slack="0"/>
<pin id="155" dir="1" index="2" bw="1" slack="2"/>
</pin_list>
<bind>
<opcode="read(1150) " fcode="read"/>
<opset="icmp_ln975_read/1 "/>
</bind>
</comp>

<comp id="158" class="1004" name="icmp_ln975_1_read_read_fu_158">
<pin_list>
<pin id="159" dir="0" index="0" bw="1" slack="0"/>
<pin id="160" dir="0" index="1" bw="1" slack="0"/>
<pin id="161" dir="1" index="2" bw="1" slack="2"/>
</pin_list>
<bind>
<opcode="read(1150) " fcode="read"/>
<opset="icmp_ln975_1_read/1 "/>
</bind>
</comp>

<comp id="164" class="1004" name="fid_in_load_read_read_fu_164">
<pin_list>
<pin id="165" dir="0" index="0" bw="1" slack="0"/>
<pin id="166" dir="0" index="1" bw="1" slack="0"/>
<pin id="167" dir="1" index="2" bw="1" slack="1"/>
</pin_list>
<bind>
<opcode="read(1150) " fcode="read"/>
<opset="fid_in_load_read/1 "/>
</bind>
</comp>

<comp id="170" class="1004" name="div283_cast_read_read_fu_170">
<pin_list>
<pin id="171" dir="0" index="0" bw="12" slack="0"/>
<pin id="172" dir="0" index="1" bw="12" slack="0"/>
<pin id="173" dir="1" index="2" bw="12" slack="1"/>
</pin_list>
<bind>
<opcode="read(1150) " fcode="read"/>
<opset="div283_cast_read/1 "/>
</bind>
</comp>

<comp id="176" class="1004" name="tmp_read_fu_176">
<pin_list>
<pin id="177" dir="0" index="0" bw="1" slack="0"/>
<pin id="178" dir="0" index="1" bw="1" slack="0"/>
<pin id="179" dir="1" index="2" bw="1" slack="1"/>
</pin_list>
<bind>
<opcode="read(1150) " fcode="read"/>
<opset="tmp/1 "/>
</bind>
</comp>

<comp id="182" class="1004" name="sof_read_read_fu_182">
<pin_list>
<pin id="183" dir="0" index="0" bw="1" slack="0"/>
<pin id="184" dir="0" index="1" bw="1" slack="0"/>
<pin id="185" dir="1" index="2" bw="1" slack="1"/>
</pin_list>
<bind>
<opcode="read(1150) " fcode="read"/>
<opset="sof_read/1 "/>
</bind>
</comp>

<comp id="188" class="1004" name="grp_write_fu_188">
<pin_list>
<pin id="189" dir="0" index="0" bw="0" slack="0"/>
<pin id="190" dir="0" index="1" bw="1" slack="0"/>
<pin id="191" dir="0" index="2" bw="1" slack="0"/>
<pin id="192" dir="1" index="3" bw="0" slack="2147483647"/>
</pin_list>
<bind>
<opcode="write(1151) " fcode="write"/>
<opset="write_ln1004/2 write_ln995/2 write_ln1013/2 write_ln1009/3 write_ln999/3 "/>
</bind>
</comp>

<comp id="197" class="1004" name="ovrlayYUV_read_read_fu_197">
<pin_list>
<pin id="198" dir="0" index="0" bw="48" slack="0"/>
<pin id="199" dir="0" index="1" bw="48" slack="0"/>
<pin id="200" dir="1" index="2" bw="48" slack="0"/>
</pin_list>
<bind>
<opcode="read(1150) " fcode="read"/>
<opset="ovrlayYUV_read/3 "/>
</bind>
</comp>

<comp id="203" class="1004" name="write_ln258_write_fu_203">
<pin_list>
<pin id="204" dir="0" index="0" bw="0" slack="0"/>
<pin id="205" dir="0" index="1" bw="48" slack="0"/>
<pin id="206" dir="0" index="2" bw="6" slack="0"/>
<pin id="207" dir="0" index="3" bw="6" slack="0"/>
<pin id="208" dir="0" index="4" bw="1" slack="0"/>
<pin id="209" dir="0" index="5" bw="1" slack="0"/>
<pin id="210" dir="0" index="6" bw="1" slack="0"/>
<pin id="211" dir="0" index="7" bw="1" slack="0"/>
<pin id="212" dir="0" index="8" bw="48" slack="0"/>
<pin id="213" dir="0" index="9" bw="1" slack="0"/>
<pin id="214" dir="0" index="10" bw="1" slack="0"/>
<pin id="215" dir="0" index="11" bw="1" slack="1"/>
<pin id="216" dir="0" index="12" bw="1" slack="1"/>
<pin id="217" dir="0" index="13" bw="1" slack="0"/>
<pin id="218" dir="0" index="14" bw="1" slack="0"/>
<pin id="219" dir="1" index="15" bw="0" slack="2147483647"/>
</pin_list>
<bind>
<opcode="write(1151) " fcode="write"/>
<opset="write_ln258/3 "/>
</bind>
</comp>

<comp id="232" class="1005" name="tmp_user_V_reg_232">
<pin_list>
<pin id="233" dir="0" index="0" bw="1" slack="1"/>
<pin id="234" dir="1" index="1" bw="1" slack="1"/>
</pin_list>
<bind>
<opset="tmp_user_V (phireg) "/>
</bind>
</comp>

<comp id="236" class="1004" name="tmp_user_V_phi_fu_236">
<pin_list>
<pin id="237" dir="0" index="0" bw="1" slack="0"/>
<pin id="238" dir="0" index="1" bw="0" slack="2147483647"/>
<pin id="239" dir="0" index="2" bw="1" slack="1"/>
<pin id="240" dir="0" index="3" bw="0" slack="2147483647"/>
<pin id="241" dir="1" index="4" bw="1" slack="1"/>
</pin_list>
<bind>
<opcode="phi(47) " fcode="phi"/>
<opset="tmp_user_V/2 "/>
</bind>
</comp>

<comp id="244" class="1005" name="p_phi_reg_244">
<pin_list>
<pin id="245" dir="0" index="0" bw="1" slack="1"/>
<pin id="246" dir="1" index="1" bw="1" slack="1"/>
</pin_list>
<bind>
<opset="p_phi (phireg) "/>
</bind>
</comp>

<comp id="247" class="1004" name="p_phi_phi_fu_247">
<pin_list>
<pin id="248" dir="0" index="0" bw="1" slack="1"/>
<pin id="249" dir="0" index="1" bw="0" slack="2147483647"/>
<pin id="250" dir="0" index="2" bw="1" slack="1"/>
<pin id="251" dir="0" index="3" bw="0" slack="2147483647"/>
<pin id="252" dir="1" index="4" bw="1" slack="1"/>
</pin_list>
<bind>
<opcode="phi(47) " fcode="phi"/>
<opset="p_phi/2 "/>
</bind>
</comp>

<comp id="254" class="1005" name="empty_144_reg_254">
<pin_list>
<pin id="255" dir="0" index="0" bw="1" slack="1"/>
<pin id="256" dir="1" index="1" bw="1" slack="1"/>
</pin_list>
<bind>
<opset="empty_144 (phireg) "/>
</bind>
</comp>

<comp id="260" class="1004" name="empty_144_phi_fu_260">
<pin_list>
<pin id="261" dir="0" index="0" bw="1" slack="1"/>
<pin id="262" dir="0" index="1" bw="0" slack="2147483647"/>
<pin id="263" dir="0" index="2" bw="1" slack="0"/>
<pin id="264" dir="0" index="3" bw="0" slack="2147483647"/>
<pin id="265" dir="0" index="4" bw="1" slack="1"/>
<pin id="266" dir="0" index="5" bw="0" slack="2147483647"/>
<pin id="267" dir="0" index="6" bw="1" slack="2"/>
<pin id="268" dir="0" index="7" bw="0" slack="2147483647"/>
<pin id="269" dir="0" index="8" bw="1" slack="0"/>
<pin id="270" dir="0" index="9" bw="0" slack="2147483647"/>
<pin id="271" dir="1" index="10" bw="1" slack="1"/>
</pin_list>
<bind>
<opcode="phi(47) " fcode="phi"/>
<opset="empty_144/3 "/>
</bind>
</comp>

<comp id="275" class="1004" name="sub_cast_cast_fu_275">
<pin_list>
<pin id="276" dir="0" index="0" bw="12" slack="0"/>
<pin id="277" dir="1" index="1" bw="13" slack="1"/>
</pin_list>
<bind>
<opcode="sext(35) " fcode="sext"/>
<opset="sub_cast_cast/1 "/>
</bind>
</comp>

<comp id="279" class="1004" name="store_ln0_store_fu_279">
<pin_list>
<pin id="280" dir="0" index="0" bw="1" slack="0"/>
<pin id="281" dir="0" index="1" bw="12" slack="0"/>
<pin id="282" dir="1" index="2" bw="0" slack="2147483647"/>
</pin_list>
<bind>
<opcode="store(28) " fcode="store"/>
<opset="store_ln0/1 "/>
</bind>
</comp>

<comp id="284" class="1004" name="j_1_load_fu_284">
<pin_list>
<pin id="285" dir="0" index="0" bw="12" slack="1"/>
<pin id="286" dir="1" index="1" bw="12" slack="0"/>
</pin_list>
<bind>
<opcode="load(27) " fcode="load"/>
<opset="j_1/2 "/>
</bind>
</comp>

<comp id="287" class="1004" name="zext_ln936_fu_287">
<pin_list>
<pin id="288" dir="0" index="0" bw="12" slack="0"/>
<pin id="289" dir="1" index="1" bw="13" slack="0"/>
</pin_list>
<bind>
<opcode="zext(34) " fcode="zext"/>
<opset="zext_ln936/2 "/>
</bind>
</comp>

<comp id="291" class="1004" name="icmp_ln936_fu_291">
<pin_list>
<pin id="292" dir="0" index="0" bw="12" slack="0"/>
<pin id="293" dir="0" index="1" bw="12" slack="1"/>
<pin id="294" dir="1" index="2" bw="1" slack="1"/>
</pin_list>
<bind>
<opcode="icmp(45) " fcode="icmp"/>
<opset="icmp_ln936/2 "/>
</bind>
</comp>

<comp id="296" class="1004" name="j_2_fu_296">
<pin_list>
<pin id="297" dir="0" index="0" bw="12" slack="0"/>
<pin id="298" dir="0" index="1" bw="1" slack="0"/>
<pin id="299" dir="1" index="2" bw="12" slack="0"/>
</pin_list>
<bind>
<opcode="add(8) " fcode="add"/>
<opset="j_2/2 "/>
</bind>
</comp>

<comp id="302" class="1004" name="tmp_last_V_fu_302">
<pin_list>
<pin id="303" dir="0" index="0" bw="12" slack="0"/>
<pin id="304" dir="0" index="1" bw="12" slack="1"/>
<pin id="305" dir="1" index="2" bw="1" slack="1"/>
</pin_list>
<bind>
<opcode="icmp(45) " fcode="icmp"/>
<opset="tmp_last_V/2 "/>
</bind>
</comp>

<comp id="307" class="1004" name="counter_loc_1_out_load_load_fu_307">
<pin_list>
<pin id="308" dir="0" index="0" bw="16" slack="0"/>
<pin id="309" dir="1" index="1" bw="16" slack="0"/>
</pin_list>
<bind>
<opcode="load(27) " fcode="load"/>
<opset="counter_loc_1_out_load/2 "/>
</bind>
</comp>

<comp id="311" class="1004" name="add_ln960_fu_311">
<pin_list>
<pin id="312" dir="0" index="0" bw="16" slack="0"/>
<pin id="313" dir="0" index="1" bw="1" slack="0"/>
<pin id="314" dir="1" index="2" bw="16" slack="0"/>
</pin_list>
<bind>
<opcode="add(8) " fcode="add"/>
<opset="add_ln960/2 "/>
</bind>
</comp>

<comp id="317" class="1004" name="store_ln960_store_fu_317">
<pin_list>
<pin id="318" dir="0" index="0" bw="16" slack="0"/>
<pin id="319" dir="0" index="1" bw="16" slack="0"/>
<pin id="320" dir="1" index="2" bw="0" slack="2147483647"/>
</pin_list>
<bind>
<opcode="store(28) " fcode="store"/>
<opset="store_ln960/2 "/>
</bind>
</comp>

<comp id="323" class="1004" name="store_ln961_store_fu_323">
<pin_list>
<pin id="324" dir="0" index="0" bw="16" slack="0"/>
<pin id="325" dir="0" index="1" bw="16" slack="0"/>
<pin id="326" dir="1" index="2" bw="0" slack="2147483647"/>
</pin_list>
<bind>
<opcode="store(28) " fcode="store"/>
<opset="store_ln961/2 "/>
</bind>
</comp>

<comp id="329" class="1004" name="store_ln936_store_fu_329">
<pin_list>
<pin id="330" dir="0" index="0" bw="12" slack="0"/>
<pin id="331" dir="0" index="1" bw="12" slack="1"/>
<pin id="332" dir="1" index="2" bw="0" slack="2147483647"/>
</pin_list>
<bind>
<opcode="store(28) " fcode="store"/>
<opset="store_ln936/2 "/>
</bind>
</comp>

<comp id="334" class="1004" name="counter_loc_1_out_load_1_load_fu_334">
<pin_list>
<pin id="335" dir="0" index="0" bw="16" slack="0"/>
<pin id="336" dir="1" index="1" bw="16" slack="0"/>
</pin_list>
<bind>
<opcode="load(27) " fcode="load"/>
<opset="counter_loc_1_out_load_1/3 "/>
</bind>
</comp>

<comp id="338" class="1004" name="fid_toggle_fu_338">
<pin_list>
<pin id="339" dir="0" index="0" bw="16" slack="0"/>
<pin id="340" dir="1" index="1" bw="1" slack="0"/>
</pin_list>
<bind>
<opcode="trunc(33) " fcode="trunc"/>
<opset="fid_toggle/3 "/>
</bind>
</comp>

<comp id="344" class="1004" name="pix_444_V_fu_344">
<pin_list>
<pin id="345" dir="0" index="0" bw="48" slack="0"/>
<pin id="346" dir="1" index="1" bw="8" slack="0"/>
</pin_list>
<bind>
<opcode="trunc(33) " fcode="trunc"/>
<opset="pix_444_V/3 "/>
</bind>
</comp>

<comp id="348" class="1004" name="pix_rgb_V_fu_348">
<pin_list>
<pin id="349" dir="0" index="0" bw="8" slack="0"/>
<pin id="350" dir="0" index="1" bw="48" slack="0"/>
<pin id="351" dir="0" index="2" bw="7" slack="0"/>
<pin id="352" dir="0" index="3" bw="7" slack="0"/>
<pin id="353" dir="1" index="4" bw="8" slack="0"/>
</pin_list>
<bind>
<opcode="partselect(1002) " fcode="partselect"/>
<opset="pix_rgb_V/3 "/>
</bind>
</comp>

<comp id="358" class="1004" name="pix_rgb_V_6_fu_358">
<pin_list>
<pin id="359" dir="0" index="0" bw="8" slack="0"/>
<pin id="360" dir="0" index="1" bw="48" slack="0"/>
<pin id="361" dir="0" index="2" bw="7" slack="0"/>
<pin id="362" dir="0" index="3" bw="7" slack="0"/>
<pin id="363" dir="1" index="4" bw="8" slack="0"/>
</pin_list>
<bind>
<opcode="partselect(1002) " fcode="partselect"/>
<opset="pix_rgb_V_6/3 "/>
</bind>
</comp>

<comp id="368" class="1004" name="pix_rgb_V_4_fu_368">
<pin_list>
<pin id="369" dir="0" index="0" bw="8" slack="0"/>
<pin id="370" dir="0" index="1" bw="48" slack="0"/>
<pin id="371" dir="0" index="2" bw="5" slack="0"/>
<pin id="372" dir="0" index="3" bw="5" slack="0"/>
<pin id="373" dir="1" index="4" bw="8" slack="0"/>
</pin_list>
<bind>
<opcode="partselect(1002) " fcode="partselect"/>
<opset="pix_rgb_V_4/3 "/>
</bind>
</comp>

<comp id="378" class="1004" name="pix_rgb_V_5_fu_378">
<pin_list>
<pin id="379" dir="0" index="0" bw="8" slack="0"/>
<pin id="380" dir="0" index="1" bw="48" slack="0"/>
<pin id="381" dir="0" index="2" bw="6" slack="0"/>
<pin id="382" dir="0" index="3" bw="6" slack="0"/>
<pin id="383" dir="1" index="4" bw="8" slack="0"/>
</pin_list>
<bind>
<opcode="partselect(1002) " fcode="partselect"/>
<opset="pix_rgb_V_5/3 "/>
</bind>
</comp>

<comp id="388" class="1004" name="pix_422_V_fu_388">
<pin_list>
<pin id="389" dir="0" index="0" bw="8" slack="0"/>
<pin id="390" dir="0" index="1" bw="48" slack="0"/>
<pin id="391" dir="0" index="2" bw="6" slack="0"/>
<pin id="392" dir="0" index="3" bw="6" slack="0"/>
<pin id="393" dir="1" index="4" bw="8" slack="0"/>
</pin_list>
<bind>
<opcode="partselect(1002) " fcode="partselect"/>
<opset="pix_422_V/3 "/>
</bind>
</comp>

<comp id="398" class="1004" name="p_Result_s_fu_398">
<pin_list>
<pin id="399" dir="0" index="0" bw="9" slack="0"/>
<pin id="400" dir="0" index="1" bw="1" slack="0"/>
<pin id="401" dir="0" index="2" bw="8" slack="0"/>
<pin id="402" dir="1" index="3" bw="9" slack="0"/>
</pin_list>
<bind>
<opcode="bitconcatenate(1004) " fcode="bitconcatenate"/>
<opset="p_Result_s/3 "/>
</bind>
</comp>

<comp id="406" class="1004" name="p_Result_1_fu_406">
<pin_list>
<pin id="407" dir="0" index="0" bw="9" slack="0"/>
<pin id="408" dir="0" index="1" bw="1" slack="0"/>
<pin id="409" dir="0" index="2" bw="8" slack="0"/>
<pin id="410" dir="1" index="3" bw="9" slack="0"/>
</pin_list>
<bind>
<opcode="bitconcatenate(1004) " fcode="bitconcatenate"/>
<opset="p_Result_1/3 "/>
</bind>
</comp>

<comp id="414" class="1004" name="axi_data_V_fu_414">
<pin_list>
<pin id="415" dir="0" index="0" bw="1" slack="2"/>
<pin id="416" dir="0" index="1" bw="9" slack="0"/>
<pin id="417" dir="0" index="2" bw="9" slack="0"/>
<pin id="418" dir="1" index="3" bw="9" slack="0"/>
</pin_list>
<bind>
<opcode="select(49) " fcode="select"/>
<opset="axi_data_V/3 "/>
</bind>
</comp>

<comp id="421" class="1004" name="sext_ln880_fu_421">
<pin_list>
<pin id="422" dir="0" index="0" bw="9" slack="0"/>
<pin id="423" dir="1" index="1" bw="48" slack="0"/>
</pin_list>
<bind>
<opcode="sext(35) " fcode="sext"/>
<opset="sext_ln880/3 "/>
</bind>
</comp>

<comp id="425" class="1004" name="select_ln975_fu_425">
<pin_list>
<pin id="426" dir="0" index="0" bw="1" slack="2"/>
<pin id="427" dir="0" index="1" bw="8" slack="0"/>
<pin id="428" dir="0" index="2" bw="8" slack="0"/>
<pin id="429" dir="1" index="3" bw="8" slack="0"/>
</pin_list>
<bind>
<opcode="select(49) " fcode="select"/>
<opset="select_ln975/3 "/>
</bind>
</comp>

<comp id="432" class="1004" name="select_ln975_1_fu_432">
<pin_list>
<pin id="433" dir="0" index="0" bw="1" slack="2"/>
<pin id="434" dir="0" index="1" bw="8" slack="0"/>
<pin id="435" dir="0" index="2" bw="8" slack="0"/>
<pin id="436" dir="1" index="3" bw="8" slack="0"/>
</pin_list>
<bind>
<opcode="select(49) " fcode="select"/>
<opset="select_ln975_1/3 "/>
</bind>
</comp>

<comp id="439" class="1004" name="select_ln975_2_fu_439">
<pin_list>
<pin id="440" dir="0" index="0" bw="1" slack="2"/>
<pin id="441" dir="0" index="1" bw="8" slack="0"/>
<pin id="442" dir="0" index="2" bw="8" slack="0"/>
<pin id="443" dir="1" index="3" bw="8" slack="0"/>
</pin_list>
<bind>
<opcode="select(49) " fcode="select"/>
<opset="select_ln975_2/3 "/>
</bind>
</comp>

<comp id="446" class="1004" name="select_ln975_3_fu_446">
<pin_list>
<pin id="447" dir="0" index="0" bw="1" slack="2"/>
<pin id="448" dir="0" index="1" bw="8" slack="0"/>
<pin id="449" dir="0" index="2" bw="8" slack="0"/>
<pin id="450" dir="1" index="3" bw="8" slack="0"/>
</pin_list>
<bind>
<opcode="select(49) " fcode="select"/>
<opset="select_ln975_3/3 "/>
</bind>
</comp>

<comp id="453" class="1004" name="select_ln975_4_fu_453">
<pin_list>
<pin id="454" dir="0" index="0" bw="1" slack="2"/>
<pin id="455" dir="0" index="1" bw="8" slack="0"/>
<pin id="456" dir="0" index="2" bw="8" slack="0"/>
<pin id="457" dir="1" index="3" bw="8" slack="0"/>
</pin_list>
<bind>
<opcode="select(49) " fcode="select"/>
<opset="select_ln975_4/3 "/>
</bind>
</comp>

<comp id="460" class="1004" name="select_ln975_5_fu_460">
<pin_list>
<pin id="461" dir="0" index="0" bw="1" slack="2"/>
<pin id="462" dir="0" index="1" bw="8" slack="0"/>
<pin id="463" dir="0" index="2" bw="8" slack="0"/>
<pin id="464" dir="1" index="3" bw="8" slack="0"/>
</pin_list>
<bind>
<opcode="select(49) " fcode="select"/>
<opset="select_ln975_5/3 "/>
</bind>
</comp>

<comp id="467" class="1004" name="select_ln975_6_fu_467">
<pin_list>
<pin id="468" dir="0" index="0" bw="1" slack="2"/>
<pin id="469" dir="0" index="1" bw="8" slack="0"/>
<pin id="470" dir="0" index="2" bw="8" slack="0"/>
<pin id="471" dir="1" index="3" bw="8" slack="0"/>
</pin_list>
<bind>
<opcode="select(49) " fcode="select"/>
<opset="select_ln975_6/3 "/>
</bind>
</comp>

<comp id="474" class="1004" name="select_ln975_7_fu_474">
<pin_list>
<pin id="475" dir="0" index="0" bw="1" slack="2"/>
<pin id="476" dir="0" index="1" bw="8" slack="0"/>
<pin id="477" dir="0" index="2" bw="8" slack="0"/>
<pin id="478" dir="1" index="3" bw="8" slack="0"/>
</pin_list>
<bind>
<opcode="select(49) " fcode="select"/>
<opset="select_ln975_7/3 "/>
</bind>
</comp>

<comp id="481" class="1004" name="select_ln975_8_fu_481">
<pin_list>
<pin id="482" dir="0" index="0" bw="1" slack="2"/>
<pin id="483" dir="0" index="1" bw="8" slack="0"/>
<pin id="484" dir="0" index="2" bw="8" slack="0"/>
<pin id="485" dir="1" index="3" bw="8" slack="0"/>
</pin_list>
<bind>
<opcode="select(49) " fcode="select"/>
<opset="select_ln975_8/3 "/>
</bind>
</comp>

<comp id="488" class="1004" name="tmp_s_fu_488">
<pin_list>
<pin id="489" dir="0" index="0" bw="40" slack="0"/>
<pin id="490" dir="0" index="1" bw="8" slack="0"/>
<pin id="491" dir="0" index="2" bw="8" slack="0"/>
<pin id="492" dir="0" index="3" bw="8" slack="0"/>
<pin id="493" dir="0" index="4" bw="8" slack="0"/>
<pin id="494" dir="0" index="5" bw="8" slack="0"/>
<pin id="495" dir="1" index="6" bw="40" slack="0"/>
</pin_list>
<bind>
<opcode="bitconcatenate(1004) " fcode="bitconcatenate"/>
<opset="tmp_s/3 "/>
</bind>
</comp>

<comp id="502" class="1004" name="axi_data_V_3_fu_502">
<pin_list>
<pin id="503" dir="0" index="0" bw="48" slack="0"/>
<pin id="504" dir="0" index="1" bw="9" slack="0"/>
<pin id="505" dir="0" index="2" bw="40" slack="0"/>
<pin id="506" dir="0" index="3" bw="5" slack="0"/>
<pin id="507" dir="0" index="4" bw="7" slack="0"/>
<pin id="508" dir="1" index="5" bw="48" slack="0"/>
</pin_list>
<bind>
<opcode="partset(1003) " fcode="partset"/>
<opset="axi_data_V_3/3 "/>
</bind>
</comp>

<comp id="515" class="1004" name="fid_toggle_1_fu_515">
<pin_list>
<pin id="516" dir="0" index="0" bw="1" slack="0"/>
<pin id="517" dir="0" index="1" bw="1" slack="0"/>
<pin id="518" dir="1" index="2" bw="1" slack="0"/>
</pin_list>
<bind>
<opcode="xor(25) " fcode="xor"/>
<opset="fid_toggle_1/3 "/>
</bind>
</comp>

<comp id="523" class="1004" name="store_ln963_store_fu_523">
<pin_list>
<pin id="524" dir="0" index="0" bw="1" slack="1"/>
<pin id="525" dir="0" index="1" bw="1" slack="0"/>
<pin id="526" dir="1" index="2" bw="0" slack="2147483647"/>
</pin_list>
<bind>
<opcode="store(28) " fcode="store"/>
<opset="store_ln963/4 "/>
</bind>
</comp>

<comp id="529" class="1005" name="j_reg_529">
<pin_list>
<pin id="530" dir="0" index="0" bw="12" slack="0"/>
<pin id="531" dir="1" index="1" bw="12" slack="0"/>
</pin_list>
<bind>
<opset="j "/>
</bind>
</comp>

<comp id="536" class="1005" name="field_id_load_read_reg_536">
<pin_list>
<pin id="537" dir="0" index="0" bw="16" slack="1"/>
<pin id="538" dir="1" index="1" bw="16" slack="2147483647"/>
</pin_list>
<bind>
<opset="field_id_load_read "/>
</bind>
</comp>

<comp id="540" class="1005" name="icmp_ln975_read_reg_540">
<pin_list>
<pin id="541" dir="0" index="0" bw="1" slack="2"/>
<pin id="542" dir="1" index="1" bw="1" slack="2"/>
</pin_list>
<bind>
<opset="icmp_ln975_read "/>
</bind>
</comp>

<comp id="548" class="1005" name="icmp_ln975_1_read_reg_548">
<pin_list>
<pin id="549" dir="0" index="0" bw="1" slack="2"/>
<pin id="550" dir="1" index="1" bw="1" slack="2"/>
</pin_list>
<bind>
<opset="icmp_ln975_1_read "/>
</bind>
</comp>

<comp id="558" class="1005" name="fid_in_load_read_reg_558">
<pin_list>
<pin id="559" dir="0" index="0" bw="1" slack="1"/>
<pin id="560" dir="1" index="1" bw="1" slack="1"/>
</pin_list>
<bind>
<opset="fid_in_load_read "/>
</bind>
</comp>

<comp id="564" class="1005" name="div283_cast_read_reg_564">
<pin_list>
<pin id="565" dir="0" index="0" bw="12" slack="1"/>
<pin id="566" dir="1" index="1" bw="12" slack="1"/>
</pin_list>
<bind>
<opset="div283_cast_read "/>
</bind>
</comp>

<comp id="569" class="1005" name="tmp_reg_569">
<pin_list>
<pin id="570" dir="0" index="0" bw="1" slack="1"/>
<pin id="571" dir="1" index="1" bw="1" slack="1"/>
</pin_list>
<bind>
<opset="tmp "/>
</bind>
</comp>

<comp id="574" class="1005" name="sof_read_reg_574">
<pin_list>
<pin id="575" dir="0" index="0" bw="1" slack="1"/>
<pin id="576" dir="1" index="1" bw="1" slack="1"/>
</pin_list>
<bind>
<opset="sof_read "/>
</bind>
</comp>

<comp id="579" class="1005" name="sub_cast_cast_reg_579">
<pin_list>
<pin id="580" dir="0" index="0" bw="13" slack="1"/>
<pin id="581" dir="1" index="1" bw="13" slack="1"/>
</pin_list>
<bind>
<opset="sub_cast_cast "/>
</bind>
</comp>

<comp id="584" class="1005" name="icmp_ln936_reg_584">
<pin_list>
<pin id="585" dir="0" index="0" bw="1" slack="1"/>
<pin id="586" dir="1" index="1" bw="1" slack="2147483647"/>
</pin_list>
<bind>
<opset="icmp_ln936 "/>
</bind>
</comp>

<comp id="588" class="1005" name="tmp_last_V_reg_588">
<pin_list>
<pin id="589" dir="0" index="0" bw="1" slack="1"/>
<pin id="590" dir="1" index="1" bw="1" slack="1"/>
</pin_list>
<bind>
<opset="tmp_last_V "/>
</bind>
</comp>

</comp_list>

<net_list>
<net id="139"><net_src comp="40" pin="0"/><net_sink comp="136" pin=0"/></net>

<net id="144"><net_src comp="42" pin="0"/><net_sink comp="140" pin=0"/></net>

<net id="145"><net_src comp="32" pin="0"/><net_sink comp="140" pin=1"/></net>

<net id="150"><net_src comp="44" pin="0"/><net_sink comp="146" pin=0"/></net>

<net id="151"><net_src comp="30" pin="0"/><net_sink comp="146" pin=1"/></net>

<net id="156"><net_src comp="46" pin="0"/><net_sink comp="152" pin=0"/></net>

<net id="157"><net_src comp="14" pin="0"/><net_sink comp="152" pin=1"/></net>

<net id="162"><net_src comp="46" pin="0"/><net_sink comp="158" pin=0"/></net>

<net id="163"><net_src comp="12" pin="0"/><net_sink comp="158" pin=1"/></net>

<net id="168"><net_src comp="46" pin="0"/><net_sink comp="164" pin=0"/></net>

<net id="169"><net_src comp="6" pin="0"/><net_sink comp="164" pin=1"/></net>

<net id="174"><net_src comp="42" pin="0"/><net_sink comp="170" pin=0"/></net>

<net id="175"><net_src comp="4" pin="0"/><net_sink comp="170" pin=1"/></net>

<net id="180"><net_src comp="46" pin="0"/><net_sink comp="176" pin=0"/></net>

<net id="181"><net_src comp="2" pin="0"/><net_sink comp="176" pin=1"/></net>

<net id="186"><net_src comp="46" pin="0"/><net_sink comp="182" pin=0"/></net>

<net id="187"><net_src comp="0" pin="0"/><net_sink comp="182" pin=1"/></net>

<net id="193"><net_src comp="94" pin="0"/><net_sink comp="188" pin=0"/></net>

<net id="194"><net_src comp="8" pin="0"/><net_sink comp="188" pin=1"/></net>

<net id="195"><net_src comp="96" pin="0"/><net_sink comp="188" pin=2"/></net>

<net id="196"><net_src comp="68" pin="0"/><net_sink comp="188" pin=2"/></net>

<net id="201"><net_src comp="98" pin="0"/><net_sink comp="197" pin=0"/></net>

<net id="202"><net_src comp="10" pin="0"/><net_sink comp="197" pin=1"/></net>

<net id="220"><net_src comp="128" pin="0"/><net_sink comp="203" pin=0"/></net>

<net id="221"><net_src comp="16" pin="0"/><net_sink comp="203" pin=1"/></net>

<net id="222"><net_src comp="18" pin="0"/><net_sink comp="203" pin=2"/></net>

<net id="223"><net_src comp="20" pin="0"/><net_sink comp="203" pin=3"/></net>

<net id="224"><net_src comp="22" pin="0"/><net_sink comp="203" pin=4"/></net>

<net id="225"><net_src comp="24" pin="0"/><net_sink comp="203" pin=5"/></net>

<net id="226"><net_src comp="26" pin="0"/><net_sink comp="203" pin=6"/></net>

<net id="227"><net_src comp="28" pin="0"/><net_sink comp="203" pin=7"/></net>

<net id="228"><net_src comp="130" pin="0"/><net_sink comp="203" pin=9"/></net>

<net id="229"><net_src comp="132" pin="0"/><net_sink comp="203" pin=10"/></net>

<net id="230"><net_src comp="134" pin="0"/><net_sink comp="203" pin=13"/></net>

<net id="231"><net_src comp="134" pin="0"/><net_sink comp="203" pin=14"/></net>

<net id="235"><net_src comp="232" pin="1"/><net_sink comp="203" pin=11"/></net>

<net id="242"><net_src comp="68" pin="0"/><net_sink comp="236" pin=0"/></net>

<net id="243"><net_src comp="236" pin="4"/><net_sink comp="232" pin=0"/></net>

<net id="253"><net_src comp="247" pin="4"/><net_sink comp="244" pin=0"/></net>

<net id="257"><net_src comp="68" pin="0"/><net_sink comp="254" pin=0"/></net>

<net id="258"><net_src comp="96" pin="0"/><net_sink comp="254" pin=0"/></net>

<net id="259"><net_src comp="254" pin="1"/><net_sink comp="247" pin=0"/></net>

<net id="272"><net_src comp="254" pin="1"/><net_sink comp="260" pin=0"/></net>

<net id="273"><net_src comp="254" pin="1"/><net_sink comp="260" pin=4"/></net>

<net id="274"><net_src comp="260" pin="10"/><net_sink comp="254" pin=0"/></net>

<net id="278"><net_src comp="140" pin="2"/><net_sink comp="275" pin=0"/></net>

<net id="283"><net_src comp="66" pin="0"/><net_sink comp="279" pin=0"/></net>

<net id="290"><net_src comp="284" pin="1"/><net_sink comp="287" pin=0"/></net>

<net id="295"><net_src comp="284" pin="1"/><net_sink comp="291" pin=0"/></net>

<net id="300"><net_src comp="284" pin="1"/><net_sink comp="296" pin=0"/></net>

<net id="301"><net_src comp="78" pin="0"/><net_sink comp="296" pin=1"/></net>

<net id="306"><net_src comp="287" pin="1"/><net_sink comp="302" pin=0"/></net>

<net id="310"><net_src comp="34" pin="0"/><net_sink comp="307" pin=0"/></net>

<net id="315"><net_src comp="307" pin="1"/><net_sink comp="311" pin=0"/></net>

<net id="316"><net_src comp="86" pin="0"/><net_sink comp="311" pin=1"/></net>

<net id="321"><net_src comp="311" pin="2"/><net_sink comp="317" pin=0"/></net>

<net id="322"><net_src comp="38" pin="0"/><net_sink comp="317" pin=1"/></net>

<net id="327"><net_src comp="311" pin="2"/><net_sink comp="323" pin=0"/></net>

<net id="328"><net_src comp="34" pin="0"/><net_sink comp="323" pin=1"/></net>

<net id="333"><net_src comp="296" pin="2"/><net_sink comp="329" pin=0"/></net>

<net id="337"><net_src comp="34" pin="0"/><net_sink comp="334" pin=0"/></net>

<net id="341"><net_src comp="334" pin="1"/><net_sink comp="338" pin=0"/></net>

<net id="342"><net_src comp="338" pin="1"/><net_sink comp="188" pin=2"/></net>

<net id="343"><net_src comp="338" pin="1"/><net_sink comp="260" pin=2"/></net>

<net id="347"><net_src comp="197" pin="2"/><net_sink comp="344" pin=0"/></net>

<net id="354"><net_src comp="100" pin="0"/><net_sink comp="348" pin=0"/></net>

<net id="355"><net_src comp="197" pin="2"/><net_sink comp="348" pin=1"/></net>

<net id="356"><net_src comp="102" pin="0"/><net_sink comp="348" pin=2"/></net>

<net id="357"><net_src comp="104" pin="0"/><net_sink comp="348" pin=3"/></net>

<net id="364"><net_src comp="100" pin="0"/><net_sink comp="358" pin=0"/></net>

<net id="365"><net_src comp="197" pin="2"/><net_sink comp="358" pin=1"/></net>

<net id="366"><net_src comp="106" pin="0"/><net_sink comp="358" pin=2"/></net>

<net id="367"><net_src comp="108" pin="0"/><net_sink comp="358" pin=3"/></net>

<net id="374"><net_src comp="100" pin="0"/><net_sink comp="368" pin=0"/></net>

<net id="375"><net_src comp="197" pin="2"/><net_sink comp="368" pin=1"/></net>

<net id="376"><net_src comp="110" pin="0"/><net_sink comp="368" pin=2"/></net>

<net id="377"><net_src comp="112" pin="0"/><net_sink comp="368" pin=3"/></net>

<net id="384"><net_src comp="100" pin="0"/><net_sink comp="378" pin=0"/></net>

<net id="385"><net_src comp="197" pin="2"/><net_sink comp="378" pin=1"/></net>

<net id="386"><net_src comp="114" pin="0"/><net_sink comp="378" pin=2"/></net>

<net id="387"><net_src comp="116" pin="0"/><net_sink comp="378" pin=3"/></net>

<net id="394"><net_src comp="100" pin="0"/><net_sink comp="388" pin=0"/></net>

<net id="395"><net_src comp="197" pin="2"/><net_sink comp="388" pin=1"/></net>

<net id="396"><net_src comp="118" pin="0"/><net_sink comp="388" pin=2"/></net>

<net id="397"><net_src comp="120" pin="0"/><net_sink comp="388" pin=3"/></net>

<net id="403"><net_src comp="122" pin="0"/><net_sink comp="398" pin=0"/></net>

<net id="404"><net_src comp="96" pin="0"/><net_sink comp="398" pin=1"/></net>

<net id="405"><net_src comp="344" pin="1"/><net_sink comp="398" pin=2"/></net>

<net id="411"><net_src comp="122" pin="0"/><net_sink comp="406" pin=0"/></net>

<net id="412"><net_src comp="96" pin="0"/><net_sink comp="406" pin=1"/></net>

<net id="413"><net_src comp="368" pin="4"/><net_sink comp="406" pin=2"/></net>

<net id="419"><net_src comp="406" pin="3"/><net_sink comp="414" pin=1"/></net>

<net id="420"><net_src comp="398" pin="3"/><net_sink comp="414" pin=2"/></net>

<net id="424"><net_src comp="414" pin="3"/><net_sink comp="421" pin=0"/></net>

<net id="430"><net_src comp="378" pin="4"/><net_sink comp="425" pin=1"/></net>

<net id="431"><net_src comp="368" pin="4"/><net_sink comp="425" pin=2"/></net>

<net id="437"><net_src comp="378" pin="4"/><net_sink comp="432" pin=1"/></net>

<net id="438"><net_src comp="388" pin="4"/><net_sink comp="432" pin=2"/></net>

<net id="444"><net_src comp="344" pin="1"/><net_sink comp="439" pin=1"/></net>

<net id="445"><net_src comp="432" pin="3"/><net_sink comp="439" pin=2"/></net>

<net id="451"><net_src comp="388" pin="4"/><net_sink comp="446" pin=1"/></net>

<net id="452"><net_src comp="348" pin="4"/><net_sink comp="446" pin=2"/></net>

<net id="458"><net_src comp="348" pin="4"/><net_sink comp="453" pin=1"/></net>

<net id="459"><net_src comp="446" pin="3"/><net_sink comp="453" pin=2"/></net>

<net id="465"><net_src comp="348" pin="4"/><net_sink comp="460" pin=1"/></net>

<net id="466"><net_src comp="358" pin="4"/><net_sink comp="460" pin=2"/></net>

<net id="472"><net_src comp="358" pin="4"/><net_sink comp="467" pin=1"/></net>

<net id="473"><net_src comp="460" pin="3"/><net_sink comp="467" pin=2"/></net>

<net id="479"><net_src comp="358" pin="4"/><net_sink comp="474" pin=1"/></net>

<net id="480"><net_src comp="378" pin="4"/><net_sink comp="474" pin=2"/></net>

<net id="486"><net_src comp="388" pin="4"/><net_sink comp="481" pin=1"/></net>

<net id="487"><net_src comp="474" pin="3"/><net_sink comp="481" pin=2"/></net>

<net id="496"><net_src comp="124" pin="0"/><net_sink comp="488" pin=0"/></net>

<net id="497"><net_src comp="481" pin="3"/><net_sink comp="488" pin=1"/></net>

<net id="498"><net_src comp="467" pin="3"/><net_sink comp="488" pin=2"/></net>

<net id="499"><net_src comp="453" pin="3"/><net_sink comp="488" pin=3"/></net>

<net id="500"><net_src comp="439" pin="3"/><net_sink comp="488" pin=4"/></net>

<net id="501"><net_src comp="425" pin="3"/><net_sink comp="488" pin=5"/></net>

<net id="509"><net_src comp="126" pin="0"/><net_sink comp="502" pin=0"/></net>

<net id="510"><net_src comp="421" pin="1"/><net_sink comp="502" pin=1"/></net>

<net id="511"><net_src comp="488" pin="6"/><net_sink comp="502" pin=2"/></net>

<net id="512"><net_src comp="110" pin="0"/><net_sink comp="502" pin=3"/></net>

<net id="513"><net_src comp="108" pin="0"/><net_sink comp="502" pin=4"/></net>

<net id="514"><net_src comp="502" pin="5"/><net_sink comp="203" pin=8"/></net>

<net id="519"><net_src comp="338" pin="1"/><net_sink comp="515" pin=0"/></net>

<net id="520"><net_src comp="96" pin="0"/><net_sink comp="515" pin=1"/></net>

<net id="521"><net_src comp="515" pin="2"/><net_sink comp="188" pin=2"/></net>

<net id="522"><net_src comp="515" pin="2"/><net_sink comp="260" pin=8"/></net>

<net id="527"><net_src comp="244" pin="1"/><net_sink comp="523" pin=0"/></net>

<net id="528"><net_src comp="36" pin="0"/><net_sink comp="523" pin=1"/></net>

<net id="532"><net_src comp="136" pin="1"/><net_sink comp="529" pin=0"/></net>

<net id="533"><net_src comp="529" pin="1"/><net_sink comp="279" pin=1"/></net>

<net id="534"><net_src comp="529" pin="1"/><net_sink comp="284" pin=0"/></net>

<net id="535"><net_src comp="529" pin="1"/><net_sink comp="329" pin=1"/></net>

<net id="539"><net_src comp="146" pin="2"/><net_sink comp="536" pin=0"/></net>

<net id="543"><net_src comp="152" pin="2"/><net_sink comp="540" pin=0"/></net>

<net id="544"><net_src comp="540" pin="1"/><net_sink comp="432" pin=0"/></net>

<net id="545"><net_src comp="540" pin="1"/><net_sink comp="446" pin=0"/></net>

<net id="546"><net_src comp="540" pin="1"/><net_sink comp="460" pin=0"/></net>

<net id="547"><net_src comp="540" pin="1"/><net_sink comp="474" pin=0"/></net>

<net id="551"><net_src comp="158" pin="2"/><net_sink comp="548" pin=0"/></net>

<net id="552"><net_src comp="548" pin="1"/><net_sink comp="414" pin=0"/></net>

<net id="553"><net_src comp="548" pin="1"/><net_sink comp="425" pin=0"/></net>

<net id="554"><net_src comp="548" pin="1"/><net_sink comp="439" pin=0"/></net>

<net id="555"><net_src comp="548" pin="1"/><net_sink comp="453" pin=0"/></net>

<net id="556"><net_src comp="548" pin="1"/><net_sink comp="467" pin=0"/></net>

<net id="557"><net_src comp="548" pin="1"/><net_sink comp="481" pin=0"/></net>

<net id="561"><net_src comp="164" pin="2"/><net_sink comp="558" pin=0"/></net>

<net id="562"><net_src comp="558" pin="1"/><net_sink comp="188" pin=2"/></net>

<net id="563"><net_src comp="558" pin="1"/><net_sink comp="260" pin=6"/></net>

<net id="567"><net_src comp="170" pin="2"/><net_sink comp="564" pin=0"/></net>

<net id="568"><net_src comp="564" pin="1"/><net_sink comp="291" pin=1"/></net>

<net id="572"><net_src comp="176" pin="2"/><net_sink comp="569" pin=0"/></net>

<net id="573"><net_src comp="569" pin="1"/><net_sink comp="247" pin=2"/></net>

<net id="577"><net_src comp="182" pin="2"/><net_sink comp="574" pin=0"/></net>

<net id="578"><net_src comp="574" pin="1"/><net_sink comp="236" pin=2"/></net>

<net id="582"><net_src comp="275" pin="1"/><net_sink comp="579" pin=0"/></net>

<net id="583"><net_src comp="579" pin="1"/><net_sink comp="302" pin=1"/></net>

<net id="587"><net_src comp="291" pin="2"/><net_sink comp="584" pin=0"/></net>

<net id="591"><net_src comp="302" pin="2"/><net_sink comp="588" pin=0"/></net>

<net id="592"><net_src comp="588" pin="1"/><net_sink comp="203" pin=12"/></net>

</net_list>

</model> 
---------------- Datapath Model END ------------------

* FSMD analyzer results:
  - Output states:
	Port: fid | {2 3 }
	Port: m_axis_video_V_data_V | {3 }
	Port: m_axis_video_V_keep_V | {3 }
	Port: m_axis_video_V_strb_V | {3 }
	Port: m_axis_video_V_user_V | {3 }
	Port: m_axis_video_V_last_V | {3 }
	Port: m_axis_video_V_id_V | {3 }
	Port: m_axis_video_V_dest_V | {3 }
	Port: counter_loc_1_out | {2 }
	Port: p_phi_out | {4 }
	Port: counter | {2 }
 - Input state : 
	Port: MultiPixStream2AXIvideo_Pipeline_VITIS_LOOP_936_2 : sof | {1 }
	Port: MultiPixStream2AXIvideo_Pipeline_VITIS_LOOP_936_2 : empty | {1 }
	Port: MultiPixStream2AXIvideo_Pipeline_VITIS_LOOP_936_2 : div283_cast | {1 }
	Port: MultiPixStream2AXIvideo_Pipeline_VITIS_LOOP_936_2 : fid_in_load | {1 }
	Port: MultiPixStream2AXIvideo_Pipeline_VITIS_LOOP_936_2 : ovrlayYUV | {3 }
	Port: MultiPixStream2AXIvideo_Pipeline_VITIS_LOOP_936_2 : icmp_ln975_1 | {1 }
	Port: MultiPixStream2AXIvideo_Pipeline_VITIS_LOOP_936_2 : icmp_ln975 | {1 }
	Port: MultiPixStream2AXIvideo_Pipeline_VITIS_LOOP_936_2 : field_id_load | {1 }
	Port: MultiPixStream2AXIvideo_Pipeline_VITIS_LOOP_936_2 : sub_cast | {1 }
	Port: MultiPixStream2AXIvideo_Pipeline_VITIS_LOOP_936_2 : counter_loc_1_out | {2 3 }
  - Chain level:
	State 1
		store_ln0 : 1
	State 2
		zext_ln936 : 1
		icmp_ln936 : 1
		j_2 : 1
		br_ln936 : 2
		tmp_last_V : 2
		br_ln958 : 1
		add_ln960 : 1
		store_ln960 : 2
		store_ln961 : 2
		store_ln936 : 2
	State 3
		fid_toggle : 1
		p_Result_s : 1
		p_Result_1 : 1
		axi_data_V : 2
		sext_ln880 : 3
		select_ln975 : 1
		select_ln975_1 : 1
		select_ln975_2 : 2
		select_ln975_3 : 1
		select_ln975_4 : 2
		select_ln975_5 : 1
		select_ln975_6 : 2
		select_ln975_7 : 1
		select_ln975_8 : 2
		tmp_s : 3
		axi_data_V_3 : 4
		write_ln258 : 5
		fid_toggle_1 : 2
		write_ln1009 : 2
		write_ln999 : 2
		empty_144 : 2
	State 4
	State 5


============================================================
+ Verbose Summary: Datapath Resource usage 
============================================================

* Functional unit list:
|----------|--------------------------------|---------|---------|
| Operation|         Functional Unit        |    FF   |   LUT   |
|----------|--------------------------------|---------|---------|
|          |        axi_data_V_fu_414       |    0    |    9    |
|          |       select_ln975_fu_425      |    0    |    8    |
|          |      select_ln975_1_fu_432     |    0    |    8    |
|          |      select_ln975_2_fu_439     |    0    |    8    |
|  select  |      select_ln975_3_fu_446     |    0    |    8    |
|          |      select_ln975_4_fu_453     |    0    |    8    |
|          |      select_ln975_5_fu_460     |    0    |    8    |
|          |      select_ln975_6_fu_467     |    0    |    8    |
|          |      select_ln975_7_fu_474     |    0    |    8    |
|          |      select_ln975_8_fu_481     |    0    |    8    |
|----------|--------------------------------|---------|---------|
|    add   |           j_2_fu_296           |    0    |    19   |
|          |        add_ln960_fu_311        |    0    |    23   |
|----------|--------------------------------|---------|---------|
|   icmp   |        icmp_ln936_fu_291       |    0    |    12   |
|          |        tmp_last_V_fu_302       |    0    |    12   |
|----------|--------------------------------|---------|---------|
|    xor   |       fid_toggle_1_fu_515      |    0    |    2    |
|----------|--------------------------------|---------|---------|
|          |    sub_cast_read_read_fu_140   |    0    |    0    |
|          | field_id_load_read_read_fu_146 |    0    |    0    |
|          |   icmp_ln975_read_read_fu_152  |    0    |    0    |
|          |  icmp_ln975_1_read_read_fu_158 |    0    |    0    |
|   read   |  fid_in_load_read_read_fu_164  |    0    |    0    |
|          |  div283_cast_read_read_fu_170  |    0    |    0    |
|          |         tmp_read_fu_176        |    0    |    0    |
|          |      sof_read_read_fu_182      |    0    |    0    |
|          |   ovrlayYUV_read_read_fu_197   |    0    |    0    |
|----------|--------------------------------|---------|---------|
|   write  |        grp_write_fu_188        |    0    |    0    |
|          |    write_ln258_write_fu_203    |    0    |    0    |
|----------|--------------------------------|---------|---------|
|   sext   |      sub_cast_cast_fu_275      |    0    |    0    |
|          |        sext_ln880_fu_421       |    0    |    0    |
|----------|--------------------------------|---------|---------|
|   zext   |        zext_ln936_fu_287       |    0    |    0    |
|----------|--------------------------------|---------|---------|
|   trunc  |        fid_toggle_fu_338       |    0    |    0    |
|          |        pix_444_V_fu_344        |    0    |    0    |
|----------|--------------------------------|---------|---------|
|          |        pix_rgb_V_fu_348        |    0    |    0    |
|          |       pix_rgb_V_6_fu_358       |    0    |    0    |
|partselect|       pix_rgb_V_4_fu_368       |    0    |    0    |
|          |       pix_rgb_V_5_fu_378       |    0    |    0    |
|          |        pix_422_V_fu_388        |    0    |    0    |
|----------|--------------------------------|---------|---------|
|          |        p_Result_s_fu_398       |    0    |    0    |
|bitconcatenate|        p_Result_1_fu_406       |    0    |    0    |
|          |          tmp_s_fu_488          |    0    |    0    |
|----------|--------------------------------|---------|---------|
|  partset |       axi_data_V_3_fu_502      |    0    |    0    |
|----------|--------------------------------|---------|---------|
|   Total  |                                |    0    |   149   |
|----------|--------------------------------|---------|---------|

Memories:
N/A

* Register list:
+--------------------------+--------+
|                          |   FF   |
+--------------------------+--------+
| div283_cast_read_reg_564 |   12   |
|     empty_144_reg_254    |    1   |
| fid_in_load_read_reg_558 |    1   |
|field_id_load_read_reg_536|   16   |
|    icmp_ln936_reg_584    |    1   |
| icmp_ln975_1_read_reg_548|    1   |
|  icmp_ln975_read_reg_540 |    1   |
|         j_reg_529        |   12   |
|       p_phi_reg_244      |    1   |
|     sof_read_reg_574     |    1   |
|   sub_cast_cast_reg_579  |   13   |
|    tmp_last_V_reg_588    |    1   |
|        tmp_reg_569       |    1   |
|    tmp_user_V_reg_232    |    1   |
+--------------------------+--------+
|           Total          |   63   |
+--------------------------+--------+

* Multiplexer (MUX) list: 
|-------------------|------|------|------|--------||---------||---------|
|        Comp       |  Pin | Size |  BW  | S x BW ||  Delay  ||   LUT   |
|-------------------|------|------|------|--------||---------||---------|
|  grp_write_fu_188 |  p2  |   5  |   1  |    5   ||    20   |
| empty_144_reg_254 |  p0  |   3  |   1  |    3   ||    9    |
|-------------------|------|------|------|--------||---------||---------|
|       Total       |      |      |      |    8   ||   1.05  ||    29   |
|-------------------|------|------|------|--------||---------||---------|



* Summary:
+-----------+--------+--------+--------+
|           |  Delay |   FF   |   LUT  |
+-----------+--------+--------+--------+
|  Function |    -   |    0   |   149  |
|   Memory  |    -   |    -   |    -   |
|Multiplexer|    1   |    -   |   29   |
|  Register |    -   |   63   |    -   |
+-----------+--------+--------+--------+
|   Total   |    1   |   63   |   178  |
+-----------+--------+--------+--------+
