

================================================================
== Vitis HLS Report for 'v_tpgHlsDataFlow'
================================================================
* Date:           Tue Apr  9 10:34:55 2024

* Version:        2022.2 (Build 3670227 on Oct 13 2022)
* Project:        prj
* Solution:       sol (Vivado IP Flow Target)
* Product family: zynquplus
* Target device:  xczu7ev-ffvc1156-2-e


================================================================
== Performance Estimates
================================================================
+ Timing: 
    * Summary: 
    +--------+---------+----------+------------+
    |  Clock |  Target | Estimated| Uncertainty|
    +--------+---------+----------+------------+
    |ap_clk  |  3.33 ns|  2.378 ns|     0.90 ns|
    +--------+---------+----------+------------+

+ Latency: 
    * Summary: 
    +---------+---------+----------+----------+-----+-----+----------+
    |  Latency (cycles) |  Latency (absolute) |  Interval | Pipeline |
    |   min   |   max   |    min   |    max   | min | max |   Type   |
    +---------+---------+----------+----------+-----+-----+----------+
    |        ?|        ?|         ?|         ?|    ?|    ?|  dataflow|
    +---------+---------+----------+----------+-----+-----+----------+

    + Detail: 
        * Instance: 
        N/A

        * Loop: 
        N/A

============================================================
+ Verbose Summary: Synthesis Manager
============================================================
InlineROM: 1
ExposeGlobal: 0
============================================================
+ Verbose Summary: CDFG Model
============================================================
IsTopModel: 0
ResetActiveHigh: 1
IsCombinational: 2
IsDatapathOnly: 0
HasWiredReturn: 1
HasMFsm: 0
HasVarLatency: 1
IsPipeline: 0
IsRtlPipelined: 0
IsInstanceOverlapped: 0
IsDontTouch: 0
HasImplIP: 0
IsGatedGlobalClock: 0


============================================================
+ Verbose Summary: Schedule
============================================================
* Number of FSM states : 6
* Pipeline : 0
* Dataflow Pipeline: 1
  DF-Pipeline-0: Size = 6, States = { 1 2 3 4 5 6 }

* FSM state transitions: 
1 --> 2 
2 --> 3 
3 --> 4 
4 --> 5 
5 --> 6 
6 --> 

* FSM state operations: 

State 1 <SV = 0> <Delay = 1.27>
ST_1 : Operation 7 [1/1] (0.00ns)   --->   "%srcYUV = alloca i64 1"   --->   Operation 7 'alloca' 'srcYUV' <Predicate = true> <Delay = 0.00> <CoreInst = "FIFO_SRL">   --->   Core 81 'FIFO_SRL' <Latency = 0> <II = 1> <Delay = 2.04> <Storage> <Opcode : 'read' 'write' 'nbread' 'nbwrite'> <Ports = 0> <Width = 48> <Depth = 16> <FIFO>
ST_1 : Operation 8 [1/1] (0.00ns)   --->   "%ovrlayYUV = alloca i64 1"   --->   Operation 8 'alloca' 'ovrlayYUV' <Predicate = true> <Delay = 0.00> <CoreInst = "FIFO_SRL">   --->   Core 81 'FIFO_SRL' <Latency = 0> <II = 1> <Delay = 2.04> <Storage> <Opcode : 'read' 'write' 'nbread' 'nbwrite'> <Ports = 0> <Width = 48> <Depth = 16> <FIFO>
ST_1 : Operation 9 [2/2] (1.27ns)   --->   "%call_ln297 = call void @AXIvideo2MultiPixStream, i48 %s_axis_video_V_data_V, i6 %s_axis_video_V_keep_V, i6 %s_axis_video_V_strb_V, i1 %s_axis_video_V_user_V, i1 %s_axis_video_V_last_V, i1 %s_axis_video_V_id_V, i1 %s_axis_video_V_dest_V, i48 %srcYUV, i8 %enableInput, i16 %height, i16 %width, i8 %colorFormat" [E:/xilinx_axi/v_dma_txss/v_hdmi_tx_ss_ex/v_hdmi_tx_ss_ex.runs/exdes_v_tpg_0_synth_1/prj/sol/.autopilot/db/v_tpg.cpp:297]   --->   Operation 9 'call' 'call_ln297' <Predicate = true> <Delay = 1.27> <CoreType = "Generic">   --->   Core 0 '' <Latency = 0> <II = 1> <Delay = 1.00> <Generic> <Opcode : >

State 2 <SV = 1> <Delay = 0.00>
ST_2 : Operation 10 [1/2] (0.00ns)   --->   "%call_ln297 = call void @AXIvideo2MultiPixStream, i48 %s_axis_video_V_data_V, i6 %s_axis_video_V_keep_V, i6 %s_axis_video_V_strb_V, i1 %s_axis_video_V_user_V, i1 %s_axis_video_V_last_V, i1 %s_axis_video_V_id_V, i1 %s_axis_video_V_dest_V, i48 %srcYUV, i8 %enableInput, i16 %height, i16 %width, i8 %colorFormat" [E:/xilinx_axi/v_dma_txss/v_hdmi_tx_ss_ex/v_hdmi_tx_ss_ex.runs/exdes_v_tpg_0_synth_1/prj/sol/.autopilot/db/v_tpg.cpp:297]   --->   Operation 10 'call' 'call_ln297' <Predicate = true> <Delay = 0.00> <CoreType = "Generic">   --->   Core 0 '' <Latency = 0> <II = 1> <Delay = 1.00> <Generic> <Opcode : >

State 3 <SV = 2> <Delay = 1.73>
ST_3 : Operation 11 [2/2] (1.73ns)   --->   "%call_ln300 = call void @tpgBackground, i48 %srcYUV, i16 %height, i16 %width, i16 %passthruStartX, i16 %passthruStartY, i16 %passthruEndX, i16 %passthruEndY, i8 %enableInput, i8 %bckgndId, i8 %motionSpeed, i8 %colorFormat, i48 %ovrlayYUV, i8 %blkYuv, i8 %whiYuv, i8 %blkYuv_1, i8 %hBarSel_0_1, i8 %hBarSel_1_1, i3 %vBarSel, i3 %hBarSel_0, i3 %hBarSel_1, i8 %vBarSel_1, i3 %hBarSel_0_2, i3 %hBarSel_1_2, i8 %tpgBarSelYuv_y, i8 %tpgBarSelYuv_u, i8 %tpgBarSelYuv_v, i11 %xBar_V, i2 %tpgBarSelRgb_r, i2 %tpgBarSelRgb_g, i2 %tpgBarSelRgb_b, i11 %xBar_V_1, i32 %s, i3 %tpgTartanBarArray, i10 %xCount_V, i10 %xCount_V_1, i10 %yCount_V, i10 %xCount_V_2, i10 %xCount_V_3, i1 %vHatch, i10 %yCount_V_1, i2 %tpgCheckerBoardArray, i10 %xCount_V_4, i10 %xCount_V_5, i10 %yCount_V_2, i28 %rSerie_V, i28 %gSerie_V, i28 %bSerie_V, i8 %rampStart" [E:/xilinx_axi/v_dma_txss/v_hdmi_tx_ss_ex/v_hdmi_tx_ss_ex.runs/exdes_v_tpg_0_synth_1/prj/sol/.autopilot/db/v_tpg.cpp:300]   --->   Operation 11 'call' 'call_ln300' <Predicate = true> <Delay = 1.73> <CoreType = "Generic">   --->   Core 0 '' <Latency = 0> <II = 1> <Delay = 1.00> <Generic> <Opcode : >

State 4 <SV = 3> <Delay = 0.00>
ST_4 : Operation 12 [1/2] (0.00ns)   --->   "%call_ln300 = call void @tpgBackground, i48 %srcYUV, i16 %height, i16 %width, i16 %passthruStartX, i16 %passthruStartY, i16 %passthruEndX, i16 %passthruEndY, i8 %enableInput, i8 %bckgndId, i8 %motionSpeed, i8 %colorFormat, i48 %ovrlayYUV, i8 %blkYuv, i8 %whiYuv, i8 %blkYuv_1, i8 %hBarSel_0_1, i8 %hBarSel_1_1, i3 %vBarSel, i3 %hBarSel_0, i3 %hBarSel_1, i8 %vBarSel_1, i3 %hBarSel_0_2, i3 %hBarSel_1_2, i8 %tpgBarSelYuv_y, i8 %tpgBarSelYuv_u, i8 %tpgBarSelYuv_v, i11 %xBar_V, i2 %tpgBarSelRgb_r, i2 %tpgBarSelRgb_g, i2 %tpgBarSelRgb_b, i11 %xBar_V_1, i32 %s, i3 %tpgTartanBarArray, i10 %xCount_V, i10 %xCount_V_1, i10 %yCount_V, i10 %xCount_V_2, i10 %xCount_V_3, i1 %vHatch, i10 %yCount_V_1, i2 %tpgCheckerBoardArray, i10 %xCount_V_4, i10 %xCount_V_5, i10 %yCount_V_2, i28 %rSerie_V, i28 %gSerie_V, i28 %bSerie_V, i8 %rampStart" [E:/xilinx_axi/v_dma_txss/v_hdmi_tx_ss_ex/v_hdmi_tx_ss_ex.runs/exdes_v_tpg_0_synth_1/prj/sol/.autopilot/db/v_tpg.cpp:300]   --->   Operation 12 'call' 'call_ln300' <Predicate = true> <Delay = 0.00> <CoreType = "Generic">   --->   Core 0 '' <Latency = 0> <II = 1> <Delay = 1.00> <Generic> <Opcode : >

State 5 <SV = 4> <Delay = 0.97>
ST_5 : Operation 13 [2/2] (0.97ns)   --->   "%call_ln354 = call void @MultiPixStream2AXIvideo, i48 %ovrlayYUV, i48 %m_axis_video_V_data_V, i6 %m_axis_video_V_keep_V, i6 %m_axis_video_V_strb_V, i1 %m_axis_video_V_user_V, i1 %m_axis_video_V_last_V, i1 %m_axis_video_V_id_V, i1 %m_axis_video_V_dest_V, i16 %height, i16 %width, i8 %colorFormat, i1 %fid_in, i1 %fid, i16 %field_id, i1 %fidStored, i16 %counter" [E:/xilinx_axi/v_dma_txss/v_hdmi_tx_ss_ex/v_hdmi_tx_ss_ex.runs/exdes_v_tpg_0_synth_1/prj/sol/.autopilot/db/v_tpg.cpp:354]   --->   Operation 13 'call' 'call_ln354' <Predicate = true> <Delay = 0.97> <CoreType = "Generic">   --->   Core 0 '' <Latency = 0> <II = 1> <Delay = 1.00> <Generic> <Opcode : >

State 6 <SV = 5> <Delay = 0.00>
ST_6 : Operation 14 [1/1] (0.00ns)   --->   "%specdataflowpipeline_ln0 = specdataflowpipeline void @_ssdm_op_SpecDataflowPipeline, i32 4294967295, i32 0, void @empty_6"   --->   Operation 14 'specdataflowpipeline' 'specdataflowpipeline_ln0' <Predicate = true> <Delay = 0.00>
ST_6 : Operation 15 [1/1] (0.00ns)   --->   "%specaxissidechannel_ln0 = specaxissidechannel void @_ssdm_op_SpecAXISSideChannel, i48 %m_axis_video_V_data_V, i6 %m_axis_video_V_keep_V, i6 %m_axis_video_V_strb_V, i1 %m_axis_video_V_user_V, i1 %m_axis_video_V_last_V, i1 %m_axis_video_V_id_V, i1 %m_axis_video_V_dest_V, void @empty_27"   --->   Operation 15 'specaxissidechannel' 'specaxissidechannel_ln0' <Predicate = true> <Delay = 0.00>
ST_6 : Operation 16 [1/1] (0.00ns)   --->   "%specaxissidechannel_ln0 = specaxissidechannel void @_ssdm_op_SpecAXISSideChannel, i48 %s_axis_video_V_data_V, i6 %s_axis_video_V_keep_V, i6 %s_axis_video_V_strb_V, i1 %s_axis_video_V_user_V, i1 %s_axis_video_V_last_V, i1 %s_axis_video_V_id_V, i1 %s_axis_video_V_dest_V, void @empty_40"   --->   Operation 16 'specaxissidechannel' 'specaxissidechannel_ln0' <Predicate = true> <Delay = 0.00>
ST_6 : Operation 17 [1/1] (0.00ns)   --->   "%specstablecontent_ln0 = specstablecontent void @_ssdm_op_SpecStableContent, i8 %colorFormat, void "   --->   Operation 17 'specstablecontent' 'specstablecontent_ln0' <Predicate = true> <Delay = 0.00>
ST_6 : Operation 18 [1/1] (0.00ns)   --->   "%specstablecontent_ln0 = specstablecontent void @_ssdm_op_SpecStableContent, i8 %motionSpeed, void "   --->   Operation 18 'specstablecontent' 'specstablecontent_ln0' <Predicate = true> <Delay = 0.00>
ST_6 : Operation 19 [1/1] (0.00ns)   --->   "%specstablecontent_ln0 = specstablecontent void @_ssdm_op_SpecStableContent, i8 %bckgndId, void "   --->   Operation 19 'specstablecontent' 'specstablecontent_ln0' <Predicate = true> <Delay = 0.00>
ST_6 : Operation 20 [1/1] (0.00ns)   --->   "%specstablecontent_ln0 = specstablecontent void @_ssdm_op_SpecStableContent, i8 %enableInput, void "   --->   Operation 20 'specstablecontent' 'specstablecontent_ln0' <Predicate = true> <Delay = 0.00>
ST_6 : Operation 21 [1/1] (0.00ns)   --->   "%specstablecontent_ln0 = specstablecontent void @_ssdm_op_SpecStableContent, i16 %passthruEndY, void "   --->   Operation 21 'specstablecontent' 'specstablecontent_ln0' <Predicate = true> <Delay = 0.00>
ST_6 : Operation 22 [1/1] (0.00ns)   --->   "%specstablecontent_ln0 = specstablecontent void @_ssdm_op_SpecStableContent, i16 %passthruEndX, void "   --->   Operation 22 'specstablecontent' 'specstablecontent_ln0' <Predicate = true> <Delay = 0.00>
ST_6 : Operation 23 [1/1] (0.00ns)   --->   "%specstablecontent_ln0 = specstablecontent void @_ssdm_op_SpecStableContent, i16 %passthruStartY, void "   --->   Operation 23 'specstablecontent' 'specstablecontent_ln0' <Predicate = true> <Delay = 0.00>
ST_6 : Operation 24 [1/1] (0.00ns)   --->   "%specstablecontent_ln0 = specstablecontent void @_ssdm_op_SpecStableContent, i16 %passthruStartX, void "   --->   Operation 24 'specstablecontent' 'specstablecontent_ln0' <Predicate = true> <Delay = 0.00>
ST_6 : Operation 25 [1/1] (0.00ns)   --->   "%specstablecontent_ln0 = specstablecontent void @_ssdm_op_SpecStableContent, i1 %fid_in, void "   --->   Operation 25 'specstablecontent' 'specstablecontent_ln0' <Predicate = true> <Delay = 0.00>
ST_6 : Operation 26 [1/1] (0.00ns)   --->   "%specstablecontent_ln0 = specstablecontent void @_ssdm_op_SpecStableContent, i16 %field_id, void "   --->   Operation 26 'specstablecontent' 'specstablecontent_ln0' <Predicate = true> <Delay = 0.00>
ST_6 : Operation 27 [1/1] (0.00ns)   --->   "%specstablecontent_ln0 = specstablecontent void @_ssdm_op_SpecStableContent, i16 %height, void "   --->   Operation 27 'specstablecontent' 'specstablecontent_ln0' <Predicate = true> <Delay = 0.00>
ST_6 : Operation 28 [1/1] (0.00ns)   --->   "%specstablecontent_ln0 = specstablecontent void @_ssdm_op_SpecStableContent, i16 %width, void "   --->   Operation 28 'specstablecontent' 'specstablecontent_ln0' <Predicate = true> <Delay = 0.00>
ST_6 : Operation 29 [1/1] (0.00ns)   --->   "%specinterface_ln0 = specinterface void @_ssdm_op_SpecInterface, i1 %m_axis_video_V_dest_V, i1 %m_axis_video_V_id_V, i1 %m_axis_video_V_last_V, i1 %m_axis_video_V_user_V, i6 %m_axis_video_V_strb_V, i6 %m_axis_video_V_keep_V, i48 %m_axis_video_V_data_V, void @empty_39, i32 0, i32 0, void @empty_5, i32 0, i32 0, void @empty_6, void @empty_6, void @empty_6, i32 0, i32 0, i32 0, i32 0, void @empty_6, void @empty_6, i32 4294967295, i32 0"   --->   Operation 29 'specinterface' 'specinterface_ln0' <Predicate = true> <Delay = 0.00>
ST_6 : Operation 30 [1/1] (0.00ns)   --->   "%specinterface_ln0 = specinterface void @_ssdm_op_SpecInterface, i1 %s_axis_video_V_dest_V, i1 %s_axis_video_V_id_V, i1 %s_axis_video_V_last_V, i1 %s_axis_video_V_user_V, i6 %s_axis_video_V_strb_V, i6 %s_axis_video_V_keep_V, i48 %s_axis_video_V_data_V, void @empty_39, i32 0, i32 0, void @empty_5, i32 0, i32 0, void @empty_6, void @empty_6, void @empty_6, i32 0, i32 0, i32 0, i32 0, void @empty_6, void @empty_6, i32 4294967295, i32 0"   --->   Operation 30 'specinterface' 'specinterface_ln0' <Predicate = true> <Delay = 0.00>
ST_6 : Operation 31 [1/1] (0.00ns)   --->   "%empty = specchannel i32 @_ssdm_op_SpecChannel, void @srcYUV_str, i32 1, void @p_str, void @p_str, i32 16, i32 16, i48 %srcYUV, i48 %srcYUV"   --->   Operation 31 'specchannel' 'empty' <Predicate = true> <Delay = 0.00>
ST_6 : Operation 32 [1/1] (0.00ns)   --->   "%specinterface_ln0 = specinterface void @_ssdm_op_SpecInterface, i48 %srcYUV, void @empty_29, i32 0, i32 0, void @empty_6, i32 0, i32 0, void @empty_6, void @empty_6, void @empty_6, i32 0, i32 0, i32 0, i32 0, void @empty_6, void @empty_6, i32 4294967295, i32 0"   --->   Operation 32 'specinterface' 'specinterface_ln0' <Predicate = true> <Delay = 0.00>
ST_6 : Operation 33 [1/1] (0.00ns)   --->   "%empty_63 = specchannel i32 @_ssdm_op_SpecChannel, void @ovrlayYUV_str, i32 1, void @p_str, void @p_str, i32 16, i32 16, i48 %ovrlayYUV, i48 %ovrlayYUV"   --->   Operation 33 'specchannel' 'empty_63' <Predicate = true> <Delay = 0.00>
ST_6 : Operation 34 [1/1] (0.00ns)   --->   "%specinterface_ln0 = specinterface void @_ssdm_op_SpecInterface, i48 %ovrlayYUV, void @empty_29, i32 0, i32 0, void @empty_6, i32 0, i32 0, void @empty_6, void @empty_6, void @empty_6, i32 0, i32 0, i32 0, i32 0, void @empty_6, void @empty_6, i32 4294967295, i32 0"   --->   Operation 34 'specinterface' 'specinterface_ln0' <Predicate = true> <Delay = 0.00>
ST_6 : Operation 35 [1/2] (0.00ns)   --->   "%call_ln354 = call void @MultiPixStream2AXIvideo, i48 %ovrlayYUV, i48 %m_axis_video_V_data_V, i6 %m_axis_video_V_keep_V, i6 %m_axis_video_V_strb_V, i1 %m_axis_video_V_user_V, i1 %m_axis_video_V_last_V, i1 %m_axis_video_V_id_V, i1 %m_axis_video_V_dest_V, i16 %height, i16 %width, i8 %colorFormat, i1 %fid_in, i1 %fid, i16 %field_id, i1 %fidStored, i16 %counter" [E:/xilinx_axi/v_dma_txss/v_hdmi_tx_ss_ex/v_hdmi_tx_ss_ex.runs/exdes_v_tpg_0_synth_1/prj/sol/.autopilot/db/v_tpg.cpp:354]   --->   Operation 35 'call' 'call_ln354' <Predicate = true> <Delay = 0.00> <CoreType = "Generic">   --->   Core 0 '' <Latency = 0> <II = 1> <Delay = 1.00> <Generic> <Opcode : >
ST_6 : Operation 36 [1/1] (0.00ns)   --->   "%ret_ln356 = ret" [E:/xilinx_axi/v_dma_txss/v_hdmi_tx_ss_ex/v_hdmi_tx_ss_ex.runs/exdes_v_tpg_0_synth_1/prj/sol/.autopilot/db/v_tpg.cpp:356]   --->   Operation 36 'ret' 'ret_ln356' <Predicate = true> <Delay = 0.00>


============================================================
+ Verbose Summary: Timing violations
============================================================
Target clock period: 3.33ns, clock uncertainty: 0.9ns.

 <State 1>: 1.28ns
The critical path consists of the following:
	'alloca' operation ('srcYUV') [83]  (0 ns)
	'call' operation ('call_ln297', E:/xilinx_axi/v_dma_txss/v_hdmi_tx_ss_ex/v_hdmi_tx_ss_ex.runs/exdes_v_tpg_0_synth_1/prj/sol/.autopilot/db/v_tpg.cpp:297) to 'AXIvideo2MultiPixStream' [89]  (1.28 ns)

 <State 2>: 0ns
The critical path consists of the following:

 <State 3>: 1.73ns
The critical path consists of the following:
	'call' operation ('call_ln300', E:/xilinx_axi/v_dma_txss/v_hdmi_tx_ss_ex/v_hdmi_tx_ss_ex.runs/exdes_v_tpg_0_synth_1/prj/sol/.autopilot/db/v_tpg.cpp:300) to 'tpgBackground' [90]  (1.73 ns)

 <State 4>: 0ns
The critical path consists of the following:

 <State 5>: 0.976ns
The critical path consists of the following:
	'call' operation ('call_ln354', E:/xilinx_axi/v_dma_txss/v_hdmi_tx_ss_ex/v_hdmi_tx_ss_ex.runs/exdes_v_tpg_0_synth_1/prj/sol/.autopilot/db/v_tpg.cpp:354) to 'MultiPixStream2AXIvideo' [91]  (0.976 ns)

 <State 6>: 0ns
The critical path consists of the following:


============================================================
+ Verbose Summary: Binding
============================================================
N/A
* FSMD analyzer results:
  - Output states:
 - Input state : 
  - Chain level:
	State 1
	State 2
	State 3
	State 4
	State 5
	State 6


============================================================
+ Verbose Summary: Datapath Resource usage 
============================================================
N/A
